#
# A fatal error has been detected by the Java Runtime Environment:
#
#  SIGSEGV (0xb) at pc=0x000000010e179778, pid=1238, tid=24067
#
# JRE version: Java(TM) SE Runtime Environment (21.0.5+9) (build 21.0.5+9-LTS-239)
# Java VM: Java HotSpot(TM) 64-Bit Server VM (21.0.5+9-LTS-239, mixed mode, sharing, tiered, compressed oops, compressed class ptrs, g1 gc, bsd-amd64)
# Problematic frame:
# V  [libjvm.dylib+0x28b778]  LinearScan::number_instructions()+0x1e8
#
# No core dump will be written. Core dumps have been disabled. To enable core dumping, try "ulimit -c unlimited" before starting Java again
#
# If you would like to submit a bug report, please visit:
#   https://bugreport.java.com/bugreport/crash.jsp
#

---------------  S U M M A R Y ------------

Command Line: -Dfile.encoding=UTF-8 -Dstdout.encoding=UTF-8 -Dstderr.encoding=UTF-8 -XX:+ShowCodeDetailsInExceptionMessages framesAndPopups.CalendarPopupCurrentDate

Host: "MacBookPro12,1" x86_64 2700 MHz, 4 cores, 8G, Darwin 21.6.0, macOS 12.7.6 (21H1320)
Time: Tue Feb 18 19:38:47 2025 IST elapsed time: 0.884996 seconds (0d 0h 0m 0s)

---------------  T H R E A D  ---------------

Current thread (0x00007fabe3017a00):  JavaThread "C1 CompilerThread0" daemon [_thread_in_native, id=24067, stack(0x000070001040a000,0x000070001050a000) (1024K)]


Current CompileTask:
C1:    885  484       3       java.net.URLStreamHandler::parseURL (1124 bytes)

Stack: [0x000070001040a000,0x000070001050a000],  sp=0x0000700010508fd0,  free space=1019k
Native frames: (J=compiled Java code, j=interpreted, Vv=VM code, C=native code)
V  [libjvm.dylib+0x28b778]  LinearScan::number_instructions()+0x1e8
V  [libjvm.dylib+0x2935d3]  LinearScan::do_linear_scan()+0x13
V  [libjvm.dylib+0x226882]  Compilation::emit_lir()+0x202
V  [libjvm.dylib+0x2272fb]  Compilation::compile_java_method()+0x28b
V  [libjvm.dylib+0x227694]  Compilation::compile_method()+0x1a4
V  [libjvm.dylib+0x227ac5]  Compilation::Compilation(AbstractCompiler*, ciEnv*, ciMethod*, int, BufferBlob*, bool, DirectiveSet*)+0x225
V  [libjvm.dylib+0x229cb1]  Compiler::compile_method(ciEnv*, ciMethod*, int, bool, DirectiveSet*)+0x61
V  [libjvm.dylib+0x39352a]  CompileBroker::invoke_compiler_on_method(CompileTask*)+0x4ca
V  [libjvm.dylib+0x392f7b]  CompileBroker::compiler_thread_loop()+0x5eb
V  [libjvm.dylib+0x5be394]  JavaThread::thread_main_inner()+0x94
V  [libjvm.dylib+0xae0f95]  Thread::call_run()+0xa5
V  [libjvm.dylib+0x93ba07]  thread_native_entry(Thread*)+0x147
C  [libsystem_pthread.dylib+0x64e1]  _pthread_start+0x7d
C  [libsystem_pthread.dylib+0x1f6b]  thread_start+0xf

siginfo: si_signo: 11 (SIGSEGV), si_code: 1 (SEGV_MAPERR), si_addr: 0x00007f49e323dd08

Registers:
RAX=0x00007f49e323dce8, RBX=0x0000000000004a88, RCX=0x000000000000000c, RDX=0x00000000000012ba
RSP=0x0000700010508fd0, RBP=0x0000700010509010, RSI=0x00007fabe3ff2a98, RDI=0x00007fabe323d660
R8 =0x0000000000000951, R9 =0x0000000000000000, R10=0x00000000000000c0, R11=0x0000000000000020
R12=0x0000000000000261, R13=0x00007fabe32cd238, R14=0x00000000000019f6, R15=0x00007fabe3077ad8
RIP=0x000000010e179778, EFLAGS=0x0000000000010216, ERR=0x0000000000000006
  TRAPNO=0x000000000000000e


Register to memory mapping:

RAX=0x00007f49e323dce8 is an unknown value
RBX=0x0000000000004a88 is an unknown value
RCX=0x000000000000000c is an unknown value
RDX=0x00000000000012ba is an unknown value
RSP=0x0000700010508fd0 is pointing into the stack for thread: 0x00007fabe3017a00
RBP=0x0000700010509010 is pointing into the stack for thread: 0x00007fabe3017a00
RSI=0x00007fabe3ff2a98 points into unknown readable memory: 0x00007fabe323d6c0 | c0 d6 23 e3 ab 7f 00 00
RDI=0x00007fabe323d660 points into unknown readable memory: 0x0000002000000020 | 20 00 00 00 20 00 00 00
R8 =0x0000000000000951 is an unknown value
R9 =0x0 is null
R10=0x00000000000000c0 is an unknown value
R11=0x0000000000000020 is an unknown value
R12=0x0000000000000261 is an unknown value
R13=0x00007fabe32cd238 points into unknown readable memory: 0x0000700010509390 | 90 93 50 10 00 70 00 00
R14=0x00000000000019f6 is an unknown value
R15=0x00007fabe3077ad8 points into unknown readable memory: 0x000000010ec91d88 | 88 1d c9 0e 01 00 00 00

Top of Stack: (sp=0x0000700010508fd0)
0x0000700010508fd0:   000019f6000019f6 00007fabe5c80010
0x0000700010508fe0:   0000000000000000 0000700010509390
0x0000700010508ff0:   00007fabe32cd238 0000000000000000
0x0000700010509000:   00007fabe32cd238 0000700010509390
0x0000700010509010:   0000700010509040 000000010e1815d3
0x0000700010509020:   0000700010509390 000000010ed16754
0x0000700010509030:   00007fabe32cd238 0000700010509390
0x0000700010509040:   00007000105091b0 000000010e114882
0x0000700010509050:   00007fabe319cbd8 000000010ec93980
0x0000700010509060:   000000010ec93b10 0000700010509390
0x0000700010509070:   00007fabe30e7430 0000000800000001
0x0000700010509080:   00007fabe517eb20 0000000000000000
0x0000700010509090:   0000000200000000 00007fabe5149490
0x00007000105090a0:   0000000000000000 0000100000000be6
0x00007000105090b0:   00007fabe5d7a010 0000000000000000
0x00007000105090c0:   0000000000000000 00007fab00000cc5
0x00007000105090d0:   0000100000000cba 00007fabe5d8d010
0x00007000105090e0:   0000000000000000 00007fabe329c1f0
0x00007000105090f0:   0000000000003fd0 0000000000000003
0x0000700010509100:   00007fabe32c9b60 0000000200000000
0x0000700010509110:   00007fabe51494c0 0000000000000000
0x0000700010509120:   0000000200000000 00007fabe51494d0
0x0000700010509130:   0000000000000000 0000000200000000
0x0000700010509140:   00007fabe51494e0 0000000000000000
0x0000700010509150:   000060000062ec20 0000000000000000
0x0000700010509160:   0000000000000000 00007fabe5149340
0x0000700010509170:   0000700010509100 000000010e118f0a
0x0000700010509180:   000000010eb70698 0000000000000000
0x0000700010509190:   0000000000000000 0000000000000009
0x00007000105091a0:   00007fabe5149340 00000000ffffffff
0x00007000105091b0:   0000700010509230 000000010e1152fb
0x00007000105091c0:   00007fabe4050000 0000000000000000 

Instructions: (pc=0x000000010e179778)
0x000000010e179678:   c7 45 d0 00 00 00 00 48 8b 45 c0 48 8b 4d c8 49
0x000000010e179688:   89 8d 88 00 00 00 49 89 85 80 00 00 00 49 c7 85
0x000000010e179698:   90 00 00 00 00 00 00 00 44 89 f7 be 08 00 00 00
0x000000010e1796a8:   e8 33 2b 2c 00 44 89 75 c0 44 89 75 c4 48 89 45
0x000000010e1796b8:   c8 45 85 f6 7e 0f 49 c1 e7 03 48 89 c7 4c 89 fe
0x000000010e1796c8:   e8 e9 b4 9b 00 48 c7 45 d0 00 00 00 00 48 8b 45
0x000000010e1796d8:   c0 48 8b 4d c8 49 89 8d a0 00 00 00 49 89 85 98
0x000000010e1796e8:   00 00 00 49 c7 85 a8 00 00 00 00 00 00 00 45 85
0x000000010e1796f8:   e4 0f 8e 09 01 00 00 45 31 d2 45 31 c0 31 d2 eb
0x000000010e179708:   1d 0f 1f 80 00 00 00 00 8d 42 fe 41 89 87 94 01
0x000000010e179718:   00 00 49 ff c2 4d 39 e2 0f 84 e2 00 00 00 49 8b
0x000000010e179728:   45 28 4e 8b 3c d0 41 89 97 90 01 00 00 49 8b bf
0x000000010e179738:   30 01 00 00 44 8b 1f 45 85 db 7e cc 4d 63 c0 45
0x000000010e179748:   89 d9 41 83 e1 01 41 83 fb 01 75 0c 31 c9 4d 85
0x000000010e179758:   c9 74 b5 eb 7f 0f 1f 00 4a 8d 1c c5 00 00 00 00
0x000000010e179768:   4d 29 cb 31 c9 0f 1f 00 48 8b 47 08 48 8b 04 c8
0x000000010e179778:   89 50 20 49 8b b5 88 00 00 00 48 01 de 48 89 04
0x000000010e179788:   ce 49 8b 85 a0 00 00 00 48 01 d8 4c 89 3c c8 48
0x000000010e179798:   8b 47 08 48 8b 44 c8 08 8d 72 02 89 70 20 49 8b
0x000000010e1797a8:   b5 88 00 00 00 48 01 de 48 89 44 ce 08 49 8b 85
0x000000010e1797b8:   a0 00 00 00 48 01 d8 4c 89 7c c8 08 83 c2 04 48
0x000000010e1797c8:   83 c1 02 49 39 cb 75 a0 49 01 c8 4d 85 c9 0f 84
0x000000010e1797d8:   34 ff ff ff 48 8b 47 08 48 8b 04 c8 89 50 20 49
0x000000010e1797e8:   8b 8d 88 00 00 00 4a 89 04 c1 49 8b 85 a0 00 00
0x000000010e1797f8:   00 4e 89 3c c0 83 c2 02 49 ff c0 e9 08 ff ff ff
0x000000010e179808:   49 8d bd c0 00 00 00 4d 63 f6 4c 89 f6 ba 01 00
0x000000010e179818:   00 00 e8 71 9f f7 ff 49 81 c5 b0 00 00 00 4c 89
0x000000010e179828:   ef 4c 89 f6 ba 01 00 00 00 48 83 c4 18 5b 41 5c
0x000000010e179838:   41 5d 41 5e 41 5f 5d e9 4c 9f f7 ff 66 2e 0f 1f
0x000000010e179848:   84 00 00 00 00 00 66 90 55 48 89 e5 41 57 41 56
0x000000010e179858:   53 50 4d 89 c7 49 89 ce 48 89 f7 48 8b 06 48 8b
0x000000010e179868:   5e 30 ff 50 20 48 85 c0 74 06 83 78 10 00 74 36 


Stack slot to memory mapping:

stack at sp + 0 slots: 0x000019f6000019f6 is an unknown value
stack at sp + 1 slots: 0x00007fabe5c80010 points into unknown readable memory: 0x00007fabe492c750 | 50 c7 92 e4 ab 7f 00 00
stack at sp + 2 slots: 0x0 is null
stack at sp + 3 slots: 0x0000700010509390 is pointing into the stack for thread: 0x00007fabe3017a00
stack at sp + 4 slots: 0x00007fabe32cd238 points into unknown readable memory: 0x0000700010509390 | 90 93 50 10 00 70 00 00
stack at sp + 5 slots: 0x0 is null
stack at sp + 6 slots: 0x00007fabe32cd238 points into unknown readable memory: 0x0000700010509390 | 90 93 50 10 00 70 00 00
stack at sp + 7 slots: 0x0000700010509390 is pointing into the stack for thread: 0x00007fabe3017a00


---------------  P R O C E S S  ---------------

Threads class SMR info:
_java_thread_list=0x0000600000604680, length=11, elements={
0x00007fabe4009200, 0x00007fabe5079e00, 0x00007fabe4823e00, 0x00007fabe5078400,
0x00007fabe507b000, 0x00007fabe3017200, 0x00007fabe4022c00, 0x00007fabe3017a00,
0x00007fabe507dc00, 0x00007fabe483c400, 0x00007fabe5077a00
}

Java Threads: ( => current thread )
  0x00007fabe4009200 JavaThread "main"                              [_thread_in_vm, id=5891, stack(0x000070000f4da000,0x000070000f5da000) (1024K)]
  0x00007fabe5079e00 JavaThread "Reference Handler"          daemon [_thread_blocked, id=22275, stack(0x000070000fdf8000,0x000070000fef8000) (1024K)]
  0x00007fabe4823e00 JavaThread "Finalizer"                  daemon [_thread_blocked, id=42755, stack(0x000070000fefb000,0x000070000fffb000) (1024K)]
  0x00007fabe5078400 JavaThread "Signal Dispatcher"          daemon [_thread_blocked, id=22787, stack(0x000070000fffe000,0x00007000100fe000) (1024K)]
  0x00007fabe507b000 JavaThread "Service Thread"             daemon [_thread_blocked, id=41987, stack(0x0000700010101000,0x0000700010201000) (1024K)]
  0x00007fabe3017200 JavaThread "Monitor Deflation Thread"   daemon [_thread_blocked, id=23299, stack(0x0000700010204000,0x0000700010304000) (1024K)]
  0x00007fabe4022c00 JavaThread "C2 CompilerThread0"         daemon [_thread_blocked, id=23555, stack(0x0000700010307000,0x0000700010407000) (1024K)]
=>0x00007fabe3017a00 JavaThread "C1 CompilerThread0"         daemon [_thread_in_native, id=24067, stack(0x000070001040a000,0x000070001050a000) (1024K)]
  0x00007fabe507dc00 JavaThread "Notification Thread"        daemon [_thread_blocked, id=41475, stack(0x000070001050d000,0x000070001060d000) (1024K)]
  0x00007fabe483c400 JavaThread "Common-Cleaner"             daemon [_thread_blocked, id=24835, stack(0x0000700010610000,0x0000700010710000) (1024K)]
  0x00007fabe5077a00 JavaThread "C2 CompilerThread1"         daemon [_thread_blocked, id=25091, stack(0x0000700010713000,0x0000700010813000) (1024K)]
Total: 11

Other Threads:
  0x00007fabe3906350 VMThread "VM Thread"                           [id=17155, stack(0x000070000fbef000,0x000070000fcef000) (1024K)]
  0x00007fabe2f061a0 WatcherThread "VM Periodic Task Thread"        [id=13827, stack(0x000070000faec000,0x000070000fbec000) (1024K)]
  0x00007fabe2f04d80 WorkerThread "GC Thread#0"                     [id=19715, stack(0x000070000f5dd000,0x000070000f6dd000) (1024K)]
  0x00007fabe3905160 ConcurrentGCThread "G1 Main Marker"            [id=12035, stack(0x000070000f6e0000,0x000070000f7e0000) (1024K)]
  0x00007fabe3a046d0 WorkerThread "G1 Conc#0"                       [id=18947, stack(0x000070000f7e3000,0x000070000f8e3000) (1024K)]
  0x00007fabe3014c00 ConcurrentGCThread "G1 Refine#0"               [id=18435, stack(0x000070000f8e6000,0x000070000f9e6000) (1024K)]
  0x00007fabe3a06030 ConcurrentGCThread "G1 Service"                [id=13059, stack(0x000070000f9e9000,0x000070000fae9000) (1024K)]
Total: 7

Threads with active compile tasks:
C1 CompilerThread0      912  484       3       java.net.URLStreamHandler::parseURL (1124 bytes)
Total: 1

VM state: not at safepoint (normal execution)

VM Mutex/Monitor currently owned by a thread: None

Heap address: 0x0000000780000000, size: 2048 MB, Compressed Oops mode: Zero based, Oop shift amount: 3

CDS archive(s) mapped at: [0x000000012b000000-0x000000012bca8000-0x000000012bca8000), size 13271040, SharedBaseAddress: 0x000000012b000000, ArchiveRelocationMode: 1.
Compressed class space mapped at: 0x000000012c000000-0x000000016c000000, reserved size: 1073741824
Narrow klass base: 0x000000012b000000, Narrow klass shift: 0, Narrow klass range: 0x100000000

GC Precious Log:
 CardTable entry size: 512
 Card Set container configuration: InlinePtr #cards 5 size 8 Array Of Cards #cards 12 size 40 Howl #buckets 4 coarsen threshold 1843 Howl Bitmap #cards 512 size 80 coarsen threshold 460 Card regions per heap region 1 cards per card region 2048
 CPUs: 4 total, 4 available
 Memory: 8192M
 Large Page Support: Disabled
 NUMA Support: Disabled
 Compressed Oops: Enabled (Zero based)
 Heap Region Size: 1M
 Heap Min Capacity: 8M
 Heap Initial Capacity: 128M
 Heap Max Capacity: 2G
 Pre-touch: Disabled
 Parallel Workers: 4
 Concurrent Workers: 1
 Concurrent Refinement Workers: 4
 Periodic GC: Disabled

Heap:
 garbage-first heap   total 133120K, used 7211K [0x0000000780000000, 0x0000000800000000)
  region size 1024K, 6 young (6144K), 0 survivors (0K)
 Metaspace       used 1901K, committed 2048K, reserved 1114112K
  class space    used 200K, committed 256K, reserved 1048576K

Heap Regions: E=young(eden), S=young(survivor), O=old, HS=humongous(starts), HC=humongous(continues), CS=collection set, F=free, TAMS=top-at-mark-start, PB=parsable bottom
|   0|0x0000000780000000, 0x0000000780100000, 0x0000000780100000|100%|HS|  |TAMS 0x0000000780000000| PB 0x0000000780000000| Complete 
|   1|0x0000000780100000, 0x0000000780100000, 0x0000000780200000|  0%| F|  |TAMS 0x0000000780100000| PB 0x0000000780100000| Untracked 
|   2|0x0000000780200000, 0x0000000780200000, 0x0000000780300000|  0%| F|  |TAMS 0x0000000780200000| PB 0x0000000780200000| Untracked 
|   3|0x0000000780300000, 0x0000000780300000, 0x0000000780400000|  0%| F|  |TAMS 0x0000000780300000| PB 0x0000000780300000| Untracked 
|   4|0x0000000780400000, 0x0000000780400000, 0x0000000780500000|  0%| F|  |TAMS 0x0000000780400000| PB 0x0000000780400000| Untracked 
|   5|0x0000000780500000, 0x0000000780500000, 0x0000000780600000|  0%| F|  |TAMS 0x0000000780500000| PB 0x0000000780500000| Untracked 
|   6|0x0000000780600000, 0x0000000780600000, 0x0000000780700000|  0%| F|  |TAMS 0x0000000780600000| PB 0x0000000780600000| Untracked 
|   7|0x0000000780700000, 0x0000000780700000, 0x0000000780800000|  0%| F|  |TAMS 0x0000000780700000| PB 0x0000000780700000| Untracked 
|   8|0x0000000780800000, 0x0000000780800000, 0x0000000780900000|  0%| F|  |TAMS 0x0000000780800000| PB 0x0000000780800000| Untracked 
|   9|0x0000000780900000, 0x0000000780900000, 0x0000000780a00000|  0%| F|  |TAMS 0x0000000780900000| PB 0x0000000780900000| Untracked 
|  10|0x0000000780a00000, 0x0000000780a00000, 0x0000000780b00000|  0%| F|  |TAMS 0x0000000780a00000| PB 0x0000000780a00000| Untracked 
|  11|0x0000000780b00000, 0x0000000780b00000, 0x0000000780c00000|  0%| F|  |TAMS 0x0000000780b00000| PB 0x0000000780b00000| Untracked 
|  12|0x0000000780c00000, 0x0000000780c00000, 0x0000000780d00000|  0%| F|  |TAMS 0x0000000780c00000| PB 0x0000000780c00000| Untracked 
|  13|0x0000000780d00000, 0x0000000780d00000, 0x0000000780e00000|  0%| F|  |TAMS 0x0000000780d00000| PB 0x0000000780d00000| Untracked 
|  14|0x0000000780e00000, 0x0000000780e00000, 0x0000000780f00000|  0%| F|  |TAMS 0x0000000780e00000| PB 0x0000000780e00000| Untracked 
|  15|0x0000000780f00000, 0x0000000780f00000, 0x0000000781000000|  0%| F|  |TAMS 0x0000000780f00000| PB 0x0000000780f00000| Untracked 
|  16|0x0000000781000000, 0x0000000781000000, 0x0000000781100000|  0%| F|  |TAMS 0x0000000781000000| PB 0x0000000781000000| Untracked 
|  17|0x0000000781100000, 0x0000000781100000, 0x0000000781200000|  0%| F|  |TAMS 0x0000000781100000| PB 0x0000000781100000| Untracked 
|  18|0x0000000781200000, 0x0000000781200000, 0x0000000781300000|  0%| F|  |TAMS 0x0000000781200000| PB 0x0000000781200000| Untracked 
|  19|0x0000000781300000, 0x0000000781300000, 0x0000000781400000|  0%| F|  |TAMS 0x0000000781300000| PB 0x0000000781300000| Untracked 
|  20|0x0000000781400000, 0x0000000781400000, 0x0000000781500000|  0%| F|  |TAMS 0x0000000781400000| PB 0x0000000781400000| Untracked 
|  21|0x0000000781500000, 0x0000000781500000, 0x0000000781600000|  0%| F|  |TAMS 0x0000000781500000| PB 0x0000000781500000| Untracked 
|  22|0x0000000781600000, 0x0000000781600000, 0x0000000781700000|  0%| F|  |TAMS 0x0000000781600000| PB 0x0000000781600000| Untracked 
|  23|0x0000000781700000, 0x0000000781700000, 0x0000000781800000|  0%| F|  |TAMS 0x0000000781700000| PB 0x0000000781700000| Untracked 
|  24|0x0000000781800000, 0x0000000781800000, 0x0000000781900000|  0%| F|  |TAMS 0x0000000781800000| PB 0x0000000781800000| Untracked 
|  25|0x0000000781900000, 0x0000000781900000, 0x0000000781a00000|  0%| F|  |TAMS 0x0000000781900000| PB 0x0000000781900000| Untracked 
|  26|0x0000000781a00000, 0x0000000781a00000, 0x0000000781b00000|  0%| F|  |TAMS 0x0000000781a00000| PB 0x0000000781a00000| Untracked 
|  27|0x0000000781b00000, 0x0000000781b00000, 0x0000000781c00000|  0%| F|  |TAMS 0x0000000781b00000| PB 0x0000000781b00000| Untracked 
|  28|0x0000000781c00000, 0x0000000781c00000, 0x0000000781d00000|  0%| F|  |TAMS 0x0000000781c00000| PB 0x0000000781c00000| Untracked 
|  29|0x0000000781d00000, 0x0000000781d00000, 0x0000000781e00000|  0%| F|  |TAMS 0x0000000781d00000| PB 0x0000000781d00000| Untracked 
|  30|0x0000000781e00000, 0x0000000781e00000, 0x0000000781f00000|  0%| F|  |TAMS 0x0000000781e00000| PB 0x0000000781e00000| Untracked 
|  31|0x0000000781f00000, 0x0000000781f00000, 0x0000000782000000|  0%| F|  |TAMS 0x0000000781f00000| PB 0x0000000781f00000| Untracked 
|  32|0x0000000782000000, 0x0000000782000000, 0x0000000782100000|  0%| F|  |TAMS 0x0000000782000000| PB 0x0000000782000000| Untracked 
|  33|0x0000000782100000, 0x0000000782100000, 0x0000000782200000|  0%| F|  |TAMS 0x0000000782100000| PB 0x0000000782100000| Untracked 
|  34|0x0000000782200000, 0x0000000782200000, 0x0000000782300000|  0%| F|  |TAMS 0x0000000782200000| PB 0x0000000782200000| Untracked 
|  35|0x0000000782300000, 0x0000000782300000, 0x0000000782400000|  0%| F|  |TAMS 0x0000000782300000| PB 0x0000000782300000| Untracked 
|  36|0x0000000782400000, 0x0000000782400000, 0x0000000782500000|  0%| F|  |TAMS 0x0000000782400000| PB 0x0000000782400000| Untracked 
|  37|0x0000000782500000, 0x0000000782500000, 0x0000000782600000|  0%| F|  |TAMS 0x0000000782500000| PB 0x0000000782500000| Untracked 
|  38|0x0000000782600000, 0x0000000782600000, 0x0000000782700000|  0%| F|  |TAMS 0x0000000782600000| PB 0x0000000782600000| Untracked 
|  39|0x0000000782700000, 0x0000000782700000, 0x0000000782800000|  0%| F|  |TAMS 0x0000000782700000| PB 0x0000000782700000| Untracked 
|  40|0x0000000782800000, 0x0000000782800000, 0x0000000782900000|  0%| F|  |TAMS 0x0000000782800000| PB 0x0000000782800000| Untracked 
|  41|0x0000000782900000, 0x0000000782900000, 0x0000000782a00000|  0%| F|  |TAMS 0x0000000782900000| PB 0x0000000782900000| Untracked 
|  42|0x0000000782a00000, 0x0000000782a00000, 0x0000000782b00000|  0%| F|  |TAMS 0x0000000782a00000| PB 0x0000000782a00000| Untracked 
|  43|0x0000000782b00000, 0x0000000782b00000, 0x0000000782c00000|  0%| F|  |TAMS 0x0000000782b00000| PB 0x0000000782b00000| Untracked 
|  44|0x0000000782c00000, 0x0000000782c00000, 0x0000000782d00000|  0%| F|  |TAMS 0x0000000782c00000| PB 0x0000000782c00000| Untracked 
|  45|0x0000000782d00000, 0x0000000782d00000, 0x0000000782e00000|  0%| F|  |TAMS 0x0000000782d00000| PB 0x0000000782d00000| Untracked 
|  46|0x0000000782e00000, 0x0000000782e00000, 0x0000000782f00000|  0%| F|  |TAMS 0x0000000782e00000| PB 0x0000000782e00000| Untracked 
|  47|0x0000000782f00000, 0x0000000782f00000, 0x0000000783000000|  0%| F|  |TAMS 0x0000000782f00000| PB 0x0000000782f00000| Untracked 
|  48|0x0000000783000000, 0x0000000783000000, 0x0000000783100000|  0%| F|  |TAMS 0x0000000783000000| PB 0x0000000783000000| Untracked 
|  49|0x0000000783100000, 0x0000000783100000, 0x0000000783200000|  0%| F|  |TAMS 0x0000000783100000| PB 0x0000000783100000| Untracked 
|  50|0x0000000783200000, 0x0000000783200000, 0x0000000783300000|  0%| F|  |TAMS 0x0000000783200000| PB 0x0000000783200000| Untracked 
|  51|0x0000000783300000, 0x0000000783300000, 0x0000000783400000|  0%| F|  |TAMS 0x0000000783300000| PB 0x0000000783300000| Untracked 
|  52|0x0000000783400000, 0x0000000783400000, 0x0000000783500000|  0%| F|  |TAMS 0x0000000783400000| PB 0x0000000783400000| Untracked 
|  53|0x0000000783500000, 0x0000000783500000, 0x0000000783600000|  0%| F|  |TAMS 0x0000000783500000| PB 0x0000000783500000| Untracked 
|  54|0x0000000783600000, 0x0000000783600000, 0x0000000783700000|  0%| F|  |TAMS 0x0000000783600000| PB 0x0000000783600000| Untracked 
|  55|0x0000000783700000, 0x0000000783700000, 0x0000000783800000|  0%| F|  |TAMS 0x0000000783700000| PB 0x0000000783700000| Untracked 
|  56|0x0000000783800000, 0x0000000783800000, 0x0000000783900000|  0%| F|  |TAMS 0x0000000783800000| PB 0x0000000783800000| Untracked 
|  57|0x0000000783900000, 0x0000000783900000, 0x0000000783a00000|  0%| F|  |TAMS 0x0000000783900000| PB 0x0000000783900000| Untracked 
|  58|0x0000000783a00000, 0x0000000783a00000, 0x0000000783b00000|  0%| F|  |TAMS 0x0000000783a00000| PB 0x0000000783a00000| Untracked 
|  59|0x0000000783b00000, 0x0000000783b00000, 0x0000000783c00000|  0%| F|  |TAMS 0x0000000783b00000| PB 0x0000000783b00000| Untracked 
|  60|0x0000000783c00000, 0x0000000783c00000, 0x0000000783d00000|  0%| F|  |TAMS 0x0000000783c00000| PB 0x0000000783c00000| Untracked 
|  61|0x0000000783d00000, 0x0000000783d00000, 0x0000000783e00000|  0%| F|  |TAMS 0x0000000783d00000| PB 0x0000000783d00000| Untracked 
|  62|0x0000000783e00000, 0x0000000783e00000, 0x0000000783f00000|  0%| F|  |TAMS 0x0000000783e00000| PB 0x0000000783e00000| Untracked 
|  63|0x0000000783f00000, 0x0000000783f00000, 0x0000000784000000|  0%| F|  |TAMS 0x0000000783f00000| PB 0x0000000783f00000| Untracked 
|  64|0x0000000784000000, 0x0000000784000000, 0x0000000784100000|  0%| F|  |TAMS 0x0000000784000000| PB 0x0000000784000000| Untracked 
|  65|0x0000000784100000, 0x0000000784100000, 0x0000000784200000|  0%| F|  |TAMS 0x0000000784100000| PB 0x0000000784100000| Untracked 
|  66|0x0000000784200000, 0x0000000784200000, 0x0000000784300000|  0%| F|  |TAMS 0x0000000784200000| PB 0x0000000784200000| Untracked 
|  67|0x0000000784300000, 0x0000000784300000, 0x0000000784400000|  0%| F|  |TAMS 0x0000000784300000| PB 0x0000000784300000| Untracked 
|  68|0x0000000784400000, 0x0000000784400000, 0x0000000784500000|  0%| F|  |TAMS 0x0000000784400000| PB 0x0000000784400000| Untracked 
|  69|0x0000000784500000, 0x0000000784500000, 0x0000000784600000|  0%| F|  |TAMS 0x0000000784500000| PB 0x0000000784500000| Untracked 
|  70|0x0000000784600000, 0x0000000784600000, 0x0000000784700000|  0%| F|  |TAMS 0x0000000784600000| PB 0x0000000784600000| Untracked 
|  71|0x0000000784700000, 0x0000000784700000, 0x0000000784800000|  0%| F|  |TAMS 0x0000000784700000| PB 0x0000000784700000| Untracked 
|  72|0x0000000784800000, 0x0000000784800000, 0x0000000784900000|  0%| F|  |TAMS 0x0000000784800000| PB 0x0000000784800000| Untracked 
|  73|0x0000000784900000, 0x0000000784900000, 0x0000000784a00000|  0%| F|  |TAMS 0x0000000784900000| PB 0x0000000784900000| Untracked 
|  74|0x0000000784a00000, 0x0000000784a00000, 0x0000000784b00000|  0%| F|  |TAMS 0x0000000784a00000| PB 0x0000000784a00000| Untracked 
|  75|0x0000000784b00000, 0x0000000784b00000, 0x0000000784c00000|  0%| F|  |TAMS 0x0000000784b00000| PB 0x0000000784b00000| Untracked 
|  76|0x0000000784c00000, 0x0000000784c00000, 0x0000000784d00000|  0%| F|  |TAMS 0x0000000784c00000| PB 0x0000000784c00000| Untracked 
|  77|0x0000000784d00000, 0x0000000784d00000, 0x0000000784e00000|  0%| F|  |TAMS 0x0000000784d00000| PB 0x0000000784d00000| Untracked 
|  78|0x0000000784e00000, 0x0000000784e00000, 0x0000000784f00000|  0%| F|  |TAMS 0x0000000784e00000| PB 0x0000000784e00000| Untracked 
|  79|0x0000000784f00000, 0x0000000784f00000, 0x0000000785000000|  0%| F|  |TAMS 0x0000000784f00000| PB 0x0000000784f00000| Untracked 
|  80|0x0000000785000000, 0x0000000785000000, 0x0000000785100000|  0%| F|  |TAMS 0x0000000785000000| PB 0x0000000785000000| Untracked 
|  81|0x0000000785100000, 0x0000000785100000, 0x0000000785200000|  0%| F|  |TAMS 0x0000000785100000| PB 0x0000000785100000| Untracked 
|  82|0x0000000785200000, 0x0000000785200000, 0x0000000785300000|  0%| F|  |TAMS 0x0000000785200000| PB 0x0000000785200000| Untracked 
|  83|0x0000000785300000, 0x0000000785300000, 0x0000000785400000|  0%| F|  |TAMS 0x0000000785300000| PB 0x0000000785300000| Untracked 
|  84|0x0000000785400000, 0x0000000785400000, 0x0000000785500000|  0%| F|  |TAMS 0x0000000785400000| PB 0x0000000785400000| Untracked 
|  85|0x0000000785500000, 0x0000000785500000, 0x0000000785600000|  0%| F|  |TAMS 0x0000000785500000| PB 0x0000000785500000| Untracked 
|  86|0x0000000785600000, 0x0000000785600000, 0x0000000785700000|  0%| F|  |TAMS 0x0000000785600000| PB 0x0000000785600000| Untracked 
|  87|0x0000000785700000, 0x0000000785700000, 0x0000000785800000|  0%| F|  |TAMS 0x0000000785700000| PB 0x0000000785700000| Untracked 
|  88|0x0000000785800000, 0x0000000785800000, 0x0000000785900000|  0%| F|  |TAMS 0x0000000785800000| PB 0x0000000785800000| Untracked 
|  89|0x0000000785900000, 0x0000000785900000, 0x0000000785a00000|  0%| F|  |TAMS 0x0000000785900000| PB 0x0000000785900000| Untracked 
|  90|0x0000000785a00000, 0x0000000785a00000, 0x0000000785b00000|  0%| F|  |TAMS 0x0000000785a00000| PB 0x0000000785a00000| Untracked 
|  91|0x0000000785b00000, 0x0000000785b00000, 0x0000000785c00000|  0%| F|  |TAMS 0x0000000785b00000| PB 0x0000000785b00000| Untracked 
|  92|0x0000000785c00000, 0x0000000785c00000, 0x0000000785d00000|  0%| F|  |TAMS 0x0000000785c00000| PB 0x0000000785c00000| Untracked 
|  93|0x0000000785d00000, 0x0000000785d00000, 0x0000000785e00000|  0%| F|  |TAMS 0x0000000785d00000| PB 0x0000000785d00000| Untracked 
|  94|0x0000000785e00000, 0x0000000785e00000, 0x0000000785f00000|  0%| F|  |TAMS 0x0000000785e00000| PB 0x0000000785e00000| Untracked 
|  95|0x0000000785f00000, 0x0000000785f00000, 0x0000000786000000|  0%| F|  |TAMS 0x0000000785f00000| PB 0x0000000785f00000| Untracked 
|  96|0x0000000786000000, 0x0000000786000000, 0x0000000786100000|  0%| F|  |TAMS 0x0000000786000000| PB 0x0000000786000000| Untracked 
|  97|0x0000000786100000, 0x0000000786100000, 0x0000000786200000|  0%| F|  |TAMS 0x0000000786100000| PB 0x0000000786100000| Untracked 
|  98|0x0000000786200000, 0x0000000786200000, 0x0000000786300000|  0%| F|  |TAMS 0x0000000786200000| PB 0x0000000786200000| Untracked 
|  99|0x0000000786300000, 0x0000000786300000, 0x0000000786400000|  0%| F|  |TAMS 0x0000000786300000| PB 0x0000000786300000| Untracked 
| 100|0x0000000786400000, 0x0000000786400000, 0x0000000786500000|  0%| F|  |TAMS 0x0000000786400000| PB 0x0000000786400000| Untracked 
| 101|0x0000000786500000, 0x0000000786500000, 0x0000000786600000|  0%| F|  |TAMS 0x0000000786500000| PB 0x0000000786500000| Untracked 
| 102|0x0000000786600000, 0x0000000786600000, 0x0000000786700000|  0%| F|  |TAMS 0x0000000786600000| PB 0x0000000786600000| Untracked 
| 103|0x0000000786700000, 0x0000000786700000, 0x0000000786800000|  0%| F|  |TAMS 0x0000000786700000| PB 0x0000000786700000| Untracked 
| 104|0x0000000786800000, 0x0000000786800000, 0x0000000786900000|  0%| F|  |TAMS 0x0000000786800000| PB 0x0000000786800000| Untracked 
| 105|0x0000000786900000, 0x0000000786900000, 0x0000000786a00000|  0%| F|  |TAMS 0x0000000786900000| PB 0x0000000786900000| Untracked 
| 106|0x0000000786a00000, 0x0000000786a00000, 0x0000000786b00000|  0%| F|  |TAMS 0x0000000786a00000| PB 0x0000000786a00000| Untracked 
| 107|0x0000000786b00000, 0x0000000786b00000, 0x0000000786c00000|  0%| F|  |TAMS 0x0000000786b00000| PB 0x0000000786b00000| Untracked 
| 108|0x0000000786c00000, 0x0000000786c00000, 0x0000000786d00000|  0%| F|  |TAMS 0x0000000786c00000| PB 0x0000000786c00000| Untracked 
| 109|0x0000000786d00000, 0x0000000786d00000, 0x0000000786e00000|  0%| F|  |TAMS 0x0000000786d00000| PB 0x0000000786d00000| Untracked 
| 110|0x0000000786e00000, 0x0000000786e00000, 0x0000000786f00000|  0%| F|  |TAMS 0x0000000786e00000| PB 0x0000000786e00000| Untracked 
| 111|0x0000000786f00000, 0x0000000786f00000, 0x0000000787000000|  0%| F|  |TAMS 0x0000000786f00000| PB 0x0000000786f00000| Untracked 
| 112|0x0000000787000000, 0x0000000787000000, 0x0000000787100000|  0%| F|  |TAMS 0x0000000787000000| PB 0x0000000787000000| Untracked 
| 113|0x0000000787100000, 0x0000000787100000, 0x0000000787200000|  0%| F|  |TAMS 0x0000000787100000| PB 0x0000000787100000| Untracked 
| 114|0x0000000787200000, 0x0000000787200000, 0x0000000787300000|  0%| F|  |TAMS 0x0000000787200000| PB 0x0000000787200000| Untracked 
| 115|0x0000000787300000, 0x0000000787300000, 0x0000000787400000|  0%| F|  |TAMS 0x0000000787300000| PB 0x0000000787300000| Untracked 
| 116|0x0000000787400000, 0x0000000787400000, 0x0000000787500000|  0%| F|  |TAMS 0x0000000787400000| PB 0x0000000787400000| Untracked 
| 117|0x0000000787500000, 0x0000000787500000, 0x0000000787600000|  0%| F|  |TAMS 0x0000000787500000| PB 0x0000000787500000| Untracked 
| 118|0x0000000787600000, 0x0000000787600000, 0x0000000787700000|  0%| F|  |TAMS 0x0000000787600000| PB 0x0000000787600000| Untracked 
| 119|0x0000000787700000, 0x0000000787700000, 0x0000000787800000|  0%| F|  |TAMS 0x0000000787700000| PB 0x0000000787700000| Untracked 
| 120|0x0000000787800000, 0x0000000787800000, 0x0000000787900000|  0%| F|  |TAMS 0x0000000787800000| PB 0x0000000787800000| Untracked 
| 121|0x0000000787900000, 0x0000000787946150, 0x0000000787a00000| 27%| E|  |TAMS 0x0000000787900000| PB 0x0000000787900000| Complete 
| 122|0x0000000787a00000, 0x0000000787b00000, 0x0000000787b00000|100%| E|CS|TAMS 0x0000000787a00000| PB 0x0000000787a00000| Complete 
| 123|0x0000000787b00000, 0x0000000787c00000, 0x0000000787c00000|100%| E|CS|TAMS 0x0000000787b00000| PB 0x0000000787b00000| Complete 
| 124|0x0000000787c00000, 0x0000000787d00000, 0x0000000787d00000|100%| E|CS|TAMS 0x0000000787c00000| PB 0x0000000787c00000| Complete 
| 125|0x0000000787d00000, 0x0000000787e00000, 0x0000000787e00000|100%| E|CS|TAMS 0x0000000787d00000| PB 0x0000000787d00000| Complete 
| 126|0x0000000787e00000, 0x0000000787f00000, 0x0000000787f00000|100%| E|CS|TAMS 0x0000000787e00000| PB 0x0000000787e00000| Complete 
| 127|0x0000000787f00000, 0x0000000788000000, 0x0000000788000000|100%| E|CS|TAMS 0x0000000787f00000| PB 0x0000000787f00000| Complete 
|2046|0x00000007ffe00000, 0x00000007fff00000, 0x00000007fff00000|100%| O|  |TAMS 0x00000007ffe00000| PB 0x00000007ffe00000| Untracked 
|2047|0x00000007fff00000, 0x00000007fff0acc0, 0x0000000800000000|  4%| O|  |TAMS 0x00000007fff00000| PB 0x00000007fff00000| Untracked 

Card table byte_map: [0x000000010d34d000,0x000000010d74d000] _byte_map_base: 0x000000010974d000

Marking Bits: (CMBitMap*) 0x00007fabe4811610
 Bits: [0x000000010f17a000, 0x000000011117a000)

Polling page: 0x000000010cca0000

Metaspace:

Usage:
  Non-class:      1.73 MB used.
      Class:    207.48 KB used.
       Both:      1.93 MB used.

Virtual space:
  Non-class space:       64.00 MB reserved,       1.75 MB (  3%) committed,  1 nodes.
      Class space:        1.00 GB reserved,     256.00 KB ( <1%) committed,  1 nodes.
             Both:        1.06 GB reserved,       2.00 MB ( <1%) committed. 

Chunk freelists:
   Non-Class:  11.50 MB
       Class:  15.64 MB
        Both:  27.14 MB

MaxMetaspaceSize: unlimited
CompressedClassSpaceSize: 1.00 GB
Initial GC threshold: 21.00 MB
Current GC threshold: 21.00 MB
CDS: on
 - commit_granule_bytes: 65536.
 - commit_granule_words: 8192.
 - virtual_space_node_default_size: 8388608.
 - enlarge_chunks_in_place: 1.
 - use_allocation_guard: 0.


Internal statistics:

num_allocs_failed_limit: 0.
num_arena_births: 20.
num_arena_deaths: 0.
num_vsnodes_births: 2.
num_vsnodes_deaths: 0.
num_space_committed: 32.
num_space_uncommitted: 0.
num_chunks_returned_to_freelist: 0.
num_chunks_taken_from_freelist: 56.
num_chunk_merges: 0.
num_chunk_splits: 33.
num_chunks_enlarged: 23.
num_inconsistent_stats: 0.

CodeHeap 'non-profiled nmethods': size=120032Kb used=160Kb max_used=160Kb free=119871Kb
 bounds [0x0000000121497000, 0x0000000121707000, 0x00000001289cf000]
CodeHeap 'profiled nmethods': size=120028Kb used=747Kb max_used=747Kb free=119280Kb
 bounds [0x00000001199cf000, 0x0000000119c3f000, 0x0000000120f06000]
CodeHeap 'non-nmethods': size=5700Kb used=1321Kb max_used=1333Kb free=4378Kb
 bounds [0x0000000120f06000, 0x0000000121176000, 0x0000000121497000]
 total_blobs=935 nmethods=488 adapters=353
 compilation: enabled
              stopped_count=0, restarted_count=0
 full_count=0

Compilation events (20 events):
Event: 0.859 Thread 0x00007fabe3017a00 nmethod 477 0x0000000119a82290 code [0x0000000119a824e0, 0x0000000119a82c98]
Event: 0.859 Thread 0x00007fabe3017a00  473       3       java.lang.String::<init> (22 bytes)
Event: 0.859 Thread 0x00007fabe3017a00 nmethod 473 0x0000000119a82f90 code [0x0000000119a83180, 0x0000000119a835f0]
Event: 0.860 Thread 0x00007fabe3017a00  478   !   3       java.util.zip.InflaterInputStream::read (129 bytes)
Event: 0.861 Thread 0x00007fabe3017a00 nmethod 478 0x0000000119a83890 code [0x0000000119a83b60, 0x0000000119a848e0]
Event: 0.861 Thread 0x00007fabe3017a00  479       3       java.util.zip.InflaterInputStream::ensureOpen (18 bytes)
Event: 0.861 Thread 0x00007fabe3017a00 nmethod 479 0x0000000119a84f10 code [0x0000000119a850c0, 0x0000000119a852e0]
Event: 0.861 Thread 0x00007fabe3017a00  480       3       java.lang.ref.Reference::refersTo (6 bytes)
Event: 0.861 Thread 0x00007fabe3017a00 nmethod 480 0x0000000119a85410 code [0x0000000119a855a0, 0x0000000119a85760]
Event: 0.862 Thread 0x00007fabe3017a00  481       3       java.lang.invoke.MethodType::genericMethodType (95 bytes)
Event: 0.862 Thread 0x00007fabe3017a00 nmethod 481 0x0000000119a85810 code [0x0000000119a85aa0, 0x0000000119a86770]
Event: 0.863 Thread 0x00007fabe3017a00  482       3       java.io.UnixFileSystem::resolve (110 bytes)
Event: 0.864 Thread 0x00007fabe3017a00 nmethod 482 0x0000000119a86b90 code [0x0000000119a86f60, 0x0000000119a883f0]
Event: 0.864 Thread 0x00007fabe3017a00  483       3       java.io.UnixFileSystem::trimSeparator (33 bytes)
Event: 0.865 Thread 0x00007fabe3017a00 nmethod 483 0x0000000119a88c10 code [0x0000000119a88e20, 0x0000000119a89560]
Event: 0.865 Thread 0x00007fabe3017a00  485       3       java.util.jar.Attributes::getValue (9 bytes)
Event: 0.865 Thread 0x00007fabe3017a00 nmethod 485 0x0000000119a89890 code [0x0000000119a89a40, 0x0000000119a89d60]
Event: 0.865 Thread 0x00007fabe3017a00  484       3       java.net.URLStreamHandler::parseURL (1124 bytes)
Event: 0.879 Thread 0x00007fabe4022c00  495       4       java.util.Objects::requireNonNull (14 bytes)
Event: 0.880 Thread 0x00007fabe4022c00 nmethod 495 0x00000001214beb10 code [0x00000001214bec80, 0x00000001214bed08]

GC Heap History (0 events):
No events

Dll operation events (6 events):
Event: 0.046 Loaded shared library /Library/Java/JavaVirtualMachines/jdk-21.jdk/Contents/Home/lib/libjava.dylib
Event: 0.217 Loaded shared library /Library/Java/JavaVirtualMachines/jdk-21.jdk/Contents/Home/lib/libnio.dylib
Event: 0.233 Loaded shared library /Library/Java/JavaVirtualMachines/jdk-21.jdk/Contents/Home/lib/libzip.dylib
Event: 0.314 Loaded shared library /Library/Java/JavaVirtualMachines/jdk-21.jdk/Contents/Home/lib/libjimage.dylib
Event: 0.732 Loaded shared library /Library/Java/JavaVirtualMachines/jdk-21.jdk/Contents/Home/lib/libnet.dylib
Event: 0.743 Loaded shared library /Library/Java/JavaVirtualMachines/jdk-21.jdk/Contents/Home/lib/libextnet.dylib

Deoptimization events (20 events):
Event: 0.527 Thread 0x00007fabe4009200 DEOPT PACKING pc=0x00000001214a4f5c sp=0x000070000f5d9620
Event: 0.527 Thread 0x00007fabe4009200 DEOPT UNPACKING pc=0x0000000120f59f99 sp=0x000070000f5d95c8 mode 2
Event: 0.583 Thread 0x00007fabe4009200 DEOPT PACKING pc=0x00000001199ee6d4 sp=0x000070000f5d59c0
Event: 0.583 Thread 0x00007fabe4009200 DEOPT UNPACKING pc=0x0000000120f5a72f sp=0x000070000f5d4e00 mode 0
Event: 0.596 Thread 0x00007fabe4009200 DEOPT PACKING pc=0x00000001199d1a55 sp=0x000070000f5d5c90
Event: 0.596 Thread 0x00007fabe4009200 DEOPT UNPACKING pc=0x0000000120f5a72f sp=0x000070000f5d5118 mode 0
Event: 0.648 Thread 0x00007fabe4009200 DEOPT PACKING pc=0x00000001199d3950 sp=0x000070000f5d89b0
Event: 0.649 Thread 0x00007fabe4009200 DEOPT UNPACKING pc=0x0000000120f5a72f sp=0x000070000f5d7e20 mode 0
Event: 0.718 Thread 0x00007fabe4009200 Uncommon trap: trap_request=0xffffff6e fr.pc=0x00000001214b6960 relative=0x0000000000000440
Event: 0.718 Thread 0x00007fabe4009200 Uncommon trap: reason=loop_limit_check action=maybe_recompile pc=0x00000001214b6960 method=java.lang.StringLatin1.indexOf([BI[BII)I @ 37 c2
Event: 0.718 Thread 0x00007fabe4009200 DEOPT PACKING pc=0x00000001214b6960 sp=0x000070000f5d8ff0
Event: 0.718 Thread 0x00007fabe4009200 DEOPT UNPACKING pc=0x0000000120f59f99 sp=0x000070000f5d8f70 mode 2
Event: 0.770 Thread 0x00007fabe4009200 Uncommon trap: trap_request=0xffffff45 fr.pc=0x00000001214a30a8 relative=0x00000000000005a8
Event: 0.770 Thread 0x00007fabe4009200 Uncommon trap: reason=unstable_if action=reinterpret pc=0x00000001214a30a8 method=java.util.regex.Matcher.search(I)Z @ 30 c2
Event: 0.770 Thread 0x00007fabe4009200 DEOPT PACKING pc=0x00000001214a30a8 sp=0x000070000f5d8bd0
Event: 0.770 Thread 0x00007fabe4009200 DEOPT UNPACKING pc=0x0000000120f59f99 sp=0x000070000f5d8bc0 mode 2
Event: 0.795 Thread 0x00007fabe4009200 Uncommon trap: trap_request=0xffffff45 fr.pc=0x00000001214ad1ec relative=0x000000000000006c
Event: 0.795 Thread 0x00007fabe4009200 Uncommon trap: reason=unstable_if action=reinterpret pc=0x00000001214ad1ec method=java.lang.String.isLatin1()Z @ 10 c2
Event: 0.795 Thread 0x00007fabe4009200 DEOPT PACKING pc=0x00000001214ad1ec sp=0x000070000f5d90f0
Event: 0.795 Thread 0x00007fabe4009200 DEOPT UNPACKING pc=0x0000000120f59f99 sp=0x000070000f5d90a0 mode 2

Classes loaded (20 events):
Event: 0.816 Loading class java/util/AbstractQueue done
Event: 0.816 Loading class java/util/concurrent/LinkedBlockingQueue done
Event: 0.816 Loading class java/util/concurrent/LinkedBlockingQueue$Node
Event: 0.816 Loading class java/util/concurrent/LinkedBlockingQueue$Node done
Event: 0.817 Loading class java/net/URL$ThreadTrackHolder
Event: 0.817 Loading class java/net/URL$ThreadTrackHolder done
Event: 0.817 Loading class jdk/internal/misc/ThreadTracker
Event: 0.817 Loading class jdk/internal/misc/ThreadTracker done
Event: 0.817 Loading class jdk/internal/misc/ThreadTracker$ThreadRef
Event: 0.817 Loading class jdk/internal/misc/ThreadTracker$ThreadRef done
Event: 0.817 Loading class java/net/URL$2
Event: 0.817 Loading class java/net/URL$2 done
Event: 0.817 Loading class java/net/URL$1
Event: 0.817 Loading class java/net/URL$1 done
Event: 0.817 Loading class java/net/spi/URLStreamHandlerProvider
Event: 0.817 Loading class java/net/spi/URLStreamHandlerProvider done
Event: 0.818 Loading class sun/net/www/protocol/http/Handler
Event: 0.819 Loading class sun/net/www/protocol/http/Handler done
Event: 0.821 Loading class java/lang/IllegalStateException
Event: 0.821 Loading class java/lang/IllegalStateException done

Classes unloaded (0 events):
No events

Classes redefined (0 events):
No events

Internal exceptions (2 events):
Event: 0.634 Thread 0x00007fabe4009200 Exception <a 'java/lang/NoSuchMethodError'{0x0000000787b46500}: 'int java.lang.invoke.DirectMethodHandle$Holder.invokeStaticInit(java.lang.Object, java.lang.Object)'> (0x0000000787b46500) 
thrown [open/src/hotspot/share/interpreter/linkResolver.cpp, line 773]
Event: 0.752 Thread 0x00007fabe4009200 Exception <a 'java/lang/NoSuchMethodError'{0x0000000787b9ce18}: 'void java.lang.invoke.DirectMethodHandle$Holder.invokeStatic(java.lang.Object, java.lang.Object)'> (0x0000000787b9ce18) 
thrown [open/src/hotspot/share/interpreter/linkResolver.cpp, line 773]

ZGC Phase Switch (0 events):
No events

VM Operations (6 events):
Event: 0.304 Executing VM operation: HandshakeAllThreads (Deoptimize)
Event: 0.304 Executing VM operation: HandshakeAllThreads (Deoptimize) done
Event: 0.393 Executing VM operation: HandshakeAllThreads (Deoptimize)
Event: 0.393 Executing VM operation: HandshakeAllThreads (Deoptimize) done
Event: 0.734 Executing VM operation: HandshakeAllThreads (Deoptimize)
Event: 0.734 Executing VM operation: HandshakeAllThreads (Deoptimize) done

Events (20 events):
Event: 0.166 Thread 0x00007fabe5079e00 Thread added: 0x00007fabe5079e00
Event: 0.166 Protecting memory [0x000070000fdf8000,0x000070000fdfc000] with protection modes 0
Event: 0.166 Thread 0x00007fabe4823e00 Thread added: 0x00007fabe4823e00
Event: 0.166 Protecting memory [0x000070000fefb000,0x000070000feff000] with protection modes 0
Event: 0.166 Thread 0x00007fabe5078400 Thread added: 0x00007fabe5078400
Event: 0.166 Protecting memory [0x000070000fffe000,0x0000700010002000] with protection modes 0
Event: 0.167 Thread 0x00007fabe507b000 Thread added: 0x00007fabe507b000
Event: 0.167 Protecting memory [0x0000700010101000,0x0000700010105000] with protection modes 0
Event: 0.167 Thread 0x00007fabe3017200 Thread added: 0x00007fabe3017200
Event: 0.167 Protecting memory [0x0000700010204000,0x0000700010208000] with protection modes 0
Event: 0.167 Thread 0x00007fabe4022c00 Thread added: 0x00007fabe4022c00
Event: 0.167 Protecting memory [0x0000700010307000,0x000070001030b000] with protection modes 0
Event: 0.177 Thread 0x00007fabe3017a00 Thread added: 0x00007fabe3017a00
Event: 0.177 Protecting memory [0x000070001040a000,0x000070001040e000] with protection modes 0
Event: 0.202 Thread 0x00007fabe507dc00 Thread added: 0x00007fabe507dc00
Event: 0.202 Protecting memory [0x000070001050d000,0x0000700010511000] with protection modes 0
Event: 0.205 Thread 0x00007fabe483c400 Thread added: 0x00007fabe483c400
Event: 0.205 Protecting memory [0x0000700010610000,0x0000700010614000] with protection modes 0
Event: 0.433 Thread 0x00007fabe5077a00 Thread added: 0x00007fabe5077a00
Event: 0.433 Protecting memory [0x0000700010713000,0x0000700010717000] with protection modes 0


Dynamic libraries:
0x000000010cca2000 	/Library/Java/JavaVirtualMachines/jdk-21.jdk/Contents/Home/lib/libjli.dylib
0x00007ff8110b7000 	/usr/lib/libz.1.dylib
0x00007ff811197000 	/usr/lib/libSystem.B.dylib
0x00007ff811192000 	/usr/lib/system/libcache.dylib
0x00007ff81114e000 	/usr/lib/system/libcommonCrypto.dylib
0x00007ff811177000 	/usr/lib/system/libcompiler_rt.dylib
0x00007ff81116d000 	/usr/lib/system/libcopyfile.dylib
0x00007ff806120000 	/usr/lib/system/libcorecrypto.dylib
0x00007ff8061de000 	/usr/lib/system/libdispatch.dylib
0x00007ff80639f000 	/usr/lib/system/libdyld.dylib
0x00007ff811189000 	/usr/lib/system/libkeymgr.dylib
0x00007ff81112c000 	/usr/lib/system/libmacho.dylib
0x00007ff8107ad000 	/usr/lib/system/libquarantine.dylib
0x00007ff811187000 	/usr/lib/system/libremovefile.dylib
0x00007ff80b338000 	/usr/lib/system/libsystem_asl.dylib
0x00007ff8060c9000 	/usr/lib/system/libsystem_blocks.dylib
0x00007ff806263000 	/usr/lib/system/libsystem_c.dylib
0x00007ff81117f000 	/usr/lib/system/libsystem_collections.dylib
0x00007ff80fa61000 	/usr/lib/system/libsystem_configuration.dylib
0x00007ff80ed0a000 	/usr/lib/system/libsystem_containermanager.dylib
0x00007ff810e64000 	/usr/lib/system/libsystem_coreservices.dylib
0x00007ff8089d6000 	/usr/lib/system/libsystem_darwin.dylib
0x00007ff81118a000 	/usr/lib/system/libsystem_dnssd.dylib
0x00007ff806260000 	/usr/lib/system/libsystem_featureflags.dylib
0x00007ff8063b5000 	/usr/lib/system/libsystem_info.dylib
0x00007ff8110ca000 	/usr/lib/system/libsystem_m.dylib
0x00007ff8061b2000 	/usr/lib/system/libsystem_malloc.dylib
0x00007ff80b2d3000 	/usr/lib/system/libsystem_networkextension.dylib
0x00007ff808e00000 	/usr/lib/system/libsystem_notify.dylib
0x00007ff81740e000 	/usr/lib/system/libsystem_product_info_filter.dylib
0x00007ff80fa65000 	/usr/lib/system/libsystem_sandbox.dylib
0x00007ff811184000 	/usr/lib/system/libsystem_secinit.dylib
0x00007ff80635b000 	/usr/lib/system/libsystem_kernel.dylib
0x00007ff8063ab000 	/usr/lib/system/libsystem_platform.dylib
0x00007ff806393000 	/usr/lib/system/libsystem_pthread.dylib
0x00007ff80cb86000 	/usr/lib/system/libsystem_symptoms.dylib
0x00007ff806107000 	/usr/lib/system/libsystem_trace.dylib
0x00007ff81115a000 	/usr/lib/system/libunwind.dylib
0x00007ff8060cb000 	/usr/lib/system/libxpc.dylib
0x00007ff806345000 	/usr/lib/libc++abi.dylib
0x00007ff806225000 	/usr/lib/libobjc.A.dylib
0x00007ff811165000 	/usr/lib/liboah.dylib
0x00007ff8062ec000 	/usr/lib/libc++.1.dylib
0x00007ff81d22b000 	/System/Library/Frameworks/Cocoa.framework/Versions/A/Cocoa
0x00007ff808e5e000 	/System/Library/Frameworks/AppKit.framework/Versions/C/AppKit
0x00007ff80c374000 	/System/Library/Frameworks/CoreData.framework/Versions/A/CoreData
0x00007ff80725d000 	/System/Library/Frameworks/Foundation.framework/Versions/C/Foundation
0x00007ff809cee000 	/System/Library/PrivateFrameworks/UIFoundation.framework/Versions/A/UIFoundation
0x00007ff817111000 	/System/Library/PrivateFrameworks/RemoteViewServices.framework/Versions/A/RemoteViewServices
0x00007ff80f3ea000 	/System/Library/PrivateFrameworks/XCTTargetBootstrap.framework/Versions/A/XCTTargetBootstrap
0x00007ff812fa7000 	/System/Library/PrivateFrameworks/InternationalSupport.framework/Versions/A/InternationalSupport
0x00007ff813031000 	/System/Library/PrivateFrameworks/UserActivity.framework/Versions/A/UserActivity
0x00007ff81237f000 	/usr/lib/libspindump.dylib
0x00007ff809f7d000 	/System/Library/Frameworks/UniformTypeIdentifiers.framework/Versions/A/UniformTypeIdentifiers
0x00007ff80db0f000 	/usr/lib/libapp_launch_measurement.dylib
0x00007ff80cd46000 	/System/Library/PrivateFrameworks/CoreAnalytics.framework/Versions/A/CoreAnalytics
0x00007ff80db12000 	/System/Library/PrivateFrameworks/CoreAutoLayout.framework/Versions/A/CoreAutoLayout
0x00007ff80ed42000 	/System/Library/Frameworks/Metal.framework/Versions/A/Metal
0x00007ff80fa71000 	/usr/lib/liblangid.dylib
0x00007ff80f3ef000 	/System/Library/PrivateFrameworks/CoreSVG.framework/Versions/A/CoreSVG
0x00007ff80b368000 	/System/Library/PrivateFrameworks/SkyLight.framework/Versions/A/SkyLight
0x00007ff80b707000 	/System/Library/Frameworks/CoreGraphics.framework/Versions/A/CoreGraphics
0x00007ff8177d3000 	/System/Library/Frameworks/Accelerate.framework/Versions/A/Accelerate
0x00007ff811dfe000 	/System/Library/PrivateFrameworks/IconServices.framework/Versions/A/IconServices
0x00007ff80ed27000 	/System/Library/Frameworks/IOSurface.framework/Versions/A/IOSurface
0x00007ff80cd74000 	/usr/lib/libDiagnosticMessagesClient.dylib
0x00007ff81aecf000 	/System/Library/Frameworks/ApplicationServices.framework/Versions/A/ApplicationServices
0x00007ff80f3d6000 	/System/Library/PrivateFrameworks/DFRFoundation.framework/Versions/A/DFRFoundation
0x00007ff808742000 	/usr/lib/libicucore.A.dylib
0x00007ff813d9d000 	/System/Library/Frameworks/AudioToolbox.framework/Versions/A/AudioToolbox
0x00007ff812fb3000 	/System/Library/PrivateFrameworks/DataDetectorsCore.framework/Versions/A/DataDetectorsCore
0x00007ff90f4b7000 	/System/Library/PrivateFrameworks/TextInput.framework/Versions/A/TextInput
0x00007ff80b2eb000 	/usr/lib/libMobileGestalt.dylib
0x00007ff80f0e2000 	/System/Library/Frameworks/Carbon.framework/Versions/A/Frameworks/HIToolbox.framework/Versions/A/HIToolbox
0x00007ff80d511000 	/System/Library/Frameworks/QuartzCore.framework/Versions/A/QuartzCore
0x00007ff8083e7000 	/System/Library/Frameworks/Security.framework/Versions/A/Security
0x00007ff817149000 	/System/Library/Frameworks/Carbon.framework/Versions/A/Frameworks/SpeechRecognition.framework/Versions/A/SpeechRecognition
0x00007ff80d86f000 	/System/Library/PrivateFrameworks/CoreUI.framework/Versions/A/CoreUI
0x00007ff807cb1000 	/System/Library/Frameworks/CoreAudio.framework/Versions/A/CoreAudio
0x00007ff80ce63000 	/System/Library/Frameworks/DiskArbitration.framework/Versions/A/DiskArbitration
0x00007ff812770000 	/System/Library/PrivateFrameworks/MultitouchSupport.framework/Versions/A/MultitouchSupport
0x00007ff80b2ea000 	/usr/lib/libenergytrace.dylib
0x00007ff808d46000 	/System/Library/Frameworks/IOKit.framework/Versions/A/IOKit
0x00007ff81753b000 	/System/Library/Frameworks/CoreServices.framework/Versions/A/CoreServices
0x00007ff80daa9000 	/System/Library/PrivateFrameworks/PerformanceAnalysis.framework/Versions/A/PerformanceAnalysis
0x00007ffa1f185000 	/System/Library/Frameworks/OpenGL.framework/Versions/A/OpenGL
0x00007ff8106d3000 	/System/Library/PrivateFrameworks/MobileKeyBag.framework/Versions/A/MobileKeyBag
0x00007ff80bdd3000 	/System/Library/Frameworks/ColorSync.framework/Versions/A/ColorSync
0x00007ff8063e0000 	/System/Library/Frameworks/CoreFoundation.framework/Versions/A/CoreFoundation
0x00007ff80f667000 	/System/Library/Frameworks/CoreImage.framework/Versions/A/CoreImage
0x00007ff807ac5000 	/System/Library/Frameworks/CoreText.framework/Versions/A/CoreText
0x00007ff80f41f000 	/System/Library/Frameworks/ImageIO.framework/Versions/A/ImageIO
0x00007ff81119d000 	/System/Library/PrivateFrameworks/SoftLinking.framework/Versions/A/SoftLinking
0x00007ff80db5a000 	/usr/lib/libxml2.2.dylib
0x00007ff811421000 	/usr/lib/libcompression.dylib
0x00007ff812eda000 	/System/Library/PrivateFrameworks/TextureIO.framework/Versions/A/TextureIO
0x00007ff811b0f000 	/usr/lib/libate.dylib
0x00007ff8118eb000 	/usr/lib/liblzma.5.dylib
0x00007ff806f6f000 	/System/Library/Frameworks/SystemConfiguration.framework/Versions/A/SystemConfiguration
0x00007ff811199000 	/usr/lib/libfakelink.dylib
0x00007ff80ae44000 	/System/Library/Frameworks/CFNetwork.framework/Versions/A/CFNetwork
0x00007ff8112da000 	/usr/lib/libarchive.2.dylib
0x00007ff80fa6d000 	/System/Library/PrivateFrameworks/AppleSystemInfo.framework/Versions/A/AppleSystemInfo
0x00007ff8107d4000 	/usr/lib/libbsm.0.dylib
0x00007ff80a453000 	/usr/lib/libnetwork.dylib
0x00007ff811132000 	/usr/lib/system/libkxld.dylib
0x00007ff810407000 	/System/Library/PrivateFrameworks/IOMobileFramebuffer.framework/Versions/A/IOMobileFramebuffer
0x00007ffb1eb3b000 	/usr/lib/libCoreEntitlements.dylib
0x00007ff810e46000 	/System/Library/PrivateFrameworks/AppleFSCompression.framework/Versions/A/AppleFSCompression
0x00007ff8107bc000 	/usr/lib/libcoretls.dylib
0x00007ff811905000 	/usr/lib/libcoretls_cfhelpers.dylib
0x00007ff81141b000 	/usr/lib/libpam.2.dylib
0x00007ff80c7a5000 	/usr/lib/libsqlite3.dylib
0x00007ff811974000 	/usr/lib/libxar.1.dylib
0x00007ff810e56000 	/usr/lib/libbz2.1.0.dylib
0x00007ff81119e000 	/usr/lib/libpcap.A.dylib
0x00007ff80cb7e000 	/usr/lib/libdns_services.dylib
0x00007ff8113eb000 	/usr/lib/libapple_nghttp2.dylib
0x00007ff8111d8000 	/usr/lib/libiconv.2.dylib
0x00007ff81112b000 	/usr/lib/libcharset.1.dylib
0x00007ff80dadd000 	/System/Library/Frameworks/CoreServices.framework/Versions/A/Frameworks/FSEvents.framework/Versions/A/FSEvents
0x00007ff8089e0000 	/System/Library/Frameworks/CoreServices.framework/Versions/A/Frameworks/CarbonCore.framework/Versions/A/CarbonCore
0x00007ff80cdc7000 	/System/Library/Frameworks/CoreServices.framework/Versions/A/Frameworks/Metadata.framework/Versions/A/Metadata
0x00007ff810e69000 	/System/Library/Frameworks/CoreServices.framework/Versions/A/Frameworks/OSServices.framework/Versions/A/OSServices
0x00007ff811360000 	/System/Library/Frameworks/CoreServices.framework/Versions/A/Frameworks/SearchKit.framework/Versions/A/SearchKit
0x00007ff80cb10000 	/System/Library/Frameworks/CoreServices.framework/Versions/A/Frameworks/AE.framework/Versions/A/AE
0x00007ff8068e3000 	/System/Library/Frameworks/CoreServices.framework/Versions/A/Frameworks/LaunchServices.framework/Versions/A/LaunchServices
0x00007ff81189c000 	/System/Library/Frameworks/CoreServices.framework/Versions/A/Frameworks/DictionaryServices.framework/Versions/A/DictionaryServices
0x00007ff80daea000 	/System/Library/Frameworks/CoreServices.framework/Versions/A/Frameworks/SharedFileList.framework/Versions/A/SharedFileList
0x00007ff8107b0000 	/usr/lib/libCheckFix.dylib
0x00007ff80b34f000 	/System/Library/PrivateFrameworks/TCC.framework/Versions/A/TCC
0x00007ff80fa73000 	/System/Library/PrivateFrameworks/CoreNLP.framework/Versions/A/CoreNLP
0x00007ff80cd77000 	/System/Library/PrivateFrameworks/MetadataUtilities.framework/Versions/A/MetadataUtilities
0x00007ff807020000 	/usr/lib/libmecabra.dylib
0x00007ff8107e4000 	/usr/lib/libmecab.dylib
0x00007ff806feb000 	/usr/lib/libCRFSuite.dylib
0x00007ff81083e000 	/usr/lib/libgermantok.dylib
0x00007ff8113c6000 	/usr/lib/libThaiTokenizer.dylib
0x00007ff80ce6a000 	/System/Library/Frameworks/Accelerate.framework/Versions/A/Frameworks/vImage.framework/Versions/A/vImage
0x00007ff817512000 	/System/Library/Frameworks/Accelerate.framework/Versions/A/Frameworks/vecLib.framework/Versions/A/vecLib
0x00007ff8119b5000 	/System/Library/Frameworks/Accelerate.framework/Versions/A/Frameworks/vecLib.framework/Versions/A/libvMisc.dylib
0x00007ff810232000 	/System/Library/Frameworks/Accelerate.framework/Versions/A/Frameworks/vecLib.framework/Versions/A/libvDSP.dylib
0x00007ff806c5f000 	/System/Library/Frameworks/Accelerate.framework/Versions/A/Frameworks/vecLib.framework/Versions/A/libBLAS.dylib
0x00007ff8114fe000 	/System/Library/Frameworks/Accelerate.framework/Versions/A/Frameworks/vecLib.framework/Versions/A/libLAPACK.dylib
0x00007ff810841000 	/System/Library/Frameworks/Accelerate.framework/Versions/A/Frameworks/vecLib.framework/Versions/A/libLinearAlgebra.dylib
0x00007ff811403000 	/System/Library/Frameworks/Accelerate.framework/Versions/A/Frameworks/vecLib.framework/Versions/A/libSparseBLAS.dylib
0x00007ff8114f8000 	/System/Library/Frameworks/Accelerate.framework/Versions/A/Frameworks/vecLib.framework/Versions/A/libQuadrature.dylib
0x00007ff80fb5e000 	/System/Library/Frameworks/Accelerate.framework/Versions/A/Frameworks/vecLib.framework/Versions/A/libBNNS.dylib
0x00007ff806ef9000 	/System/Library/Frameworks/Accelerate.framework/Versions/A/Frameworks/vecLib.framework/Versions/A/libSparse.dylib
0x00007ff80fb57000 	/System/Library/PrivateFrameworks/LinguisticData.framework/Versions/A/LinguisticData
0x00007ff806eaf000 	/System/Library/PrivateFrameworks/Lexicon.framework/Versions/A/Lexicon
0x00007ff8119ae000 	/usr/lib/libChineseTokenizer.dylib
0x00007ff80761a000 	/System/Library/PrivateFrameworks/LanguageModeling.framework/Versions/A/LanguageModeling
0x00007ff8113c8000 	/System/Library/PrivateFrameworks/AppleSauce.framework/Versions/A/AppleSauce
0x00007ff8103f5000 	/System/Library/PrivateFrameworks/CoreEmoji.framework/Versions/A/CoreEmoji
0x00007ff8112c9000 	/usr/lib/libcmph.dylib
0x00007ff80dac1000 	/System/Library/Frameworks/OpenDirectory.framework/Versions/A/Frameworks/CFOpenDirectory.framework/Versions/A/CFOpenDirectory
0x00007ff80dab5000 	/System/Library/Frameworks/OpenDirectory.framework/Versions/A/OpenDirectory
0x00007ff811907000 	/System/Library/PrivateFrameworks/APFS.framework/Versions/A/APFS
0x00007ff81070b000 	/System/Library/Frameworks/SecurityFoundation.framework/Versions/A/SecurityFoundation
0x00007ff811982000 	/usr/lib/libutil.dylib
0x00007ff808d0a000 	/System/Library/PrivateFrameworks/CoreServicesStore.framework/Versions/A/CoreServicesStore
0x00007ff811986000 	/usr/lib/libxslt.1.dylib
0x00007ff810798000 	/System/Library/PrivateFrameworks/BackgroundTaskManagement.framework/Versions/A/BackgroundTaskManagement
0x00007ff812dfa000 	/System/Library/Frameworks/ImageIO.framework/Versions/A/Resources/libRadiance.dylib
0x00007ff812e03000 	/System/Library/Frameworks/ImageIO.framework/Versions/A/Resources/libJPEG.dylib
0x00007ff812d4f000 	/System/Library/Frameworks/ImageIO.framework/Versions/A/Resources/libPng.dylib
0x00007ff812d70000 	/System/Library/Frameworks/ImageIO.framework/Versions/A/Resources/libTIFF.dylib
0x00007ff812e63000 	/System/Library/Frameworks/ImageIO.framework/Versions/A/Resources/libGIF.dylib
0x00007ff812689000 	/System/Library/Frameworks/ImageIO.framework/Versions/A/Resources/libJP2.dylib
0x00007ff811dc4000 	/usr/lib/libexpat.1.dylib
0x00007ff81263e000 	/System/Library/PrivateFrameworks/AppleJPEG.framework/Versions/A/AppleJPEG
0x00007ff80efa7000 	/System/Library/PrivateFrameworks/FontServices.framework/libFontParser.dylib
0x00007ff80caba000 	/System/Library/PrivateFrameworks/RunningBoardServices.framework/Versions/A/RunningBoardServices
0x00007ff81d7e6000 	/System/Library/PrivateFrameworks/IOSurfaceAccelerator.framework/Versions/A/IOSurfaceAccelerator
0x00007ff81276c000 	/System/Library/PrivateFrameworks/WatchdogClient.framework/Versions/A/WatchdogClient
0x00007ff807708000 	/System/Library/Frameworks/CoreDisplay.framework/Versions/A/CoreDisplay
0x00007ff80eea5000 	/System/Library/Frameworks/CoreMedia.framework/Versions/A/CoreMedia
0x00007ff80ed39000 	/System/Library/PrivateFrameworks/IOAccelerator.framework/Versions/A/IOAccelerator
0x00007ff80dc3e000 	/System/Library/Frameworks/CoreVideo.framework/Versions/A/CoreVideo
0x00007ff811419000 	/System/Library/Frameworks/MetalPerformanceShaders.framework/Versions/A/MetalPerformanceShaders
0x00007ff8127a9000 	/System/Library/Frameworks/VideoToolbox.framework/Versions/A/VideoToolbox
0x00007ff80ca04000 	/System/Library/PrivateFrameworks/BaseBoard.framework/Versions/A/BaseBoard
0x00007ff80c78b000 	/System/Library/PrivateFrameworks/ProtocolBuffer.framework/Versions/A/ProtocolBuffer
0x00007ff812df3000 	/System/Library/PrivateFrameworks/GPUWrangler.framework/Versions/A/GPUWrangler
0x00007ff812dd7000 	/System/Library/PrivateFrameworks/IOPresentment.framework/Versions/A/IOPresentment
0x00007ff812dfd000 	/System/Library/PrivateFrameworks/DSExternalDisplay.framework/Versions/A/DSExternalDisplay
0x00007ffa1f179000 	/System/Library/Frameworks/OpenGL.framework/Versions/A/Libraries/libCoreFSCache.dylib
0x00007ffb0c24e000 	/System/Library/PrivateFrameworks/GPUCompiler.framework/Versions/31001/Libraries/libGPUCompilerUtils.dylib
0x00007ff812e68000 	/System/Library/PrivateFrameworks/CMCaptureCore.framework/Versions/A/CMCaptureCore
0x00007ff81236d000 	/System/Library/PrivateFrameworks/AppServerSupport.framework/Versions/A/AppServerSupport
0x00007ff814636000 	/System/Library/PrivateFrameworks/perfdata.framework/Versions/A/perfdata
0x00007ff807834000 	/System/Library/PrivateFrameworks/AudioToolboxCore.framework/Versions/A/AudioToolboxCore
0x00007ff80ee83000 	/System/Library/PrivateFrameworks/caulk.framework/Versions/A/caulk
0x00007ff813f48000 	/usr/lib/libAudioStatistics.dylib
0x00007ff90bc3c000 	/System/Library/PrivateFrameworks/SystemPolicy.framework/Versions/A/SystemPolicy
0x00007ff8141a3000 	/usr/lib/libSMC.dylib
0x00007ff81d0de000 	/System/Library/Frameworks/CoreMIDI.framework/Versions/A/CoreMIDI
0x00007ff812d1e000 	/usr/lib/libAudioToolboxUtility.dylib
0x00007ff907e5c000 	/System/Library/PrivateFrameworks/OSAServicesClient.framework/Versions/A/OSAServicesClient
0x00007ff814643000 	/usr/lib/libperfcheck.dylib
0x00007ff90c6ed000 	/usr/lib/libmis.dylib
0x00007ffa1f1d4000 	/System/Library/Frameworks/OpenGL.framework/Versions/A/Libraries/libGLU.dylib
0x00007ffa1f198000 	/System/Library/Frameworks/OpenGL.framework/Versions/A/Libraries/libGFXShared.dylib
0x00007ffa1f3a1000 	/System/Library/Frameworks/OpenGL.framework/Versions/A/Libraries/libGL.dylib
0x00007ffa1f1a1000 	/System/Library/Frameworks/OpenGL.framework/Versions/A/Libraries/libGLImage.dylib
0x00007ffa1f195000 	/System/Library/Frameworks/OpenGL.framework/Versions/A/Libraries/libCVMSPluginSupport.dylib
0x00007ffa1f180000 	/System/Library/Frameworks/OpenGL.framework/Versions/A/Libraries/libCoreVMClient.dylib
0x00007ff80f9ef000 	/System/Library/Frameworks/MetalPerformanceShaders.framework/Versions/A/Frameworks/MPSCore.framework/Versions/A/MPSCore
0x00007ff810db1000 	/System/Library/Frameworks/MetalPerformanceShaders.framework/Versions/A/Frameworks/MPSImage.framework/Versions/A/MPSImage
0x00007ff810857000 	/System/Library/Frameworks/MetalPerformanceShaders.framework/Versions/A/Frameworks/MPSNeuralNetwork.framework/Versions/A/MPSNeuralNetwork
0x00007ff810ccb000 	/System/Library/Frameworks/MetalPerformanceShaders.framework/Versions/A/Frameworks/MPSMatrix.framework/Versions/A/MPSMatrix
0x00007ff810a86000 	/System/Library/Frameworks/MetalPerformanceShaders.framework/Versions/A/Frameworks/MPSRayIntersector.framework/Versions/A/MPSRayIntersector
0x00007ff810d03000 	/System/Library/Frameworks/MetalPerformanceShaders.framework/Versions/A/Frameworks/MPSNDArray.framework/Versions/A/MPSNDArray
0x00007ffa24c59000 	/System/Library/Frameworks/MetalPerformanceShaders.framework/Versions/A/Frameworks/MPSFunctions.framework/Versions/A/MPSFunctions
0x00007ff806b3b000 	/System/Library/PrivateFrameworks/MetalTools.framework/Versions/A/MetalTools
0x00007ff80fa6b000 	/System/Library/PrivateFrameworks/AggregateDictionary.framework/Versions/A/AggregateDictionary
0x00007ff811ba6000 	/usr/lib/libIOReport.dylib
0x00007ffa207b0000 	/System/Library/Frameworks/OpenCL.framework/Versions/A/OpenCL
0x00007ff811f0b000 	/System/Library/PrivateFrameworks/FaceCore.framework/Versions/A/FaceCore
0x00007ff811efc000 	/System/Library/PrivateFrameworks/GraphVisualizer.framework/Versions/A/GraphVisualizer
0x00007ffb0c159000 	/System/Library/PrivateFrameworks/FontServices.framework/Versions/A/FontServices
0x00007ff812325000 	/System/Library/PrivateFrameworks/OTSVG.framework/Versions/A/OTSVG
0x00007ff80d824000 	/System/Library/Frameworks/ApplicationServices.framework/Versions/A/Frameworks/ATS.framework/Versions/A/Resources/libFontRegistry.dylib
0x00007ff812375000 	/System/Library/PrivateFrameworks/FontServices.framework/libhvf.dylib
0x00007ffb0c15a000 	/System/Library/PrivateFrameworks/FontServices.framework/libXTFontStaticRegistryData.dylib
0x00007ff811d74000 	/System/Library/PrivateFrameworks/AppleVA.framework/Versions/A/AppleVA
0x00007ff813f68000 	/System/Library/Frameworks/ApplicationServices.framework/Versions/A/Frameworks/ATS.framework/Versions/A/ATS
0x00007ff80bed1000 	/System/Library/Frameworks/ApplicationServices.framework/Versions/A/Frameworks/HIServices.framework/Versions/A/HIServices
0x00007ff812e72000 	/System/Library/Frameworks/ApplicationServices.framework/Versions/A/Frameworks/PrintCore.framework/Versions/A/PrintCore
0x00007ff8142f6000 	/System/Library/Frameworks/ApplicationServices.framework/Versions/A/Frameworks/QD.framework/Versions/A/QD
0x00007ff8142ee000 	/System/Library/Frameworks/ApplicationServices.framework/Versions/A/Frameworks/ColorSyncLegacy.framework/Versions/A/ColorSyncLegacy
0x00007ff813f58000 	/System/Library/Frameworks/ApplicationServices.framework/Versions/A/Frameworks/SpeechSynthesis.framework/Versions/A/SpeechSynthesis
0x00007ff812e33000 	/System/Library/Frameworks/ApplicationServices.framework/Versions/A/Frameworks/ATSUI.framework/Versions/A/ATSUI
0x00007ff814283000 	/usr/lib/libcups.2.dylib
0x00007ff814652000 	/System/Library/Frameworks/Kerberos.framework/Versions/A/Kerberos
0x00007ff814661000 	/System/Library/Frameworks/GSS.framework/Versions/A/GSS
0x00007ff813fd4000 	/usr/lib/libresolv.9.dylib
0x00007ff812384000 	/System/Library/PrivateFrameworks/Heimdal.framework/Versions/A/Heimdal
0x00007ff81b261000 	/System/Library/Frameworks/Kerberos.framework/Versions/A/Libraries/libHeimdalProxy.dylib
0x00007ff80cb8e000 	/System/Library/Frameworks/Network.framework/Versions/A/Network
0x00007ff811ddf000 	/usr/lib/libheimdal-asn1.dylib
0x00007ff8146ac000 	/System/Library/PrivateFrameworks/CommonAuth.framework/Versions/A/CommonAuth
0x00007ff813eda000 	/System/Library/PrivateFrameworks/AudioSession.framework/Versions/A/AudioSession
0x00007ff811e6f000 	/System/Library/PrivateFrameworks/MediaExperience.framework/Versions/A/MediaExperience
0x00007ff813d6c000 	/System/Library/PrivateFrameworks/AudioSession.framework/libSessionUtility.dylib
0x00007ff814302000 	/System/Library/PrivateFrameworks/AudioResourceArbitration.framework/Versions/A/AudioResourceArbitration
0x00007ff818385000 	/System/Library/PrivateFrameworks/PowerLog.framework/Versions/A/PowerLog
0x00007ff811de8000 	/System/Library/PrivateFrameworks/IconFoundation.framework/Versions/A/IconFoundation
0x00007ff817139000 	/System/Library/PrivateFrameworks/SpeechRecognitionCore.framework/Versions/A/SpeechRecognitionCore
0x000000010deee000 	/Library/Java/JavaVirtualMachines/jdk-21.jdk/Contents/Home/lib/server/libjvm.dylib
0x000000010ccd1000 	/Library/Java/JavaVirtualMachines/jdk-21.jdk/Contents/Home/lib/libjimage.dylib
0x000000010cd4b000 	/Library/Java/JavaVirtualMachines/jdk-21.jdk/Contents/Home/lib/libjava.dylib
0x000000010d7ad000 	/Library/Java/JavaVirtualMachines/jdk-21.jdk/Contents/Home/lib/libnio.dylib
0x000000010d7c9000 	/Library/Java/JavaVirtualMachines/jdk-21.jdk/Contents/Home/lib/libnet.dylib
0x000000010d7dd000 	/Library/Java/JavaVirtualMachines/jdk-21.jdk/Contents/Home/lib/libzip.dylib
0x000000010d792000 	/Library/Java/JavaVirtualMachines/jdk-21.jdk/Contents/Home/lib/libextnet.dylib


VM Arguments:
jvm_args: -Dfile.encoding=UTF-8 -Dstdout.encoding=UTF-8 -Dstderr.encoding=UTF-8 -XX:+ShowCodeDetailsInExceptionMessages 
java_command: framesAndPopups.CalendarPopupCurrentDate
java_class_path (initial): /Users/DE3P/eclipse-workspace/BasicSelenium.E23/target/test-classes:/Users/DE3P/eclipse-workspace/BasicSelenium.E23/target/classes:/Users/DE3P/.m2/repository/org/seleniumhq/selenium/selenium-java/4.27.0/selenium-java-4.27.0.jar:/Users/DE3P/.m2/repository/org/seleniumhq/selenium/selenium-api/4.27.0/selenium-api-4.27.0.jar:/Users/DE3P/.m2/repository/org/jspecify/jspecify/1.0.0/jspecify-1.0.0.jar:/Users/DE3P/.m2/repository/org/seleniumhq/selenium/selenium-chrome-driver/4.27.0/selenium-chrome-driver-4.27.0.jar:/Users/DE3P/.m2/repository/com/google/auto/service/auto-service-annotations/1.1.1/auto-service-annotations-1.1.1.jar:/Users/DE3P/.m2/repository/org/seleniumhq/selenium/selenium-chromium-driver/4.27.0/selenium-chromium-driver-4.27.0.jar:/Users/DE3P/.m2/repository/org/seleniumhq/selenium/selenium-json/4.27.0/selenium-json-4.27.0.jar:/Users/DE3P/.m2/repository/org/seleniumhq/selenium/selenium-manager/4.27.0/selenium-manager-4.27.0.jar:/Users/DE3P/.m2/repository/org/seleniumhq/selenium/selenium-devtools-v129/4.27.0/selenium-devtools-v129-4.27.0.jar:/Users/DE3P/.m2/repository/org/seleniumhq/selenium/selenium-devtools-v130/4.27.0/selenium-devtools-v130-4.27.0.jar:/Users/DE3P/.m2/repository/org/seleniumhq/selenium/selenium-devtools-v131/4.27.0/selenium-devtools-v131-4.27.0.jar:/Users/DE3P/.m2/repository/org/seleniumhq/selenium/selenium-devtools-v85/4.27.0/selenium-devtools-v85-4.27.0.jar:/Users/DE3P/.m2/repository/org/seleniumhq/selenium/selenium-edge-driver/4.27.0/selenium-edge-driver-4.27.0.jar:/Users/DE3P/.m2/repository/org/seleniumhq/selenium/selenium-firefox-driver/4.27.0/selenium-firefox-driver-4.27.0.jar:/Users/DE3P/.m2/repository/org/seleniumhq/selenium/selenium-http/4.27.0/selenium-http-4.27.0.jar:/Users/DE3P/.m2/repository/dev/failsafe/failsafe/3.3.2/failsafe-3.3.2.jar:/Users/DE3P/.m2/repository/org/seleniumhq/selenium/selenium-ie-driver/4.27.0/selenium-ie-driver-4.27.0.jar:/Users/DE3P/.m2/repository/org/seleniumhq/selenium/selenium-remote-driver/4.27.0/selenium-remote-driver-4.27.0.jar:/Users/DE3P/.m2/repository/com/google/guava/guava/33.3.1-jre/guava-33.3.1-jre.jar:/Users/DE3P/.m2/repository/com/google/guava/failureaccess/1.0.2/failureaccess-1.0.2.jar:/Users/DE3P/.m2/repository/com/google/guava/listenablefuture/9999.0-empty-to-avoid-conflict-with-guava/listenablefuture-9999.0-empty-to-avoid-conflict-with-guava.jar:/Users/DE3P/.m2/repository/com/google/code/findbugs/jsr305/3.0.2/jsr305-3.0.2.jar:/Users/DE3P/.m2/repository/org/checkerframework/checker-qual/3.43.0/checker-qual-3.43.0.jar:/Users/DE3P/.m2/repository/com/google/errorprone/error_prone_annotations/2.28.0/error_prone_annotations-2.28.0.jar:/Users/DE3P/.m2/repository/com/google/j2objc/j2objc-annotations/3.0.0/j2objc-annotations-3.0.0.jar:/Users/DE3P/.m2/repository/io/opentelemetry/semconv/opentelemetry-semconv/1.25.0-alpha/opentelemetry-semconv-1.25.0-alpha.jar:/Users/DE3P/.m2/repository/io/opentelemetry/opentelemetry-api/1.44.1/opentelemetry-api-1.44.1.jar:/Users/DE3P/.m2/repository/io/opentelemetry/opentelemetry-context/1.44.1/opentelemetry-context-1.44.1.jar:/Users/DE3P/.m2/repository/io/opentelemetry/opentelemetry-exporter-logging/1.44.1/opentelemetry-exporter-logging-1.44.1.jar:/Users/DE3P/.m2/repository/io/opentelemetry/opentelemetry-sdk-common/1.44.1/opentelemetry-sdk-common-1.44.1.jar:/Users/DE3P/.m2/repository/io/opentelemetry/opentelemetry-sdk-extension-autoconfigure-spi/1.44.1/opentelemetry-sdk-extension-autoconfigure-spi-1.44.1.jar:/Users/DE3P/.m2/repository/io/opentelemetry/opentelemetry-sdk-extension-autoconfigure/1.44.1/opentelemetry-sdk-extension-autoconfigure-1.44.1.jar:/Users/DE3P/.m2/repository/io/opentelemetry/opentelemetry-api-incubator/1.44.1-alpha/opentelemetry-api-incubator-1.44.1-alpha.jar:/Users/DE3P/.m2/repository/io/opentelemetry/opentelemetry-sdk-trace/1.44.1/opentelemetry-sdk-trace-1.44.1.jar:/Users/DE3P/.m2/repository/io/opentelemetry/opentelemetry-sdk/1.44.1/opentelemetry-sdk-1.44.1.jar:/Users/DE3P/.m2/repository/io/opentelemetry/opentelemetry-sdk-metrics/1.44.1/opentelemetry-sdk-metrics-1.44.1.jar:/Users/DE3P/.m2/repository/io/opentelemetry/opentelemetry-sdk-logs/1.44.1/opentelemetry-sdk-logs-1.44.1.jar:/Users/DE3P/.m2/repository/net/bytebuddy/byte-buddy/1.15.10/byte-buddy-1.15.10.jar:/Users/DE3P/.m2/repository/org/seleniumhq/selenium/selenium-os/4.27.0/selenium-os-4.27.0.jar:/Users/DE3P/.m2/repository/org/apache/commons/commons-exec/1.4.0/commons-exec-1.4.0.jar:/Users/DE3P/.m2/repository/org/seleniumhq/selenium/selenium-safari-driver/4.27.0/selenium-safari-driver-4.27.0.jar:/Users/DE3P/.m2/repository/org/seleniumhq/selenium/selenium-support/4.27.0/selenium-support-4.27.0.jar
Launcher Type: SUN_STANDARD

[Global flags]
     intx CICompilerCount                          = 3                                         {product} {ergonomic}
     uint ConcGCThreads                            = 1                                         {product} {ergonomic}
     uint G1ConcRefinementThreads                  = 4                                         {product} {ergonomic}
   size_t G1HeapRegionSize                         = 1048576                                   {product} {ergonomic}
    uintx GCDrainStackTargetSize                   = 64                                        {product} {ergonomic}
   size_t InitialHeapSize                          = 134217728                                 {product} {ergonomic}
   size_t MarkStackSize                            = 4194304                                   {product} {ergonomic}
   size_t MaxHeapSize                              = 2147483648                                {product} {ergonomic}
   size_t MaxNewSize                               = 1287651328                                {product} {ergonomic}
   size_t MinHeapDeltaBytes                        = 1048576                                   {product} {ergonomic}
   size_t MinHeapSize                              = 8388608                                   {product} {ergonomic}
    uintx NonNMethodCodeHeapSize                   = 5832780                                {pd product} {ergonomic}
    uintx NonProfiledCodeHeapSize                  = 122912730                              {pd product} {ergonomic}
    uintx ProfiledCodeHeapSize                     = 122912730                              {pd product} {ergonomic}
    uintx ReservedCodeCacheSize                    = 251658240                              {pd product} {ergonomic}
     bool SegmentedCodeCache                       = true                                      {product} {ergonomic}
     bool ShowCodeDetailsInExceptionMessages       = true                                   {manageable} {command line}
   size_t SoftMaxHeapSize                          = 2147483648                             {manageable} {ergonomic}
     bool UseCompressedOops                        = true                           {product lp64_product} {ergonomic}
     bool UseG1GC                                  = true                                      {product} {ergonomic}
     bool UseNUMA                                  = false                                     {product} {ergonomic}
     bool UseNUMAInterleaving                      = false                                     {product} {ergonomic}

Logging:
Log output configuration:
 #0: stdout all=warning uptime,level,tags foldmultilines=false
 #1: stderr all=off uptime,level,tags foldmultilines=false

Environment Variables:
PATH=/usr/bin:/bin:/usr/sbin:/sbin
SHELL=/bin/zsh
TMPDIR=/var/folders/x9/0hbk7khd7316bsftwftmf8ww0000gn/T/

Active Locale:
LC_ALL=C
LC_COLLATE=C
LC_CTYPE=C
LC_MESSAGES=C
LC_MONETARY=C
LC_NUMERIC=C
LC_TIME=C

Signal Handlers:
   SIGSEGV: crash_handler in libjvm.dylib, mask=11100110000111110111111111111111, flags=SA_ONSTACK|SA_RESTART|SA_SIGINFO, unblocked
    SIGBUS: crash_handler in libjvm.dylib, mask=11100110000111110111111111111111, flags=SA_RESTART|SA_SIGINFO, unblocked
    SIGFPE: crash_handler in libjvm.dylib, mask=11100110000111110111111111111111, flags=SA_RESTART|SA_SIGINFO, unblocked
   SIGPIPE: javaSignalHandler in libjvm.dylib, mask=11100110000111110111111111111111, flags=SA_RESTART|SA_SIGINFO, blocked
   SIGXFSZ: javaSignalHandler in libjvm.dylib, mask=11100110000111110111111111111111, flags=SA_RESTART|SA_SIGINFO, blocked
    SIGILL: crash_handler in libjvm.dylib, mask=11100110000111110111111111111111, flags=SA_RESTART|SA_SIGINFO, unblocked
   SIGUSR2: SR_handler in libjvm.dylib, mask=00000000000000000000000000000000, flags=SA_RESTART|SA_SIGINFO, blocked
    SIGHUP: UserHandler in libjvm.dylib, mask=11100110000111110111111111111111, flags=SA_RESTART|SA_SIGINFO, blocked
    SIGINT: UserHandler in libjvm.dylib, mask=11100110000111110111111111111111, flags=SA_RESTART|SA_SIGINFO, blocked
   SIGTERM: UserHandler in libjvm.dylib, mask=11100110000111110111111111111111, flags=SA_RESTART|SA_SIGINFO, blocked
   SIGQUIT: UserHandler in libjvm.dylib, mask=11100110000111110111111111111111, flags=SA_RESTART|SA_SIGINFO, blocked
   SIGTRAP: crash_handler in libjvm.dylib, mask=11100110000111110111111111111111, flags=SA_RESTART|SA_SIGINFO, unblocked


Periodic native trim disabled

---------------  S Y S T E M  ---------------

OS:
uname: Darwin 21.6.0 Darwin Kernel Version 21.6.0: Mon Jun 24 00:56:10 PDT 2024; root:xnu-8020.240.18.709.2~1/RELEASE_X86_64 x86_64
OS uptime: 0 days 4:23 hours
rlimit (soft/hard): STACK 8192k/65532k , CORE 0k/infinity , NPROC 1392/2088 , NOFILE 2147483647/infinity , AS infinity/infinity , CPU infinity/infinity , DATA infinity/infinity , FSIZE infinity/infinity , MEMLOCK infinity/infinity , RSS infinity/infinity
load average: 7.20 8.84 7.09

CPU: total 4 (initial active 4) (2 cores per cpu, 2 threads per core) family 6 model 61 stepping 4 microcode 0x2f, cx8, cmov, fxsr, ht, mmx, 3dnowpref, sse, sse2, sse3, ssse3, sse4.1, sse4.2, popcnt, lzcnt, tsc, tscinvbit, avx, avx2, aes, erms, clmul, bmi1, bmi2, adx, fma, vzeroupper, clflush, rdtscp, f16c
machdep.cpu.brand_string:Intel(R) Core(TM) i5-5257U CPU @ 2.70GHz
hw.cpufrequency:2700000000
hw.cpufrequency_min:2700000000
hw.cpufrequency_max:2700000000
hw.cachelinesize:64
hw.l1icachesize:32768
hw.l1dcachesize:32768
hw.l2cachesize:262144
hw.l3cachesize:3145728

Memory: 4k page, physical 8388608k(1375188k free), swap 0k(0k free)

vm_info: Java HotSpot(TM) 64-Bit Server VM (21.0.5+9-LTS-239) for bsd-amd64 JRE (21.0.5+9-LTS-239), built on 2024-09-30T05:17:38Z by "mach5one" with clang Apple LLVM 12.0.0 (clang-1200.0.32.29)

END.
