#
# A fatal error has been detected by the Java Runtime Environment:
#
#  SIGSEGV (0xb) at pc=0x0000000108a1d7a3, pid=1371, tid=41219
#
# JRE version: Java(TM) SE Runtime Environment (21.0.5+9) (build 21.0.5+9-LTS-239)
# Java VM: Java HotSpot(TM) 64-Bit Server VM (21.0.5+9-LTS-239, mixed mode, sharing, tiered, compressed oops, compressed class ptrs, g1 gc, bsd-amd64)
# Problematic frame:
# V  [libjvm.dylib+0x28b7a3]  LinearScan::number_instructions()+0x213
#
# No core dump will be written. Core dumps have been disabled. To enable core dumping, try "ulimit -c unlimited" before starting Java again
#
# If you would like to submit a bug report, please visit:
#   https://bugreport.java.com/bugreport/crash.jsp
#

---------------  S U M M A R Y ------------

Command Line: -ea -Dfile.encoding=UTF-8 -Dstdout.encoding=UTF-8 -Dstderr.encoding=UTF-8 -XX:+ShowCodeDetailsInExceptionMessages org.testng.remote.RemoteTestNG -serport 49201 -protocol json -d /Users/DE3P/eclipse-workspace/BasicSelenium.E23/test-output /var/folders/x9/0hbk7khd7316bsftwftmf8ww0000gn/T/testng-eclipse--2074337559/testng-customsuite.xml

Host: "MacBookPro12,1" x86_64 2700 MHz, 4 cores, 8G, Darwin 21.6.0, macOS 12.7.6 (21H1320)
Time: Mon Feb 24 19:26:01 2025 IST elapsed time: 2.081762 seconds (0d 0h 0m 2s)

---------------  T H R E A D  ---------------

Current thread (0x00007f7be183c200):  JavaThread "C1 CompilerThread0" daemon [_thread_in_native, id=41219, stack(0x000070000d6e9000,0x000070000d7e9000) (1024K)]


Current CompileTask:
C1:   2082  834       3       java.net.URLStreamHandler::parseURL (1124 bytes)

Stack: [0x000070000d6e9000,0x000070000d7e9000],  sp=0x000070000d7e7fd0,  free space=1019k
Native frames: (J=compiled Java code, j=interpreted, Vv=VM code, C=native code)
V  [libjvm.dylib+0x28b7a3]  LinearScan::number_instructions()+0x213
V  [libjvm.dylib+0x2935d3]  LinearScan::do_linear_scan()+0x13
V  [libjvm.dylib+0x226882]  Compilation::emit_lir()+0x202
V  [libjvm.dylib+0x2272fb]  Compilation::compile_java_method()+0x28b
V  [libjvm.dylib+0x227694]  Compilation::compile_method()+0x1a4
V  [libjvm.dylib+0x227ac5]  Compilation::Compilation(AbstractCompiler*, ciEnv*, ciMethod*, int, BufferBlob*, bool, DirectiveSet*)+0x225
V  [libjvm.dylib+0x229cb1]  Compiler::compile_method(ciEnv*, ciMethod*, int, bool, DirectiveSet*)+0x61
V  [libjvm.dylib+0x39352a]  CompileBroker::invoke_compiler_on_method(CompileTask*)+0x4ca
V  [libjvm.dylib+0x392f7b]  CompileBroker::compiler_thread_loop()+0x5eb
V  [libjvm.dylib+0x5be394]  JavaThread::thread_main_inner()+0x94
V  [libjvm.dylib+0xae0f95]  Thread::call_run()+0xa5
V  [libjvm.dylib+0x93ba07]  thread_native_entry(Thread*)+0x147
C  [libsystem_pthread.dylib+0x64e1]  _pthread_start+0x7d
C  [libsystem_pthread.dylib+0x1f6b]  thread_start+0xf

siginfo: si_signo: 11 (SIGSEGV), si_code: 1 (SEGV_MAPERR), si_addr: 0x00007f49e01eb0b0

Registers:
RAX=0x00007f49e01eb090, RBX=0x0000000000006228, RCX=0x0000000000000004, RDX=0x0000000000001892
RSP=0x000070000d7e7fd0, RBP=0x000070000d7e8010, RSI=0x0000000000001894, RDI=0x00007f7be01eae30
R8 =0x0000000000000c45, R9 =0x0000000000000000, R10=0x0000000000000110, R11=0x0000000000000022
R12=0x0000000000000261, R13=0x00007f7be19cb238, R14=0x00000000000019f6, R15=0x00007f7be10c7430
RIP=0x0000000108a1d7a3, EFLAGS=0x0000000000010202, ERR=0x0000000000000006
  TRAPNO=0x000000000000000e


Register to memory mapping:

RAX=0x00007f49e01eb090 is an unknown value
RBX=0x0000000000006228 is an unknown value
RCX=0x0000000000000004 is an unknown value
RDX=0x0000000000001892 is an unknown value
RSP=0x000070000d7e7fd0 is pointing into the stack for thread: 0x00007f7be183c200
RBP=0x000070000d7e8010 is pointing into the stack for thread: 0x00007f7be183c200
RSI=0x0000000000001894 is an unknown value
RDI=0x00007f7be01eae30 points into unknown readable memory: 0x0000004000000022 | 22 00 00 00 40 00 00 00
R8 =0x0000000000000c45 is an unknown value
R9 =0x0 is null
R10=0x0000000000000110 is an unknown value
R11=0x0000000000000022 is an unknown value
R12=0x0000000000000261 is an unknown value
R13=0x00007f7be19cb238 points into unknown readable memory: 0x000070000d7e8390 | 90 83 7e 0d 00 70 00 00
R14=0x00000000000019f6 is an unknown value
R15=0x00007f7be10c7430 points into unknown readable memory: 0x0000000109535d88 | 88 5d 53 09 01 00 00 00

Top of Stack: (sp=0x000070000d7e7fd0)
0x000070000d7e7fd0:   000019f6000019f6 00007f7be22e2010
0x000070000d7e7fe0:   0000000000000000 000070000d7e8390
0x000070000d7e7ff0:   00007f7be19cb238 0000000000000000
0x000070000d7e8000:   00007f7be19cb238 000070000d7e8390
0x000070000d7e8010:   000070000d7e8040 0000000108a255d3
0x000070000d7e8020:   000070000d7e8390 00000001095ba754
0x000070000d7e8030:   00007f7be19cb238 000070000d7e8390
0x000070000d7e8040:   000070000d7e81b0 00000001089b8882
0x000070000d7e8050:   00007f7be1932bd8 0000000109537980
0x000070000d7e8060:   0000000109537b10 000070000d7e8390
0x000070000d7e8070:   00007f7be08cf230 0000000800000001
0x000070000d7e8080:   00007f7be125d520 0000000000000000
0x000070000d7e8090:   0000000200000000 00007f7be197ee90
0x000070000d7e80a0:   0000000000000000 0000100000000be6
0x000070000d7e80b0:   00007f7be2d77010 0000000000000000
0x000070000d7e80c0:   0000000000000000 00007f7b00000cc5
0x000070000d7e80d0:   0000100000000cba 00007f7be2d65010
0x000070000d7e80e0:   0000000000000000 00007f7be01b53f0
0x000070000d7e80f0:   0000000000003fd0 0000000000000003
0x000070000d7e8100:   00007f7be19c7b60 0000000200000000
0x000070000d7e8110:   00007f7be197eec0 0000000000000000
0x000070000d7e8120:   0000000200000000 00007f7be197eed0
0x000070000d7e8130:   0000000000000000 0000000200000000
0x000070000d7e8140:   00007f7be197eee0 0000000000000000
0x000070000d7e8150:   00006000038c8da0 0000000000000000
0x000070000d7e8160:   0000000000000000 00007f7be197ed40
0x000070000d7e8170:   000070000d7e8100 00000001089bcf0a
0x000070000d7e8180:   0000000109414698 0000000000000000
0x000070000d7e8190:   0000000000000000 0000000000000009
0x000070000d7e81a0:   00007f7be197ed40 00000000ffffffff
0x000070000d7e81b0:   000070000d7e8230 00000001089b92fb
0x000070000d7e81c0:   00007f7be0860000 0000000000000000 

Instructions: (pc=0x0000000108a1d7a3)
0x0000000108a1d6a3:   be 08 00 00 00 e8 33 2b 2c 00 44 89 75 c0 44 89
0x0000000108a1d6b3:   75 c4 48 89 45 c8 45 85 f6 7e 0f 49 c1 e7 03 48
0x0000000108a1d6c3:   89 c7 4c 89 fe e8 e9 b4 9b 00 48 c7 45 d0 00 00
0x0000000108a1d6d3:   00 00 48 8b 45 c0 48 8b 4d c8 49 89 8d a0 00 00
0x0000000108a1d6e3:   00 49 89 85 98 00 00 00 49 c7 85 a8 00 00 00 00
0x0000000108a1d6f3:   00 00 00 45 85 e4 0f 8e 09 01 00 00 45 31 d2 45
0x0000000108a1d703:   31 c0 31 d2 eb 1d 0f 1f 80 00 00 00 00 8d 42 fe
0x0000000108a1d713:   41 89 87 94 01 00 00 49 ff c2 4d 39 e2 0f 84 e2
0x0000000108a1d723:   00 00 00 49 8b 45 28 4e 8b 3c d0 41 89 97 90 01
0x0000000108a1d733:   00 00 49 8b bf 30 01 00 00 44 8b 1f 45 85 db 7e
0x0000000108a1d743:   cc 4d 63 c0 45 89 d9 41 83 e1 01 41 83 fb 01 75
0x0000000108a1d753:   0c 31 c9 4d 85 c9 74 b5 eb 7f 0f 1f 00 4a 8d 1c
0x0000000108a1d763:   c5 00 00 00 00 4d 29 cb 31 c9 0f 1f 00 48 8b 47
0x0000000108a1d773:   08 48 8b 04 c8 89 50 20 49 8b b5 88 00 00 00 48
0x0000000108a1d783:   01 de 48 89 04 ce 49 8b 85 a0 00 00 00 48 01 d8
0x0000000108a1d793:   4c 89 3c c8 48 8b 47 08 48 8b 44 c8 08 8d 72 02
0x0000000108a1d7a3:   89 70 20 49 8b b5 88 00 00 00 48 01 de 48 89 44
0x0000000108a1d7b3:   ce 08 49 8b 85 a0 00 00 00 48 01 d8 4c 89 7c c8
0x0000000108a1d7c3:   08 83 c2 04 48 83 c1 02 49 39 cb 75 a0 49 01 c8
0x0000000108a1d7d3:   4d 85 c9 0f 84 34 ff ff ff 48 8b 47 08 48 8b 04
0x0000000108a1d7e3:   c8 89 50 20 49 8b 8d 88 00 00 00 4a 89 04 c1 49
0x0000000108a1d7f3:   8b 85 a0 00 00 00 4e 89 3c c0 83 c2 02 49 ff c0
0x0000000108a1d803:   e9 08 ff ff ff 49 8d bd c0 00 00 00 4d 63 f6 4c
0x0000000108a1d813:   89 f6 ba 01 00 00 00 e8 71 9f f7 ff 49 81 c5 b0
0x0000000108a1d823:   00 00 00 4c 89 ef 4c 89 f6 ba 01 00 00 00 48 83
0x0000000108a1d833:   c4 18 5b 41 5c 41 5d 41 5e 41 5f 5d e9 4c 9f f7
0x0000000108a1d843:   ff 66 2e 0f 1f 84 00 00 00 00 00 66 90 55 48 89
0x0000000108a1d853:   e5 41 57 41 56 53 50 4d 89 c7 49 89 ce 48 89 f7
0x0000000108a1d863:   48 8b 06 48 8b 5e 30 ff 50 20 48 85 c0 74 06 83
0x0000000108a1d873:   78 10 00 74 36 89 d8 83 e0 07 48 83 f8 05 74 05
0x0000000108a1d883:   83 f8 03 75 26 48 89 d9 48 c1 e9 0e 49 8b 07 c1
0x0000000108a1d893:   eb 14 48 8b 14 d8 b8 01 00 00 00 48 d3 e0 48 0f 


Stack slot to memory mapping:

stack at sp + 0 slots: 0x000019f6000019f6 is an unknown value
stack at sp + 1 slots: 0x00007f7be22e2010 points into unknown readable memory: 0x00007f7be193fd50 | 50 fd 93 e1 7b 7f 00 00
stack at sp + 2 slots: 0x0 is null
stack at sp + 3 slots: 0x000070000d7e8390 is pointing into the stack for thread: 0x00007f7be183c200
stack at sp + 4 slots: 0x00007f7be19cb238 points into unknown readable memory: 0x000070000d7e8390 | 90 83 7e 0d 00 70 00 00
stack at sp + 5 slots: 0x0 is null
stack at sp + 6 slots: 0x00007f7be19cb238 points into unknown readable memory: 0x000070000d7e8390 | 90 83 7e 0d 00 70 00 00
stack at sp + 7 slots: 0x000070000d7e8390 is pointing into the stack for thread: 0x00007f7be183c200


---------------  P R O C E S S  ---------------

Threads class SMR info:
_java_thread_list=0x00006000038f4700, length=11, elements={
0x00007f7be100a800, 0x00007f7be0051e00, 0x00007f7be0808600, 0x00007f7be1070600,
0x00007f7be0052600, 0x00007f7be1813200, 0x00007f7be1813a00, 0x00007f7be183c200,
0x00007f7be0052e00, 0x00007f7be0055a00, 0x00007f7be1811000
}

Java Threads: ( => current thread )
  0x00007f7be100a800 JavaThread "main"                              [_thread_in_vm, id=5891, stack(0x000070000c7b9000,0x000070000c8b9000) (1024K)]
  0x00007f7be0051e00 JavaThread "Reference Handler"          daemon [_thread_blocked, id=43267, stack(0x000070000d0d7000,0x000070000d1d7000) (1024K)]
  0x00007f7be0808600 JavaThread "Finalizer"                  daemon [_thread_blocked, id=43011, stack(0x000070000d1da000,0x000070000d2da000) (1024K)]
  0x00007f7be1070600 JavaThread "Signal Dispatcher"          daemon [_thread_blocked, id=23043, stack(0x000070000d2dd000,0x000070000d3dd000) (1024K)]
  0x00007f7be0052600 JavaThread "Service Thread"             daemon [_thread_blocked, id=42243, stack(0x000070000d3e0000,0x000070000d4e0000) (1024K)]
  0x00007f7be1813200 JavaThread "Monitor Deflation Thread"   daemon [_thread_blocked, id=41987, stack(0x000070000d4e3000,0x000070000d5e3000) (1024K)]
  0x00007f7be1813a00 JavaThread "C2 CompilerThread0"         daemon [_thread_blocked, id=41475, stack(0x000070000d5e6000,0x000070000d6e6000) (1024K)]
=>0x00007f7be183c200 JavaThread "C1 CompilerThread0"         daemon [_thread_in_native, id=41219, stack(0x000070000d6e9000,0x000070000d7e9000) (1024K)]
  0x00007f7be0052e00 JavaThread "Notification Thread"        daemon [_thread_blocked, id=40963, stack(0x000070000d7ec000,0x000070000d8ec000) (1024K)]
  0x00007f7be0055a00 JavaThread "Common-Cleaner"             daemon [_thread_blocked, id=24067, stack(0x000070000d8ef000,0x000070000d9ef000) (1024K)]
  0x00007f7be1811000 JavaThread "ReaderThread"                      [_thread_in_native, id=40195, stack(0x000070000d9f2000,0x000070000daf2000) (1024K)]
Total: 11

Other Threads:
  0x00007f7be210af50 VMThread "VM Thread"                           [id=17667, stack(0x000070000cece000,0x000070000cfce000) (1024K)]
  0x00007f7be210a200 WatcherThread "VM Periodic Task Thread"        [id=14339, stack(0x000070000cdcb000,0x000070000cecb000) (1024K)]
  0x00007f7be2305690 WorkerThread "GC Thread#0"                     [id=19715, stack(0x000070000c8bc000,0x000070000c9bc000) (1024K)]
  0x00007f7be21066e0 ConcurrentGCThread "G1 Main Marker"            [id=12291, stack(0x000070000c9bf000,0x000070000cabf000) (1024K)]
  0x00007f7be2107050 WorkerThread "G1 Conc#0"                       [id=12803, stack(0x000070000cac2000,0x000070000cbc2000) (1024K)]
  0x00007f7be180ae00 ConcurrentGCThread "G1 Refine#0"               [id=18691, stack(0x000070000cbc5000,0x000070000ccc5000) (1024K)]
  0x00007f7be21089b0 ConcurrentGCThread "G1 Service"                [id=13315, stack(0x000070000ccc8000,0x000070000cdc8000) (1024K)]
Total: 7

Threads with active compile tasks:
C1 CompilerThread0     2184  834       3       java.net.URLStreamHandler::parseURL (1124 bytes)
Total: 1

VM state: not at safepoint (normal execution)

VM Mutex/Monitor currently owned by a thread: None

Heap address: 0x0000000780000000, size: 2048 MB, Compressed Oops mode: Zero based, Oop shift amount: 3

CDS archive(s) mapped at: [0x0000000126000000-0x0000000126ca8000-0x0000000126ca8000), size 13271040, SharedBaseAddress: 0x0000000126000000, ArchiveRelocationMode: 1.
Compressed class space mapped at: 0x0000000127000000-0x0000000167000000, reserved size: 1073741824
Narrow klass base: 0x0000000126000000, Narrow klass shift: 0, Narrow klass range: 0x100000000

GC Precious Log:
 CardTable entry size: 512
 Card Set container configuration: InlinePtr #cards 5 size 8 Array Of Cards #cards 12 size 40 Howl #buckets 4 coarsen threshold 1843 Howl Bitmap #cards 512 size 80 coarsen threshold 460 Card regions per heap region 1 cards per card region 2048
 CPUs: 4 total, 4 available
 Memory: 8192M
 Large Page Support: Disabled
 NUMA Support: Disabled
 Compressed Oops: Enabled (Zero based)
 Heap Region Size: 1M
 Heap Min Capacity: 8M
 Heap Initial Capacity: 128M
 Heap Max Capacity: 2G
 Pre-touch: Disabled
 Parallel Workers: 4
 Concurrent Workers: 1
 Concurrent Refinement Workers: 4
 Periodic GC: Disabled

Heap:
 garbage-first heap   total 133120K, used 13355K [0x0000000780000000, 0x0000000800000000)
  region size 1024K, 13 young (13312K), 0 survivors (0K)
 Metaspace       used 5408K, committed 5568K, reserved 1114112K
  class space    used 573K, committed 640K, reserved 1048576K

Heap Regions: E=young(eden), S=young(survivor), O=old, HS=humongous(starts), HC=humongous(continues), CS=collection set, F=free, TAMS=top-at-mark-start, PB=parsable bottom
|   0|0x0000000780000000, 0x0000000780100000, 0x0000000780100000|100%|HS|  |TAMS 0x0000000780000000| PB 0x0000000780000000| Complete 
|   1|0x0000000780100000, 0x0000000780100000, 0x0000000780200000|  0%| F|  |TAMS 0x0000000780100000| PB 0x0000000780100000| Untracked 
|   2|0x0000000780200000, 0x0000000780200000, 0x0000000780300000|  0%| F|  |TAMS 0x0000000780200000| PB 0x0000000780200000| Untracked 
|   3|0x0000000780300000, 0x0000000780300000, 0x0000000780400000|  0%| F|  |TAMS 0x0000000780300000| PB 0x0000000780300000| Untracked 
|   4|0x0000000780400000, 0x0000000780400000, 0x0000000780500000|  0%| F|  |TAMS 0x0000000780400000| PB 0x0000000780400000| Untracked 
|   5|0x0000000780500000, 0x0000000780500000, 0x0000000780600000|  0%| F|  |TAMS 0x0000000780500000| PB 0x0000000780500000| Untracked 
|   6|0x0000000780600000, 0x0000000780600000, 0x0000000780700000|  0%| F|  |TAMS 0x0000000780600000| PB 0x0000000780600000| Untracked 
|   7|0x0000000780700000, 0x0000000780700000, 0x0000000780800000|  0%| F|  |TAMS 0x0000000780700000| PB 0x0000000780700000| Untracked 
|   8|0x0000000780800000, 0x0000000780800000, 0x0000000780900000|  0%| F|  |TAMS 0x0000000780800000| PB 0x0000000780800000| Untracked 
|   9|0x0000000780900000, 0x0000000780900000, 0x0000000780a00000|  0%| F|  |TAMS 0x0000000780900000| PB 0x0000000780900000| Untracked 
|  10|0x0000000780a00000, 0x0000000780a00000, 0x0000000780b00000|  0%| F|  |TAMS 0x0000000780a00000| PB 0x0000000780a00000| Untracked 
|  11|0x0000000780b00000, 0x0000000780b00000, 0x0000000780c00000|  0%| F|  |TAMS 0x0000000780b00000| PB 0x0000000780b00000| Untracked 
|  12|0x0000000780c00000, 0x0000000780c00000, 0x0000000780d00000|  0%| F|  |TAMS 0x0000000780c00000| PB 0x0000000780c00000| Untracked 
|  13|0x0000000780d00000, 0x0000000780d00000, 0x0000000780e00000|  0%| F|  |TAMS 0x0000000780d00000| PB 0x0000000780d00000| Untracked 
|  14|0x0000000780e00000, 0x0000000780e00000, 0x0000000780f00000|  0%| F|  |TAMS 0x0000000780e00000| PB 0x0000000780e00000| Untracked 
|  15|0x0000000780f00000, 0x0000000780f00000, 0x0000000781000000|  0%| F|  |TAMS 0x0000000780f00000| PB 0x0000000780f00000| Untracked 
|  16|0x0000000781000000, 0x0000000781000000, 0x0000000781100000|  0%| F|  |TAMS 0x0000000781000000| PB 0x0000000781000000| Untracked 
|  17|0x0000000781100000, 0x0000000781100000, 0x0000000781200000|  0%| F|  |TAMS 0x0000000781100000| PB 0x0000000781100000| Untracked 
|  18|0x0000000781200000, 0x0000000781200000, 0x0000000781300000|  0%| F|  |TAMS 0x0000000781200000| PB 0x0000000781200000| Untracked 
|  19|0x0000000781300000, 0x0000000781300000, 0x0000000781400000|  0%| F|  |TAMS 0x0000000781300000| PB 0x0000000781300000| Untracked 
|  20|0x0000000781400000, 0x0000000781400000, 0x0000000781500000|  0%| F|  |TAMS 0x0000000781400000| PB 0x0000000781400000| Untracked 
|  21|0x0000000781500000, 0x0000000781500000, 0x0000000781600000|  0%| F|  |TAMS 0x0000000781500000| PB 0x0000000781500000| Untracked 
|  22|0x0000000781600000, 0x0000000781600000, 0x0000000781700000|  0%| F|  |TAMS 0x0000000781600000| PB 0x0000000781600000| Untracked 
|  23|0x0000000781700000, 0x0000000781700000, 0x0000000781800000|  0%| F|  |TAMS 0x0000000781700000| PB 0x0000000781700000| Untracked 
|  24|0x0000000781800000, 0x0000000781800000, 0x0000000781900000|  0%| F|  |TAMS 0x0000000781800000| PB 0x0000000781800000| Untracked 
|  25|0x0000000781900000, 0x0000000781900000, 0x0000000781a00000|  0%| F|  |TAMS 0x0000000781900000| PB 0x0000000781900000| Untracked 
|  26|0x0000000781a00000, 0x0000000781a00000, 0x0000000781b00000|  0%| F|  |TAMS 0x0000000781a00000| PB 0x0000000781a00000| Untracked 
|  27|0x0000000781b00000, 0x0000000781b00000, 0x0000000781c00000|  0%| F|  |TAMS 0x0000000781b00000| PB 0x0000000781b00000| Untracked 
|  28|0x0000000781c00000, 0x0000000781c00000, 0x0000000781d00000|  0%| F|  |TAMS 0x0000000781c00000| PB 0x0000000781c00000| Untracked 
|  29|0x0000000781d00000, 0x0000000781d00000, 0x0000000781e00000|  0%| F|  |TAMS 0x0000000781d00000| PB 0x0000000781d00000| Untracked 
|  30|0x0000000781e00000, 0x0000000781e00000, 0x0000000781f00000|  0%| F|  |TAMS 0x0000000781e00000| PB 0x0000000781e00000| Untracked 
|  31|0x0000000781f00000, 0x0000000781f00000, 0x0000000782000000|  0%| F|  |TAMS 0x0000000781f00000| PB 0x0000000781f00000| Untracked 
|  32|0x0000000782000000, 0x0000000782000000, 0x0000000782100000|  0%| F|  |TAMS 0x0000000782000000| PB 0x0000000782000000| Untracked 
|  33|0x0000000782100000, 0x0000000782100000, 0x0000000782200000|  0%| F|  |TAMS 0x0000000782100000| PB 0x0000000782100000| Untracked 
|  34|0x0000000782200000, 0x0000000782200000, 0x0000000782300000|  0%| F|  |TAMS 0x0000000782200000| PB 0x0000000782200000| Untracked 
|  35|0x0000000782300000, 0x0000000782300000, 0x0000000782400000|  0%| F|  |TAMS 0x0000000782300000| PB 0x0000000782300000| Untracked 
|  36|0x0000000782400000, 0x0000000782400000, 0x0000000782500000|  0%| F|  |TAMS 0x0000000782400000| PB 0x0000000782400000| Untracked 
|  37|0x0000000782500000, 0x0000000782500000, 0x0000000782600000|  0%| F|  |TAMS 0x0000000782500000| PB 0x0000000782500000| Untracked 
|  38|0x0000000782600000, 0x0000000782600000, 0x0000000782700000|  0%| F|  |TAMS 0x0000000782600000| PB 0x0000000782600000| Untracked 
|  39|0x0000000782700000, 0x0000000782700000, 0x0000000782800000|  0%| F|  |TAMS 0x0000000782700000| PB 0x0000000782700000| Untracked 
|  40|0x0000000782800000, 0x0000000782800000, 0x0000000782900000|  0%| F|  |TAMS 0x0000000782800000| PB 0x0000000782800000| Untracked 
|  41|0x0000000782900000, 0x0000000782900000, 0x0000000782a00000|  0%| F|  |TAMS 0x0000000782900000| PB 0x0000000782900000| Untracked 
|  42|0x0000000782a00000, 0x0000000782a00000, 0x0000000782b00000|  0%| F|  |TAMS 0x0000000782a00000| PB 0x0000000782a00000| Untracked 
|  43|0x0000000782b00000, 0x0000000782b00000, 0x0000000782c00000|  0%| F|  |TAMS 0x0000000782b00000| PB 0x0000000782b00000| Untracked 
|  44|0x0000000782c00000, 0x0000000782c00000, 0x0000000782d00000|  0%| F|  |TAMS 0x0000000782c00000| PB 0x0000000782c00000| Untracked 
|  45|0x0000000782d00000, 0x0000000782d00000, 0x0000000782e00000|  0%| F|  |TAMS 0x0000000782d00000| PB 0x0000000782d00000| Untracked 
|  46|0x0000000782e00000, 0x0000000782e00000, 0x0000000782f00000|  0%| F|  |TAMS 0x0000000782e00000| PB 0x0000000782e00000| Untracked 
|  47|0x0000000782f00000, 0x0000000782f00000, 0x0000000783000000|  0%| F|  |TAMS 0x0000000782f00000| PB 0x0000000782f00000| Untracked 
|  48|0x0000000783000000, 0x0000000783000000, 0x0000000783100000|  0%| F|  |TAMS 0x0000000783000000| PB 0x0000000783000000| Untracked 
|  49|0x0000000783100000, 0x0000000783100000, 0x0000000783200000|  0%| F|  |TAMS 0x0000000783100000| PB 0x0000000783100000| Untracked 
|  50|0x0000000783200000, 0x0000000783200000, 0x0000000783300000|  0%| F|  |TAMS 0x0000000783200000| PB 0x0000000783200000| Untracked 
|  51|0x0000000783300000, 0x0000000783300000, 0x0000000783400000|  0%| F|  |TAMS 0x0000000783300000| PB 0x0000000783300000| Untracked 
|  52|0x0000000783400000, 0x0000000783400000, 0x0000000783500000|  0%| F|  |TAMS 0x0000000783400000| PB 0x0000000783400000| Untracked 
|  53|0x0000000783500000, 0x0000000783500000, 0x0000000783600000|  0%| F|  |TAMS 0x0000000783500000| PB 0x0000000783500000| Untracked 
|  54|0x0000000783600000, 0x0000000783600000, 0x0000000783700000|  0%| F|  |TAMS 0x0000000783600000| PB 0x0000000783600000| Untracked 
|  55|0x0000000783700000, 0x0000000783700000, 0x0000000783800000|  0%| F|  |TAMS 0x0000000783700000| PB 0x0000000783700000| Untracked 
|  56|0x0000000783800000, 0x0000000783800000, 0x0000000783900000|  0%| F|  |TAMS 0x0000000783800000| PB 0x0000000783800000| Untracked 
|  57|0x0000000783900000, 0x0000000783900000, 0x0000000783a00000|  0%| F|  |TAMS 0x0000000783900000| PB 0x0000000783900000| Untracked 
|  58|0x0000000783a00000, 0x0000000783a00000, 0x0000000783b00000|  0%| F|  |TAMS 0x0000000783a00000| PB 0x0000000783a00000| Untracked 
|  59|0x0000000783b00000, 0x0000000783b00000, 0x0000000783c00000|  0%| F|  |TAMS 0x0000000783b00000| PB 0x0000000783b00000| Untracked 
|  60|0x0000000783c00000, 0x0000000783c00000, 0x0000000783d00000|  0%| F|  |TAMS 0x0000000783c00000| PB 0x0000000783c00000| Untracked 
|  61|0x0000000783d00000, 0x0000000783d00000, 0x0000000783e00000|  0%| F|  |TAMS 0x0000000783d00000| PB 0x0000000783d00000| Untracked 
|  62|0x0000000783e00000, 0x0000000783e00000, 0x0000000783f00000|  0%| F|  |TAMS 0x0000000783e00000| PB 0x0000000783e00000| Untracked 
|  63|0x0000000783f00000, 0x0000000783f00000, 0x0000000784000000|  0%| F|  |TAMS 0x0000000783f00000| PB 0x0000000783f00000| Untracked 
|  64|0x0000000784000000, 0x0000000784000000, 0x0000000784100000|  0%| F|  |TAMS 0x0000000784000000| PB 0x0000000784000000| Untracked 
|  65|0x0000000784100000, 0x0000000784100000, 0x0000000784200000|  0%| F|  |TAMS 0x0000000784100000| PB 0x0000000784100000| Untracked 
|  66|0x0000000784200000, 0x0000000784200000, 0x0000000784300000|  0%| F|  |TAMS 0x0000000784200000| PB 0x0000000784200000| Untracked 
|  67|0x0000000784300000, 0x0000000784300000, 0x0000000784400000|  0%| F|  |TAMS 0x0000000784300000| PB 0x0000000784300000| Untracked 
|  68|0x0000000784400000, 0x0000000784400000, 0x0000000784500000|  0%| F|  |TAMS 0x0000000784400000| PB 0x0000000784400000| Untracked 
|  69|0x0000000784500000, 0x0000000784500000, 0x0000000784600000|  0%| F|  |TAMS 0x0000000784500000| PB 0x0000000784500000| Untracked 
|  70|0x0000000784600000, 0x0000000784600000, 0x0000000784700000|  0%| F|  |TAMS 0x0000000784600000| PB 0x0000000784600000| Untracked 
|  71|0x0000000784700000, 0x0000000784700000, 0x0000000784800000|  0%| F|  |TAMS 0x0000000784700000| PB 0x0000000784700000| Untracked 
|  72|0x0000000784800000, 0x0000000784800000, 0x0000000784900000|  0%| F|  |TAMS 0x0000000784800000| PB 0x0000000784800000| Untracked 
|  73|0x0000000784900000, 0x0000000784900000, 0x0000000784a00000|  0%| F|  |TAMS 0x0000000784900000| PB 0x0000000784900000| Untracked 
|  74|0x0000000784a00000, 0x0000000784a00000, 0x0000000784b00000|  0%| F|  |TAMS 0x0000000784a00000| PB 0x0000000784a00000| Untracked 
|  75|0x0000000784b00000, 0x0000000784b00000, 0x0000000784c00000|  0%| F|  |TAMS 0x0000000784b00000| PB 0x0000000784b00000| Untracked 
|  76|0x0000000784c00000, 0x0000000784c00000, 0x0000000784d00000|  0%| F|  |TAMS 0x0000000784c00000| PB 0x0000000784c00000| Untracked 
|  77|0x0000000784d00000, 0x0000000784d00000, 0x0000000784e00000|  0%| F|  |TAMS 0x0000000784d00000| PB 0x0000000784d00000| Untracked 
|  78|0x0000000784e00000, 0x0000000784e00000, 0x0000000784f00000|  0%| F|  |TAMS 0x0000000784e00000| PB 0x0000000784e00000| Untracked 
|  79|0x0000000784f00000, 0x0000000784f00000, 0x0000000785000000|  0%| F|  |TAMS 0x0000000784f00000| PB 0x0000000784f00000| Untracked 
|  80|0x0000000785000000, 0x0000000785000000, 0x0000000785100000|  0%| F|  |TAMS 0x0000000785000000| PB 0x0000000785000000| Untracked 
|  81|0x0000000785100000, 0x0000000785100000, 0x0000000785200000|  0%| F|  |TAMS 0x0000000785100000| PB 0x0000000785100000| Untracked 
|  82|0x0000000785200000, 0x0000000785200000, 0x0000000785300000|  0%| F|  |TAMS 0x0000000785200000| PB 0x0000000785200000| Untracked 
|  83|0x0000000785300000, 0x0000000785300000, 0x0000000785400000|  0%| F|  |TAMS 0x0000000785300000| PB 0x0000000785300000| Untracked 
|  84|0x0000000785400000, 0x0000000785400000, 0x0000000785500000|  0%| F|  |TAMS 0x0000000785400000| PB 0x0000000785400000| Untracked 
|  85|0x0000000785500000, 0x0000000785500000, 0x0000000785600000|  0%| F|  |TAMS 0x0000000785500000| PB 0x0000000785500000| Untracked 
|  86|0x0000000785600000, 0x0000000785600000, 0x0000000785700000|  0%| F|  |TAMS 0x0000000785600000| PB 0x0000000785600000| Untracked 
|  87|0x0000000785700000, 0x0000000785700000, 0x0000000785800000|  0%| F|  |TAMS 0x0000000785700000| PB 0x0000000785700000| Untracked 
|  88|0x0000000785800000, 0x0000000785800000, 0x0000000785900000|  0%| F|  |TAMS 0x0000000785800000| PB 0x0000000785800000| Untracked 
|  89|0x0000000785900000, 0x0000000785900000, 0x0000000785a00000|  0%| F|  |TAMS 0x0000000785900000| PB 0x0000000785900000| Untracked 
|  90|0x0000000785a00000, 0x0000000785a00000, 0x0000000785b00000|  0%| F|  |TAMS 0x0000000785a00000| PB 0x0000000785a00000| Untracked 
|  91|0x0000000785b00000, 0x0000000785b00000, 0x0000000785c00000|  0%| F|  |TAMS 0x0000000785b00000| PB 0x0000000785b00000| Untracked 
|  92|0x0000000785c00000, 0x0000000785c00000, 0x0000000785d00000|  0%| F|  |TAMS 0x0000000785c00000| PB 0x0000000785c00000| Untracked 
|  93|0x0000000785d00000, 0x0000000785d00000, 0x0000000785e00000|  0%| F|  |TAMS 0x0000000785d00000| PB 0x0000000785d00000| Untracked 
|  94|0x0000000785e00000, 0x0000000785e00000, 0x0000000785f00000|  0%| F|  |TAMS 0x0000000785e00000| PB 0x0000000785e00000| Untracked 
|  95|0x0000000785f00000, 0x0000000785f00000, 0x0000000786000000|  0%| F|  |TAMS 0x0000000785f00000| PB 0x0000000785f00000| Untracked 
|  96|0x0000000786000000, 0x0000000786000000, 0x0000000786100000|  0%| F|  |TAMS 0x0000000786000000| PB 0x0000000786000000| Untracked 
|  97|0x0000000786100000, 0x0000000786100000, 0x0000000786200000|  0%| F|  |TAMS 0x0000000786100000| PB 0x0000000786100000| Untracked 
|  98|0x0000000786200000, 0x0000000786200000, 0x0000000786300000|  0%| F|  |TAMS 0x0000000786200000| PB 0x0000000786200000| Untracked 
|  99|0x0000000786300000, 0x0000000786300000, 0x0000000786400000|  0%| F|  |TAMS 0x0000000786300000| PB 0x0000000786300000| Untracked 
| 100|0x0000000786400000, 0x0000000786400000, 0x0000000786500000|  0%| F|  |TAMS 0x0000000786400000| PB 0x0000000786400000| Untracked 
| 101|0x0000000786500000, 0x0000000786500000, 0x0000000786600000|  0%| F|  |TAMS 0x0000000786500000| PB 0x0000000786500000| Untracked 
| 102|0x0000000786600000, 0x0000000786600000, 0x0000000786700000|  0%| F|  |TAMS 0x0000000786600000| PB 0x0000000786600000| Untracked 
| 103|0x0000000786700000, 0x0000000786700000, 0x0000000786800000|  0%| F|  |TAMS 0x0000000786700000| PB 0x0000000786700000| Untracked 
| 104|0x0000000786800000, 0x0000000786800000, 0x0000000786900000|  0%| F|  |TAMS 0x0000000786800000| PB 0x0000000786800000| Untracked 
| 105|0x0000000786900000, 0x0000000786900000, 0x0000000786a00000|  0%| F|  |TAMS 0x0000000786900000| PB 0x0000000786900000| Untracked 
| 106|0x0000000786a00000, 0x0000000786a00000, 0x0000000786b00000|  0%| F|  |TAMS 0x0000000786a00000| PB 0x0000000786a00000| Untracked 
| 107|0x0000000786b00000, 0x0000000786b00000, 0x0000000786c00000|  0%| F|  |TAMS 0x0000000786b00000| PB 0x0000000786b00000| Untracked 
| 108|0x0000000786c00000, 0x0000000786c00000, 0x0000000786d00000|  0%| F|  |TAMS 0x0000000786c00000| PB 0x0000000786c00000| Untracked 
| 109|0x0000000786d00000, 0x0000000786d00000, 0x0000000786e00000|  0%| F|  |TAMS 0x0000000786d00000| PB 0x0000000786d00000| Untracked 
| 110|0x0000000786e00000, 0x0000000786e00000, 0x0000000786f00000|  0%| F|  |TAMS 0x0000000786e00000| PB 0x0000000786e00000| Untracked 
| 111|0x0000000786f00000, 0x0000000786f00000, 0x0000000787000000|  0%| F|  |TAMS 0x0000000786f00000| PB 0x0000000786f00000| Untracked 
| 112|0x0000000787000000, 0x0000000787000000, 0x0000000787100000|  0%| F|  |TAMS 0x0000000787000000| PB 0x0000000787000000| Untracked 
| 113|0x0000000787100000, 0x0000000787100000, 0x0000000787200000|  0%| F|  |TAMS 0x0000000787100000| PB 0x0000000787100000| Untracked 
| 114|0x0000000787200000, 0x0000000787200000, 0x0000000787300000|  0%| F|  |TAMS 0x0000000787200000| PB 0x0000000787200000| Untracked 
| 115|0x0000000787300000, 0x0000000787385a98, 0x0000000787400000| 52%| E|  |TAMS 0x0000000787300000| PB 0x0000000787300000| Complete 
| 116|0x0000000787400000, 0x0000000787500000, 0x0000000787500000|100%| E|CS|TAMS 0x0000000787400000| PB 0x0000000787400000| Complete 
| 117|0x0000000787500000, 0x0000000787600000, 0x0000000787600000|100%| E|CS|TAMS 0x0000000787500000| PB 0x0000000787500000| Complete 
| 118|0x0000000787600000, 0x0000000787700000, 0x0000000787700000|100%| E|CS|TAMS 0x0000000787600000| PB 0x0000000787600000| Complete 
| 119|0x0000000787700000, 0x0000000787800000, 0x0000000787800000|100%| E|CS|TAMS 0x0000000787700000| PB 0x0000000787700000| Complete 
| 120|0x0000000787800000, 0x0000000787900000, 0x0000000787900000|100%| E|CS|TAMS 0x0000000787800000| PB 0x0000000787800000| Complete 
| 121|0x0000000787900000, 0x0000000787a00000, 0x0000000787a00000|100%| E|CS|TAMS 0x0000000787900000| PB 0x0000000787900000| Complete 
| 122|0x0000000787a00000, 0x0000000787b00000, 0x0000000787b00000|100%| E|CS|TAMS 0x0000000787a00000| PB 0x0000000787a00000| Complete 
| 123|0x0000000787b00000, 0x0000000787c00000, 0x0000000787c00000|100%| E|  |TAMS 0x0000000787b00000| PB 0x0000000787b00000| Complete 
| 124|0x0000000787c00000, 0x0000000787d00000, 0x0000000787d00000|100%| E|CS|TAMS 0x0000000787c00000| PB 0x0000000787c00000| Complete 
| 125|0x0000000787d00000, 0x0000000787e00000, 0x0000000787e00000|100%| E|CS|TAMS 0x0000000787d00000| PB 0x0000000787d00000| Complete 
| 126|0x0000000787e00000, 0x0000000787f00000, 0x0000000787f00000|100%| E|CS|TAMS 0x0000000787e00000| PB 0x0000000787e00000| Complete 
| 127|0x0000000787f00000, 0x0000000788000000, 0x0000000788000000|100%| E|CS|TAMS 0x0000000787f00000| PB 0x0000000787f00000| Complete 
|2046|0x00000007ffe00000, 0x00000007fff00000, 0x00000007fff00000|100%| O|  |TAMS 0x00000007ffe00000| PB 0x00000007ffe00000| Untracked 
|2047|0x00000007fff00000, 0x00000007fff0acc0, 0x0000000800000000|  4%| O|  |TAMS 0x00000007fff00000| PB 0x00000007fff00000| Untracked 

Card table byte_map: [0x0000000107bf1000,0x0000000107ff1000] _byte_map_base: 0x0000000103ff1000

Marking Bits: (CMBitMap*) 0x00007f7be100ec10
 Bits: [0x0000000121f60000, 0x0000000123f60000)

Polling page: 0x0000000107544000

Metaspace:

Usage:
  Non-class:      4.72 MB used.
      Class:    573.41 KB used.
       Both:      5.28 MB used.

Virtual space:
  Non-class space:       64.00 MB reserved,       4.81 MB (  8%) committed,  1 nodes.
      Class space:        1.00 GB reserved,     640.00 KB ( <1%) committed,  1 nodes.
             Both:        1.06 GB reserved,       5.44 MB ( <1%) committed. 

Chunk freelists:
   Non-Class:  10.41 MB
       Class:  15.39 MB
        Both:  25.80 MB

MaxMetaspaceSize: unlimited
CompressedClassSpaceSize: 1.00 GB
Initial GC threshold: 21.00 MB
Current GC threshold: 21.00 MB
CDS: on
 - commit_granule_bytes: 65536.
 - commit_granule_words: 8192.
 - virtual_space_node_default_size: 8388608.
 - enlarge_chunks_in_place: 1.
 - use_allocation_guard: 0.


Internal statistics:

num_allocs_failed_limit: 0.
num_arena_births: 82.
num_arena_deaths: 0.
num_vsnodes_births: 2.
num_vsnodes_deaths: 0.
num_space_committed: 87.
num_space_uncommitted: 0.
num_chunks_returned_to_freelist: 0.
num_chunks_taken_from_freelist: 171.
num_chunk_merges: 0.
num_chunk_splits: 116.
num_chunks_enlarged: 87.
num_inconsistent_stats: 0.

CodeHeap 'non-profiled nmethods': size=120032Kb used=260Kb max_used=260Kb free=119772Kb
 bounds [0x000000011aa28000, 0x000000011ac98000, 0x0000000121f60000]
CodeHeap 'profiled nmethods': size=120028Kb used=1397Kb max_used=1397Kb free=118630Kb
 bounds [0x0000000112f60000, 0x00000001131d0000, 0x000000011a497000]
CodeHeap 'non-nmethods': size=5700Kb used=1338Kb max_used=1351Kb free=4361Kb
 bounds [0x000000011a497000, 0x000000011a707000, 0x000000011aa28000]
 total_blobs=1297 nmethods=838 adapters=365
 compilation: enabled
              stopped_count=0, restarted_count=0
 full_count=0

Compilation events (20 events):
Event: 2.013 Thread 0x00007f7be183c200 nmethod 824 0x00000001130b5b90 code [0x00000001130b5f40, 0x00000001130b7df0]
Event: 2.013 Thread 0x00007f7be183c200  825       3       java.lang.invoke.DirectMethodHandle::rebind (5 bytes)
Event: 2.013 Thread 0x00007f7be183c200 nmethod 825 0x00000001130b8b10 code [0x00000001130b8ca0, 0x00000001130b8dd8]
Event: 2.013 Thread 0x00007f7be183c200  826       3       java.lang.invoke.BoundMethodHandle::makeReinvoker (27 bytes)
Event: 2.014 Thread 0x00007f7be183c200 nmethod 826 0x00000001130b8e90 code [0x00000001130b9040, 0x00000001130b9320]
Event: 2.014 Thread 0x00007f7be183c200  827       3       java.lang.Float::isNaN (12 bytes)
Event: 2.014 Thread 0x00007f7be183c200 nmethod 827 0x00000001130b9410 code [0x00000001130b95a0, 0x00000001130b9700]
Event: 2.024 Thread 0x00007f7be1813a00  829       4       java.lang.invoke.MethodType::parameterCount (6 bytes)
Event: 2.024 Thread 0x00007f7be183c200  830       3       jdk.internal.org.objectweb.asm.MethodWriter::visitTypeInsn (116 bytes)
Event: 2.024 Thread 0x00007f7be1813a00 nmethod 829 0x000000011aa67a10 code [0x000000011aa67b80, 0x000000011aa67c20]
Event: 2.025 Thread 0x00007f7be183c200 nmethod 830 0x00000001130b9790 code [0x00000001130b9980, 0x00000001130b9d88]
Event: 2.025 Thread 0x00007f7be183c200  831       3       sun.net.util.IPAddressUtil::checkAuth (45 bytes)
Event: 2.031 Thread 0x00007f7be183c200 nmethod 831 0x00000001130b9f90 code [0x00000001130ba220, 0x00000001130bac70]
Event: 2.035 Thread 0x00007f7be183c200  832       3       java.lang.String::contains (19 bytes)
Event: 2.035 Thread 0x00007f7be183c200 nmethod 832 0x00000001130bb110 code [0x00000001130bb2c0, 0x00000001130bb528]
Event: 2.041 Thread 0x00007f7be183c200  833       3       java.io.UnixFileSystem::resolve (110 bytes)
Event: 2.045 Thread 0x00007f7be183c200 nmethod 833 0x00000001130bb610 code [0x00000001130bb9e0, 0x00000001130bce70]
Event: 2.046 Thread 0x00007f7be183c200  834       3       java.net.URLStreamHandler::parseURL (1124 bytes)
Event: 2.059 Thread 0x00007f7be1813a00  844       4       sun.net.www.ParseUtil::firstEncodeIndex (86 bytes)
Event: 2.073 Thread 0x00007f7be1813a00 nmethod 844 0x000000011aa68a10 code [0x000000011aa68ba0, 0x000000011aa68de0]

GC Heap History (0 events):
No events

Dll operation events (6 events):
Event: 0.046 Loaded shared library /Library/Java/JavaVirtualMachines/jdk-21.jdk/Contents/Home/lib/libjava.dylib
Event: 0.225 Loaded shared library /Library/Java/JavaVirtualMachines/jdk-21.jdk/Contents/Home/lib/libnio.dylib
Event: 0.258 Loaded shared library /Library/Java/JavaVirtualMachines/jdk-21.jdk/Contents/Home/lib/libzip.dylib
Event: 0.849 Loaded shared library /Library/Java/JavaVirtualMachines/jdk-21.jdk/Contents/Home/lib/libjimage.dylib
Event: 1.326 Loaded shared library /Library/Java/JavaVirtualMachines/jdk-21.jdk/Contents/Home/lib/libnet.dylib
Event: 1.364 Loaded shared library /Library/Java/JavaVirtualMachines/jdk-21.jdk/Contents/Home/lib/libextnet.dylib

Deoptimization events (14 events):
Event: 0.530 Thread 0x00007f7be100a800 DEOPT PACKING pc=0x0000000112f717d4 sp=0x000070000c8b77c0
Event: 0.530 Thread 0x00007f7be100a800 DEOPT UNPACKING pc=0x000000011a4eb72f sp=0x000070000c8b6c00 mode 0
Event: 0.574 Thread 0x00007f7be100a800 DEOPT PACKING pc=0x0000000112f62a55 sp=0x000070000c8b7920
Event: 0.574 Thread 0x00007f7be100a800 DEOPT UNPACKING pc=0x000000011a4eb72f sp=0x000070000c8b6da8 mode 0
Event: 0.808 Thread 0x00007f7be100a800 Uncommon trap: trap_request=0xffffff45 fr.pc=0x000000011aa41df0 relative=0x00000000000002d0
Event: 0.808 Thread 0x00007f7be100a800 Uncommon trap: reason=unstable_if action=reinterpret pc=0x000000011aa41df0 method=jdk.internal.util.ArraysSupport.mismatch([BI[BII)I @ 16 c2
Event: 0.808 Thread 0x00007f7be100a800 DEOPT PACKING pc=0x000000011aa41df0 sp=0x000070000c8b8600
Event: 0.808 Thread 0x00007f7be100a800 DEOPT UNPACKING pc=0x000000011a4eaf99 sp=0x000070000c8b84f0 mode 2
Event: 1.117 Thread 0x00007f7be100a800 DEOPT PACKING pc=0x0000000112f64950 sp=0x000070000c8b7790
Event: 1.117 Thread 0x00007f7be100a800 DEOPT UNPACKING pc=0x000000011a4eb72f sp=0x000070000c8b6c00 mode 0
Event: 1.325 Thread 0x00007f7be100a800 Uncommon trap: trap_request=0xffffff6e fr.pc=0x000000011aa4f4ac relative=0x000000000000040c
Event: 1.325 Thread 0x00007f7be100a800 Uncommon trap: reason=loop_limit_check action=maybe_recompile pc=0x000000011aa4f4ac method=java.lang.StringLatin1.indexOf([BI[BII)I @ 37 c2
Event: 1.325 Thread 0x00007f7be100a800 DEOPT PACKING pc=0x000000011aa4f4ac sp=0x000070000c8b7350
Event: 1.325 Thread 0x00007f7be100a800 DEOPT UNPACKING pc=0x000000011a4eaf99 sp=0x000070000c8b72d0 mode 2

Classes loaded (20 events):
Event: 1.813 Loading class java/text/ParseException
Event: 1.813 Loading class java/text/ParseException done
Event: 1.906 Loading class java/util/concurrent/atomic/AtomicBoolean
Event: 1.908 Loading class java/util/concurrent/atomic/AtomicBoolean done
Event: 1.914 Loading class java/util/concurrent/atomic/AtomicIntegerArray
Event: 1.916 Loading class java/util/concurrent/atomic/AtomicIntegerArray done
Event: 1.921 Loading class java/util/Currency
Event: 1.921 Loading class java/util/Currency done
Event: 1.942 Loading class java/util/concurrent/atomic/AtomicLongArray
Event: 1.942 Loading class java/util/concurrent/atomic/AtomicLongArray done
Event: 1.970 Loading class java/lang/reflect/WildcardType
Event: 1.970 Loading class java/lang/reflect/WildcardType done
Event: 1.978 Loading class java/lang/reflect/AnnotatedType
Event: 1.978 Loading class java/lang/reflect/AnnotatedType done
Event: 1.986 Loading class java/lang/annotation/Documented
Event: 1.986 Loading class java/lang/annotation/Documented done
Event: 2.013 Loading class jdk/internal/reflect/MethodHandleIntegerFieldAccessorImpl
Event: 2.013 Loading class jdk/internal/reflect/MethodHandleIntegerFieldAccessorImpl done
Event: 2.048 Loading class java/lang/NoSuchFieldError
Event: 2.048 Loading class java/lang/NoSuchFieldError done

Classes unloaded (0 events):
No events

Classes redefined (0 events):
No events

Internal exceptions (9 events):
Event: 0.722 Thread 0x00007f7be100a800 Exception <a 'java/lang/NoSuchMethodError'{0x0000000787d74d58}: 'int java.lang.invoke.DirectMethodHandle$Holder.invokeSpecial(java.lang.Object, java.lang.Object, java.lang.Object)'> (0x0000000787d74d58) 
thrown [open/src/hotspot/share/interpreter/linkResolver.cpp, line 773]
Event: 0.725 Thread 0x00007f7be100a800 Exception <a 'java/lang/NoSuchMethodError'{0x0000000787d7f450}: 'void java.lang.invoke.DelegatingMethodHandle$Holder.reinvoke_L(java.lang.Object, java.lang.Object, int)'> (0x0000000787d7f450) 
thrown [open/src/hotspot/share/interpreter/linkResolver.cpp, line 773]
Event: 0.731 Thread 0x00007f7be100a800 Exception <a 'java/lang/NoSuchMethodError'{0x0000000787d85f98}: 'int java.lang.invoke.Invokers$Holder.invokeExact_MT(java.lang.Object, java.lang.Object, java.lang.Object)'> (0x0000000787d85f98) 
thrown [open/src/hotspot/share/interpreter/linkResolver.cpp, line 773]
Event: 0.748 Thread 0x00007f7be100a800 Exception <a 'java/lang/NoSuchMethodError'{0x0000000787d97238}: 'void java.lang.invoke.Invokers$Holder.invokeExact_MT(java.lang.Object, java.lang.Object, java.lang.Object, java.lang.Object)'> (0x0000000787d97238) 
thrown [open/src/hotspot/share/interpreter/linkResolver.cpp, line 773]
Event: 1.223 Thread 0x00007f7be100a800 Exception <a 'java/lang/NoSuchMethodError'{0x0000000787826a68}: 'int java.lang.invoke.DirectMethodHandle$Holder.invokeStaticInit(java.lang.Object, java.lang.Object)'> (0x0000000787826a68) 
thrown [open/src/hotspot/share/interpreter/linkResolver.cpp, line 773]
Event: 1.372 Thread 0x00007f7be100a800 Exception <a 'java/lang/NoSuchMethodError'{0x00000007878e6408}: 'void java.lang.invoke.DirectMethodHandle$Holder.invokeStatic(java.lang.Object, java.lang.Object)'> (0x00000007878e6408) 
thrown [open/src/hotspot/share/interpreter/linkResolver.cpp, line 773]
Event: 1.484 Thread 0x00007f7be100a800 Exception <a 'java/lang/ClassNotFoundException'{0x0000000787792658}: com/sun/org/apache/xerces/internal/impl/msg/spi/SAXMessagesProvider> (0x0000000787792658) 
thrown [open/src/hotspot/share/classfile/systemDictionary.cpp, line 312]
Event: 2.053 Thread 0x00007f7be100a800 Exception <a 'java/lang/NoSuchMethodError'{0x000000078730d400}: 'int java.lang.invoke.DirectMethodHandle$Holder.invokeVirtual(java.lang.Object, java.lang.Object)'> (0x000000078730d400) 
thrown [open/src/hotspot/share/interpreter/linkResolver.cpp, line 773]
Event: 2.057 Thread 0x00007f7be100a800 Exception <a 'java/lang/NoSuchMethodError'{0x00000007873165a0}: 'java.lang.Object java.lang.invoke.Invokers$Holder.invokeExact_MT(java.lang.Object, java.lang.Object, java.lang.Object, java.lang.Object, java.lang.Object, java.lang.Object)'> (0x00000007873165a0) 
thrown [open/src/hotspot/share/interpreter/linkResolver.cpp, line 773]

ZGC Phase Switch (0 events):
No events

VM Operations (16 events):
Event: 0.833 Executing VM operation: HandshakeAllThreads (Deoptimize)
Event: 0.833 Executing VM operation: HandshakeAllThreads (Deoptimize) done
Event: 1.097 Executing VM operation: HandshakeAllThreads (Deoptimize)
Event: 1.097 Executing VM operation: HandshakeAllThreads (Deoptimize) done
Event: 1.097 Executing VM operation: Cleanup
Event: 1.097 Executing VM operation: Cleanup done
Event: 1.287 Executing VM operation: HandshakeAllThreads (Deoptimize)
Event: 1.287 Executing VM operation: HandshakeAllThreads (Deoptimize) done
Event: 1.330 Executing VM operation: HandshakeAllThreads (Deoptimize)
Event: 1.330 Executing VM operation: HandshakeAllThreads (Deoptimize) done
Event: 1.488 Executing VM operation: HandshakeAllThreads (Deoptimize)
Event: 1.488 Executing VM operation: HandshakeAllThreads (Deoptimize) done
Event: 1.551 Executing VM operation: HandshakeAllThreads (Deoptimize)
Event: 1.551 Executing VM operation: HandshakeAllThreads (Deoptimize) done
Event: 1.683 Executing VM operation: HandshakeAllThreads (Deoptimize)
Event: 1.683 Executing VM operation: HandshakeAllThreads (Deoptimize) done

Events (20 events):
Event: 0.164 Thread 0x00007f7be0051e00 Thread added: 0x00007f7be0051e00
Event: 0.164 Protecting memory [0x000070000d0d7000,0x000070000d0db000] with protection modes 0
Event: 0.165 Thread 0x00007f7be0808600 Thread added: 0x00007f7be0808600
Event: 0.165 Protecting memory [0x000070000d1da000,0x000070000d1de000] with protection modes 0
Event: 0.166 Thread 0x00007f7be1070600 Thread added: 0x00007f7be1070600
Event: 0.166 Protecting memory [0x000070000d2dd000,0x000070000d2e1000] with protection modes 0
Event: 0.173 Thread 0x00007f7be0052600 Thread added: 0x00007f7be0052600
Event: 0.173 Protecting memory [0x000070000d3e0000,0x000070000d3e4000] with protection modes 0
Event: 0.173 Thread 0x00007f7be1813200 Thread added: 0x00007f7be1813200
Event: 0.173 Protecting memory [0x000070000d4e3000,0x000070000d4e7000] with protection modes 0
Event: 0.174 Thread 0x00007f7be1813a00 Thread added: 0x00007f7be1813a00
Event: 0.174 Protecting memory [0x000070000d5e6000,0x000070000d5ea000] with protection modes 0
Event: 0.189 Thread 0x00007f7be183c200 Thread added: 0x00007f7be183c200
Event: 0.190 Protecting memory [0x000070000d6e9000,0x000070000d6ed000] with protection modes 0
Event: 0.215 Thread 0x00007f7be0052e00 Thread added: 0x00007f7be0052e00
Event: 0.215 Protecting memory [0x000070000d7ec000,0x000070000d7f0000] with protection modes 0
Event: 0.219 Thread 0x00007f7be0055a00 Thread added: 0x00007f7be0055a00
Event: 0.219 Protecting memory [0x000070000d8ef000,0x000070000d8f3000] with protection modes 0
Event: 1.396 Thread 0x00007f7be1811000 Thread added: 0x00007f7be1811000
Event: 1.396 Protecting memory [0x000070000d9f2000,0x000070000d9f6000] with protection modes 0


Dynamic libraries:
0x0000000107546000 	/Library/Java/JavaVirtualMachines/jdk-21.jdk/Contents/Home/lib/libjli.dylib
0x00007ff810933000 	/usr/lib/libz.1.dylib
0x00007ff810a13000 	/usr/lib/libSystem.B.dylib
0x00007ff810a0e000 	/usr/lib/system/libcache.dylib
0x00007ff8109ca000 	/usr/lib/system/libcommonCrypto.dylib
0x00007ff8109f3000 	/usr/lib/system/libcompiler_rt.dylib
0x00007ff8109e9000 	/usr/lib/system/libcopyfile.dylib
0x00007ff80599c000 	/usr/lib/system/libcorecrypto.dylib
0x00007ff805a5a000 	/usr/lib/system/libdispatch.dylib
0x00007ff805c1b000 	/usr/lib/system/libdyld.dylib
0x00007ff810a05000 	/usr/lib/system/libkeymgr.dylib
0x00007ff8109a8000 	/usr/lib/system/libmacho.dylib
0x00007ff810029000 	/usr/lib/system/libquarantine.dylib
0x00007ff810a03000 	/usr/lib/system/libremovefile.dylib
0x00007ff80abb4000 	/usr/lib/system/libsystem_asl.dylib
0x00007ff805945000 	/usr/lib/system/libsystem_blocks.dylib
0x00007ff805adf000 	/usr/lib/system/libsystem_c.dylib
0x00007ff8109fb000 	/usr/lib/system/libsystem_collections.dylib
0x00007ff80f2dd000 	/usr/lib/system/libsystem_configuration.dylib
0x00007ff80e586000 	/usr/lib/system/libsystem_containermanager.dylib
0x00007ff8106e0000 	/usr/lib/system/libsystem_coreservices.dylib
0x00007ff808252000 	/usr/lib/system/libsystem_darwin.dylib
0x00007ff810a06000 	/usr/lib/system/libsystem_dnssd.dylib
0x00007ff805adc000 	/usr/lib/system/libsystem_featureflags.dylib
0x00007ff805c31000 	/usr/lib/system/libsystem_info.dylib
0x00007ff810946000 	/usr/lib/system/libsystem_m.dylib
0x00007ff805a2e000 	/usr/lib/system/libsystem_malloc.dylib
0x00007ff80ab4f000 	/usr/lib/system/libsystem_networkextension.dylib
0x00007ff80867c000 	/usr/lib/system/libsystem_notify.dylib
0x00007ff816c8a000 	/usr/lib/system/libsystem_product_info_filter.dylib
0x00007ff80f2e1000 	/usr/lib/system/libsystem_sandbox.dylib
0x00007ff810a00000 	/usr/lib/system/libsystem_secinit.dylib
0x00007ff805bd7000 	/usr/lib/system/libsystem_kernel.dylib
0x00007ff805c27000 	/usr/lib/system/libsystem_platform.dylib
0x00007ff805c0f000 	/usr/lib/system/libsystem_pthread.dylib
0x00007ff80c402000 	/usr/lib/system/libsystem_symptoms.dylib
0x00007ff805983000 	/usr/lib/system/libsystem_trace.dylib
0x00007ff8109d6000 	/usr/lib/system/libunwind.dylib
0x00007ff805947000 	/usr/lib/system/libxpc.dylib
0x00007ff805bc1000 	/usr/lib/libc++abi.dylib
0x00007ff805aa1000 	/usr/lib/libobjc.A.dylib
0x00007ff8109e1000 	/usr/lib/liboah.dylib
0x00007ff805b68000 	/usr/lib/libc++.1.dylib
0x00007ff81caa7000 	/System/Library/Frameworks/Cocoa.framework/Versions/A/Cocoa
0x00007ff8086da000 	/System/Library/Frameworks/AppKit.framework/Versions/C/AppKit
0x00007ff80bbf0000 	/System/Library/Frameworks/CoreData.framework/Versions/A/CoreData
0x00007ff806ad9000 	/System/Library/Frameworks/Foundation.framework/Versions/C/Foundation
0x00007ff80956a000 	/System/Library/PrivateFrameworks/UIFoundation.framework/Versions/A/UIFoundation
0x00007ff81698d000 	/System/Library/PrivateFrameworks/RemoteViewServices.framework/Versions/A/RemoteViewServices
0x00007ff80ec66000 	/System/Library/PrivateFrameworks/XCTTargetBootstrap.framework/Versions/A/XCTTargetBootstrap
0x00007ff812823000 	/System/Library/PrivateFrameworks/InternationalSupport.framework/Versions/A/InternationalSupport
0x00007ff8128ad000 	/System/Library/PrivateFrameworks/UserActivity.framework/Versions/A/UserActivity
0x00007ff811bfb000 	/usr/lib/libspindump.dylib
0x00007ff8097f9000 	/System/Library/Frameworks/UniformTypeIdentifiers.framework/Versions/A/UniformTypeIdentifiers
0x00007ff80d38b000 	/usr/lib/libapp_launch_measurement.dylib
0x00007ff80c5c2000 	/System/Library/PrivateFrameworks/CoreAnalytics.framework/Versions/A/CoreAnalytics
0x00007ff80d38e000 	/System/Library/PrivateFrameworks/CoreAutoLayout.framework/Versions/A/CoreAutoLayout
0x00007ff80e5be000 	/System/Library/Frameworks/Metal.framework/Versions/A/Metal
0x00007ff80f2ed000 	/usr/lib/liblangid.dylib
0x00007ff80ec6b000 	/System/Library/PrivateFrameworks/CoreSVG.framework/Versions/A/CoreSVG
0x00007ff80abe4000 	/System/Library/PrivateFrameworks/SkyLight.framework/Versions/A/SkyLight
0x00007ff80af83000 	/System/Library/Frameworks/CoreGraphics.framework/Versions/A/CoreGraphics
0x00007ff81704f000 	/System/Library/Frameworks/Accelerate.framework/Versions/A/Accelerate
0x00007ff81167a000 	/System/Library/PrivateFrameworks/IconServices.framework/Versions/A/IconServices
0x00007ff80e5a3000 	/System/Library/Frameworks/IOSurface.framework/Versions/A/IOSurface
0x00007ff80c5f0000 	/usr/lib/libDiagnosticMessagesClient.dylib
0x00007ff81a74b000 	/System/Library/Frameworks/ApplicationServices.framework/Versions/A/ApplicationServices
0x00007ff80ec52000 	/System/Library/PrivateFrameworks/DFRFoundation.framework/Versions/A/DFRFoundation
0x00007ff807fbe000 	/usr/lib/libicucore.A.dylib
0x00007ff813619000 	/System/Library/Frameworks/AudioToolbox.framework/Versions/A/AudioToolbox
0x00007ff81282f000 	/System/Library/PrivateFrameworks/DataDetectorsCore.framework/Versions/A/DataDetectorsCore
0x00007ff90ed33000 	/System/Library/PrivateFrameworks/TextInput.framework/Versions/A/TextInput
0x00007ff80ab67000 	/usr/lib/libMobileGestalt.dylib
0x00007ff80e95e000 	/System/Library/Frameworks/Carbon.framework/Versions/A/Frameworks/HIToolbox.framework/Versions/A/HIToolbox
0x00007ff80cd8d000 	/System/Library/Frameworks/QuartzCore.framework/Versions/A/QuartzCore
0x00007ff807c63000 	/System/Library/Frameworks/Security.framework/Versions/A/Security
0x00007ff8169c5000 	/System/Library/Frameworks/Carbon.framework/Versions/A/Frameworks/SpeechRecognition.framework/Versions/A/SpeechRecognition
0x00007ff80d0eb000 	/System/Library/PrivateFrameworks/CoreUI.framework/Versions/A/CoreUI
0x00007ff80752d000 	/System/Library/Frameworks/CoreAudio.framework/Versions/A/CoreAudio
0x00007ff80c6df000 	/System/Library/Frameworks/DiskArbitration.framework/Versions/A/DiskArbitration
0x00007ff811fec000 	/System/Library/PrivateFrameworks/MultitouchSupport.framework/Versions/A/MultitouchSupport
0x00007ff80ab66000 	/usr/lib/libenergytrace.dylib
0x00007ff8085c2000 	/System/Library/Frameworks/IOKit.framework/Versions/A/IOKit
0x00007ff816db7000 	/System/Library/Frameworks/CoreServices.framework/Versions/A/CoreServices
0x00007ff80d325000 	/System/Library/PrivateFrameworks/PerformanceAnalysis.framework/Versions/A/PerformanceAnalysis
0x00007ffa1ea01000 	/System/Library/Frameworks/OpenGL.framework/Versions/A/OpenGL
0x00007ff80ff4f000 	/System/Library/PrivateFrameworks/MobileKeyBag.framework/Versions/A/MobileKeyBag
0x00007ff80b64f000 	/System/Library/Frameworks/ColorSync.framework/Versions/A/ColorSync
0x00007ff805c5c000 	/System/Library/Frameworks/CoreFoundation.framework/Versions/A/CoreFoundation
0x00007ff80eee3000 	/System/Library/Frameworks/CoreImage.framework/Versions/A/CoreImage
0x00007ff807341000 	/System/Library/Frameworks/CoreText.framework/Versions/A/CoreText
0x00007ff80ec9b000 	/System/Library/Frameworks/ImageIO.framework/Versions/A/ImageIO
0x00007ff810a19000 	/System/Library/PrivateFrameworks/SoftLinking.framework/Versions/A/SoftLinking
0x00007ff80d3d6000 	/usr/lib/libxml2.2.dylib
0x00007ff810c9d000 	/usr/lib/libcompression.dylib
0x00007ff812756000 	/System/Library/PrivateFrameworks/TextureIO.framework/Versions/A/TextureIO
0x00007ff81138b000 	/usr/lib/libate.dylib
0x00007ff811167000 	/usr/lib/liblzma.5.dylib
0x00007ff8067eb000 	/System/Library/Frameworks/SystemConfiguration.framework/Versions/A/SystemConfiguration
0x00007ff810a15000 	/usr/lib/libfakelink.dylib
0x00007ff80a6c0000 	/System/Library/Frameworks/CFNetwork.framework/Versions/A/CFNetwork
0x00007ff810b56000 	/usr/lib/libarchive.2.dylib
0x00007ff80f2e9000 	/System/Library/PrivateFrameworks/AppleSystemInfo.framework/Versions/A/AppleSystemInfo
0x00007ff810050000 	/usr/lib/libbsm.0.dylib
0x00007ff809ccf000 	/usr/lib/libnetwork.dylib
0x00007ff8109ae000 	/usr/lib/system/libkxld.dylib
0x00007ff80fc83000 	/System/Library/PrivateFrameworks/IOMobileFramebuffer.framework/Versions/A/IOMobileFramebuffer
0x00007ffb1e3b7000 	/usr/lib/libCoreEntitlements.dylib
0x00007ff8106c2000 	/System/Library/PrivateFrameworks/AppleFSCompression.framework/Versions/A/AppleFSCompression
0x00007ff810038000 	/usr/lib/libcoretls.dylib
0x00007ff811181000 	/usr/lib/libcoretls_cfhelpers.dylib
0x00007ff810c97000 	/usr/lib/libpam.2.dylib
0x00007ff80c021000 	/usr/lib/libsqlite3.dylib
0x00007ff8111f0000 	/usr/lib/libxar.1.dylib
0x00007ff8106d2000 	/usr/lib/libbz2.1.0.dylib
0x00007ff810a1a000 	/usr/lib/libpcap.A.dylib
0x00007ff80c3fa000 	/usr/lib/libdns_services.dylib
0x00007ff810c67000 	/usr/lib/libapple_nghttp2.dylib
0x00007ff810a54000 	/usr/lib/libiconv.2.dylib
0x00007ff8109a7000 	/usr/lib/libcharset.1.dylib
0x00007ff80d359000 	/System/Library/Frameworks/CoreServices.framework/Versions/A/Frameworks/FSEvents.framework/Versions/A/FSEvents
0x00007ff80825c000 	/System/Library/Frameworks/CoreServices.framework/Versions/A/Frameworks/CarbonCore.framework/Versions/A/CarbonCore
0x00007ff80c643000 	/System/Library/Frameworks/CoreServices.framework/Versions/A/Frameworks/Metadata.framework/Versions/A/Metadata
0x00007ff8106e5000 	/System/Library/Frameworks/CoreServices.framework/Versions/A/Frameworks/OSServices.framework/Versions/A/OSServices
0x00007ff810bdc000 	/System/Library/Frameworks/CoreServices.framework/Versions/A/Frameworks/SearchKit.framework/Versions/A/SearchKit
0x00007ff80c38c000 	/System/Library/Frameworks/CoreServices.framework/Versions/A/Frameworks/AE.framework/Versions/A/AE
0x00007ff80615f000 	/System/Library/Frameworks/CoreServices.framework/Versions/A/Frameworks/LaunchServices.framework/Versions/A/LaunchServices
0x00007ff811118000 	/System/Library/Frameworks/CoreServices.framework/Versions/A/Frameworks/DictionaryServices.framework/Versions/A/DictionaryServices
0x00007ff80d366000 	/System/Library/Frameworks/CoreServices.framework/Versions/A/Frameworks/SharedFileList.framework/Versions/A/SharedFileList
0x00007ff81002c000 	/usr/lib/libCheckFix.dylib
0x00007ff80abcb000 	/System/Library/PrivateFrameworks/TCC.framework/Versions/A/TCC
0x00007ff80f2ef000 	/System/Library/PrivateFrameworks/CoreNLP.framework/Versions/A/CoreNLP
0x00007ff80c5f3000 	/System/Library/PrivateFrameworks/MetadataUtilities.framework/Versions/A/MetadataUtilities
0x00007ff80689c000 	/usr/lib/libmecabra.dylib
0x00007ff810060000 	/usr/lib/libmecab.dylib
0x00007ff806867000 	/usr/lib/libCRFSuite.dylib
0x00007ff8100ba000 	/usr/lib/libgermantok.dylib
0x00007ff810c42000 	/usr/lib/libThaiTokenizer.dylib
0x00007ff80c6e6000 	/System/Library/Frameworks/Accelerate.framework/Versions/A/Frameworks/vImage.framework/Versions/A/vImage
0x00007ff816d8e000 	/System/Library/Frameworks/Accelerate.framework/Versions/A/Frameworks/vecLib.framework/Versions/A/vecLib
0x00007ff811231000 	/System/Library/Frameworks/Accelerate.framework/Versions/A/Frameworks/vecLib.framework/Versions/A/libvMisc.dylib
0x00007ff80faae000 	/System/Library/Frameworks/Accelerate.framework/Versions/A/Frameworks/vecLib.framework/Versions/A/libvDSP.dylib
0x00007ff8064db000 	/System/Library/Frameworks/Accelerate.framework/Versions/A/Frameworks/vecLib.framework/Versions/A/libBLAS.dylib
0x00007ff810d7a000 	/System/Library/Frameworks/Accelerate.framework/Versions/A/Frameworks/vecLib.framework/Versions/A/libLAPACK.dylib
0x00007ff8100bd000 	/System/Library/Frameworks/Accelerate.framework/Versions/A/Frameworks/vecLib.framework/Versions/A/libLinearAlgebra.dylib
0x00007ff810c7f000 	/System/Library/Frameworks/Accelerate.framework/Versions/A/Frameworks/vecLib.framework/Versions/A/libSparseBLAS.dylib
0x00007ff810d74000 	/System/Library/Frameworks/Accelerate.framework/Versions/A/Frameworks/vecLib.framework/Versions/A/libQuadrature.dylib
0x00007ff80f3da000 	/System/Library/Frameworks/Accelerate.framework/Versions/A/Frameworks/vecLib.framework/Versions/A/libBNNS.dylib
0x00007ff806775000 	/System/Library/Frameworks/Accelerate.framework/Versions/A/Frameworks/vecLib.framework/Versions/A/libSparse.dylib
0x00007ff80f3d3000 	/System/Library/PrivateFrameworks/LinguisticData.framework/Versions/A/LinguisticData
0x00007ff80672b000 	/System/Library/PrivateFrameworks/Lexicon.framework/Versions/A/Lexicon
0x00007ff81122a000 	/usr/lib/libChineseTokenizer.dylib
0x00007ff806e96000 	/System/Library/PrivateFrameworks/LanguageModeling.framework/Versions/A/LanguageModeling
0x00007ff810c44000 	/System/Library/PrivateFrameworks/AppleSauce.framework/Versions/A/AppleSauce
0x00007ff80fc71000 	/System/Library/PrivateFrameworks/CoreEmoji.framework/Versions/A/CoreEmoji
0x00007ff810b45000 	/usr/lib/libcmph.dylib
0x00007ff80d33d000 	/System/Library/Frameworks/OpenDirectory.framework/Versions/A/Frameworks/CFOpenDirectory.framework/Versions/A/CFOpenDirectory
0x00007ff80d331000 	/System/Library/Frameworks/OpenDirectory.framework/Versions/A/OpenDirectory
0x00007ff811183000 	/System/Library/PrivateFrameworks/APFS.framework/Versions/A/APFS
0x00007ff80ff87000 	/System/Library/Frameworks/SecurityFoundation.framework/Versions/A/SecurityFoundation
0x00007ff8111fe000 	/usr/lib/libutil.dylib
0x00007ff808586000 	/System/Library/PrivateFrameworks/CoreServicesStore.framework/Versions/A/CoreServicesStore
0x00007ff811202000 	/usr/lib/libxslt.1.dylib
0x00007ff810014000 	/System/Library/PrivateFrameworks/BackgroundTaskManagement.framework/Versions/A/BackgroundTaskManagement
0x00007ff812676000 	/System/Library/Frameworks/ImageIO.framework/Versions/A/Resources/libRadiance.dylib
0x00007ff81267f000 	/System/Library/Frameworks/ImageIO.framework/Versions/A/Resources/libJPEG.dylib
0x00007ff8125cb000 	/System/Library/Frameworks/ImageIO.framework/Versions/A/Resources/libPng.dylib
0x00007ff8125ec000 	/System/Library/Frameworks/ImageIO.framework/Versions/A/Resources/libTIFF.dylib
0x00007ff8126df000 	/System/Library/Frameworks/ImageIO.framework/Versions/A/Resources/libGIF.dylib
0x00007ff811f05000 	/System/Library/Frameworks/ImageIO.framework/Versions/A/Resources/libJP2.dylib
0x00007ff811640000 	/usr/lib/libexpat.1.dylib
0x00007ff811eba000 	/System/Library/PrivateFrameworks/AppleJPEG.framework/Versions/A/AppleJPEG
0x00007ff80e823000 	/System/Library/PrivateFrameworks/FontServices.framework/libFontParser.dylib
0x00007ff80c336000 	/System/Library/PrivateFrameworks/RunningBoardServices.framework/Versions/A/RunningBoardServices
0x00007ff81d062000 	/System/Library/PrivateFrameworks/IOSurfaceAccelerator.framework/Versions/A/IOSurfaceAccelerator
0x00007ff811fe8000 	/System/Library/PrivateFrameworks/WatchdogClient.framework/Versions/A/WatchdogClient
0x00007ff806f84000 	/System/Library/Frameworks/CoreDisplay.framework/Versions/A/CoreDisplay
0x00007ff80e721000 	/System/Library/Frameworks/CoreMedia.framework/Versions/A/CoreMedia
0x00007ff80e5b5000 	/System/Library/PrivateFrameworks/IOAccelerator.framework/Versions/A/IOAccelerator
0x00007ff80d4ba000 	/System/Library/Frameworks/CoreVideo.framework/Versions/A/CoreVideo
0x00007ff810c95000 	/System/Library/Frameworks/MetalPerformanceShaders.framework/Versions/A/MetalPerformanceShaders
0x00007ff812025000 	/System/Library/Frameworks/VideoToolbox.framework/Versions/A/VideoToolbox
0x00007ff80c280000 	/System/Library/PrivateFrameworks/BaseBoard.framework/Versions/A/BaseBoard
0x00007ff80c007000 	/System/Library/PrivateFrameworks/ProtocolBuffer.framework/Versions/A/ProtocolBuffer
0x00007ff81266f000 	/System/Library/PrivateFrameworks/GPUWrangler.framework/Versions/A/GPUWrangler
0x00007ff812653000 	/System/Library/PrivateFrameworks/IOPresentment.framework/Versions/A/IOPresentment
0x00007ff812679000 	/System/Library/PrivateFrameworks/DSExternalDisplay.framework/Versions/A/DSExternalDisplay
0x00007ffa1e9f5000 	/System/Library/Frameworks/OpenGL.framework/Versions/A/Libraries/libCoreFSCache.dylib
0x00007ffb0baca000 	/System/Library/PrivateFrameworks/GPUCompiler.framework/Versions/31001/Libraries/libGPUCompilerUtils.dylib
0x00007ff8126e4000 	/System/Library/PrivateFrameworks/CMCaptureCore.framework/Versions/A/CMCaptureCore
0x00007ff811be9000 	/System/Library/PrivateFrameworks/AppServerSupport.framework/Versions/A/AppServerSupport
0x00007ff813eb2000 	/System/Library/PrivateFrameworks/perfdata.framework/Versions/A/perfdata
0x00007ff8070b0000 	/System/Library/PrivateFrameworks/AudioToolboxCore.framework/Versions/A/AudioToolboxCore
0x00007ff80e6ff000 	/System/Library/PrivateFrameworks/caulk.framework/Versions/A/caulk
0x00007ff8137c4000 	/usr/lib/libAudioStatistics.dylib
0x00007ff90b4b8000 	/System/Library/PrivateFrameworks/SystemPolicy.framework/Versions/A/SystemPolicy
0x00007ff813a1f000 	/usr/lib/libSMC.dylib
0x00007ff81c95a000 	/System/Library/Frameworks/CoreMIDI.framework/Versions/A/CoreMIDI
0x00007ff81259a000 	/usr/lib/libAudioToolboxUtility.dylib
0x00007ff9076d8000 	/System/Library/PrivateFrameworks/OSAServicesClient.framework/Versions/A/OSAServicesClient
0x00007ff813ebf000 	/usr/lib/libperfcheck.dylib
0x00007ff90bf69000 	/usr/lib/libmis.dylib
0x00007ffa1ea50000 	/System/Library/Frameworks/OpenGL.framework/Versions/A/Libraries/libGLU.dylib
0x00007ffa1ea14000 	/System/Library/Frameworks/OpenGL.framework/Versions/A/Libraries/libGFXShared.dylib
0x00007ffa1ec1d000 	/System/Library/Frameworks/OpenGL.framework/Versions/A/Libraries/libGL.dylib
0x00007ffa1ea1d000 	/System/Library/Frameworks/OpenGL.framework/Versions/A/Libraries/libGLImage.dylib
0x00007ffa1ea11000 	/System/Library/Frameworks/OpenGL.framework/Versions/A/Libraries/libCVMSPluginSupport.dylib
0x00007ffa1e9fc000 	/System/Library/Frameworks/OpenGL.framework/Versions/A/Libraries/libCoreVMClient.dylib
0x00007ff80f26b000 	/System/Library/Frameworks/MetalPerformanceShaders.framework/Versions/A/Frameworks/MPSCore.framework/Versions/A/MPSCore
0x00007ff81062d000 	/System/Library/Frameworks/MetalPerformanceShaders.framework/Versions/A/Frameworks/MPSImage.framework/Versions/A/MPSImage
0x00007ff8100d3000 	/System/Library/Frameworks/MetalPerformanceShaders.framework/Versions/A/Frameworks/MPSNeuralNetwork.framework/Versions/A/MPSNeuralNetwork
0x00007ff810547000 	/System/Library/Frameworks/MetalPerformanceShaders.framework/Versions/A/Frameworks/MPSMatrix.framework/Versions/A/MPSMatrix
0x00007ff810302000 	/System/Library/Frameworks/MetalPerformanceShaders.framework/Versions/A/Frameworks/MPSRayIntersector.framework/Versions/A/MPSRayIntersector
0x00007ff81057f000 	/System/Library/Frameworks/MetalPerformanceShaders.framework/Versions/A/Frameworks/MPSNDArray.framework/Versions/A/MPSNDArray
0x00007ffa244d5000 	/System/Library/Frameworks/MetalPerformanceShaders.framework/Versions/A/Frameworks/MPSFunctions.framework/Versions/A/MPSFunctions
0x00007ff8063b7000 	/System/Library/PrivateFrameworks/MetalTools.framework/Versions/A/MetalTools
0x00007ff80f2e7000 	/System/Library/PrivateFrameworks/AggregateDictionary.framework/Versions/A/AggregateDictionary
0x00007ff811422000 	/usr/lib/libIOReport.dylib
0x00007ffa2002c000 	/System/Library/Frameworks/OpenCL.framework/Versions/A/OpenCL
0x00007ff811787000 	/System/Library/PrivateFrameworks/FaceCore.framework/Versions/A/FaceCore
0x00007ff811778000 	/System/Library/PrivateFrameworks/GraphVisualizer.framework/Versions/A/GraphVisualizer
0x00007ffb0b9d5000 	/System/Library/PrivateFrameworks/FontServices.framework/Versions/A/FontServices
0x00007ff811ba1000 	/System/Library/PrivateFrameworks/OTSVG.framework/Versions/A/OTSVG
0x00007ff80d0a0000 	/System/Library/Frameworks/ApplicationServices.framework/Versions/A/Frameworks/ATS.framework/Versions/A/Resources/libFontRegistry.dylib
0x00007ff811bf1000 	/System/Library/PrivateFrameworks/FontServices.framework/libhvf.dylib
0x00007ffb0b9d6000 	/System/Library/PrivateFrameworks/FontServices.framework/libXTFontStaticRegistryData.dylib
0x00007ff8115f0000 	/System/Library/PrivateFrameworks/AppleVA.framework/Versions/A/AppleVA
0x00007ff8137e4000 	/System/Library/Frameworks/ApplicationServices.framework/Versions/A/Frameworks/ATS.framework/Versions/A/ATS
0x00007ff80b74d000 	/System/Library/Frameworks/ApplicationServices.framework/Versions/A/Frameworks/HIServices.framework/Versions/A/HIServices
0x00007ff8126ee000 	/System/Library/Frameworks/ApplicationServices.framework/Versions/A/Frameworks/PrintCore.framework/Versions/A/PrintCore
0x00007ff813b72000 	/System/Library/Frameworks/ApplicationServices.framework/Versions/A/Frameworks/QD.framework/Versions/A/QD
0x00007ff813b6a000 	/System/Library/Frameworks/ApplicationServices.framework/Versions/A/Frameworks/ColorSyncLegacy.framework/Versions/A/ColorSyncLegacy
0x00007ff8137d4000 	/System/Library/Frameworks/ApplicationServices.framework/Versions/A/Frameworks/SpeechSynthesis.framework/Versions/A/SpeechSynthesis
0x00007ff8126af000 	/System/Library/Frameworks/ApplicationServices.framework/Versions/A/Frameworks/ATSUI.framework/Versions/A/ATSUI
0x00007ff813aff000 	/usr/lib/libcups.2.dylib
0x00007ff813ece000 	/System/Library/Frameworks/Kerberos.framework/Versions/A/Kerberos
0x00007ff813edd000 	/System/Library/Frameworks/GSS.framework/Versions/A/GSS
0x00007ff813850000 	/usr/lib/libresolv.9.dylib
0x00007ff811c00000 	/System/Library/PrivateFrameworks/Heimdal.framework/Versions/A/Heimdal
0x00007ff81aadd000 	/System/Library/Frameworks/Kerberos.framework/Versions/A/Libraries/libHeimdalProxy.dylib
0x00007ff80c40a000 	/System/Library/Frameworks/Network.framework/Versions/A/Network
0x00007ff81165b000 	/usr/lib/libheimdal-asn1.dylib
0x00007ff813f28000 	/System/Library/PrivateFrameworks/CommonAuth.framework/Versions/A/CommonAuth
0x00007ff813756000 	/System/Library/PrivateFrameworks/AudioSession.framework/Versions/A/AudioSession
0x00007ff8116eb000 	/System/Library/PrivateFrameworks/MediaExperience.framework/Versions/A/MediaExperience
0x00007ff8135e8000 	/System/Library/PrivateFrameworks/AudioSession.framework/libSessionUtility.dylib
0x00007ff813b7e000 	/System/Library/PrivateFrameworks/AudioResourceArbitration.framework/Versions/A/AudioResourceArbitration
0x00007ff817c01000 	/System/Library/PrivateFrameworks/PowerLog.framework/Versions/A/PowerLog
0x00007ff811664000 	/System/Library/PrivateFrameworks/IconFoundation.framework/Versions/A/IconFoundation
0x00007ff8169b5000 	/System/Library/PrivateFrameworks/SpeechRecognitionCore.framework/Versions/A/SpeechRecognitionCore
0x0000000108792000 	/Library/Java/JavaVirtualMachines/jdk-21.jdk/Contents/Home/lib/server/libjvm.dylib
0x0000000107575000 	/Library/Java/JavaVirtualMachines/jdk-21.jdk/Contents/Home/lib/libjimage.dylib
0x00000001075ef000 	/Library/Java/JavaVirtualMachines/jdk-21.jdk/Contents/Home/lib/libjava.dylib
0x0000000108051000 	/Library/Java/JavaVirtualMachines/jdk-21.jdk/Contents/Home/lib/libnio.dylib
0x000000010806d000 	/Library/Java/JavaVirtualMachines/jdk-21.jdk/Contents/Home/lib/libnet.dylib
0x0000000108081000 	/Library/Java/JavaVirtualMachines/jdk-21.jdk/Contents/Home/lib/libzip.dylib
0x0000000108036000 	/Library/Java/JavaVirtualMachines/jdk-21.jdk/Contents/Home/lib/libextnet.dylib


VM Arguments:
jvm_args: -ea -Dfile.encoding=UTF-8 -Dstdout.encoding=UTF-8 -Dstderr.encoding=UTF-8 -XX:+ShowCodeDetailsInExceptionMessages 
java_command: org.testng.remote.RemoteTestNG -serport 49201 -protocol json -d /Users/DE3P/eclipse-workspace/BasicSelenium.E23/test-output /var/folders/x9/0hbk7khd7316bsftwftmf8ww0000gn/T/testng-eclipse--2074337559/testng-customsuite.xml
java_class_path (initial): /Users/DE3P/eclipse/java-2024-09/Eclipse.app/Contents/Eclipse/configuration/org.eclipse.osgi/522/0/.cp/lib/testng-remote.jar:/Users/DE3P/eclipse-workspace/BasicSelenium.E23/target/test-classes:/Users/DE3P/eclipse-workspace/BasicSelenium.E23/target/classes:/Users/DE3P/.p2/pool/plugins/org.testng_7.4.0.r202105021533.jar:/Users/DE3P/.p2/pool/plugins/com.beust.jcommander_1.78.0.jar:/Users/DE3P/.p2/pool/plugins/slf4j.api_2.0.16.jar:/Users/DE3P/.p2/pool/plugins/org.apache-extras.beanshell.bsh_2.0.0.b6.jar:/Users/DE3P/.p2/pool/plugins/org.webjars.jquery_3.5.1.jar:/Users/DE3P/.m2/repository/org/seleniumhq/selenium/selenium-java/4.27.0/selenium-java-4.27.0.jar:/Users/DE3P/.m2/repository/org/seleniumhq/selenium/selenium-api/4.27.0/selenium-api-4.27.0.jar:/Users/DE3P/.m2/repository/org/jspecify/jspecify/1.0.0/jspecify-1.0.0.jar:/Users/DE3P/.m2/repository/org/seleniumhq/selenium/selenium-chrome-driver/4.27.0/selenium-chrome-driver-4.27.0.jar:/Users/DE3P/.m2/repository/com/google/auto/service/auto-service-annotations/1.1.1/auto-service-annotations-1.1.1.jar:/Users/DE3P/.m2/repository/org/seleniumhq/selenium/selenium-chromium-driver/4.27.0/selenium-chromium-driver-4.27.0.jar:/Users/DE3P/.m2/repository/org/seleniumhq/selenium/selenium-json/4.27.0/selenium-json-4.27.0.jar:/Users/DE3P/.m2/repository/org/seleniumhq/selenium/selenium-manager/4.27.0/selenium-manager-4.27.0.jar:/Users/DE3P/.m2/repository/org/seleniumhq/selenium/selenium-devtools-v129/4.27.0/selenium-devtools-v129-4.27.0.jar:/Users/DE3P/.m2/repository/org/seleniumhq/selenium/selenium-devtools-v130/4.27.0/selenium-devtools-v130-4.27.0.jar:/Users/DE3P/.m2/repository/org/seleniumhq/selenium/selenium-devtools-v131/4.27.0/selenium-devtools-v131-4.27.0.jar:/Users/DE3P/.m2/repository/org/seleniumhq/selenium/selenium-devtools-v85/4.27.0/selenium-devtools-v85-4.27.0.jar:/Users/DE3P/.m2/repository/org/seleniumhq/selenium/selenium-edge-driver/4.27.0/selenium-edge-driver-4.27.0.jar:/Users/DE3P/.m2/repository/org/seleniumhq/selenium/selenium-firefox-driver/4.27.0/selenium-firefox-driver-4.27.0.jar:/Users/DE3P/.m2/repository/org/seleniumhq/selenium/selenium-http/4.27.0/selenium-http-4.27.0.jar:/Users/DE3P/.m2/repository/dev/failsafe/failsafe/3.3.2/failsafe-3.3.2.jar:/Users/DE3P/.m2/repository/org/seleniumhq/selenium/selenium-ie-driver/4.27.0/selenium-ie-driver-4.27.0.jar:/Users/DE3P/.m2/repository/org/seleniumhq/selenium/selenium-remote-driver/4.27.0/selenium-remote-driver-4.27.0.jar:/Users/DE3P/.m2/repository/com/google/guava/guava/33.3.1-jre/guava-33.3.1-jre.jar:/Users/DE3P/.m2/repository/com/google/guava/failureaccess/1.0.2/failureaccess-1.0.2.jar:/Users/DE3P/.m2/repository/com/google/guava/listenablefuture/9999.0-empty-to-avoid-conflict-with-guava/listenablefuture-9999.0-empty-to-avoid-conflict-with-guava.jar:/Users/DE3P/.m2/repository/com/google/code/findbugs/jsr305/3.0.2/jsr305-3.0.2.jar:/Users/DE3P/.m2/repository/org/checkerframework/checker-qual/3.43.0/checker-qual-3.43.0.jar:/Users/DE3P/.m2/repository/com/google/errorprone/error_prone_annotations/2.28.0/error_prone_annotations-2.28.0.jar:/Users/DE3P/.m2/repository/com/google/j2objc/j2objc-annotations/3.0.0/j2objc-annotations-3.0.0.jar:/Users/DE3P/.m2/repository/io/opentelemetry/semconv/opentelemetry-semconv/1.25.0-alpha/opentelemetry-semconv-1.25.0-alpha.jar:/Users/DE3P/.m2/repository/io/opentelemetry/opentelemetry-api/1.44.1/opentelemetry-api-1.44.1.jar:/Users/DE3P/.m2/repository/io/opentelemetry/opentelemetry-context/1.44.1/opentelemetry-context-1.44.1.jar:/Users/DE3P/.m2/repository/io/opentelemetry/opentelemetry-exporter-logging/1.44.1/opentelemetry-exporter-logging-1.44.1.jar:/Users/DE3P/.m2/repository/io/opentelemetry/opentelemetry-sdk-common/1.44.1/opentelemetry-sdk-common-1.44.1.jar:/Users/DE3P/.m2/repository/io/opentelemetry/opentelemetry-sdk-extension-autoconfigure-spi/1.44.1/opentelemetry-sdk-extension-autoconfigure-spi-1.44.1.jar:/Users/DE3P/.m2/repository/io/opentelemetry/opentelemetry-sdk-extension-autoconfigure/1.44.1/opentelemetry-sdk-extension-autoconfigure-1.44.1.jar:/Users/DE3P/.m2/repository/io/opentelemetry/opentelemetry-api-incubator/1.44.1-alpha/opentelemetry-api-incubator-1.44.1-alpha.jar:/Users/DE3P/.m2/repository/io/opentelemetry/opentelemetry-sdk-trace/1.44.1/opentelemetry-sdk-trace-1.44.1.jar:/Users/DE3P/.m2/repository/io/opentelemetry/opentelemetry-sdk/1.44.1/opentelemetry-sdk-1.44.1.jar:/Users/DE3P/.m2/repository/io/opentelemetry/opentelemetry-sdk-metrics/1.44.1/opentelemetry-sdk-metrics-1.44.1.jar:/Users/DE3P/.m2/repository/io/opentelemetry/opentelemetry-sdk-logs/1.44.1/opentelemetry-sdk-logs-1.44.1.jar:/Users/DE3P/.m2/repository/net/bytebuddy/byte-buddy/1.15.10/byte-buddy-1.15.10.jar:/Users/DE3P/.m2/repository/org/seleniumhq/selenium/selenium-os/4.27.0/selenium-os-4.27.0.jar:/Users/DE3P/.m2/repository/org/apache/commons/commons-exec/1.4.0/commons-exec-1.4.0.jar:/Users/DE3P/.m2/repository/org/seleniumhq/selenium/selenium-safari-driver/4.27.0/selenium-safari-driver-4.27.0.jar:/Users/DE3P/.m2/repository/org/seleniumhq/selenium/selenium-support/4.27.0/selenium-support-4.27.0.jar:/Users/DE3P/.m2/repository/org/apache/poi/poi/5.4.0/poi-5.4.0.jar:/Users/DE3P/.m2/repository/commons-codec/commons-codec/1.17.1/commons-codec-1.17.1.jar:/Users/DE3P/.m2/repository/org/apache/commons/commons-collections4/4.4/commons-collections4-4.4.jar:/Users/DE3P/.m2/repository/org/apache/commons/commons-math3/3.6.1/commons-math3-3.6.1.jar:/Users/DE3P/.m2/repository/commons-io/commons-io/2.18.0/commons-io-2.18.0.jar:/Users/DE3P/.m2/repository/com/zaxxer/SparseBitSet/1.3/SparseBitSet-1.3.jar:/Users/DE3P/.m2/repository/org/apache/logging/log4j/log4j-api/2.24.3/log4j-api-2.24.3.jar:/Users/DE3P/.m2/repository/org/apache/poi/poi-ooxml/5.4.0/poi-ooxml-5.4.0.jar:/Users/DE3P/.m2/repository/org/apache/poi/poi-ooxml-lite/5.4.0/poi-ooxml-lite-5.4.0.jar:/Users/DE3P/.m2/repository/org/apache/xmlbeans/xmlbeans/5.3.0/xmlbeans-5.3.0.jar:/Users/DE3P/.m2/repository/org/apache/commons/commons-compress/1.27.1/commons-compress-1.27.1.jar:/Users/DE3P/.m2/repository/org/apache/commons/commons-lang3/3.16.0/commons-lang3-3.16.0.jar:/Users/DE3P/.m2/repository/com/github/virtuald/curvesapi/1.08/curvesapi-1.08.jar:/Users/DE3P/.m2/repository/org/testng/testng/7.11.0/testng-7.11.0.jar:/Users/DE3P/.m2/repository/org/slf4j/slf4j-api/2.0.16/slf4j-api-2.0.16.jar:/Users/DE3P/.m2/repository/org/jcommander/jcommander/1.83/jcommander-1.83.jar:/Users/DE3P/.m2/repository/org/webjars/jquery/3.7.1/jquery-3.7.1.jar
Launcher Type: SUN_STANDARD

[Global flags]
     intx CICompilerCount                          = 3                                         {product} {ergonomic}
     uint ConcGCThreads                            = 1                                         {product} {ergonomic}
     uint G1ConcRefinementThreads                  = 4                                         {product} {ergonomic}
   size_t G1HeapRegionSize                         = 1048576                                   {product} {ergonomic}
    uintx GCDrainStackTargetSize                   = 64                                        {product} {ergonomic}
   size_t InitialHeapSize                          = 134217728                                 {product} {ergonomic}
   size_t MarkStackSize                            = 4194304                                   {product} {ergonomic}
   size_t MaxHeapSize                              = 2147483648                                {product} {ergonomic}
   size_t MaxNewSize                               = 1287651328                                {product} {ergonomic}
   size_t MinHeapDeltaBytes                        = 1048576                                   {product} {ergonomic}
   size_t MinHeapSize                              = 8388608                                   {product} {ergonomic}
    uintx NonNMethodCodeHeapSize                   = 5832780                                {pd product} {ergonomic}
    uintx NonProfiledCodeHeapSize                  = 122912730                              {pd product} {ergonomic}
    uintx ProfiledCodeHeapSize                     = 122912730                              {pd product} {ergonomic}
    uintx ReservedCodeCacheSize                    = 251658240                              {pd product} {ergonomic}
     bool SegmentedCodeCache                       = true                                      {product} {ergonomic}
     bool ShowCodeDetailsInExceptionMessages       = true                                   {manageable} {command line}
   size_t SoftMaxHeapSize                          = 2147483648                             {manageable} {ergonomic}
     bool UseCompressedOops                        = true                           {product lp64_product} {ergonomic}
     bool UseG1GC                                  = true                                      {product} {ergonomic}
     bool UseNUMA                                  = false                                     {product} {ergonomic}
     bool UseNUMAInterleaving                      = false                                     {product} {ergonomic}

Logging:
Log output configuration:
 #0: stdout all=warning uptime,level,tags foldmultilines=false
 #1: stderr all=off uptime,level,tags foldmultilines=false

Environment Variables:
PATH=/usr/bin:/bin:/usr/sbin:/sbin
SHELL=/bin/zsh
TMPDIR=/var/folders/x9/0hbk7khd7316bsftwftmf8ww0000gn/T/

Active Locale:
LC_ALL=C
LC_COLLATE=C
LC_CTYPE=C
LC_MESSAGES=C
LC_MONETARY=C
LC_NUMERIC=C
LC_TIME=C

Signal Handlers:
   SIGSEGV: crash_handler in libjvm.dylib, mask=11100110000111110111111111111111, flags=SA_ONSTACK|SA_RESTART|SA_SIGINFO, unblocked
    SIGBUS: crash_handler in libjvm.dylib, mask=11100110000111110111111111111111, flags=SA_RESTART|SA_SIGINFO, unblocked
    SIGFPE: crash_handler in libjvm.dylib, mask=11100110000111110111111111111111, flags=SA_RESTART|SA_SIGINFO, unblocked
   SIGPIPE: javaSignalHandler in libjvm.dylib, mask=11100110000111110111111111111111, flags=SA_RESTART|SA_SIGINFO, blocked
   SIGXFSZ: javaSignalHandler in libjvm.dylib, mask=11100110000111110111111111111111, flags=SA_RESTART|SA_SIGINFO, blocked
    SIGILL: crash_handler in libjvm.dylib, mask=11100110000111110111111111111111, flags=SA_RESTART|SA_SIGINFO, unblocked
   SIGUSR2: SR_handler in libjvm.dylib, mask=00000000000000000000000000000000, flags=SA_RESTART|SA_SIGINFO, blocked
    SIGHUP: UserHandler in libjvm.dylib, mask=11100110000111110111111111111111, flags=SA_RESTART|SA_SIGINFO, blocked
    SIGINT: UserHandler in libjvm.dylib, mask=11100110000111110111111111111111, flags=SA_RESTART|SA_SIGINFO, blocked
   SIGTERM: UserHandler in libjvm.dylib, mask=11100110000111110111111111111111, flags=SA_RESTART|SA_SIGINFO, blocked
   SIGQUIT: UserHandler in libjvm.dylib, mask=11100110000111110111111111111111, flags=SA_RESTART|SA_SIGINFO, blocked
   SIGTRAP: crash_handler in libjvm.dylib, mask=11100110000111110111111111111111, flags=SA_RESTART|SA_SIGINFO, unblocked


Periodic native trim disabled

---------------  S Y S T E M  ---------------

OS:
uname: Darwin 21.6.0 Darwin Kernel Version 21.6.0: Mon Jun 24 00:56:10 PDT 2024; root:xnu-8020.240.18.709.2~1/RELEASE_X86_64 x86_64
OS uptime: 0 days 23:10 hours
rlimit (soft/hard): STACK 8192k/65532k , CORE 0k/infinity , NPROC 1392/2088 , NOFILE 2147483647/infinity , AS infinity/infinity , CPU infinity/infinity , DATA infinity/infinity , FSIZE infinity/infinity , MEMLOCK infinity/infinity , RSS infinity/infinity
load average: 11.87 11.64 8.01

CPU: total 4 (initial active 4) (2 cores per cpu, 2 threads per core) family 6 model 61 stepping 4 microcode 0x2f, cx8, cmov, fxsr, ht, mmx, 3dnowpref, sse, sse2, sse3, ssse3, sse4.1, sse4.2, popcnt, lzcnt, tsc, tscinvbit, avx, avx2, aes, erms, clmul, bmi1, bmi2, adx, fma, vzeroupper, clflush, rdtscp, f16c
machdep.cpu.brand_string:Intel(R) Core(TM) i5-5257U CPU @ 2.70GHz
hw.cpufrequency:2700000000
hw.cpufrequency_min:2700000000
hw.cpufrequency_max:2700000000
hw.cachelinesize:64
hw.l1icachesize:32768
hw.l1dcachesize:32768
hw.l2cachesize:262144
hw.l3cachesize:3145728

Memory: 4k page, physical 8388608k(979028k free), swap 1048576k(875264k free)

vm_info: Java HotSpot(TM) 64-Bit Server VM (21.0.5+9-LTS-239) for bsd-amd64 JRE (21.0.5+9-LTS-239), built on 2024-09-30T05:17:38Z by "mach5one" with clang Apple LLVM 12.0.0 (clang-1200.0.32.29)

END.
