#
# A fatal error has been detected by the Java Runtime Environment:
#
#  SIGSEGV (0xb) at pc=0x0000000102d559e3, pid=1841, tid=19971
#
# JRE version: Java(TM) SE Runtime Environment (21.0.5+9) (build 21.0.5+9-LTS-239)
# Java VM: Java HotSpot(TM) 64-Bit Server VM (21.0.5+9-LTS-239, mixed mode, sharing, tiered, compressed oops, compressed class ptrs, g1 gc, bsd-amd64)
# Problematic frame:
# V  [libjvm.dylib+0x4ec9e3]  G1ParScanThreadState::trim_queue_to_threshold(unsigned int)+0x433
#
# No core dump will be written. Core dumps have been disabled. To enable core dumping, try "ulimit -c unlimited" before starting Java again
#
# If you would like to submit a bug report, please visit:
#   https://bugreport.java.com/bugreport/crash.jsp
#

---------------  S U M M A R Y ------------

Command Line: -Dfile.encoding=UTF-8 -Dstdout.encoding=UTF-8 -Dstderr.encoding=UTF-8 -XX:+ShowCodeDetailsInExceptionMessages webElementInterface.CaptureEarphonesAmazon

Host: "MacBookPro12,1" x86_64 2700 MHz, 4 cores, 8G, Darwin 21.6.0, macOS 12.7.6 (21H1320)
Time: Mon Feb  3 19:38:32 2025 IST elapsed time: 1.912984 seconds (0d 0h 0m 1s)

---------------  T H R E A D  ---------------

Current thread (0x00007fa868905ee0):  WorkerThread "GC Thread#0"    [id=19971, stack(0x000070000e851000,0x000070000e951000) (1024K)]

Stack: [0x000070000e851000,0x000070000e951000],  sp=0x000070000e950b60,  free space=1022k
Native frames: (J=compiled Java code, j=interpreted, Vv=VM code, C=native code)
V  [libjvm.dylib+0x4ec9e3]  G1ParScanThreadState::trim_queue_to_threshold(unsigned int)+0x433
V  [libjvm.dylib+0x505be6]  void G1ParCopyClosure<(G1Barrier)1, false>::do_oop_work<oopDesc*>(oopDesc**)+0x256
V  [libjvm.dylib+0x34993b]  ClassLoaderData::oops_do(OopClosure*, int, bool)+0xab
V  [libjvm.dylib+0x4eabaf]  G1CLDScanClosure::do_cld(ClassLoaderData*)+0x3f
V  [libjvm.dylib+0x34d372]  ClassLoaderDataGraph::roots_cld_do(CLDClosure*, CLDClosure*)+0x42
V  [libjvm.dylib+0x507870]  G1RootProcessor::process_java_roots(G1RootClosures*, G1GCPhaseTimes*, unsigned int)+0xc0
V  [libjvm.dylib+0x50771e]  G1RootProcessor::evacuate_roots(G1ParScanThreadState*, unsigned int)+0x5e
V  [libjvm.dylib+0x50f58f]  G1EvacuateRegionsTask::scan_roots(G1ParScanThreadState*, unsigned int)+0x1f
V  [libjvm.dylib+0x50f465]  G1EvacuateRegionsBaseTask::work(unsigned int)+0x75
V  [libjvm.dylib+0xba90dc]  WorkerThread::run()+0x7c
V  [libjvm.dylib+0xae0f95]  Thread::call_run()+0xa5
V  [libjvm.dylib+0x93ba07]  thread_native_entry(Thread*)+0x147
C  [libsystem_pthread.dylib+0x64e1]  _pthread_start+0x7d
C  [libsystem_pthread.dylib+0x1f6b]  thread_start+0xf

siginfo: si_signo: 11 (SIGSEGV), si_code: 1 (SEGV_MAPERR), si_addr: 0x0000000000000018

Registers:
RAX=0x0000000000000000, RBX=0x000000078020e3a4, RCX=0x0000000000000014, RDX=0x0000000000000018
RSP=0x000070000e950b60, RBP=0x000070000e950ba0, RSI=0x0000000000000000, RDI=0x0000000000000000
R8 =0x0000000000000003, R9 =0x00000007875492a0, R10=0x00000001036855e8, R11=0xfffffffff8cc5880
R12=0x00007fa867f19b30, R13=0x00007fa868905940, R14=0x0000000000000040, R15=0x0000000130eaa09d
RIP=0x0000000102d559e3, EFLAGS=0x0000000000010202, ERR=0x0000000000000004
  TRAPNO=0x000000000000000e


Register to memory mapping:

RAX=0x0 is null
RBX=0x000000078020e3a4 is pointing into object: java.lang.Class 
{0x000000078020e348} - klass: 'java/lang/Class'
 - ---- fields (total size 14 words):
 - private volatile transient 'classRedefinedCount' 'I' @12  0 (0x00000000)
 - injected 'klass' 'J' @16  4899758600 (0x00000001240c6208)
 - injected 'array_klass' 'J' @24  73014444032 (0x0000001100000000)
 - injected 'oop_size' 'I' @32  14 (0x0000000e)
 - injected 'static_oop_field_count' 'I' @36  0 (0x00000000)
 - private volatile transient 'cachedConstructor' 'Ljava/lang/reflect/Constructor;' @40  null (0x00000000)
 - private transient 'name' 'Ljava/lang/String;' @44  null (0x00000000)
 - private transient 'module' 'Ljava/lang/Module;' @48  a 'java/lang/Module'{0x00000007ffeec460} (0xfffdd88c)
 - private final 'classLoader' 'Ljava/lang/ClassLoader;' @52  null (0x00000000)
 - private transient 'classData' 'Ljava/lang/Object;' @56  null (0x00000000)
 - private transient 'packageName' 'Ljava/lang/String;' @60  null (0x00000000)
 - private final 'componentType' 'Ljava/lang/Class;' @64  null (0x00000000)
 - private volatile transient 'reflectionData' 'Ljava/lang/ref/SoftReference;' @68  null (0x00000000)
 - private volatile transient 'genericInfo' 'Lsun/reflect/generics/repository/ClassRepository;' @72  null (0x00000000)
 - private volatile transient 'enumConstants' '[Ljava/lang/Object;' @76  null (0x00000000)
 - private volatile transient 'enumConstantDirectory' 'Ljava/util/Map;' @80  null (0x00000000)
 - private volatile transient 'annotationData' 'Ljava/lang/Class$AnnotationData;' @84  null (0x00000000)
 - private volatile transient 'annotationType' 'Lsun/reflect/annotation/AnnotationType;' @88  null (0x00000000)
 - transient 'classValueMap' 'Ljava/lang/ClassValue$ClassValueMap;' @92  
[error occurred during error reporting (printing register info), id 0xb, SIGSEGV (0xb) at pc=0x000000010319202f]
RCX=0x0000000000000014 is an unknown value
RDX=0x0000000000000018 is an unknown value
RSP=0x000070000e950b60 points into unknown readable memory: 0x000070000e950b70 | 70 0b 95 0e 00 70 00 00
RBP=0x000070000e950ba0 points into unknown readable memory: 0x000070000e950be0 | e0 0b 95 0e 00 70 00 00
RSI=0x0 is null
RDI=0x0 is null
R8 =0x0000000000000003 is an unknown value
R9 =0x00000007875492a0 is an oop: java.lang.invoke.ResolvedMethodName 
{0x00000007875492a0} - klass: 'java/lang/invoke/ResolvedMethodName'
 - ---- fields (total size 3 words):
 - injected 'vmholder' 'Ljava/lang/Object;' @12  a 'java/lang/Class'{0x0000000787548a30} = 'sun/security/ssl/SunJSSE' (0xf0ea9146)
 - injected 'vmtarget' 'J' @16  5975359096 (0x000000016428be78)
R10=0x00000001036855e8: _ZN12BOTConstants14_log_card_sizeE+0 in /Library/Java/JavaVirtualMachines/jdk-21.jdk/Contents/Home/lib/server/libjvm.dylib at 0x0000000102869000
R11=0xfffffffff8cc5880 is an unknown value
R12=0x00007fa867f19b30 points into unknown readable memory: 0x0000000103636e40 | 40 6e 63 03 01 00 00 00
R13=0x00007fa868905940 points into unknown readable memory: 0x0000000000000000 | 00 00 00 00 00 00 00 00
R14=0x0000000000000040 is an unknown value
R15=0x0000000130eaa09d is an unknown value

Top of Stack: (sp=0x000070000e950b60)
0x000070000e950b60:   000070000e950b70 00000040031a4e79
0x000070000e950b70:   00007fa867f19b48 00007fa867f19b30
0x000070000e950b80:   000000000000000a 0000000000000001
0x000070000e950b90:   0000000071bf1866 0000000130eaa09d
0x000070000e950ba0:   000070000e950be0 0000000102d6ebe6
0x000070000e950bb0:   00000001036376b0 00007fa867f16d80
0x000070000e950bc0:   000000000000000a 0000000000000001
0x000070000e950bd0:   00007fa867f16cd0 0000600001845938
0x000070000e950be0:   000070000e950c10 0000000102bb293b
0x000070000e950bf0:   0000600001548000 0000600001845900
0x000070000e950c00:   0000600001845998 0000000000000000
0x000070000e950c10:   000070000e950c40 0000000102d53baf
0x000070000e950c20:   0000600001548000 0000600001845900
0x000070000e950c30:   0000600001845998 0000600001845998
0x000070000e950c40:   000070000e950c70 0000000102bb6372
0x000070000e950c50:   0000600001845998 0000600001845998
0x000070000e950c60:   000070000e950c80 00007fa867f18cf0
0x000070000e950c70:   000070000e950d10 0000000102d70870
0x000070000e950c80:   0000000103636458 000000007193a0cf
0x000070000e950c90:   0000000130754379 0000000100000005
0x000070000e950ca0:   00007fa867f18cf0 0000000100000002
0x000070000e950cb0:   0000000000000000 0000000000000000
0x000070000e950cc0:   000070000e000000 00000001033590e6
0x000070000e950cd0:   0000000103636478 000070000e950d00
0x000070000e950ce0:   000000020e950d10 00007fa867f19b30
0x000070000e950cf0:   0000600001845900 000070000ef621e0
0x000070000e950d00:   0000000000000002 00007fa867f18cf0
0x000070000e950d10:   000070000e950e60 0000000102d7071e
0x000070000e950d20:   00007ff803b0156c 0000000103636478
0x000070000e950d30:   00000000718dced0 0000000130658c7c
0x000070000e950d40:   0000700000000003 00007fa867f18cf0
0x000070000e950d50:   0000000100000002 0000000000000000 

Instructions: (pc=0x0000000102d559e3)
0x0000000102d558e3:   e8 48 21 00 00 4d 8b 6c 24 10 49 8d 8d 80 00 00
0x0000000102d558f3:   00 41 8b 85 80 00 00 00 49 8d 95 00 01 00 00 89
0x0000000102d55903:   c6 41 2b b5 00 01 00 00 81 e6 ff ff 01 00 44 39
0x0000000102d55913:   f6 0f 86 d1 fc ff ff 05 ff ff 01 00 89 c6 81 e6
0x0000000102d55923:   ff ff 01 00 89 31 f0 83 04 24 00 49 8b 8d 80 01
0x0000000102d55933:   00 00 48 8b 1c f1 2b 02 25 ff ff 01 00 3d ff ff
0x0000000102d55943:   01 00 74 04 85 c0 75 48 49 8b 8d 00 01 00 00 49
0x0000000102d55953:   81 c5 00 01 00 00 48 b8 00 00 00 00 01 00 00 00
0x0000000102d55963:   48 8d 3c 01 48 b8 00 00 00 00 ff ff ff ff 48 21
0x0000000102d55973:   c7 48 09 f7 39 ce 0f 85 61 fc ff ff 48 89 c8 f0
0x0000000102d55983:   49 0f b1 7d 00 48 39 c8 0f 85 4f fc ff ff 8b 02
0x0000000102d55993:   f6 c3 01 0f 84 34 ff ff ff 8b 53 ff 48 8d 05 1a
0x0000000102d559a3:   9b 90 00 44 8b 40 08 44 89 c1 48 d3 e2 48 8b 38
0x0000000102d559b3:   48 01 fa 49 8b 44 24 08 0f b6 88 b8 05 00 00 48
0x0000000102d559c3:   89 d6 48 d3 ee 48 8b 80 a8 05 00 00 0f b7 34 70
0x0000000102d559d3:   89 f0 c1 e8 08 84 c0 0f 88 08 ff ff ff 48 ff cb
0x0000000102d559e3:   48 8b 02 89 c1 83 e1 03 83 f9 03 75 46 48 83 e0
0x0000000102d559f3:   fc eb 59 48 8b 13 49 8b 44 24 08 0f b6 88 b8 05
0x0000000102d55a03:   00 00 48 89 d6 48 d3 ee 48 8b 80 a8 05 00 00 0f
0x0000000102d55a13:   b7 34 70 89 f0 c1 e8 08 84 c0 0f 88 c5 fe ff ff
0x0000000102d55a23:   48 8b 02 89 c1 83 e1 03 83 f9 03 75 35 48 83 e0
0x0000000102d55a33:   fc eb 3a 4c 89 e7 48 89 c1 e8 6f 0c 00 00 48 8d
0x0000000102d55a43:   0d 78 9a 90 00 48 8b 39 44 8b 41 08 48 89 c2 48
0x0000000102d55a53:   29 fa 44 89 c1 48 d3 ea 89 13 48 89 c2 48 31 da
0x0000000102d55a63:   eb 14 4c 89 e7 48 89 c1 e8 40 0c 00 00 48 89 03
0x0000000102d55a73:   48 89 da 48 31 c2 48 8d 0d f8 c0 93 00 0f b6 09
0x0000000102d55a83:   48 d3 ea 48 85 d2 0f 84 59 fe ff ff 49 8b 54 24
0x0000000102d55a93:   08 8b 8a b8 05 00 00 48 89 de 48 d3 ee 48 8b 92
0x0000000102d55aa3:   a8 05 00 00 0f b6 74 72 01 c1 e6 08 81 fe 00 fe
0x0000000102d55ab3:   00 00 0f 84 2d fe ff ff 48 d3 e8 0f b7 04 42 84
0x0000000102d55ac3:   c0 0f 84 1e fe ff ff c1 e8 08 84 c0 0f 89 13 fe
0x0000000102d55ad3:   ff ff 48 8d 05 3c 05 93 00 0f b6 08 48 d3 eb 49 


Stack slot to memory mapping:

stack at sp + 0 slots: 0x000070000e950b70 points into unknown readable memory: 0x00007fa867f19b48 | 48 9b f1 67 a8 7f 00 00
stack at sp + 1 slots: 0x00000040031a4e79 is an unknown value
stack at sp + 2 slots: 0x00007fa867f19b48 points into unknown readable memory: 0x0000000103637100 | 00 71 63 03 01 00 00 00
stack at sp + 3 slots: 0x00007fa867f19b30 points into unknown readable memory: 0x0000000103636e40 | 40 6e 63 03 01 00 00 00
stack at sp + 4 slots: 0x000000000000000a is an unknown value
stack at sp + 5 slots: 0x0000000000000001 is an unknown value
stack at sp + 6 slots: 0x0000000071bf1866 is an unknown value
stack at sp + 7 slots: 0x0000000130eaa09d is an unknown value


---------------  P R O C E S S  ---------------

Threads class SMR info:
_java_thread_list=0x000060000246a280, length=12, elements={
0x00007fa86800b400, 0x00007fa86a057200, 0x00007fa86980ce00, 0x00007fa86a057a00,
0x00007fa868038e00, 0x00007fa868044c00, 0x00007fa868045400, 0x00007fa86a059a00,
0x00007fa86984ea00, 0x00007fa86803cc00, 0x00007fa86a0fea00, 0x00007fa8681b7c00
}

Java Threads: ( => current thread )
  0x00007fa86800b400 JavaThread "main"                              [_thread_blocked, id=10499, stack(0x000070000e74e000,0x000070000e84e000) (1024K)]
  0x00007fa86a057200 JavaThread "Reference Handler"          daemon [_thread_blocked, id=22275, stack(0x000070000f0ef000,0x000070000f1ef000) (1024K)]
  0x00007fa86980ce00 JavaThread "Finalizer"                  daemon [_thread_blocked, id=22531, stack(0x000070000f1f2000,0x000070000f2f2000) (1024K)]
  0x00007fa86a057a00 JavaThread "Signal Dispatcher"          daemon [_thread_blocked, id=42499, stack(0x000070000f2f5000,0x000070000f3f5000) (1024K)]
  0x00007fa868038e00 JavaThread "Service Thread"             daemon [_thread_blocked, id=23299, stack(0x000070000f3f8000,0x000070000f4f8000) (1024K)]
  0x00007fa868044c00 JavaThread "Monitor Deflation Thread"   daemon [_thread_blocked, id=23811, stack(0x000070000f4fb000,0x000070000f5fb000) (1024K)]
  0x00007fa868045400 JavaThread "C2 CompilerThread0"         daemon [_thread_blocked, id=24067, stack(0x000070000f5fe000,0x000070000f6fe000) (1024K)]
  0x00007fa86a059a00 JavaThread "C1 CompilerThread0"         daemon [_thread_blocked, id=24579, stack(0x000070000f701000,0x000070000f801000) (1024K)]
  0x00007fa86984ea00 JavaThread "Notification Thread"        daemon [_thread_blocked, id=24835, stack(0x000070000f804000,0x000070000f904000) (1024K)]
  0x00007fa86803cc00 JavaThread "Common-Cleaner"             daemon [_thread_blocked, id=41475, stack(0x000070000f907000,0x000070000fa07000) (1024K)]
  0x00007fa86a0fea00 JavaThread "process reaper"             daemon [_thread_blocked, id=40963, stack(0x000070000fa0a000,0x000070000fa2e000) (144K)]
  0x00007fa8681b7c00 JavaThread "ForkJoinPool.commonPool-worker-1" daemon [_thread_blocked, id=25351, stack(0x000070000fa31000,0x000070000fb31000) (1024K)]
Total: 12

Other Threads:
  0x00007fa867f06fd0 VMThread "VM Thread"                           [id=16131, stack(0x000070000ee63000,0x000070000ef63000) (1024K)]
  0x00007fa867f05d60 WatcherThread "VM Periodic Task Thread"        [id=17923, stack(0x000070000ed60000,0x000070000ee60000) (1024K)]
=>0x00007fa868905ee0 WorkerThread "GC Thread#0"                     [id=19971, stack(0x000070000e851000,0x000070000e951000) (1024K)]
  0x00007fa867f19050 WorkerThread "GC Thread#1"                     [id=25603, stack(0x000070000fb34000,0x000070000fc34000) (1024K)]
  0x00007fa867f195c0 WorkerThread "GC Thread#2"                     [id=40451, stack(0x000070000fc37000,0x000070000fd37000) (1024K)]
  0x00007fa867f04dd0 ConcurrentGCThread "G1 Main Marker"            [id=12547, stack(0x000070000e954000,0x000070000ea54000) (1024K)]
  0x00007fa868906450 WorkerThread "G1 Conc#0"                       [id=13059, stack(0x000070000ea57000,0x000070000eb57000) (1024K)]
  0x00007fa86a013200 ConcurrentGCThread "G1 Refine#0"               [id=19203, stack(0x000070000eb5a000,0x000070000ec5a000) (1024K)]
  0x00007fa868805810 ConcurrentGCThread "G1 Service"                [id=18947, stack(0x000070000ec5d000,0x000070000ed5d000) (1024K)]
Total: 9

Threads with active compile tasks:
C1 CompilerThread0     1948  999       3       sun.security.util.ObjectIdentifier::pack7Oid (42 bytes)
Total: 1

VM state: at safepoint (normal execution)

VM Mutex/Monitor currently owned by a thread:  ([mutex/lock_event])
[0x00000001036d5660] Threads_lock - owner thread: 0x00007fa867f06fd0
[0x00000001036d5760] Heap_lock - owner thread: 0x00007fa86800b400

Heap address: 0x0000000780000000, size: 2048 MB, Compressed Oops mode: Zero based, Oop shift amount: 3

CDS archive(s) mapped at: [0x0000000123000000-0x0000000123ca8000-0x0000000123ca8000), size 13271040, SharedBaseAddress: 0x0000000123000000, ArchiveRelocationMode: 1.
Compressed class space mapped at: 0x0000000124000000-0x0000000164000000, reserved size: 1073741824
Narrow klass base: 0x0000000123000000, Narrow klass shift: 0, Narrow klass range: 0x100000000

GC Precious Log:
 CardTable entry size: 512
 Card Set container configuration: InlinePtr #cards 5 size 8 Array Of Cards #cards 12 size 40 Howl #buckets 4 coarsen threshold 1843 Howl Bitmap #cards 512 size 80 coarsen threshold 460 Card regions per heap region 1 cards per card region 2048
 CPUs: 4 total, 4 available
 Memory: 8192M
 Large Page Support: Disabled
 NUMA Support: Disabled
 Compressed Oops: Enabled (Zero based)
 Heap Region Size: 1M
 Heap Min Capacity: 8M
 Heap Initial Capacity: 128M
 Heap Max Capacity: 2G
 Pre-touch: Disabled
 Parallel Workers: 4
 Concurrent Workers: 1
 Concurrent Refinement Workers: 4
 Periodic GC: Disabled

Heap:
 garbage-first heap   total 133120K, used 15300K [0x0000000780000000, 0x0000000800000000)
  region size 1024K, 15 young (15360K), 2 survivors (2048K)
 Metaspace       used 6254K, committed 6528K, reserved 1114112K
  class space    used 731K, committed 896K, reserved 1048576K

Heap Regions: E=young(eden), S=young(survivor), O=old, HS=humongous(starts), HC=humongous(continues), CS=collection set, F=free, TAMS=top-at-mark-start, PB=parsable bottom
|   0|0x0000000780000000, 0x0000000780100000, 0x0000000780100000|100%|HS|  |TAMS 0x0000000780000000| PB 0x0000000780000000| Complete 
|   1|0x0000000780100000, 0x0000000780200000, 0x0000000780200000|100%| O|  |TAMS 0x0000000780100000| PB 0x0000000780100000| Untracked 
|   2|0x0000000780200000, 0x00000007802ecf98, 0x0000000780300000| 92%| O|  |TAMS 0x0000000780200000| PB 0x0000000780200000| Untracked 
|   3|0x0000000780300000, 0x0000000780300000, 0x0000000780400000|  0%| F|  |TAMS 0x0000000780300000| PB 0x0000000780300000| Untracked 
|   4|0x0000000780400000, 0x0000000780400000, 0x0000000780500000|  0%| F|  |TAMS 0x0000000780400000| PB 0x0000000780400000| Untracked 
|   5|0x0000000780500000, 0x0000000780500000, 0x0000000780600000|  0%| F|  |TAMS 0x0000000780500000| PB 0x0000000780500000| Untracked 
|   6|0x0000000780600000, 0x0000000780600000, 0x0000000780700000|  0%| F|  |TAMS 0x0000000780600000| PB 0x0000000780600000| Untracked 
|   7|0x0000000780700000, 0x0000000780700000, 0x0000000780800000|  0%| F|  |TAMS 0x0000000780700000| PB 0x0000000780700000| Untracked 
|   8|0x0000000780800000, 0x0000000780800000, 0x0000000780900000|  0%| F|  |TAMS 0x0000000780800000| PB 0x0000000780800000| Untracked 
|   9|0x0000000780900000, 0x0000000780900000, 0x0000000780a00000|  0%| F|  |TAMS 0x0000000780900000| PB 0x0000000780900000| Untracked 
|  10|0x0000000780a00000, 0x0000000780a00000, 0x0000000780b00000|  0%| F|  |TAMS 0x0000000780a00000| PB 0x0000000780a00000| Untracked 
|  11|0x0000000780b00000, 0x0000000780b00000, 0x0000000780c00000|  0%| F|  |TAMS 0x0000000780b00000| PB 0x0000000780b00000| Untracked 
|  12|0x0000000780c00000, 0x0000000780c00000, 0x0000000780d00000|  0%| F|  |TAMS 0x0000000780c00000| PB 0x0000000780c00000| Untracked 
|  13|0x0000000780d00000, 0x0000000780d00000, 0x0000000780e00000|  0%| F|  |TAMS 0x0000000780d00000| PB 0x0000000780d00000| Untracked 
|  14|0x0000000780e00000, 0x0000000780e00000, 0x0000000780f00000|  0%| F|  |TAMS 0x0000000780e00000| PB 0x0000000780e00000| Untracked 
|  15|0x0000000780f00000, 0x0000000780f00000, 0x0000000781000000|  0%| F|  |TAMS 0x0000000780f00000| PB 0x0000000780f00000| Untracked 
|  16|0x0000000781000000, 0x0000000781000000, 0x0000000781100000|  0%| F|  |TAMS 0x0000000781000000| PB 0x0000000781000000| Untracked 
|  17|0x0000000781100000, 0x0000000781100000, 0x0000000781200000|  0%| F|  |TAMS 0x0000000781100000| PB 0x0000000781100000| Untracked 
|  18|0x0000000781200000, 0x0000000781200000, 0x0000000781300000|  0%| F|  |TAMS 0x0000000781200000| PB 0x0000000781200000| Untracked 
|  19|0x0000000781300000, 0x0000000781300000, 0x0000000781400000|  0%| F|  |TAMS 0x0000000781300000| PB 0x0000000781300000| Untracked 
|  20|0x0000000781400000, 0x0000000781400000, 0x0000000781500000|  0%| F|  |TAMS 0x0000000781400000| PB 0x0000000781400000| Untracked 
|  21|0x0000000781500000, 0x0000000781500000, 0x0000000781600000|  0%| F|  |TAMS 0x0000000781500000| PB 0x0000000781500000| Untracked 
|  22|0x0000000781600000, 0x0000000781600000, 0x0000000781700000|  0%| F|  |TAMS 0x0000000781600000| PB 0x0000000781600000| Untracked 
|  23|0x0000000781700000, 0x0000000781700000, 0x0000000781800000|  0%| F|  |TAMS 0x0000000781700000| PB 0x0000000781700000| Untracked 
|  24|0x0000000781800000, 0x0000000781800000, 0x0000000781900000|  0%| F|  |TAMS 0x0000000781800000| PB 0x0000000781800000| Untracked 
|  25|0x0000000781900000, 0x0000000781900000, 0x0000000781a00000|  0%| F|  |TAMS 0x0000000781900000| PB 0x0000000781900000| Untracked 
|  26|0x0000000781a00000, 0x0000000781a00000, 0x0000000781b00000|  0%| F|  |TAMS 0x0000000781a00000| PB 0x0000000781a00000| Untracked 
|  27|0x0000000781b00000, 0x0000000781b00000, 0x0000000781c00000|  0%| F|  |TAMS 0x0000000781b00000| PB 0x0000000781b00000| Untracked 
|  28|0x0000000781c00000, 0x0000000781c00000, 0x0000000781d00000|  0%| F|  |TAMS 0x0000000781c00000| PB 0x0000000781c00000| Untracked 
|  29|0x0000000781d00000, 0x0000000781d00000, 0x0000000781e00000|  0%| F|  |TAMS 0x0000000781d00000| PB 0x0000000781d00000| Untracked 
|  30|0x0000000781e00000, 0x0000000781e00000, 0x0000000781f00000|  0%| F|  |TAMS 0x0000000781e00000| PB 0x0000000781e00000| Untracked 
|  31|0x0000000781f00000, 0x0000000781f00000, 0x0000000782000000|  0%| F|  |TAMS 0x0000000781f00000| PB 0x0000000781f00000| Untracked 
|  32|0x0000000782000000, 0x0000000782000000, 0x0000000782100000|  0%| F|  |TAMS 0x0000000782000000| PB 0x0000000782000000| Untracked 
|  33|0x0000000782100000, 0x0000000782100000, 0x0000000782200000|  0%| F|  |TAMS 0x0000000782100000| PB 0x0000000782100000| Untracked 
|  34|0x0000000782200000, 0x0000000782200000, 0x0000000782300000|  0%| F|  |TAMS 0x0000000782200000| PB 0x0000000782200000| Untracked 
|  35|0x0000000782300000, 0x0000000782300000, 0x0000000782400000|  0%| F|  |TAMS 0x0000000782300000| PB 0x0000000782300000| Untracked 
|  36|0x0000000782400000, 0x0000000782400000, 0x0000000782500000|  0%| F|  |TAMS 0x0000000782400000| PB 0x0000000782400000| Untracked 
|  37|0x0000000782500000, 0x0000000782500000, 0x0000000782600000|  0%| F|  |TAMS 0x0000000782500000| PB 0x0000000782500000| Untracked 
|  38|0x0000000782600000, 0x0000000782600000, 0x0000000782700000|  0%| F|  |TAMS 0x0000000782600000| PB 0x0000000782600000| Untracked 
|  39|0x0000000782700000, 0x0000000782700000, 0x0000000782800000|  0%| F|  |TAMS 0x0000000782700000| PB 0x0000000782700000| Untracked 
|  40|0x0000000782800000, 0x0000000782800000, 0x0000000782900000|  0%| F|  |TAMS 0x0000000782800000| PB 0x0000000782800000| Untracked 
|  41|0x0000000782900000, 0x0000000782900000, 0x0000000782a00000|  0%| F|  |TAMS 0x0000000782900000| PB 0x0000000782900000| Untracked 
|  42|0x0000000782a00000, 0x0000000782a00000, 0x0000000782b00000|  0%| F|  |TAMS 0x0000000782a00000| PB 0x0000000782a00000| Untracked 
|  43|0x0000000782b00000, 0x0000000782b00000, 0x0000000782c00000|  0%| F|  |TAMS 0x0000000782b00000| PB 0x0000000782b00000| Untracked 
|  44|0x0000000782c00000, 0x0000000782c00000, 0x0000000782d00000|  0%| F|  |TAMS 0x0000000782c00000| PB 0x0000000782c00000| Untracked 
|  45|0x0000000782d00000, 0x0000000782d00000, 0x0000000782e00000|  0%| F|  |TAMS 0x0000000782d00000| PB 0x0000000782d00000| Untracked 
|  46|0x0000000782e00000, 0x0000000782e00000, 0x0000000782f00000|  0%| F|  |TAMS 0x0000000782e00000| PB 0x0000000782e00000| Untracked 
|  47|0x0000000782f00000, 0x0000000782f00000, 0x0000000783000000|  0%| F|  |TAMS 0x0000000782f00000| PB 0x0000000782f00000| Untracked 
|  48|0x0000000783000000, 0x0000000783000000, 0x0000000783100000|  0%| F|  |TAMS 0x0000000783000000| PB 0x0000000783000000| Untracked 
|  49|0x0000000783100000, 0x0000000783100000, 0x0000000783200000|  0%| F|  |TAMS 0x0000000783100000| PB 0x0000000783100000| Untracked 
|  50|0x0000000783200000, 0x0000000783200000, 0x0000000783300000|  0%| F|  |TAMS 0x0000000783200000| PB 0x0000000783200000| Untracked 
|  51|0x0000000783300000, 0x0000000783300000, 0x0000000783400000|  0%| F|  |TAMS 0x0000000783300000| PB 0x0000000783300000| Untracked 
|  52|0x0000000783400000, 0x0000000783400000, 0x0000000783500000|  0%| F|  |TAMS 0x0000000783400000| PB 0x0000000783400000| Untracked 
|  53|0x0000000783500000, 0x0000000783500000, 0x0000000783600000|  0%| F|  |TAMS 0x0000000783500000| PB 0x0000000783500000| Untracked 
|  54|0x0000000783600000, 0x0000000783600000, 0x0000000783700000|  0%| F|  |TAMS 0x0000000783600000| PB 0x0000000783600000| Untracked 
|  55|0x0000000783700000, 0x0000000783700000, 0x0000000783800000|  0%| F|  |TAMS 0x0000000783700000| PB 0x0000000783700000| Untracked 
|  56|0x0000000783800000, 0x0000000783800000, 0x0000000783900000|  0%| F|  |TAMS 0x0000000783800000| PB 0x0000000783800000| Untracked 
|  57|0x0000000783900000, 0x0000000783900000, 0x0000000783a00000|  0%| F|  |TAMS 0x0000000783900000| PB 0x0000000783900000| Untracked 
|  58|0x0000000783a00000, 0x0000000783a00000, 0x0000000783b00000|  0%| F|  |TAMS 0x0000000783a00000| PB 0x0000000783a00000| Untracked 
|  59|0x0000000783b00000, 0x0000000783b00000, 0x0000000783c00000|  0%| F|  |TAMS 0x0000000783b00000| PB 0x0000000783b00000| Untracked 
|  60|0x0000000783c00000, 0x0000000783c00000, 0x0000000783d00000|  0%| F|  |TAMS 0x0000000783c00000| PB 0x0000000783c00000| Untracked 
|  61|0x0000000783d00000, 0x0000000783d00000, 0x0000000783e00000|  0%| F|  |TAMS 0x0000000783d00000| PB 0x0000000783d00000| Untracked 
|  62|0x0000000783e00000, 0x0000000783e00000, 0x0000000783f00000|  0%| F|  |TAMS 0x0000000783e00000| PB 0x0000000783e00000| Untracked 
|  63|0x0000000783f00000, 0x0000000783f00000, 0x0000000784000000|  0%| F|  |TAMS 0x0000000783f00000| PB 0x0000000783f00000| Untracked 
|  64|0x0000000784000000, 0x0000000784000000, 0x0000000784100000|  0%| F|  |TAMS 0x0000000784000000| PB 0x0000000784000000| Untracked 
|  65|0x0000000784100000, 0x0000000784100000, 0x0000000784200000|  0%| F|  |TAMS 0x0000000784100000| PB 0x0000000784100000| Untracked 
|  66|0x0000000784200000, 0x0000000784200000, 0x0000000784300000|  0%| F|  |TAMS 0x0000000784200000| PB 0x0000000784200000| Untracked 
|  67|0x0000000784300000, 0x0000000784300000, 0x0000000784400000|  0%| F|  |TAMS 0x0000000784300000| PB 0x0000000784300000| Untracked 
|  68|0x0000000784400000, 0x0000000784400000, 0x0000000784500000|  0%| F|  |TAMS 0x0000000784400000| PB 0x0000000784400000| Untracked 
|  69|0x0000000784500000, 0x0000000784500000, 0x0000000784600000|  0%| F|  |TAMS 0x0000000784500000| PB 0x0000000784500000| Untracked 
|  70|0x0000000784600000, 0x0000000784600000, 0x0000000784700000|  0%| F|  |TAMS 0x0000000784600000| PB 0x0000000784600000| Untracked 
|  71|0x0000000784700000, 0x0000000784700000, 0x0000000784800000|  0%| F|  |TAMS 0x0000000784700000| PB 0x0000000784700000| Untracked 
|  72|0x0000000784800000, 0x0000000784800000, 0x0000000784900000|  0%| F|  |TAMS 0x0000000784800000| PB 0x0000000784800000| Untracked 
|  73|0x0000000784900000, 0x0000000784900000, 0x0000000784a00000|  0%| F|  |TAMS 0x0000000784900000| PB 0x0000000784900000| Untracked 
|  74|0x0000000784a00000, 0x0000000784a00000, 0x0000000784b00000|  0%| F|  |TAMS 0x0000000784a00000| PB 0x0000000784a00000| Untracked 
|  75|0x0000000784b00000, 0x0000000784b00000, 0x0000000784c00000|  0%| F|  |TAMS 0x0000000784b00000| PB 0x0000000784b00000| Untracked 
|  76|0x0000000784c00000, 0x0000000784c00000, 0x0000000784d00000|  0%| F|  |TAMS 0x0000000784c00000| PB 0x0000000784c00000| Untracked 
|  77|0x0000000784d00000, 0x0000000784d00000, 0x0000000784e00000|  0%| F|  |TAMS 0x0000000784d00000| PB 0x0000000784d00000| Untracked 
|  78|0x0000000784e00000, 0x0000000784e00000, 0x0000000784f00000|  0%| F|  |TAMS 0x0000000784e00000| PB 0x0000000784e00000| Untracked 
|  79|0x0000000784f00000, 0x0000000784f00000, 0x0000000785000000|  0%| F|  |TAMS 0x0000000784f00000| PB 0x0000000784f00000| Untracked 
|  80|0x0000000785000000, 0x0000000785000000, 0x0000000785100000|  0%| F|  |TAMS 0x0000000785000000| PB 0x0000000785000000| Untracked 
|  81|0x0000000785100000, 0x0000000785100000, 0x0000000785200000|  0%| F|  |TAMS 0x0000000785100000| PB 0x0000000785100000| Untracked 
|  82|0x0000000785200000, 0x0000000785200000, 0x0000000785300000|  0%| F|  |TAMS 0x0000000785200000| PB 0x0000000785200000| Untracked 
|  83|0x0000000785300000, 0x0000000785300000, 0x0000000785400000|  0%| F|  |TAMS 0x0000000785300000| PB 0x0000000785300000| Untracked 
|  84|0x0000000785400000, 0x0000000785400000, 0x0000000785500000|  0%| F|  |TAMS 0x0000000785400000| PB 0x0000000785400000| Untracked 
|  85|0x0000000785500000, 0x0000000785500000, 0x0000000785600000|  0%| F|  |TAMS 0x0000000785500000| PB 0x0000000785500000| Untracked 
|  86|0x0000000785600000, 0x0000000785600000, 0x0000000785700000|  0%| F|  |TAMS 0x0000000785600000| PB 0x0000000785600000| Untracked 
|  87|0x0000000785700000, 0x0000000785700000, 0x0000000785800000|  0%| F|  |TAMS 0x0000000785700000| PB 0x0000000785700000| Untracked 
|  88|0x0000000785800000, 0x0000000785800000, 0x0000000785900000|  0%| F|  |TAMS 0x0000000785800000| PB 0x0000000785800000| Untracked 
|  89|0x0000000785900000, 0x0000000785900000, 0x0000000785a00000|  0%| F|  |TAMS 0x0000000785900000| PB 0x0000000785900000| Untracked 
|  90|0x0000000785a00000, 0x0000000785a00000, 0x0000000785b00000|  0%| F|  |TAMS 0x0000000785a00000| PB 0x0000000785a00000| Untracked 
|  91|0x0000000785b00000, 0x0000000785b00000, 0x0000000785c00000|  0%| F|  |TAMS 0x0000000785b00000| PB 0x0000000785b00000| Untracked 
|  92|0x0000000785c00000, 0x0000000785c00000, 0x0000000785d00000|  0%| F|  |TAMS 0x0000000785c00000| PB 0x0000000785c00000| Untracked 
|  93|0x0000000785d00000, 0x0000000785d00000, 0x0000000785e00000|  0%| F|  |TAMS 0x0000000785d00000| PB 0x0000000785d00000| Untracked 
|  94|0x0000000785e00000, 0x0000000785e00000, 0x0000000785f00000|  0%| F|  |TAMS 0x0000000785e00000| PB 0x0000000785e00000| Untracked 
|  95|0x0000000785f00000, 0x0000000785f00000, 0x0000000786000000|  0%| F|  |TAMS 0x0000000785f00000| PB 0x0000000785f00000| Untracked 
|  96|0x0000000786000000, 0x0000000786000000, 0x0000000786100000|  0%| F|  |TAMS 0x0000000786000000| PB 0x0000000786000000| Untracked 
|  97|0x0000000786100000, 0x0000000786100000, 0x0000000786200000|  0%| F|  |TAMS 0x0000000786100000| PB 0x0000000786100000| Untracked 
|  98|0x0000000786200000, 0x0000000786200000, 0x0000000786300000|  0%| F|  |TAMS 0x0000000786200000| PB 0x0000000786200000| Untracked 
|  99|0x0000000786300000, 0x0000000786300000, 0x0000000786400000|  0%| F|  |TAMS 0x0000000786300000| PB 0x0000000786300000| Untracked 
| 100|0x0000000786400000, 0x0000000786400000, 0x0000000786500000|  0%| F|  |TAMS 0x0000000786400000| PB 0x0000000786400000| Untracked 
| 101|0x0000000786500000, 0x0000000786500000, 0x0000000786600000|  0%| F|  |TAMS 0x0000000786500000| PB 0x0000000786500000| Untracked 
| 102|0x0000000786600000, 0x0000000786600000, 0x0000000786700000|  0%| F|  |TAMS 0x0000000786600000| PB 0x0000000786600000| Untracked 
| 103|0x0000000786700000, 0x0000000786700000, 0x0000000786800000|  0%| F|  |TAMS 0x0000000786700000| PB 0x0000000786700000| Untracked 
| 104|0x0000000786800000, 0x0000000786800000, 0x0000000786900000|  0%| F|  |TAMS 0x0000000786800000| PB 0x0000000786800000| Untracked 
| 105|0x0000000786900000, 0x0000000786900000, 0x0000000786a00000|  0%| F|  |TAMS 0x0000000786900000| PB 0x0000000786900000| Untracked 
| 106|0x0000000786a00000, 0x0000000786a00000, 0x0000000786b00000|  0%| F|  |TAMS 0x0000000786a00000| PB 0x0000000786a00000| Untracked 
| 107|0x0000000786b00000, 0x0000000786b00000, 0x0000000786c00000|  0%| F|  |TAMS 0x0000000786b00000| PB 0x0000000786b00000| Untracked 
| 108|0x0000000786c00000, 0x0000000786c00000, 0x0000000786d00000|  0%| F|  |TAMS 0x0000000786c00000| PB 0x0000000786c00000| Untracked 
| 109|0x0000000786d00000, 0x0000000786d00000, 0x0000000786e00000|  0%| F|  |TAMS 0x0000000786d00000| PB 0x0000000786d00000| Untracked 
| 110|0x0000000786e00000, 0x0000000786e00000, 0x0000000786f00000|  0%| F|  |TAMS 0x0000000786e00000| PB 0x0000000786e00000| Untracked 
| 111|0x0000000786f00000, 0x0000000786f00000, 0x0000000787000000|  0%| F|  |TAMS 0x0000000786f00000| PB 0x0000000786f00000| Untracked 
| 112|0x0000000787000000, 0x0000000787000000, 0x0000000787100000|  0%| F|  |TAMS 0x0000000787000000| PB 0x0000000787000000| Untracked 
| 113|0x0000000787100000, 0x0000000787200000, 0x0000000787200000|100%| S|  |TAMS 0x0000000787100000| PB 0x0000000787100000| Complete 
| 114|0x0000000787200000, 0x0000000787300000, 0x0000000787300000|100%| S|  |TAMS 0x0000000787200000| PB 0x0000000787200000| Complete 
| 115|0x0000000787300000, 0x00000007873e66c8, 0x0000000787400000| 90%| E|CS|TAMS 0x0000000787300000| PB 0x0000000787300000| Complete 
| 116|0x0000000787400000, 0x0000000787500000, 0x0000000787500000|100%| E|CS|TAMS 0x0000000787400000| PB 0x0000000787400000| Complete 
| 117|0x0000000787500000, 0x0000000787600000, 0x0000000787600000|100%| E|CS|TAMS 0x0000000787500000| PB 0x0000000787500000| Complete 
| 118|0x0000000787600000, 0x0000000787700000, 0x0000000787700000|100%| E|CS|TAMS 0x0000000787600000| PB 0x0000000787600000| Complete 
| 119|0x0000000787700000, 0x0000000787800000, 0x0000000787800000|100%| E|CS|TAMS 0x0000000787700000| PB 0x0000000787700000| Complete 
| 120|0x0000000787800000, 0x0000000787900000, 0x0000000787900000|100%| E|CS|TAMS 0x0000000787800000| PB 0x0000000787800000| Complete 
| 121|0x0000000787900000, 0x0000000787a00000, 0x0000000787a00000|100%| E|CS|TAMS 0x0000000787900000| PB 0x0000000787900000| Complete 
| 122|0x0000000787a00000, 0x0000000787b00000, 0x0000000787b00000|100%| E|CS|TAMS 0x0000000787a00000| PB 0x0000000787a00000| Complete 
| 123|0x0000000787b00000, 0x0000000787c00000, 0x0000000787c00000|100%| E|CS|TAMS 0x0000000787b00000| PB 0x0000000787b00000| Complete 
| 124|0x0000000787c00000, 0x0000000787d00000, 0x0000000787d00000|100%| E|CS|TAMS 0x0000000787c00000| PB 0x0000000787c00000| Complete 
| 125|0x0000000787d00000, 0x0000000787e00000, 0x0000000787e00000|100%| E|CS|TAMS 0x0000000787d00000| PB 0x0000000787d00000| Complete 
| 126|0x0000000787e00000, 0x0000000787f00000, 0x0000000787f00000|100%| E|CS|TAMS 0x0000000787e00000| PB 0x0000000787e00000| Complete 
| 127|0x0000000787f00000, 0x0000000788000000, 0x0000000788000000|100%| E|CS|TAMS 0x0000000787f00000| PB 0x0000000787f00000| Complete 
|2046|0x00000007ffe00000, 0x00000007fff00000, 0x00000007fff00000|100%| O|  |TAMS 0x00000007ffe00000| PB 0x00000007ffe00000| Untracked 
|2047|0x00000007fff00000, 0x00000007fff0acc0, 0x0000000800000000|  4%| O|  |TAMS 0x00000007fff00000| PB 0x00000007fff00000| Untracked 

Card table byte_map: [0x0000000101cc8000,0x00000001020c8000] _byte_map_base: 0x00000000fe0c8000

Marking Bits: (CMBitMap*) 0x00007fa86900c010
 Bits: [0x0000000103af5000, 0x0000000105af5000)

Polling page: 0x000000010161b000

Metaspace:

Usage:
  Non-class:      5.39 MB used.
      Class:    731.49 KB used.
       Both:      6.11 MB used.

Virtual space:
  Non-class space:       64.00 MB reserved,       5.50 MB (  9%) committed,  1 nodes.
      Class space:        1.00 GB reserved,     896.00 KB ( <1%) committed,  1 nodes.
             Both:        1.06 GB reserved,       6.38 MB ( <1%) committed. 

Chunk freelists:
   Non-Class:  10.12 MB
       Class:  15.17 MB
        Both:  25.30 MB

MaxMetaspaceSize: unlimited
CompressedClassSpaceSize: 1.00 GB
Initial GC threshold: 21.00 MB
Current GC threshold: 21.00 MB
CDS: on
 - commit_granule_bytes: 65536.
 - commit_granule_words: 8192.
 - virtual_space_node_default_size: 8388608.
 - enlarge_chunks_in_place: 1.
 - use_allocation_guard: 0.


Internal statistics:

num_allocs_failed_limit: 0.
num_arena_births: 186.
num_arena_deaths: 0.
num_vsnodes_births: 2.
num_vsnodes_deaths: 0.
num_space_committed: 102.
num_space_uncommitted: 0.
num_chunks_returned_to_freelist: 0.
num_chunks_taken_from_freelist: 299.
num_chunk_merges: 0.
num_chunk_splits: 180.
num_chunks_enlarged: 109.
num_inconsistent_stats: 0.

CodeHeap 'non-profiled nmethods': size=120032Kb used=313Kb max_used=313Kb free=119718Kb
 bounds [0x000000011b652000, 0x000000011b8c2000, 0x0000000122b8a000]
CodeHeap 'profiled nmethods': size=120028Kb used=1665Kb max_used=1665Kb free=118362Kb
 bounds [0x0000000113b8a000, 0x0000000113dfa000, 0x000000011b0c1000]
CodeHeap 'non-nmethods': size=5700Kb used=1378Kb max_used=1392Kb free=4322Kb
 bounds [0x000000011b0c1000, 0x000000011b331000, 0x000000011b652000]
 total_blobs=1495 nmethods=1000 adapters=401
 compilation: enabled
              stopped_count=0, restarted_count=0
 full_count=0

Compilation events (20 events):
Event: 1.894 Thread 0x00007fa868045400 nmethod 969 0x000000011b69ff90 code [0x000000011b6a0120, 0x000000011b6a03f8]
Event: 1.900 Thread 0x00007fa86a059a00  992       3       java.lang.Integer::parseInt (7 bytes)
Event: 1.900 Thread 0x00007fa86a059a00 nmethod 992 0x0000000113d25c10 code [0x0000000113d25da0, 0x0000000113d25ec0]
Event: 1.900 Thread 0x00007fa86a059a00  994       3       sun.security.util.ObjectIdentifier::checkOidSize (86 bytes)
Event: 1.901 Thread 0x00007fa86a059a00 nmethod 994 0x0000000113d25f90 code [0x0000000113d26280, 0x0000000113d26f40]
Event: 1.901 Thread 0x00007fa86a059a00  993       3       sun.security.util.ObjectIdentifier::checkOtherComponent (41 bytes)
Event: 1.902 Thread 0x00007fa86a059a00 nmethod 993 0x0000000113d27490 code [0x0000000113d276c0, 0x0000000113d27d48]
Event: 1.902 Thread 0x00007fa86a059a00  996       3       java.util.concurrent.locks.ReentrantLock::lock (8 bytes)
Event: 1.903 Thread 0x00007fa86a059a00 nmethod 996 0x0000000113d28010 code [0x0000000113d281e0, 0x0000000113d284d8]
Event: 1.903 Thread 0x00007fa86a059a00  997       3       java.util.concurrent.locks.ReentrantLock$Sync::lock (13 bytes)
Event: 1.903 Thread 0x00007fa86a059a00 nmethod 997 0x0000000113d28610 code [0x0000000113d287e0, 0x0000000113d28a68]
Event: 1.903 Thread 0x00007fa86a059a00  995       3       java.util.concurrent.locks.ReentrantLock$Sync::tryRelease (51 bytes)
Event: 1.903 Thread 0x00007fa86a059a00 nmethod 995 0x0000000113d28b10 code [0x0000000113d28ce0, 0x0000000113d29050]
Event: 1.903 Thread 0x00007fa86a059a00  998       3       java.util.concurrent.locks.ReentrantLock::unlock (10 bytes)
Event: 1.903 Thread 0x00007fa86a059a00 nmethod 998 0x0000000113d29110 code [0x0000000113d292c0, 0x0000000113d29598]
Event: 1.904 Thread 0x00007fa86a059a00 1000       3       sun.security.util.ObjectIdentifier::pack7Oid (83 bytes)
Event: 1.904 Thread 0x00007fa86a059a00 nmethod 1000 0x0000000113d29690 code [0x0000000113d29840, 0x0000000113d29b70]
Event: 1.904 Thread 0x00007fa86a059a00 1001       3       sun.security.util.ObjectIdentifier::pack (222 bytes)
Event: 1.905 Thread 0x00007fa86a059a00 nmethod 1001 0x0000000113d29d10 code [0x0000000113d29ee0, 0x0000000113d2a518]
Event: 1.905 Thread 0x00007fa86a059a00  999       3       sun.security.util.ObjectIdentifier::pack7Oid (42 bytes)

GC Heap History (1 events):
Event: 1.905 GC heap before
{Heap before GC invocations=0 (full 0):
 garbage-first heap   total 133120K, used 14379K [0x0000000780000000, 0x0000000800000000)
  region size 1024K, 13 young (13312K), 0 survivors (0K)
 Metaspace       used 6254K, committed 6528K, reserved 1114112K
  class space    used 731K, committed 896K, reserved 1048576K
}

Dll operation events (6 events):
Event: 0.011 Loaded shared library /Library/Java/JavaVirtualMachines/jdk-21.jdk/Contents/Home/lib/libjava.dylib
Event: 0.216 Loaded shared library /Library/Java/JavaVirtualMachines/jdk-21.jdk/Contents/Home/lib/libnio.dylib
Event: 0.223 Loaded shared library /Library/Java/JavaVirtualMachines/jdk-21.jdk/Contents/Home/lib/libzip.dylib
Event: 0.368 Loaded shared library /Library/Java/JavaVirtualMachines/jdk-21.jdk/Contents/Home/lib/libjimage.dylib
Event: 0.519 Loaded shared library /Library/Java/JavaVirtualMachines/jdk-21.jdk/Contents/Home/lib/libnet.dylib
Event: 0.529 Loaded shared library /Library/Java/JavaVirtualMachines/jdk-21.jdk/Contents/Home/lib/libextnet.dylib

Deoptimization events (20 events):
Event: 1.710 Thread 0x00007fa86800b400 Uncommon trap: trap_request=0xffffff45 fr.pc=0x000000011b68e430 relative=0x0000000000000110
Event: 1.710 Thread 0x00007fa86800b400 Uncommon trap: reason=unstable_if action=reinterpret pc=0x000000011b68e430 method=jdk.internal.org.objectweb.asm.ByteVector.putShort(I)Ljdk/internal/org/objectweb/asm/ByteVector; @ 13 c2
Event: 1.710 Thread 0x00007fa86800b400 DEOPT PACKING pc=0x000000011b68e430 sp=0x000070000e84b370
Event: 1.710 Thread 0x00007fa86800b400 DEOPT UNPACKING pc=0x000000011b114f99 sp=0x000070000e84b328 mode 2
Event: 1.722 Thread 0x00007fa86800b400 Uncommon trap: trap_request=0xffffff45 fr.pc=0x000000011b68542c relative=0x000000000000020c
Event: 1.722 Thread 0x00007fa86800b400 Uncommon trap: reason=unstable_if action=reinterpret pc=0x000000011b68542c method=java.lang.String.startsWith(Ljava/lang/String;I)Z @ 1 c2
Event: 1.722 Thread 0x00007fa86800b400 DEOPT PACKING pc=0x000000011b68542c sp=0x000070000e84c840
Event: 1.722 Thread 0x00007fa86800b400 DEOPT UNPACKING pc=0x000000011b114f99 sp=0x000070000e84c7d0 mode 2
Event: 1.797 Thread 0x00007fa86800b400 Uncommon trap: trap_request=0xffffff76 fr.pc=0x000000011b671864 relative=0x00000000000001a4
Event: 1.797 Thread 0x00007fa86800b400 Uncommon trap: reason=predicate action=maybe_recompile pc=0x000000011b671864 method=java.util.regex.Pattern$BmpCharPropertyGreedy.match(Ljava/util/regex/Matcher;ILjava/lang/CharSequence;)Z @ 12 c2
Event: 1.797 Thread 0x00007fa86800b400 DEOPT PACKING pc=0x000000011b671864 sp=0x000070000e84b490
Event: 1.797 Thread 0x00007fa86800b400 DEOPT UNPACKING pc=0x000000011b114f99 sp=0x000070000e84b468 mode 2
Event: 1.804 Thread 0x00007fa86800b400 Uncommon trap: trap_request=0xffffff45 fr.pc=0x000000011b673128 relative=0x00000000000005a8
Event: 1.804 Thread 0x00007fa86800b400 Uncommon trap: reason=unstable_if action=reinterpret pc=0x000000011b673128 method=java.util.regex.Matcher.search(I)Z @ 30 c2
Event: 1.804 Thread 0x00007fa86800b400 DEOPT PACKING pc=0x000000011b673128 sp=0x000070000e84b970
Event: 1.804 Thread 0x00007fa86800b400 DEOPT UNPACKING pc=0x000000011b114f99 sp=0x000070000e84b960 mode 2
Event: 1.868 Thread 0x00007fa86800b400 Uncommon trap: trap_request=0xffffff45 fr.pc=0x000000011b69c1f0 relative=0x0000000000000070
Event: 1.868 Thread 0x00007fa86800b400 Uncommon trap: reason=unstable_if action=reinterpret pc=0x000000011b69c1f0 method=java.lang.CharacterDataLatin1.toLowerCase(I)I @ 16 c2
Event: 1.868 Thread 0x00007fa86800b400 DEOPT PACKING pc=0x000000011b69c1f0 sp=0x000070000e84bf50
Event: 1.868 Thread 0x00007fa86800b400 DEOPT UNPACKING pc=0x000000011b114f99 sp=0x000070000e84bf00 mode 2

Classes loaded (20 events):
Event: 1.896 Loading class sun/security/pkcs12/PKCS12KeyStore$DualFormatPKCS12
Event: 1.896 Loading class sun/security/util/KeyStoreDelegator
Event: 1.896 Loading class sun/security/util/KeyStoreDelegator done
Event: 1.896 Loading class sun/security/pkcs12/PKCS12KeyStore$DualFormatPKCS12 done
Event: 1.897 Loading class sun/security/pkcs12/PKCS12KeyStore
Event: 1.897 Loading class sun/security/pkcs12/PKCS12KeyStore done
Event: 1.898 Loading class sun/security/provider/JavaKeyStore$JKS
Event: 1.898 Loading class sun/security/provider/JavaKeyStore
Event: 1.898 Loading class sun/security/provider/JavaKeyStore done
Event: 1.898 Loading class sun/security/provider/JavaKeyStore$JKS done
Event: 1.899 Loading class sun/security/action/OpenFileInputStreamAction
Event: 1.899 Loading class sun/security/action/OpenFileInputStreamAction done
Event: 1.900 Loading class sun/security/util/DerValue
Event: 1.901 Loading class sun/security/util/DerValue done
Event: 1.901 Loading class sun/security/util/DerInputStream
Event: 1.902 Loading class sun/security/util/DerInputStream done
Event: 1.902 Loading class sun/security/util/IOUtils
Event: 1.902 Loading class sun/security/util/IOUtils done
Event: 1.903 Loading class sun/security/pkcs/ContentInfo
Event: 1.903 Loading class sun/security/pkcs/ContentInfo done

Classes unloaded (0 events):
No events

Classes redefined (0 events):
No events

Internal exceptions (20 events):
Event: 1.586 Thread 0x00007fa86800b400 Exception <a 'java/lang/NoSuchMethodError'{0x00000007878ae608}: 'java.lang.Object java.lang.invoke.DirectMethodHandle$Holder.invokeInterface(java.lang.Object, java.lang.Object)'> (0x00000007878ae608) 
thrown [open/src/hotspot/share/interpreter/linkResolver.cpp, line 773]
Event: 1.656 Thread 0x00007fa86800b400 Exception <a 'java/lang/NoSuchMethodError'{0x0000000787789570}: 'java.lang.Object java.lang.invoke.DirectMethodHandle$Holder.invokeStaticInit(java.lang.Object, java.lang.Object, int)'> (0x0000000787789570) 
thrown [open/src/hotspot/share/interpreter/linkResolver.cpp, line 773]
Event: 1.657 Thread 0x00007fa86800b400 Exception <a 'java/lang/NoSuchMethodError'{0x000000078778f380}: 'int java.lang.invoke.DirectMethodHandle$Holder.invokeStaticInit(java.lang.Object, java.lang.Object, java.lang.Object)'> (0x000000078778f380) 
thrown [open/src/hotspot/share/interpreter/linkResolver.cpp, line 773]
Event: 1.660 Thread 0x00007fa86800b400 Exception <a 'java/lang/NoSuchMethodError'{0x000000078779d5a0}: 'int java.lang.invoke.DirectMethodHandle$Holder.invokeSpecial(java.lang.Object, java.lang.Object, java.lang.Object)'> (0x000000078779d5a0) 
thrown [open/src/hotspot/share/interpreter/linkResolver.cpp, line 773]
Event: 1.661 Thread 0x00007fa86800b400 Exception <a 'java/lang/NoSuchMethodError'{0x00000007877a4aa8}: 'int java.lang.invoke.DirectMethodHandle$Holder.invokeSpecialIFC(java.lang.Object, java.lang.Object, java.lang.Object)'> (0x00000007877a4aa8) 
thrown [open/src/hotspot/share/interpreter/linkResolver.cpp, line 773]
Event: 1.675 Thread 0x00007fa86800b400 Exception <a 'java/lang/NoSuchMethodError'{0x00000007877ca7a0}: 'java.lang.Object java.lang.invoke.DirectMethodHandle$Holder.invokeStaticInit(java.lang.Object, java.lang.Object, java.lang.Object, java.lang.Object, java.lang.Object, java.lang.Object, java.lang.Object)'> (0x00000007877ca7a0) 
thrown [open/src/hotspot/share/interpreter/linkResolver.cpp, line 773]
Event: 1.677 Thread 0x00007fa86800b400 Exception <a 'java/lang/NoSuchMethodError'{0x00000007877d3180}: 'java.lang.Object java.lang.invoke.Invokers$Holder.invoke_MT(java.lang.Object, java.lang.Object, java.lang.Object, java.lang.Object, java.lang.Object, java.lang.Object, java.lang.Object, java.lang.Object, java.lang.Object, java.lang.Object)'> (0x00000007877d3180) 
thrown [open/src/hotspot/share/interpreter/linkResolver.cpp, line 773]
Event: 1.683 Thread 0x00007fa86800b400 Exception <a 'java/lang/NoSuchMethodError'{0x00000007877e6bd8}: 'void java.lang.invoke.DelegatingMethodHandle$Holder.delegate(java.lang.Object, java.lang.Object, int, java.lang.Object)'> (0x00000007877e6bd8) 
thrown [open/src/hotspot/share/interpreter/linkResolver.cpp, line 773]
Event: 1.689 Thread 0x00007fa86800b400 Exception <a 'java/lang/NoSuchMethodError'{0x0000000787606ab0}: 'int java.lang.invoke.DirectMethodHandle$Holder.invokeVirtual(java.lang.Object, java.lang.Object, java.lang.Object)'> (0x0000000787606ab0) 
thrown [open/src/hotspot/share/interpreter/linkResolver.cpp, line 773]
Event: 1.690 Thread 0x00007fa86800b400 Exception <a 'java/lang/NoSuchMethodError'{0x000000078760acb0}: 'int java.lang.invoke.DirectMethodHandle$Holder.invokeStaticInit(java.lang.Object, int, int)'> (0x000000078760acb0) 
thrown [open/src/hotspot/share/interpreter/linkResolver.cpp, line 773]
Event: 1.691 Thread 0x00007fa86800b400 Exception <a 'java/lang/NoSuchMethodError'{0x0000000787611f98}: 'int java.lang.invoke.DirectMethodHandle$Holder.invokeStaticInit(java.lang.Object, long, long)'> (0x0000000787611f98) 
thrown [open/src/hotspot/share/interpreter/linkResolver.cpp, line 773]
Event: 1.693 Thread 0x00007fa86800b400 Exception <a 'java/lang/NoSuchMethodError'{0x00000007876188d0}: 'int java.lang.invoke.DirectMethodHandle$Holder.invokeStaticInit(java.lang.Object, float, float)'> (0x00000007876188d0) 
thrown [open/src/hotspot/share/interpreter/linkResolver.cpp, line 773]
Event: 1.694 Thread 0x00007fa86800b400 Exception <a 'java/lang/NoSuchMethodError'{0x000000078761f200}: 'int java.lang.invoke.DirectMethodHandle$Holder.invokeStaticInit(java.lang.Object, double, double)'> (0x000000078761f200) 
thrown [open/src/hotspot/share/interpreter/linkResolver.cpp, line 773]
Event: 1.695 Thread 0x00007fa86800b400 Exception <a 'java/lang/NoSuchMethodError'{0x00000007876235b0}: 'int java.lang.invoke.DirectMethodHandle$Holder.invokeStatic(java.lang.Object, long)'> (0x00000007876235b0) 
thrown [open/src/hotspot/share/interpreter/linkResolver.cpp, line 773]
Event: 1.704 Thread 0x00007fa86800b400 Exception <a 'java/lang/NoSuchMethodError'{0x0000000787636d48}: 'int java.lang.invoke.DirectMethodHandle$Holder.invokeSpecial(java.lang.Object, java.lang.Object, java.lang.Object, java.lang.Object)'> (0x0000000787636d48) 
thrown [open/src/hotspot/share/interpreter/linkResolver.cpp, line 773]
Event: 1.707 Thread 0x00007fa86800b400 Exception <a 'java/lang/NoSuchMethodError'{0x000000078764b2d0}: 'java.lang.Object java.lang.invoke.DirectMethodHandle$Holder.invokeSpecial(java.lang.Object, java.lang.Object, int, java.lang.Object, java.lang.Object)'> (0x000000078764b2d0) 
thrown [open/src/hotspot/share/interpreter/linkResolver.cpp, line 773]
Event: 1.707 Thread 0x00007fa86800b400 Exception <a 'java/lang/NoSuchMethodError'{0x000000078764ec50}: 'java.lang.Object java.lang.invoke.DelegatingMethodHandle$Holder.delegate(java.lang.Object, int, java.lang.Object, java.lang.Object)'> (0x000000078764ec50) 
thrown [open/src/hotspot/share/interpreter/linkResolver.cpp, line 773]
Event: 1.710 Thread 0x00007fa86800b400 Exception <a 'java/lang/NoSuchMethodError'{0x000000078765df60}: 'int java.lang.invoke.Invokers$Holder.linkToTargetMethod(java.lang.Object, java.lang.Object, java.lang.Object)'> (0x000000078765df60) 
thrown [open/src/hotspot/share/interpreter/linkResolver.cpp, line 773]
Event: 1.715 Thread 0x00007fa86800b400 Exception <a 'java/lang/NoSuchMethodError'{0x000000078766caf8}: 'long java.lang.invoke.DirectMethodHandle$Holder.invokeSpecial(java.lang.Object, java.lang.Object)'> (0x000000078766caf8) 
thrown [open/src/hotspot/share/interpreter/linkResolver.cpp, line 773]
Event: 1.716 Thread 0x00007fa86800b400 Exception <a 'java/lang/NoSuchMethodError'{0x00000007876731e8}: 'java.lang.Object java.lang.invoke.Invokers$Holder.invokeExact_MT(java.lang.Object, java.lang.Object, java.lang.Object, java.lang.Object, java.lang.Object, java.lang.Object)'> (0x00000007876731e8) 
thrown [open/src/hotspot/share/interpreter/linkResolver.cpp, line 773]

ZGC Phase Switch (0 events):
No events

VM Operations (15 events):
Event: 0.523 Executing VM operation: HandshakeAllThreads (Deoptimize)
Event: 0.523 Executing VM operation: HandshakeAllThreads (Deoptimize) done
Event: 0.799 Executing VM operation: HandshakeAllThreads (Deoptimize)
Event: 0.799 Executing VM operation: HandshakeAllThreads (Deoptimize) done
Event: 1.481 Executing VM operation: HandshakeAllThreads (Deoptimize)
Event: 1.481 Executing VM operation: HandshakeAllThreads (Deoptimize) done
Event: 1.481 Executing VM operation: Cleanup
Event: 1.481 Executing VM operation: Cleanup done
Event: 1.599 Executing VM operation: HandshakeAllThreads (Deoptimize)
Event: 1.599 Executing VM operation: HandshakeAllThreads (Deoptimize) done
Event: 1.678 Executing VM operation: HandshakeAllThreads (Deoptimize)
Event: 1.678 Executing VM operation: HandshakeAllThreads (Deoptimize) done
Event: 1.684 Executing VM operation: HandshakeAllThreads (Deoptimize)
Event: 1.684 Executing VM operation: HandshakeAllThreads (Deoptimize) done
Event: 1.905 Executing VM operation: G1CollectForAllocation (G1 Evacuation Pause)

Events (20 events):
Event: 0.144 Thread 0x00007fa868038e00 Thread added: 0x00007fa868038e00
Event: 0.144 Protecting memory [0x000070000f3f8000,0x000070000f3fc000] with protection modes 0
Event: 0.144 Thread 0x00007fa868044c00 Thread added: 0x00007fa868044c00
Event: 0.144 Protecting memory [0x000070000f4fb000,0x000070000f4ff000] with protection modes 0
Event: 0.144 Thread 0x00007fa868045400 Thread added: 0x00007fa868045400
Event: 0.144 Protecting memory [0x000070000f5fe000,0x000070000f602000] with protection modes 0
Event: 0.175 Thread 0x00007fa86a059a00 Thread added: 0x00007fa86a059a00
Event: 0.175 Protecting memory [0x000070000f701000,0x000070000f705000] with protection modes 0
Event: 0.201 Thread 0x00007fa86984ea00 Thread added: 0x00007fa86984ea00
Event: 0.201 Protecting memory [0x000070000f804000,0x000070000f808000] with protection modes 0
Event: 0.204 Thread 0x00007fa86803cc00 Thread added: 0x00007fa86803cc00
Event: 0.204 Protecting memory [0x000070000f907000,0x000070000f90b000] with protection modes 0
Event: 0.960 Thread 0x00007fa86a0fea00 Thread added: 0x00007fa86a0fea00
Event: 0.960 Protecting memory [0x000070000fa0a000,0x000070000fa0e000] with protection modes 0
Event: 0.992 Thread 0x00007fa86993e400 Thread added: 0x00007fa86993e400
Event: 0.993 Protecting memory [0x000070000fa31000,0x000070000fa35000] with protection modes 0
Event: 1.479 Protecting memory [0x000070000fa31000,0x000070000fa35000] with protection modes 3
Event: 1.479 Thread 0x00007fa86993e400 Thread exited: 0x00007fa86993e400
Event: 1.606 Thread 0x00007fa8681b7c00 Thread added: 0x00007fa8681b7c00
Event: 1.606 Protecting memory [0x000070000fa31000,0x000070000fa35000] with protection modes 0


Dynamic libraries:
0x000000010161d000 	/Library/Java/JavaVirtualMachines/jdk-21.jdk/Contents/Home/lib/libjli.dylib
0x00007ff80ea05000 	/usr/lib/libz.1.dylib
0x00007ff80eae5000 	/usr/lib/libSystem.B.dylib
0x00007ff80eae0000 	/usr/lib/system/libcache.dylib
0x00007ff80ea9c000 	/usr/lib/system/libcommonCrypto.dylib
0x00007ff80eac5000 	/usr/lib/system/libcompiler_rt.dylib
0x00007ff80eabb000 	/usr/lib/system/libcopyfile.dylib
0x00007ff803a6e000 	/usr/lib/system/libcorecrypto.dylib
0x00007ff803b2c000 	/usr/lib/system/libdispatch.dylib
0x00007ff803ced000 	/usr/lib/system/libdyld.dylib
0x00007ff80ead7000 	/usr/lib/system/libkeymgr.dylib
0x00007ff80ea7a000 	/usr/lib/system/libmacho.dylib
0x00007ff80e0fb000 	/usr/lib/system/libquarantine.dylib
0x00007ff80ead5000 	/usr/lib/system/libremovefile.dylib
0x00007ff808c86000 	/usr/lib/system/libsystem_asl.dylib
0x00007ff803a17000 	/usr/lib/system/libsystem_blocks.dylib
0x00007ff803bb1000 	/usr/lib/system/libsystem_c.dylib
0x00007ff80eacd000 	/usr/lib/system/libsystem_collections.dylib
0x00007ff80d3af000 	/usr/lib/system/libsystem_configuration.dylib
0x00007ff80c658000 	/usr/lib/system/libsystem_containermanager.dylib
0x00007ff80e7b2000 	/usr/lib/system/libsystem_coreservices.dylib
0x00007ff806324000 	/usr/lib/system/libsystem_darwin.dylib
0x00007ff80ead8000 	/usr/lib/system/libsystem_dnssd.dylib
0x00007ff803bae000 	/usr/lib/system/libsystem_featureflags.dylib
0x00007ff803d03000 	/usr/lib/system/libsystem_info.dylib
0x00007ff80ea18000 	/usr/lib/system/libsystem_m.dylib
0x00007ff803b00000 	/usr/lib/system/libsystem_malloc.dylib
0x00007ff808c21000 	/usr/lib/system/libsystem_networkextension.dylib
0x00007ff80674e000 	/usr/lib/system/libsystem_notify.dylib
0x00007ff814d5c000 	/usr/lib/system/libsystem_product_info_filter.dylib
0x00007ff80d3b3000 	/usr/lib/system/libsystem_sandbox.dylib
0x00007ff80ead2000 	/usr/lib/system/libsystem_secinit.dylib
0x00007ff803ca9000 	/usr/lib/system/libsystem_kernel.dylib
0x00007ff803cf9000 	/usr/lib/system/libsystem_platform.dylib
0x00007ff803ce1000 	/usr/lib/system/libsystem_pthread.dylib
0x00007ff80a4d4000 	/usr/lib/system/libsystem_symptoms.dylib
0x00007ff803a55000 	/usr/lib/system/libsystem_trace.dylib
0x00007ff80eaa8000 	/usr/lib/system/libunwind.dylib
0x00007ff803a19000 	/usr/lib/system/libxpc.dylib
0x00007ff803c93000 	/usr/lib/libc++abi.dylib
0x00007ff803b73000 	/usr/lib/libobjc.A.dylib
0x00007ff80eab3000 	/usr/lib/liboah.dylib
0x00007ff803c3a000 	/usr/lib/libc++.1.dylib
0x00007ff81ab79000 	/System/Library/Frameworks/Cocoa.framework/Versions/A/Cocoa
0x00007ff8067ac000 	/System/Library/Frameworks/AppKit.framework/Versions/C/AppKit
0x00007ff809cc2000 	/System/Library/Frameworks/CoreData.framework/Versions/A/CoreData
0x00007ff804bab000 	/System/Library/Frameworks/Foundation.framework/Versions/C/Foundation
0x00007ff80763c000 	/System/Library/PrivateFrameworks/UIFoundation.framework/Versions/A/UIFoundation
0x00007ff814a5f000 	/System/Library/PrivateFrameworks/RemoteViewServices.framework/Versions/A/RemoteViewServices
0x00007ff80cd38000 	/System/Library/PrivateFrameworks/XCTTargetBootstrap.framework/Versions/A/XCTTargetBootstrap
0x00007ff8108f5000 	/System/Library/PrivateFrameworks/InternationalSupport.framework/Versions/A/InternationalSupport
0x00007ff81097f000 	/System/Library/PrivateFrameworks/UserActivity.framework/Versions/A/UserActivity
0x00007ff80fccd000 	/usr/lib/libspindump.dylib
0x00007ff8078cb000 	/System/Library/Frameworks/UniformTypeIdentifiers.framework/Versions/A/UniformTypeIdentifiers
0x00007ff80b45d000 	/usr/lib/libapp_launch_measurement.dylib
0x00007ff80a694000 	/System/Library/PrivateFrameworks/CoreAnalytics.framework/Versions/A/CoreAnalytics
0x00007ff80b460000 	/System/Library/PrivateFrameworks/CoreAutoLayout.framework/Versions/A/CoreAutoLayout
0x00007ff80c690000 	/System/Library/Frameworks/Metal.framework/Versions/A/Metal
0x00007ff80d3bf000 	/usr/lib/liblangid.dylib
0x00007ff80cd3d000 	/System/Library/PrivateFrameworks/CoreSVG.framework/Versions/A/CoreSVG
0x00007ff808cb6000 	/System/Library/PrivateFrameworks/SkyLight.framework/Versions/A/SkyLight
0x00007ff809055000 	/System/Library/Frameworks/CoreGraphics.framework/Versions/A/CoreGraphics
0x00007ff815121000 	/System/Library/Frameworks/Accelerate.framework/Versions/A/Accelerate
0x00007ff80f74c000 	/System/Library/PrivateFrameworks/IconServices.framework/Versions/A/IconServices
0x00007ff80c675000 	/System/Library/Frameworks/IOSurface.framework/Versions/A/IOSurface
0x00007ff80a6c2000 	/usr/lib/libDiagnosticMessagesClient.dylib
0x00007ff81881d000 	/System/Library/Frameworks/ApplicationServices.framework/Versions/A/ApplicationServices
0x00007ff80cd24000 	/System/Library/PrivateFrameworks/DFRFoundation.framework/Versions/A/DFRFoundation
0x00007ff806090000 	/usr/lib/libicucore.A.dylib
0x00007ff8116eb000 	/System/Library/Frameworks/AudioToolbox.framework/Versions/A/AudioToolbox
0x00007ff810901000 	/System/Library/PrivateFrameworks/DataDetectorsCore.framework/Versions/A/DataDetectorsCore
0x00007ff90ce05000 	/System/Library/PrivateFrameworks/TextInput.framework/Versions/A/TextInput
0x00007ff808c39000 	/usr/lib/libMobileGestalt.dylib
0x00007ff80ca30000 	/System/Library/Frameworks/Carbon.framework/Versions/A/Frameworks/HIToolbox.framework/Versions/A/HIToolbox
0x00007ff80ae5f000 	/System/Library/Frameworks/QuartzCore.framework/Versions/A/QuartzCore
0x00007ff805d35000 	/System/Library/Frameworks/Security.framework/Versions/A/Security
0x00007ff814a97000 	/System/Library/Frameworks/Carbon.framework/Versions/A/Frameworks/SpeechRecognition.framework/Versions/A/SpeechRecognition
0x00007ff80b1bd000 	/System/Library/PrivateFrameworks/CoreUI.framework/Versions/A/CoreUI
0x00007ff8055ff000 	/System/Library/Frameworks/CoreAudio.framework/Versions/A/CoreAudio
0x00007ff80a7b1000 	/System/Library/Frameworks/DiskArbitration.framework/Versions/A/DiskArbitration
0x00007ff8100be000 	/System/Library/PrivateFrameworks/MultitouchSupport.framework/Versions/A/MultitouchSupport
0x00007ff808c38000 	/usr/lib/libenergytrace.dylib
0x00007ff806694000 	/System/Library/Frameworks/IOKit.framework/Versions/A/IOKit
0x00007ff814e89000 	/System/Library/Frameworks/CoreServices.framework/Versions/A/CoreServices
0x00007ff80b3f7000 	/System/Library/PrivateFrameworks/PerformanceAnalysis.framework/Versions/A/PerformanceAnalysis
0x00007ffa1cad3000 	/System/Library/Frameworks/OpenGL.framework/Versions/A/OpenGL
0x00007ff80e021000 	/System/Library/PrivateFrameworks/MobileKeyBag.framework/Versions/A/MobileKeyBag
0x00007ff809721000 	/System/Library/Frameworks/ColorSync.framework/Versions/A/ColorSync
0x00007ff803d2e000 	/System/Library/Frameworks/CoreFoundation.framework/Versions/A/CoreFoundation
0x00007ff80cfb5000 	/System/Library/Frameworks/CoreImage.framework/Versions/A/CoreImage
0x00007ff805413000 	/System/Library/Frameworks/CoreText.framework/Versions/A/CoreText
0x00007ff80cd6d000 	/System/Library/Frameworks/ImageIO.framework/Versions/A/ImageIO
0x00007ff80eaeb000 	/System/Library/PrivateFrameworks/SoftLinking.framework/Versions/A/SoftLinking
0x00007ff80b4a8000 	/usr/lib/libxml2.2.dylib
0x00007ff80ed6f000 	/usr/lib/libcompression.dylib
0x00007ff810828000 	/System/Library/PrivateFrameworks/TextureIO.framework/Versions/A/TextureIO
0x00007ff80f45d000 	/usr/lib/libate.dylib
0x00007ff80f239000 	/usr/lib/liblzma.5.dylib
0x00007ff8048bd000 	/System/Library/Frameworks/SystemConfiguration.framework/Versions/A/SystemConfiguration
0x00007ff80eae7000 	/usr/lib/libfakelink.dylib
0x00007ff808792000 	/System/Library/Frameworks/CFNetwork.framework/Versions/A/CFNetwork
0x00007ff80ec28000 	/usr/lib/libarchive.2.dylib
0x00007ff80d3bb000 	/System/Library/PrivateFrameworks/AppleSystemInfo.framework/Versions/A/AppleSystemInfo
0x00007ff80e122000 	/usr/lib/libbsm.0.dylib
0x00007ff807da1000 	/usr/lib/libnetwork.dylib
0x00007ff80ea80000 	/usr/lib/system/libkxld.dylib
0x00007ff80dd55000 	/System/Library/PrivateFrameworks/IOMobileFramebuffer.framework/Versions/A/IOMobileFramebuffer
0x00007ffb1c489000 	/usr/lib/libCoreEntitlements.dylib
0x00007ff80e794000 	/System/Library/PrivateFrameworks/AppleFSCompression.framework/Versions/A/AppleFSCompression
0x00007ff80e10a000 	/usr/lib/libcoretls.dylib
0x00007ff80f253000 	/usr/lib/libcoretls_cfhelpers.dylib
0x00007ff80ed69000 	/usr/lib/libpam.2.dylib
0x00007ff80a0f3000 	/usr/lib/libsqlite3.dylib
0x00007ff80f2c2000 	/usr/lib/libxar.1.dylib
0x00007ff80e7a4000 	/usr/lib/libbz2.1.0.dylib
0x00007ff80eaec000 	/usr/lib/libpcap.A.dylib
0x00007ff80a4cc000 	/usr/lib/libdns_services.dylib
0x00007ff80ed39000 	/usr/lib/libapple_nghttp2.dylib
0x00007ff80eb26000 	/usr/lib/libiconv.2.dylib
0x00007ff80ea79000 	/usr/lib/libcharset.1.dylib
0x00007ff80b42b000 	/System/Library/Frameworks/CoreServices.framework/Versions/A/Frameworks/FSEvents.framework/Versions/A/FSEvents
0x00007ff80632e000 	/System/Library/Frameworks/CoreServices.framework/Versions/A/Frameworks/CarbonCore.framework/Versions/A/CarbonCore
0x00007ff80a715000 	/System/Library/Frameworks/CoreServices.framework/Versions/A/Frameworks/Metadata.framework/Versions/A/Metadata
0x00007ff80e7b7000 	/System/Library/Frameworks/CoreServices.framework/Versions/A/Frameworks/OSServices.framework/Versions/A/OSServices
0x00007ff80ecae000 	/System/Library/Frameworks/CoreServices.framework/Versions/A/Frameworks/SearchKit.framework/Versions/A/SearchKit
0x00007ff80a45e000 	/System/Library/Frameworks/CoreServices.framework/Versions/A/Frameworks/AE.framework/Versions/A/AE
0x00007ff804231000 	/System/Library/Frameworks/CoreServices.framework/Versions/A/Frameworks/LaunchServices.framework/Versions/A/LaunchServices
0x00007ff80f1ea000 	/System/Library/Frameworks/CoreServices.framework/Versions/A/Frameworks/DictionaryServices.framework/Versions/A/DictionaryServices
0x00007ff80b438000 	/System/Library/Frameworks/CoreServices.framework/Versions/A/Frameworks/SharedFileList.framework/Versions/A/SharedFileList
0x00007ff80e0fe000 	/usr/lib/libCheckFix.dylib
0x00007ff808c9d000 	/System/Library/PrivateFrameworks/TCC.framework/Versions/A/TCC
0x00007ff80d3c1000 	/System/Library/PrivateFrameworks/CoreNLP.framework/Versions/A/CoreNLP
0x00007ff80a6c5000 	/System/Library/PrivateFrameworks/MetadataUtilities.framework/Versions/A/MetadataUtilities
0x00007ff80496e000 	/usr/lib/libmecabra.dylib
0x00007ff80e132000 	/usr/lib/libmecab.dylib
0x00007ff804939000 	/usr/lib/libCRFSuite.dylib
0x00007ff80e18c000 	/usr/lib/libgermantok.dylib
0x00007ff80ed14000 	/usr/lib/libThaiTokenizer.dylib
0x00007ff80a7b8000 	/System/Library/Frameworks/Accelerate.framework/Versions/A/Frameworks/vImage.framework/Versions/A/vImage
0x00007ff814e60000 	/System/Library/Frameworks/Accelerate.framework/Versions/A/Frameworks/vecLib.framework/Versions/A/vecLib
0x00007ff80f303000 	/System/Library/Frameworks/Accelerate.framework/Versions/A/Frameworks/vecLib.framework/Versions/A/libvMisc.dylib
0x00007ff80db80000 	/System/Library/Frameworks/Accelerate.framework/Versions/A/Frameworks/vecLib.framework/Versions/A/libvDSP.dylib
0x00007ff8045ad000 	/System/Library/Frameworks/Accelerate.framework/Versions/A/Frameworks/vecLib.framework/Versions/A/libBLAS.dylib
0x00007ff80ee4c000 	/System/Library/Frameworks/Accelerate.framework/Versions/A/Frameworks/vecLib.framework/Versions/A/libLAPACK.dylib
0x00007ff80e18f000 	/System/Library/Frameworks/Accelerate.framework/Versions/A/Frameworks/vecLib.framework/Versions/A/libLinearAlgebra.dylib
0x00007ff80ed51000 	/System/Library/Frameworks/Accelerate.framework/Versions/A/Frameworks/vecLib.framework/Versions/A/libSparseBLAS.dylib
0x00007ff80ee46000 	/System/Library/Frameworks/Accelerate.framework/Versions/A/Frameworks/vecLib.framework/Versions/A/libQuadrature.dylib
0x00007ff80d4ac000 	/System/Library/Frameworks/Accelerate.framework/Versions/A/Frameworks/vecLib.framework/Versions/A/libBNNS.dylib
0x00007ff804847000 	/System/Library/Frameworks/Accelerate.framework/Versions/A/Frameworks/vecLib.framework/Versions/A/libSparse.dylib
0x00007ff80d4a5000 	/System/Library/PrivateFrameworks/LinguisticData.framework/Versions/A/LinguisticData
0x00007ff8047fd000 	/System/Library/PrivateFrameworks/Lexicon.framework/Versions/A/Lexicon
0x00007ff80f2fc000 	/usr/lib/libChineseTokenizer.dylib
0x00007ff804f68000 	/System/Library/PrivateFrameworks/LanguageModeling.framework/Versions/A/LanguageModeling
0x00007ff80ed16000 	/System/Library/PrivateFrameworks/AppleSauce.framework/Versions/A/AppleSauce
0x00007ff80dd43000 	/System/Library/PrivateFrameworks/CoreEmoji.framework/Versions/A/CoreEmoji
0x00007ff80ec17000 	/usr/lib/libcmph.dylib
0x00007ff80b40f000 	/System/Library/Frameworks/OpenDirectory.framework/Versions/A/Frameworks/CFOpenDirectory.framework/Versions/A/CFOpenDirectory
0x00007ff80b403000 	/System/Library/Frameworks/OpenDirectory.framework/Versions/A/OpenDirectory
0x00007ff80f255000 	/System/Library/PrivateFrameworks/APFS.framework/Versions/A/APFS
0x00007ff80e059000 	/System/Library/Frameworks/SecurityFoundation.framework/Versions/A/SecurityFoundation
0x00007ff80f2d0000 	/usr/lib/libutil.dylib
0x00007ff806658000 	/System/Library/PrivateFrameworks/CoreServicesStore.framework/Versions/A/CoreServicesStore
0x00007ff80f2d4000 	/usr/lib/libxslt.1.dylib
0x00007ff80e0e6000 	/System/Library/PrivateFrameworks/BackgroundTaskManagement.framework/Versions/A/BackgroundTaskManagement
0x00007ff810748000 	/System/Library/Frameworks/ImageIO.framework/Versions/A/Resources/libRadiance.dylib
0x00007ff810751000 	/System/Library/Frameworks/ImageIO.framework/Versions/A/Resources/libJPEG.dylib
0x00007ff81069d000 	/System/Library/Frameworks/ImageIO.framework/Versions/A/Resources/libPng.dylib
0x00007ff8106be000 	/System/Library/Frameworks/ImageIO.framework/Versions/A/Resources/libTIFF.dylib
0x00007ff8107b1000 	/System/Library/Frameworks/ImageIO.framework/Versions/A/Resources/libGIF.dylib
0x00007ff80ffd7000 	/System/Library/Frameworks/ImageIO.framework/Versions/A/Resources/libJP2.dylib
0x00007ff80f712000 	/usr/lib/libexpat.1.dylib
0x00007ff80ff8c000 	/System/Library/PrivateFrameworks/AppleJPEG.framework/Versions/A/AppleJPEG
0x00007ff80c8f5000 	/System/Library/PrivateFrameworks/FontServices.framework/libFontParser.dylib
0x00007ff80a408000 	/System/Library/PrivateFrameworks/RunningBoardServices.framework/Versions/A/RunningBoardServices
0x00007ff81b134000 	/System/Library/PrivateFrameworks/IOSurfaceAccelerator.framework/Versions/A/IOSurfaceAccelerator
0x00007ff8100ba000 	/System/Library/PrivateFrameworks/WatchdogClient.framework/Versions/A/WatchdogClient
0x00007ff805056000 	/System/Library/Frameworks/CoreDisplay.framework/Versions/A/CoreDisplay
0x00007ff80c7f3000 	/System/Library/Frameworks/CoreMedia.framework/Versions/A/CoreMedia
0x00007ff80c687000 	/System/Library/PrivateFrameworks/IOAccelerator.framework/Versions/A/IOAccelerator
0x00007ff80b58c000 	/System/Library/Frameworks/CoreVideo.framework/Versions/A/CoreVideo
0x00007ff80ed67000 	/System/Library/Frameworks/MetalPerformanceShaders.framework/Versions/A/MetalPerformanceShaders
0x00007ff8100f7000 	/System/Library/Frameworks/VideoToolbox.framework/Versions/A/VideoToolbox
0x00007ff80a352000 	/System/Library/PrivateFrameworks/BaseBoard.framework/Versions/A/BaseBoard
0x00007ff80a0d9000 	/System/Library/PrivateFrameworks/ProtocolBuffer.framework/Versions/A/ProtocolBuffer
0x00007ff810741000 	/System/Library/PrivateFrameworks/GPUWrangler.framework/Versions/A/GPUWrangler
0x00007ff810725000 	/System/Library/PrivateFrameworks/IOPresentment.framework/Versions/A/IOPresentment
0x00007ff81074b000 	/System/Library/PrivateFrameworks/DSExternalDisplay.framework/Versions/A/DSExternalDisplay
0x00007ffa1cac7000 	/System/Library/Frameworks/OpenGL.framework/Versions/A/Libraries/libCoreFSCache.dylib
0x00007ffb09b9c000 	/System/Library/PrivateFrameworks/GPUCompiler.framework/Versions/31001/Libraries/libGPUCompilerUtils.dylib
0x00007ff8107b6000 	/System/Library/PrivateFrameworks/CMCaptureCore.framework/Versions/A/CMCaptureCore
0x00007ff80fcbb000 	/System/Library/PrivateFrameworks/AppServerSupport.framework/Versions/A/AppServerSupport
0x00007ff811f84000 	/System/Library/PrivateFrameworks/perfdata.framework/Versions/A/perfdata
0x00007ff805182000 	/System/Library/PrivateFrameworks/AudioToolboxCore.framework/Versions/A/AudioToolboxCore
0x00007ff80c7d1000 	/System/Library/PrivateFrameworks/caulk.framework/Versions/A/caulk
0x00007ff811896000 	/usr/lib/libAudioStatistics.dylib
0x00007ff90958a000 	/System/Library/PrivateFrameworks/SystemPolicy.framework/Versions/A/SystemPolicy
0x00007ff811af1000 	/usr/lib/libSMC.dylib
0x00007ff81aa2c000 	/System/Library/Frameworks/CoreMIDI.framework/Versions/A/CoreMIDI
0x00007ff81066c000 	/usr/lib/libAudioToolboxUtility.dylib
0x00007ff9057aa000 	/System/Library/PrivateFrameworks/OSAServicesClient.framework/Versions/A/OSAServicesClient
0x00007ff811f91000 	/usr/lib/libperfcheck.dylib
0x00007ff90a03b000 	/usr/lib/libmis.dylib
0x00007ffa1cb22000 	/System/Library/Frameworks/OpenGL.framework/Versions/A/Libraries/libGLU.dylib
0x00007ffa1cae6000 	/System/Library/Frameworks/OpenGL.framework/Versions/A/Libraries/libGFXShared.dylib
0x00007ffa1ccef000 	/System/Library/Frameworks/OpenGL.framework/Versions/A/Libraries/libGL.dylib
0x00007ffa1caef000 	/System/Library/Frameworks/OpenGL.framework/Versions/A/Libraries/libGLImage.dylib
0x00007ffa1cae3000 	/System/Library/Frameworks/OpenGL.framework/Versions/A/Libraries/libCVMSPluginSupport.dylib
0x00007ffa1cace000 	/System/Library/Frameworks/OpenGL.framework/Versions/A/Libraries/libCoreVMClient.dylib
0x00007ff80d33d000 	/System/Library/Frameworks/MetalPerformanceShaders.framework/Versions/A/Frameworks/MPSCore.framework/Versions/A/MPSCore
0x00007ff80e6ff000 	/System/Library/Frameworks/MetalPerformanceShaders.framework/Versions/A/Frameworks/MPSImage.framework/Versions/A/MPSImage
0x00007ff80e1a5000 	/System/Library/Frameworks/MetalPerformanceShaders.framework/Versions/A/Frameworks/MPSNeuralNetwork.framework/Versions/A/MPSNeuralNetwork
0x00007ff80e619000 	/System/Library/Frameworks/MetalPerformanceShaders.framework/Versions/A/Frameworks/MPSMatrix.framework/Versions/A/MPSMatrix
0x00007ff80e3d4000 	/System/Library/Frameworks/MetalPerformanceShaders.framework/Versions/A/Frameworks/MPSRayIntersector.framework/Versions/A/MPSRayIntersector
0x00007ff80e651000 	/System/Library/Frameworks/MetalPerformanceShaders.framework/Versions/A/Frameworks/MPSNDArray.framework/Versions/A/MPSNDArray
0x00007ffa225a7000 	/System/Library/Frameworks/MetalPerformanceShaders.framework/Versions/A/Frameworks/MPSFunctions.framework/Versions/A/MPSFunctions
0x00007ff804489000 	/System/Library/PrivateFrameworks/MetalTools.framework/Versions/A/MetalTools
0x00007ff80d3b9000 	/System/Library/PrivateFrameworks/AggregateDictionary.framework/Versions/A/AggregateDictionary
0x00007ff80f4f4000 	/usr/lib/libIOReport.dylib
0x00007ffa1e0fe000 	/System/Library/Frameworks/OpenCL.framework/Versions/A/OpenCL
0x00007ff80f859000 	/System/Library/PrivateFrameworks/FaceCore.framework/Versions/A/FaceCore
0x00007ff80f84a000 	/System/Library/PrivateFrameworks/GraphVisualizer.framework/Versions/A/GraphVisualizer
0x00007ffb09aa7000 	/System/Library/PrivateFrameworks/FontServices.framework/Versions/A/FontServices
0x00007ff80fc73000 	/System/Library/PrivateFrameworks/OTSVG.framework/Versions/A/OTSVG
0x00007ff80b172000 	/System/Library/Frameworks/ApplicationServices.framework/Versions/A/Frameworks/ATS.framework/Versions/A/Resources/libFontRegistry.dylib
0x00007ff80fcc3000 	/System/Library/PrivateFrameworks/FontServices.framework/libhvf.dylib
0x00007ffb09aa8000 	/System/Library/PrivateFrameworks/FontServices.framework/libXTFontStaticRegistryData.dylib
0x00007ff80f6c2000 	/System/Library/PrivateFrameworks/AppleVA.framework/Versions/A/AppleVA
0x00007ff8118b6000 	/System/Library/Frameworks/ApplicationServices.framework/Versions/A/Frameworks/ATS.framework/Versions/A/ATS
0x00007ff80981f000 	/System/Library/Frameworks/ApplicationServices.framework/Versions/A/Frameworks/HIServices.framework/Versions/A/HIServices
0x00007ff8107c0000 	/System/Library/Frameworks/ApplicationServices.framework/Versions/A/Frameworks/PrintCore.framework/Versions/A/PrintCore
0x00007ff811c44000 	/System/Library/Frameworks/ApplicationServices.framework/Versions/A/Frameworks/QD.framework/Versions/A/QD
0x00007ff811c3c000 	/System/Library/Frameworks/ApplicationServices.framework/Versions/A/Frameworks/ColorSyncLegacy.framework/Versions/A/ColorSyncLegacy
0x00007ff8118a6000 	/System/Library/Frameworks/ApplicationServices.framework/Versions/A/Frameworks/SpeechSynthesis.framework/Versions/A/SpeechSynthesis
0x00007ff810781000 	/System/Library/Frameworks/ApplicationServices.framework/Versions/A/Frameworks/ATSUI.framework/Versions/A/ATSUI
0x00007ff811bd1000 	/usr/lib/libcups.2.dylib
0x00007ff811fa0000 	/System/Library/Frameworks/Kerberos.framework/Versions/A/Kerberos
0x00007ff811faf000 	/System/Library/Frameworks/GSS.framework/Versions/A/GSS
0x00007ff811922000 	/usr/lib/libresolv.9.dylib
0x00007ff80fcd2000 	/System/Library/PrivateFrameworks/Heimdal.framework/Versions/A/Heimdal
0x00007ff818baf000 	/System/Library/Frameworks/Kerberos.framework/Versions/A/Libraries/libHeimdalProxy.dylib
0x00007ff80a4dc000 	/System/Library/Frameworks/Network.framework/Versions/A/Network
0x00007ff80f72d000 	/usr/lib/libheimdal-asn1.dylib
0x00007ff811ffa000 	/System/Library/PrivateFrameworks/CommonAuth.framework/Versions/A/CommonAuth
0x00007ff811828000 	/System/Library/PrivateFrameworks/AudioSession.framework/Versions/A/AudioSession
0x00007ff80f7bd000 	/System/Library/PrivateFrameworks/MediaExperience.framework/Versions/A/MediaExperience
0x00007ff8116ba000 	/System/Library/PrivateFrameworks/AudioSession.framework/libSessionUtility.dylib
0x00007ff811c50000 	/System/Library/PrivateFrameworks/AudioResourceArbitration.framework/Versions/A/AudioResourceArbitration
0x00007ff815cd3000 	/System/Library/PrivateFrameworks/PowerLog.framework/Versions/A/PowerLog
0x00007ff80f736000 	/System/Library/PrivateFrameworks/IconFoundation.framework/Versions/A/IconFoundation
0x00007ff814a87000 	/System/Library/PrivateFrameworks/SpeechRecognitionCore.framework/Versions/A/SpeechRecognitionCore
0x0000000102869000 	/Library/Java/JavaVirtualMachines/jdk-21.jdk/Contents/Home/lib/server/libjvm.dylib
0x000000010164c000 	/Library/Java/JavaVirtualMachines/jdk-21.jdk/Contents/Home/lib/libjimage.dylib
0x00000001016c6000 	/Library/Java/JavaVirtualMachines/jdk-21.jdk/Contents/Home/lib/libjava.dylib
0x0000000102128000 	/Library/Java/JavaVirtualMachines/jdk-21.jdk/Contents/Home/lib/libnio.dylib
0x0000000102144000 	/Library/Java/JavaVirtualMachines/jdk-21.jdk/Contents/Home/lib/libnet.dylib
0x0000000102158000 	/Library/Java/JavaVirtualMachines/jdk-21.jdk/Contents/Home/lib/libzip.dylib
0x000000010210d000 	/Library/Java/JavaVirtualMachines/jdk-21.jdk/Contents/Home/lib/libextnet.dylib


VM Arguments:
jvm_args: -Dfile.encoding=UTF-8 -Dstdout.encoding=UTF-8 -Dstderr.encoding=UTF-8 -XX:+ShowCodeDetailsInExceptionMessages 
java_command: webElementInterface.CaptureEarphonesAmazon
java_class_path (initial): /Users/DE3P/eclipse-workspace/BasicSelenium.E23/target/test-classes:/Users/DE3P/eclipse-workspace/BasicSelenium.E23/target/classes:/Users/DE3P/.m2/repository/org/seleniumhq/selenium/selenium-java/4.27.0/selenium-java-4.27.0.jar:/Users/DE3P/.m2/repository/org/seleniumhq/selenium/selenium-api/4.27.0/selenium-api-4.27.0.jar:/Users/DE3P/.m2/repository/org/jspecify/jspecify/1.0.0/jspecify-1.0.0.jar:/Users/DE3P/.m2/repository/org/seleniumhq/selenium/selenium-chrome-driver/4.27.0/selenium-chrome-driver-4.27.0.jar:/Users/DE3P/.m2/repository/com/google/auto/service/auto-service-annotations/1.1.1/auto-service-annotations-1.1.1.jar:/Users/DE3P/.m2/repository/org/seleniumhq/selenium/selenium-chromium-driver/4.27.0/selenium-chromium-driver-4.27.0.jar:/Users/DE3P/.m2/repository/org/seleniumhq/selenium/selenium-json/4.27.0/selenium-json-4.27.0.jar:/Users/DE3P/.m2/repository/org/seleniumhq/selenium/selenium-manager/4.27.0/selenium-manager-4.27.0.jar:/Users/DE3P/.m2/repository/org/seleniumhq/selenium/selenium-devtools-v129/4.27.0/selenium-devtools-v129-4.27.0.jar:/Users/DE3P/.m2/repository/org/seleniumhq/selenium/selenium-devtools-v130/4.27.0/selenium-devtools-v130-4.27.0.jar:/Users/DE3P/.m2/repository/org/seleniumhq/selenium/selenium-devtools-v131/4.27.0/selenium-devtools-v131-4.27.0.jar:/Users/DE3P/.m2/repository/org/seleniumhq/selenium/selenium-devtools-v85/4.27.0/selenium-devtools-v85-4.27.0.jar:/Users/DE3P/.m2/repository/org/seleniumhq/selenium/selenium-edge-driver/4.27.0/selenium-edge-driver-4.27.0.jar:/Users/DE3P/.m2/repository/org/seleniumhq/selenium/selenium-firefox-driver/4.27.0/selenium-firefox-driver-4.27.0.jar:/Users/DE3P/.m2/repository/org/seleniumhq/selenium/selenium-http/4.27.0/selenium-http-4.27.0.jar:/Users/DE3P/.m2/repository/dev/failsafe/failsafe/3.3.2/failsafe-3.3.2.jar:/Users/DE3P/.m2/repository/org/seleniumhq/selenium/selenium-ie-driver/4.27.0/selenium-ie-driver-4.27.0.jar:/Users/DE3P/.m2/repository/org/seleniumhq/selenium/selenium-remote-driver/4.27.0/selenium-remote-driver-4.27.0.jar:/Users/DE3P/.m2/repository/com/google/guava/guava/33.3.1-jre/guava-33.3.1-jre.jar:/Users/DE3P/.m2/repository/com/google/guava/failureaccess/1.0.2/failureaccess-1.0.2.jar:/Users/DE3P/.m2/repository/com/google/guava/listenablefuture/9999.0-empty-to-avoid-conflict-with-guava/listenablefuture-9999.0-empty-to-avoid-conflict-with-guava.jar:/Users/DE3P/.m2/repository/com/google/code/findbugs/jsr305/3.0.2/jsr305-3.0.2.jar:/Users/DE3P/.m2/repository/org/checkerframework/checker-qual/3.43.0/checker-qual-3.43.0.jar:/Users/DE3P/.m2/repository/com/google/errorprone/error_prone_annotations/2.28.0/error_prone_annotations-2.28.0.jar:/Users/DE3P/.m2/repository/com/google/j2objc/j2objc-annotations/3.0.0/j2objc-annotations-3.0.0.jar:/Users/DE3P/.m2/repository/io/opentelemetry/semconv/opentelemetry-semconv/1.25.0-alpha/opentelemetry-semconv-1.25.0-alpha.jar:/Users/DE3P/.m2/repository/io/opentelemetry/opentelemetry-api/1.44.1/opentelemetry-api-1.44.1.jar:/Users/DE3P/.m2/repository/io/opentelemetry/opentelemetry-context/1.44.1/opentelemetry-context-1.44.1.jar:/Users/DE3P/.m2/repository/io/opentelemetry/opentelemetry-exporter-logging/1.44.1/opentelemetry-exporter-logging-1.44.1.jar:/Users/DE3P/.m2/repository/io/opentelemetry/opentelemetry-sdk-common/1.44.1/opentelemetry-sdk-common-1.44.1.jar:/Users/DE3P/.m2/repository/io/opentelemetry/opentelemetry-sdk-extension-autoconfigure-spi/1.44.1/opentelemetry-sdk-extension-autoconfigure-spi-1.44.1.jar:/Users/DE3P/.m2/repository/io/opentelemetry/opentelemetry-sdk-extension-autoconfigure/1.44.1/opentelemetry-sdk-extension-autoconfigure-1.44.1.jar:/Users/DE3P/.m2/repository/io/opentelemetry/opentelemetry-api-incubator/1.44.1-alpha/opentelemetry-api-incubator-1.44.1-alpha.jar:/Users/DE3P/.m2/repository/io/opentelemetry/opentelemetry-sdk-trace/1.44.1/opentelemetry-sdk-trace-1.44.1.jar:/Users/DE3P/.m2/repository/io/opentelemetry/opentelemetry-sdk/1.44.1/opentelemetry-sdk-1.44.1.jar:/Users/DE3P/.m2/repository/io/opentelemetry/opentelemetry-sdk-metrics/1.44.1/opentelemetry-sdk-metrics-1.44.1.jar:/Users/DE3P/.m2/repository/io/opentelemetry/opentelemetry-sdk-logs/1.44.1/opentelemetry-sdk-logs-1.44.1.jar:/Users/DE3P/.m2/repository/net/bytebuddy/byte-buddy/1.15.10/byte-buddy-1.15.10.jar:/Users/DE3P/.m2/repository/org/seleniumhq/selenium/selenium-os/4.27.0/selenium-os-4.27.0.jar:/Users/DE3P/.m2/repository/org/apache/commons/commons-exec/1.4.0/commons-exec-1.4.0.jar:/Users/DE3P/.m2/repository/org/seleniumhq/selenium/selenium-safari-driver/4.27.0/selenium-safari-driver-4.27.0.jar:/Users/DE3P/.m2/repository/org/seleniumhq/selenium/selenium-support/4.27.0/selenium-support-4.27.0.jar
Launcher Type: SUN_STANDARD

[Global flags]
     intx CICompilerCount                          = 3                                         {product} {ergonomic}
     uint ConcGCThreads                            = 1                                         {product} {ergonomic}
     uint G1ConcRefinementThreads                  = 4                                         {product} {ergonomic}
   size_t G1HeapRegionSize                         = 1048576                                   {product} {ergonomic}
    uintx GCDrainStackTargetSize                   = 64                                        {product} {ergonomic}
   size_t InitialHeapSize                          = 134217728                                 {product} {ergonomic}
   size_t MarkStackSize                            = 4194304                                   {product} {ergonomic}
   size_t MaxHeapSize                              = 2147483648                                {product} {ergonomic}
   size_t MaxNewSize                               = 1287651328                                {product} {ergonomic}
   size_t MinHeapDeltaBytes                        = 1048576                                   {product} {ergonomic}
   size_t MinHeapSize                              = 8388608                                   {product} {ergonomic}
    uintx NonNMethodCodeHeapSize                   = 5832780                                {pd product} {ergonomic}
    uintx NonProfiledCodeHeapSize                  = 122912730                              {pd product} {ergonomic}
    uintx ProfiledCodeHeapSize                     = 122912730                              {pd product} {ergonomic}
    uintx ReservedCodeCacheSize                    = 251658240                              {pd product} {ergonomic}
     bool SegmentedCodeCache                       = true                                      {product} {ergonomic}
     bool ShowCodeDetailsInExceptionMessages       = true                                   {manageable} {command line}
   size_t SoftMaxHeapSize                          = 2147483648                             {manageable} {ergonomic}
     bool UseCompressedOops                        = true                           {product lp64_product} {ergonomic}
     bool UseG1GC                                  = true                                      {product} {ergonomic}
     bool UseNUMA                                  = false                                     {product} {ergonomic}
     bool UseNUMAInterleaving                      = false                                     {product} {ergonomic}

Logging:
Log output configuration:
 #0: stdout all=warning uptime,level,tags foldmultilines=false
 #1: stderr all=off uptime,level,tags foldmultilines=false

Environment Variables:
PATH=/usr/bin:/bin:/usr/sbin:/sbin
SHELL=/bin/zsh
TMPDIR=/var/folders/x9/0hbk7khd7316bsftwftmf8ww0000gn/T/

Active Locale:
LC_ALL=C
LC_COLLATE=C
LC_CTYPE=C
LC_MESSAGES=C
LC_MONETARY=C
LC_NUMERIC=C
LC_TIME=C

Signal Handlers:
   SIGSEGV: crash_handler in libjvm.dylib, mask=11100110000111110111111111111111, flags=SA_ONSTACK|SA_RESTART|SA_SIGINFO, unblocked
    SIGBUS: crash_handler in libjvm.dylib, mask=11100110000111110111111111111111, flags=SA_RESTART|SA_SIGINFO, unblocked
    SIGFPE: crash_handler in libjvm.dylib, mask=11100110000111110111111111111111, flags=SA_RESTART|SA_SIGINFO, unblocked
   SIGPIPE: javaSignalHandler in libjvm.dylib, mask=11100110000111110111111111111111, flags=SA_RESTART|SA_SIGINFO, blocked
   SIGXFSZ: javaSignalHandler in libjvm.dylib, mask=11100110000111110111111111111111, flags=SA_RESTART|SA_SIGINFO, blocked
    SIGILL: crash_handler in libjvm.dylib, mask=11100110000111110111111111111111, flags=SA_RESTART|SA_SIGINFO, unblocked
   SIGUSR2: SR_handler in libjvm.dylib, mask=00000000000000000000000000000000, flags=SA_RESTART|SA_SIGINFO, blocked
    SIGHUP: UserHandler in libjvm.dylib, mask=11100110000111110111111111111111, flags=SA_RESTART|SA_SIGINFO, blocked
    SIGINT: UserHandler in libjvm.dylib, mask=11100110000111110111111111111111, flags=SA_RESTART|SA_SIGINFO, blocked
   SIGTERM: UserHandler in libjvm.dylib, mask=11100110000111110111111111111111, flags=SA_RESTART|SA_SIGINFO, blocked
   SIGQUIT: UserHandler in libjvm.dylib, mask=11100110000111110111111111111111, flags=SA_RESTART|SA_SIGINFO, blocked
   SIGTRAP: crash_handler in libjvm.dylib, mask=11100110000111110111111111111111, flags=SA_RESTART|SA_SIGINFO, unblocked


Periodic native trim disabled

---------------  S Y S T E M  ---------------

OS:
uname: Darwin 21.6.0 Darwin Kernel Version 21.6.0: Mon Jun 24 00:56:10 PDT 2024; root:xnu-8020.240.18.709.2~1/RELEASE_X86_64 x86_64
OS uptime: 0 days 0:26 hours
rlimit (soft/hard): STACK 8192k/65532k , CORE 0k/infinity , NPROC 1392/2088 , NOFILE 2147483647/infinity , AS infinity/infinity , CPU infinity/infinity , DATA infinity/infinity , FSIZE infinity/infinity , MEMLOCK infinity/infinity , RSS infinity/infinity
load average: 10.24 11.82 12.51

CPU: total 4 (initial active 4) (2 cores per cpu, 2 threads per core) family 6 model 61 stepping 4 microcode 0x2f, cx8, cmov, fxsr, ht, mmx, 3dnowpref, sse, sse2, sse3, ssse3, sse4.1, sse4.2, popcnt, lzcnt, tsc, tscinvbit, avx, avx2, aes, erms, clmul, bmi1, bmi2, adx, fma, vzeroupper, clflush, rdtscp, f16c
machdep.cpu.brand_string:Intel(R) Core(TM) i5-5257U CPU @ 2.70GHz
hw.cpufrequency:2700000000
hw.cpufrequency_min:2700000000
hw.cpufrequency_max:2700000000
hw.cachelinesize:64
hw.l1icachesize:32768
hw.l1dcachesize:32768
hw.l2cachesize:262144
hw.l3cachesize:3145728

Memory: 4k page, physical 8388608k(258344k free), swap 0k(0k free)

vm_info: Java HotSpot(TM) 64-Bit Server VM (21.0.5+9-LTS-239) for bsd-amd64 JRE (21.0.5+9-LTS-239), built on 2024-09-30T05:17:38Z by "mach5one" with clang Apple LLVM 12.0.0 (clang-1200.0.32.29)

END.
