#
# A fatal error has been detected by the Java Runtime Environment:
#
#  SIGSEGV (0xb) at pc=0x0000000104091f90, pid=3049, tid=41475
#
# JRE version: Java(TM) SE Runtime Environment (21.0.5+9) (build 21.0.5+9-LTS-239)
# Java VM: Java HotSpot(TM) 64-Bit Server VM (21.0.5+9-LTS-239, mixed mode, sharing, tiered, compressed oops, compressed class ptrs, g1 gc, bsd-amd64)
# Problematic frame:
# V  [libjvm.dylib+0x573f90]  PhaseChaitin::interfere_with_live(unsigned int, IndexSet*)+0x1b0
#
# No core dump will be written. Core dumps have been disabled. To enable core dumping, try "ulimit -c unlimited" before starting Java again
#
# If you would like to submit a bug report, please visit:
#   https://bugreport.java.com/bugreport/crash.jsp
#

---------------  S U M M A R Y ------------

Command Line: -Dfile.encoding=UTF-8 -Dstdout.encoding=UTF-8 -Dstderr.encoding=UTF-8 -XX:+ShowCodeDetailsInExceptionMessages browserLaunching.Example3

Host: "MacBookPro12,1" x86_64 2700 MHz, 4 cores, 8G, Darwin 21.6.0, macOS 12.7.6 (21H1320)
Time: Wed Jan 22 21:12:58 2025 IST elapsed time: 1.364470 seconds (0d 0h 0m 1s)

---------------  T H R E A D  ---------------

Current thread (0x00007fc115820a00):  JavaThread "C2 CompilerThread0" daemon [_thread_in_native, id=41475, stack(0x0000700006a96000,0x0000700006b96000) (1024K)]


Current CompileTask:
C2:   1364 1181   !   4       java.util.concurrent.ConcurrentHashMap::putVal (432 bytes)

Stack: [0x0000700006a96000,0x0000700006b96000],  sp=0x0000700006b932f0,  free space=1012k
Native frames: (J=compiled Java code, j=interpreted, Vv=VM code, C=native code)
V  [libjvm.dylib+0x573f90]  PhaseChaitin::interfere_with_live(unsigned int, IndexSet*)+0x1b0
V  [libjvm.dylib+0x575b52]  PhaseChaitin::build_ifg_physical(ResourceArea*)+0x672
V  [libjvm.dylib+0x2f0e3f]  PhaseChaitin::Register_Allocate()+0x46f
V  [libjvm.dylib+0x382c04]  Compile::Code_Gen()+0x3e4
V  [libjvm.dylib+0x3801fb]  Compile::Compile(ciEnv*, ciMethod*, int, Options, DirectiveSet*)+0x134b
V  [libjvm.dylib+0x2ce209]  C2Compiler::compile_method(ciEnv*, ciMethod*, int, bool, DirectiveSet*)+0x109
V  [libjvm.dylib+0x39352a]  CompileBroker::invoke_compiler_on_method(CompileTask*)+0x4ca
V  [libjvm.dylib+0x392f7b]  CompileBroker::compiler_thread_loop()+0x5eb
V  [libjvm.dylib+0x5be394]  JavaThread::thread_main_inner()+0x94
V  [libjvm.dylib+0xae0f95]  Thread::call_run()+0xa5
V  [libjvm.dylib+0x93ba07]  thread_native_entry(Thread*)+0x147
C  [libsystem_pthread.dylib+0x64e1]  _pthread_start+0x7d
C  [libsystem_pthread.dylib+0x1f6b]  thread_start+0xf

siginfo: si_signo: 11 (SIGSEGV), si_code: 1 (SEGV_MAPERR), si_addr: 0x0000007504946e08

Registers:
RAX=0x0000007504946e08, RBX=0x0000000000000033, RCX=0x0000000000000000, RDX=0x00007fc1141efe88
RSP=0x0000700006b932f0, RBP=0x0000700006b93360, RSI=0x0000000000000c00, RDI=0x00007fc1165963f0
R8 =0x0000700006b93750, R9 =0x0000000000000153, R10=0x00007fc1141e2010, R11=0x0000000000002178
R12=0x00007fc1141eff1c, R13=0x0000700006b93c20, R14=0x000000000000de78, R15=0x00007fc1141e2010
RIP=0x0000000104091f90, EFLAGS=0x0000000000010246, ERR=0x0000000000000004
  TRAPNO=0x000000000000000e


Register to memory mapping:

RAX=0x0000007504946e08 is an unknown value
RBX=0x0000000000000033 is an unknown value
RCX=0x0 is null
RDX=0x00007fc1141efe88 points into unknown readable memory: 0x3fa6476295ebd443 | 43 d4 eb 95 62 47 a6 3f
RSP=0x0000700006b932f0 is pointing into the stack for thread: 0x00007fc115820a00
RBP=0x0000700006b93360 is pointing into the stack for thread: 0x00007fc115820a00
RSI=0x0000000000000c00 is an unknown value
RDI=0x00007fc1165963f0 points into unknown readable memory: 0x0000000000000000 | 00 00 00 00 00 00 00 00
R8 =0x0000700006b93750 is pointing into the stack for thread: 0x00007fc115820a00
R9 =0x0000000000000153 is an unknown value
R10=0x00007fc1141e2010 points into unknown readable memory: 0x0000000000000000 | 00 00 00 00 00 00 00 00
R11=0x0000000000002178 is an unknown value
R12=0x00007fc1141eff1c points into unknown readable memory: 00 00 00 00
R13=0x0000700006b93c20 is pointing into the stack for thread: 0x00007fc115820a00
R14=0x000000000000de78 is an unknown value
R15=0x00007fc1141e2010 points into unknown readable memory: 0x0000000000000000 | 00 00 00 00 00 00 00 00

Top of Stack: (sp=0x0000700006b932f0)
0x0000700006b932f0:   00007fc1141eff68 0000000000000000
0x0000700006b93300:   0000000100000033 0000000200000001
0x0000700006b93310:   00007fc1139e19e0 0000700006b933e0
0x0000700006b93320:   0000700006b933d0 0000700006b933d0
0x0000700006b93330:   0000015306b93360 00007fc1141efe88
0x0000700006b93340:   00007fc11519d7c8 0000000000000153
0x0000700006b93350:   0000700006b93c20 00007fc113a31890
0x0000700006b93360:   0000700006b93590 0000000104093b52
0x0000700006b93370:   0000700006b93520 0000000000000000
0x0000700006b93380:   0000000000000000 0000000000000000
0x0000700006b93390:   00007fc114110400 00000001028bd000
0x0000700006b933a0:   000000010479b408 0000000000000000
0x0000700006b933b0:   0000000000000000 0000000000000000
0x0000700006b933c0:   000000010479b408 0000000000000000
0x0000700006b933d0:   0000000200000006 0000700006b933e0
0x0000700006b933e0:   00007fc1139e19e0 00007fc1139e19a0
0x0000700006b933f0:   0000000000000000 00007fc11649e000
0x0000700006b93400:   0000700006b93420 00000001045ffb33
0x0000700006b93410:   0000700006b93420 00000001045ffbe5
0x0000700006b93420:   0000700006b93470 0000000103ca5f9f
0x0000700006b93430:   00007fc1139dad60 00007fc113aab0a8
0x0000700006b93440:   00007fc113aab098 00007fc113870c00
0x0000700006b93450:   0000000000000000 00007fc1164a6a38
0x0000700006b93460:   00007fc100000002 0000000104946e08
0x0000700006b93470:   0003000300000000 0003000300030003
0x0000700006b93480:   0003000300030003 0003000300030003
0x0000700006b93490:   0000000000030003 0000000000000000
0x0000700006b934a0:   0000000000000000 0000000000000000
0x0000700006b934b0:   0000000000000000 0000000000000000
0x0000700006b934c0:   0000000000000000 0000000400000000
0x0000700006b934d0:   0000000000000000 0000000000000000
0x0000700006b934e0:   00007fc1141efe88 00000000000000b5 

Instructions: (pc=0x0000000104091f90)
0x0000000104091e90:   89 eb 85 c0 75 30 e9 15 01 00 00 0f 1f 44 00 00
0x0000000104091ea0:   83 7d a4 04 4c 89 eb 72 0c 8b 45 a8 3b 45 ac 0f
0x0000000104091eb0:   83 fb 00 00 00 48 8d 7d 98 e8 72 9b 00 00 85 c0
0x0000000104091ec0:   0f 84 ea 00 00 00 49 89 dd 4c 8b 43 70 4d 8b 50
0x0000000104091ed0:   20 41 89 c1 41 8b 0c 24 4d 69 d9 a8 00 00 00 43
0x0000000104091ee0:   8b bc 1a 90 00 00 00 43 8b 9c 1a 94 00 00 00 39
0x0000000104091ef0:   d9 0f 42 d9 41 8b 4c 24 fc 39 f9 0f 47 f9 39 df
0x0000000104091f00:   0f 87 6a ff ff ff 31 c9 0f 1f 84 00 00 00 00 00
0x0000000104091f10:   89 f8 4b 8d 14 37 4b 8d 34 1a 48 8b 74 c6 38 48
0x0000000104091f20:   23 74 c2 38 48 09 f1 ff c7 39 df 76 e3 48 85 c9
0x0000000104091f30:   0f 84 3a ff ff ff 8b 45 d4 41 39 c1 44 89 cb 0f
0x0000000104091f40:   47 d8 44 0f 46 c8 85 db 0f 84 22 ff ff ff 49 8b
0x0000000104091f50:   40 10 4b 8d 0c 89 48 c1 e1 05 48 8d 3c 08 48 8b
0x0000000104091f60:   44 08 08 89 d9 c1 e9 08 48 8b 04 c8 48 3b 05 f5
0x0000000104091f70:   c1 79 00 75 13 48 89 7d c8 48 8b 7d c8 89 de e8
0x0000000104091f80:   5c 90 00 00 48 8b 7d c8 89 d9 c1 e9 06 83 e1 03
0x0000000104091f90:   48 8b 14 c8 48 89 d6 48 0f ab de 48 89 34 c8 48
0x0000000104091fa0:   0f a3 da 0f 82 c7 fe ff ff ff 07 e9 c0 fe ff ff
0x0000000104091fb0:   48 83 c4 48 5b 41 5c 41 5d 41 5e 41 5f 5d c3 90
0x0000000104091fc0:   55 48 89 e5 41 57 41 56 41 55 41 54 53 48 81 ec
0x0000000104091fd0:   98 00 00 00 48 89 fb ba a0 02 00 00 48 03 15 5d
0x0000000104091fe0:   c1 79 00 48 8d 35 af 93 70 00 48 8d bd 40 ff ff
0x0000000104091ff0:   ff e8 9a cd e0 ff 48 8b 43 48 83 78 40 00 0f 84
0x0000000104092000:   d8 04 00 00 48 89 df 31 db 48 89 7d d0 eb 18 90
0x0000000104092010:   48 8b 5d a8 48 ff c3 48 8b 47 48 8b 48 40 48 39
0x0000000104092020:   cb 0f 83 b5 04 00 00 48 8b 40 30 48 8b 0c d8 48
0x0000000104092030:   8b 47 68 4c 8b 70 10 44 8b 61 4c 44 8b 69 28 41
0x0000000104092040:   ff cd 44 39 69 18 48 89 4d c8 76 14 48 8b 41 20
0x0000000104092050:   44 89 e9 4c 8b 3c c8 eb 0a 0f 1f 80 00 00 00 00
0x0000000104092060:   45 31 ff 49 8b 07 4c 89 ff ff 50 20 4c 39 f8 48
0x0000000104092070:   89 5d a8 74 1b 48 8b 4d c8 44 2b 69 48 48 8b 7d
0x0000000104092080:   d0 41 ff c5 41 83 fd 02 72 86 eb 19 0f 1f 40 00 


Stack slot to memory mapping:

stack at sp + 0 slots: 0x00007fc1141eff68 points into unknown readable memory: 0x0000000000000000 | 00 00 00 00 00 00 00 00
stack at sp + 1 slots: 0x0 is null
stack at sp + 2 slots: 0x0000000100000033 is an unknown value
stack at sp + 3 slots: 0x0000000200000001 is an unknown value
stack at sp + 4 slots: 0x00007fc1139e19e0 points into unknown readable memory: 0x000800200000002c | 2c 00 00 00 20 00 08 00
stack at sp + 5 slots: 0x0000700006b933e0 is pointing into the stack for thread: 0x00007fc115820a00
stack at sp + 6 slots: 0x0000700006b933d0 is pointing into the stack for thread: 0x00007fc115820a00
stack at sp + 7 slots: 0x0000700006b933d0 is pointing into the stack for thread: 0x00007fc115820a00


---------------  P R O C E S S  ---------------

Threads class SMR info:
_java_thread_list=0x0000600003c1c6e0, length=17, elements={
0x00007fc11501b000, 0x00007fc11581ec00, 0x00007fc11581b600, 0x00007fc11581be00,
0x00007fc11581c600, 0x00007fc115820200, 0x00007fc115820a00, 0x00007fc115821200,
0x00007fc11487f200, 0x00007fc11501ce00, 0x00007fc11587c800, 0x00007fc1148bd000,
0x00007fc115988600, 0x00007fc1148e4e00, 0x00007fc115988e00, 0x00007fc115989600,
0x00007fc1138dea00
}

Java Threads: ( => current thread )
  0x00007fc11501b000 JavaThread "Forwarding newSession on session null to remote"        [_thread_blocked, id=9987, stack(0x0000700005c69000,0x0000700005d69000) (1024K)]
  0x00007fc11581ec00 JavaThread "Reference Handler"          daemon [_thread_blocked, id=22275, stack(0x0000700006587000,0x0000700006687000) (1024K)]
  0x00007fc11581b600 JavaThread "Finalizer"                  daemon [_thread_blocked, id=22787, stack(0x000070000668a000,0x000070000678a000) (1024K)]
  0x00007fc11581be00 JavaThread "Signal Dispatcher"          daemon [_thread_blocked, id=42499, stack(0x000070000678d000,0x000070000688d000) (1024K)]
  0x00007fc11581c600 JavaThread "Service Thread"             daemon [_thread_blocked, id=23043, stack(0x0000700006890000,0x0000700006990000) (1024K)]
  0x00007fc115820200 JavaThread "Monitor Deflation Thread"   daemon [_thread_blocked, id=41987, stack(0x0000700006993000,0x0000700006a93000) (1024K)]
=>0x00007fc115820a00 JavaThread "C2 CompilerThread0"         daemon [_thread_in_native, id=41475, stack(0x0000700006a96000,0x0000700006b96000) (1024K)]
  0x00007fc115821200 JavaThread "C1 CompilerThread0"         daemon [_thread_blocked, id=40963, stack(0x0000700006b99000,0x0000700006c99000) (1024K)]
  0x00007fc11487f200 JavaThread "Notification Thread"        daemon [_thread_blocked, id=23811, stack(0x0000700006c9c000,0x0000700006d9c000) (1024K)]
  0x00007fc11501ce00 JavaThread "Common-Cleaner"             daemon [_thread_blocked, id=40451, stack(0x0000700006d9f000,0x0000700006e9f000) (1024K)]
  0x00007fc11587c800 JavaThread "process reaper (pid 3063)"  daemon [_thread_in_native, id=39939, stack(0x0000700006ea2000,0x0000700006ec6000) (144K)]
  0x00007fc1148bd000 JavaThread "ForkJoinPool.commonPool-worker-1" daemon [_thread_blocked, id=39687, stack(0x0000700006ec9000,0x0000700006fc9000) (1024K)]
  0x00007fc115988600 JavaThread "HttpClient-1-SelectorManager" daemon [_thread_in_native, id=38659, stack(0x00007000072d5000,0x00007000073d5000) (1024K)]
  0x00007fc1148e4e00 JavaThread "External Process Output Forwarder - /Users/DE3P/.cache/selenium/chromedriver/mac-x64/131.0.6778.264/chromedriver" daemon [_thread_in_native, id=25603, stack(0x00007000073d8000,0x00007000074d8000) (1024K)]
  0x00007fc115988e00 JavaThread "Driver Service Executor"    daemon [_thread_blocked, id=26115, stack(0x00007000074db000,0x00007000075db000) (1024K)]
  0x00007fc115989600 JavaThread "Driver Service Executor"    daemon [_thread_blocked, id=38147, stack(0x00007000075de000,0x00007000076de000) (1024K)]
  0x00007fc1138dea00 JavaThread "UrlChecker-2"               daemon [_thread_blocked, id=37891, stack(0x00007000076e1000,0x00007000077e1000) (1024K)]
Total: 17

Other Threads:
  0x00007fc1140089d0 VMThread "VM Thread"                           [id=15875, stack(0x000070000637e000,0x000070000647e000) (1024K)]
  0x00007fc114006260 WatcherThread "VM Periodic Task Thread"        [id=12803, stack(0x000070000627b000,0x000070000637b000) (1024K)]
  0x00007fc1143048b0 WorkerThread "GC Thread#0"                     [id=19715, stack(0x0000700005d6c000,0x0000700005e6c000) (1024K)]
  0x00007fc114018670 WorkerThread "GC Thread#1"                     [id=39171, stack(0x0000700006fcc000,0x00007000070cc000) (1024K)]
  0x00007fc1143193f0 WorkerThread "GC Thread#2"                     [id=24579, stack(0x00007000070cf000,0x00007000071cf000) (1024K)]
  0x00007fc114018fd0 WorkerThread "GC Thread#3"                     [id=25091, stack(0x00007000071d2000,0x00007000072d2000) (1024K)]
  0x00007fc114305050 ConcurrentGCThread "G1 Main Marker"            [id=19203, stack(0x0000700005e6f000,0x0000700005f6f000) (1024K)]
  0x00007fc1143059c0 WorkerThread "G1 Conc#0"                       [id=18435, stack(0x0000700005f72000,0x0000700006072000) (1024K)]
  0x00007fc114864e00 ConcurrentGCThread "G1 Refine#0"               [id=17923, stack(0x0000700006075000,0x0000700006175000) (1024K)]
  0x00007fc114306b20 ConcurrentGCThread "G1 Service"                [id=17667, stack(0x0000700006178000,0x0000700006278000) (1024K)]
Total: 10

Threads with active compile tasks:
C2 CompilerThread0     1395 1181   !   4       java.util.concurrent.ConcurrentHashMap::putVal (432 bytes)
Total: 1

VM state: not at safepoint (normal execution)

VM Mutex/Monitor currently owned by a thread: None

Heap address: 0x0000000780000000, size: 2048 MB, Compressed Oops mode: Zero based, Oop shift amount: 3

CDS archive(s) mapped at: [0x0000000121000000-0x0000000121ca8000-0x0000000121ca8000), size 13271040, SharedBaseAddress: 0x0000000121000000, ArchiveRelocationMode: 1.
Compressed class space mapped at: 0x0000000122000000-0x0000000162000000, reserved size: 1073741824
Narrow klass base: 0x0000000121000000, Narrow klass shift: 0, Narrow klass range: 0x100000000

GC Precious Log:
 CardTable entry size: 512
 Card Set container configuration: InlinePtr #cards 5 size 8 Array Of Cards #cards 12 size 40 Howl #buckets 4 coarsen threshold 1843 Howl Bitmap #cards 512 size 80 coarsen threshold 460 Card regions per heap region 1 cards per card region 2048
 CPUs: 4 total, 4 available
 Memory: 8192M
 Large Page Support: Disabled
 NUMA Support: Disabled
 Compressed Oops: Enabled (Zero based)
 Heap Region Size: 1M
 Heap Min Capacity: 8M
 Heap Initial Capacity: 128M
 Heap Max Capacity: 2G
 Pre-touch: Disabled
 Parallel Workers: 4
 Concurrent Workers: 1
 Concurrent Refinement Workers: 4
 Periodic GC: Disabled

Heap:
 garbage-first heap   total 133120K, used 12464K [0x0000000780000000, 0x0000000800000000)
  region size 1024K, 9 young (9216K), 2 survivors (2048K)
 Metaspace       used 8910K, committed 9152K, reserved 1114112K
  class space    used 1022K, committed 1152K, reserved 1048576K

Heap Regions: E=young(eden), S=young(survivor), O=old, HS=humongous(starts), HC=humongous(continues), CS=collection set, F=free, TAMS=top-at-mark-start, PB=parsable bottom
|   0|0x0000000780000000, 0x0000000780100000, 0x0000000780100000|100%|HS|  |TAMS 0x0000000780000000| PB 0x0000000780000000| Complete 
|   1|0x0000000780100000, 0x0000000780200000, 0x0000000780200000|100%| O|  |TAMS 0x0000000780100000| PB 0x0000000780100000| Untracked 
|   2|0x0000000780200000, 0x0000000780300000, 0x0000000780300000|100%| O|  |TAMS 0x0000000780200000| PB 0x0000000780200000| Untracked 
|   3|0x0000000780300000, 0x00000007803214a8, 0x0000000780400000| 13%| O|  |TAMS 0x0000000780300000| PB 0x0000000780300000| Untracked 
|   4|0x0000000780400000, 0x0000000780400000, 0x0000000780500000|  0%| F|  |TAMS 0x0000000780400000| PB 0x0000000780400000| Untracked 
|   5|0x0000000780500000, 0x0000000780500000, 0x0000000780600000|  0%| F|  |TAMS 0x0000000780500000| PB 0x0000000780500000| Untracked 
|   6|0x0000000780600000, 0x0000000780600000, 0x0000000780700000|  0%| F|  |TAMS 0x0000000780600000| PB 0x0000000780600000| Untracked 
|   7|0x0000000780700000, 0x0000000780700000, 0x0000000780800000|  0%| F|  |TAMS 0x0000000780700000| PB 0x0000000780700000| Untracked 
|   8|0x0000000780800000, 0x0000000780800000, 0x0000000780900000|  0%| F|  |TAMS 0x0000000780800000| PB 0x0000000780800000| Untracked 
|   9|0x0000000780900000, 0x0000000780900000, 0x0000000780a00000|  0%| F|  |TAMS 0x0000000780900000| PB 0x0000000780900000| Untracked 
|  10|0x0000000780a00000, 0x0000000780a00000, 0x0000000780b00000|  0%| F|  |TAMS 0x0000000780a00000| PB 0x0000000780a00000| Untracked 
|  11|0x0000000780b00000, 0x0000000780b00000, 0x0000000780c00000|  0%| F|  |TAMS 0x0000000780b00000| PB 0x0000000780b00000| Untracked 
|  12|0x0000000780c00000, 0x0000000780c00000, 0x0000000780d00000|  0%| F|  |TAMS 0x0000000780c00000| PB 0x0000000780c00000| Untracked 
|  13|0x0000000780d00000, 0x0000000780d00000, 0x0000000780e00000|  0%| F|  |TAMS 0x0000000780d00000| PB 0x0000000780d00000| Untracked 
|  14|0x0000000780e00000, 0x0000000780e00000, 0x0000000780f00000|  0%| F|  |TAMS 0x0000000780e00000| PB 0x0000000780e00000| Untracked 
|  15|0x0000000780f00000, 0x0000000780f00000, 0x0000000781000000|  0%| F|  |TAMS 0x0000000780f00000| PB 0x0000000780f00000| Untracked 
|  16|0x0000000781000000, 0x0000000781000000, 0x0000000781100000|  0%| F|  |TAMS 0x0000000781000000| PB 0x0000000781000000| Untracked 
|  17|0x0000000781100000, 0x0000000781100000, 0x0000000781200000|  0%| F|  |TAMS 0x0000000781100000| PB 0x0000000781100000| Untracked 
|  18|0x0000000781200000, 0x0000000781200000, 0x0000000781300000|  0%| F|  |TAMS 0x0000000781200000| PB 0x0000000781200000| Untracked 
|  19|0x0000000781300000, 0x0000000781300000, 0x0000000781400000|  0%| F|  |TAMS 0x0000000781300000| PB 0x0000000781300000| Untracked 
|  20|0x0000000781400000, 0x0000000781400000, 0x0000000781500000|  0%| F|  |TAMS 0x0000000781400000| PB 0x0000000781400000| Untracked 
|  21|0x0000000781500000, 0x0000000781500000, 0x0000000781600000|  0%| F|  |TAMS 0x0000000781500000| PB 0x0000000781500000| Untracked 
|  22|0x0000000781600000, 0x0000000781600000, 0x0000000781700000|  0%| F|  |TAMS 0x0000000781600000| PB 0x0000000781600000| Untracked 
|  23|0x0000000781700000, 0x0000000781700000, 0x0000000781800000|  0%| F|  |TAMS 0x0000000781700000| PB 0x0000000781700000| Untracked 
|  24|0x0000000781800000, 0x0000000781800000, 0x0000000781900000|  0%| F|  |TAMS 0x0000000781800000| PB 0x0000000781800000| Untracked 
|  25|0x0000000781900000, 0x0000000781900000, 0x0000000781a00000|  0%| F|  |TAMS 0x0000000781900000| PB 0x0000000781900000| Untracked 
|  26|0x0000000781a00000, 0x0000000781a00000, 0x0000000781b00000|  0%| F|  |TAMS 0x0000000781a00000| PB 0x0000000781a00000| Untracked 
|  27|0x0000000781b00000, 0x0000000781b00000, 0x0000000781c00000|  0%| F|  |TAMS 0x0000000781b00000| PB 0x0000000781b00000| Untracked 
|  28|0x0000000781c00000, 0x0000000781c00000, 0x0000000781d00000|  0%| F|  |TAMS 0x0000000781c00000| PB 0x0000000781c00000| Untracked 
|  29|0x0000000781d00000, 0x0000000781d00000, 0x0000000781e00000|  0%| F|  |TAMS 0x0000000781d00000| PB 0x0000000781d00000| Untracked 
|  30|0x0000000781e00000, 0x0000000781e00000, 0x0000000781f00000|  0%| F|  |TAMS 0x0000000781e00000| PB 0x0000000781e00000| Untracked 
|  31|0x0000000781f00000, 0x0000000781f00000, 0x0000000782000000|  0%| F|  |TAMS 0x0000000781f00000| PB 0x0000000781f00000| Untracked 
|  32|0x0000000782000000, 0x0000000782000000, 0x0000000782100000|  0%| F|  |TAMS 0x0000000782000000| PB 0x0000000782000000| Untracked 
|  33|0x0000000782100000, 0x0000000782100000, 0x0000000782200000|  0%| F|  |TAMS 0x0000000782100000| PB 0x0000000782100000| Untracked 
|  34|0x0000000782200000, 0x0000000782200000, 0x0000000782300000|  0%| F|  |TAMS 0x0000000782200000| PB 0x0000000782200000| Untracked 
|  35|0x0000000782300000, 0x0000000782300000, 0x0000000782400000|  0%| F|  |TAMS 0x0000000782300000| PB 0x0000000782300000| Untracked 
|  36|0x0000000782400000, 0x0000000782400000, 0x0000000782500000|  0%| F|  |TAMS 0x0000000782400000| PB 0x0000000782400000| Untracked 
|  37|0x0000000782500000, 0x0000000782500000, 0x0000000782600000|  0%| F|  |TAMS 0x0000000782500000| PB 0x0000000782500000| Untracked 
|  38|0x0000000782600000, 0x0000000782600000, 0x0000000782700000|  0%| F|  |TAMS 0x0000000782600000| PB 0x0000000782600000| Untracked 
|  39|0x0000000782700000, 0x0000000782700000, 0x0000000782800000|  0%| F|  |TAMS 0x0000000782700000| PB 0x0000000782700000| Untracked 
|  40|0x0000000782800000, 0x0000000782800000, 0x0000000782900000|  0%| F|  |TAMS 0x0000000782800000| PB 0x0000000782800000| Untracked 
|  41|0x0000000782900000, 0x0000000782900000, 0x0000000782a00000|  0%| F|  |TAMS 0x0000000782900000| PB 0x0000000782900000| Untracked 
|  42|0x0000000782a00000, 0x0000000782a00000, 0x0000000782b00000|  0%| F|  |TAMS 0x0000000782a00000| PB 0x0000000782a00000| Untracked 
|  43|0x0000000782b00000, 0x0000000782b00000, 0x0000000782c00000|  0%| F|  |TAMS 0x0000000782b00000| PB 0x0000000782b00000| Untracked 
|  44|0x0000000782c00000, 0x0000000782c00000, 0x0000000782d00000|  0%| F|  |TAMS 0x0000000782c00000| PB 0x0000000782c00000| Untracked 
|  45|0x0000000782d00000, 0x0000000782d00000, 0x0000000782e00000|  0%| F|  |TAMS 0x0000000782d00000| PB 0x0000000782d00000| Untracked 
|  46|0x0000000782e00000, 0x0000000782e00000, 0x0000000782f00000|  0%| F|  |TAMS 0x0000000782e00000| PB 0x0000000782e00000| Untracked 
|  47|0x0000000782f00000, 0x0000000782f00000, 0x0000000783000000|  0%| F|  |TAMS 0x0000000782f00000| PB 0x0000000782f00000| Untracked 
|  48|0x0000000783000000, 0x0000000783000000, 0x0000000783100000|  0%| F|  |TAMS 0x0000000783000000| PB 0x0000000783000000| Untracked 
|  49|0x0000000783100000, 0x0000000783100000, 0x0000000783200000|  0%| F|  |TAMS 0x0000000783100000| PB 0x0000000783100000| Untracked 
|  50|0x0000000783200000, 0x0000000783200000, 0x0000000783300000|  0%| F|  |TAMS 0x0000000783200000| PB 0x0000000783200000| Untracked 
|  51|0x0000000783300000, 0x0000000783300000, 0x0000000783400000|  0%| F|  |TAMS 0x0000000783300000| PB 0x0000000783300000| Untracked 
|  52|0x0000000783400000, 0x0000000783400000, 0x0000000783500000|  0%| F|  |TAMS 0x0000000783400000| PB 0x0000000783400000| Untracked 
|  53|0x0000000783500000, 0x0000000783500000, 0x0000000783600000|  0%| F|  |TAMS 0x0000000783500000| PB 0x0000000783500000| Untracked 
|  54|0x0000000783600000, 0x0000000783600000, 0x0000000783700000|  0%| F|  |TAMS 0x0000000783600000| PB 0x0000000783600000| Untracked 
|  55|0x0000000783700000, 0x0000000783700000, 0x0000000783800000|  0%| F|  |TAMS 0x0000000783700000| PB 0x0000000783700000| Untracked 
|  56|0x0000000783800000, 0x0000000783800000, 0x0000000783900000|  0%| F|  |TAMS 0x0000000783800000| PB 0x0000000783800000| Untracked 
|  57|0x0000000783900000, 0x0000000783900000, 0x0000000783a00000|  0%| F|  |TAMS 0x0000000783900000| PB 0x0000000783900000| Untracked 
|  58|0x0000000783a00000, 0x0000000783a00000, 0x0000000783b00000|  0%| F|  |TAMS 0x0000000783a00000| PB 0x0000000783a00000| Untracked 
|  59|0x0000000783b00000, 0x0000000783b00000, 0x0000000783c00000|  0%| F|  |TAMS 0x0000000783b00000| PB 0x0000000783b00000| Untracked 
|  60|0x0000000783c00000, 0x0000000783c00000, 0x0000000783d00000|  0%| F|  |TAMS 0x0000000783c00000| PB 0x0000000783c00000| Untracked 
|  61|0x0000000783d00000, 0x0000000783d00000, 0x0000000783e00000|  0%| F|  |TAMS 0x0000000783d00000| PB 0x0000000783d00000| Untracked 
|  62|0x0000000783e00000, 0x0000000783e00000, 0x0000000783f00000|  0%| F|  |TAMS 0x0000000783e00000| PB 0x0000000783e00000| Untracked 
|  63|0x0000000783f00000, 0x0000000783f00000, 0x0000000784000000|  0%| F|  |TAMS 0x0000000783f00000| PB 0x0000000783f00000| Untracked 
|  64|0x0000000784000000, 0x0000000784000000, 0x0000000784100000|  0%| F|  |TAMS 0x0000000784000000| PB 0x0000000784000000| Untracked 
|  65|0x0000000784100000, 0x0000000784100000, 0x0000000784200000|  0%| F|  |TAMS 0x0000000784100000| PB 0x0000000784100000| Untracked 
|  66|0x0000000784200000, 0x0000000784200000, 0x0000000784300000|  0%| F|  |TAMS 0x0000000784200000| PB 0x0000000784200000| Untracked 
|  67|0x0000000784300000, 0x0000000784300000, 0x0000000784400000|  0%| F|  |TAMS 0x0000000784300000| PB 0x0000000784300000| Untracked 
|  68|0x0000000784400000, 0x0000000784400000, 0x0000000784500000|  0%| F|  |TAMS 0x0000000784400000| PB 0x0000000784400000| Untracked 
|  69|0x0000000784500000, 0x0000000784500000, 0x0000000784600000|  0%| F|  |TAMS 0x0000000784500000| PB 0x0000000784500000| Untracked 
|  70|0x0000000784600000, 0x0000000784600000, 0x0000000784700000|  0%| F|  |TAMS 0x0000000784600000| PB 0x0000000784600000| Untracked 
|  71|0x0000000784700000, 0x0000000784700000, 0x0000000784800000|  0%| F|  |TAMS 0x0000000784700000| PB 0x0000000784700000| Untracked 
|  72|0x0000000784800000, 0x0000000784800000, 0x0000000784900000|  0%| F|  |TAMS 0x0000000784800000| PB 0x0000000784800000| Untracked 
|  73|0x0000000784900000, 0x0000000784900000, 0x0000000784a00000|  0%| F|  |TAMS 0x0000000784900000| PB 0x0000000784900000| Untracked 
|  74|0x0000000784a00000, 0x0000000784a00000, 0x0000000784b00000|  0%| F|  |TAMS 0x0000000784a00000| PB 0x0000000784a00000| Untracked 
|  75|0x0000000784b00000, 0x0000000784b00000, 0x0000000784c00000|  0%| F|  |TAMS 0x0000000784b00000| PB 0x0000000784b00000| Untracked 
|  76|0x0000000784c00000, 0x0000000784c00000, 0x0000000784d00000|  0%| F|  |TAMS 0x0000000784c00000| PB 0x0000000784c00000| Untracked 
|  77|0x0000000784d00000, 0x0000000784d00000, 0x0000000784e00000|  0%| F|  |TAMS 0x0000000784d00000| PB 0x0000000784d00000| Untracked 
|  78|0x0000000784e00000, 0x0000000784e00000, 0x0000000784f00000|  0%| F|  |TAMS 0x0000000784e00000| PB 0x0000000784e00000| Untracked 
|  79|0x0000000784f00000, 0x0000000784f00000, 0x0000000785000000|  0%| F|  |TAMS 0x0000000784f00000| PB 0x0000000784f00000| Untracked 
|  80|0x0000000785000000, 0x0000000785000000, 0x0000000785100000|  0%| F|  |TAMS 0x0000000785000000| PB 0x0000000785000000| Untracked 
|  81|0x0000000785100000, 0x0000000785100000, 0x0000000785200000|  0%| F|  |TAMS 0x0000000785100000| PB 0x0000000785100000| Untracked 
|  82|0x0000000785200000, 0x0000000785200000, 0x0000000785300000|  0%| F|  |TAMS 0x0000000785200000| PB 0x0000000785200000| Untracked 
|  83|0x0000000785300000, 0x0000000785300000, 0x0000000785400000|  0%| F|  |TAMS 0x0000000785300000| PB 0x0000000785300000| Untracked 
|  84|0x0000000785400000, 0x0000000785400000, 0x0000000785500000|  0%| F|  |TAMS 0x0000000785400000| PB 0x0000000785400000| Untracked 
|  85|0x0000000785500000, 0x0000000785500000, 0x0000000785600000|  0%| F|  |TAMS 0x0000000785500000| PB 0x0000000785500000| Untracked 
|  86|0x0000000785600000, 0x0000000785600000, 0x0000000785700000|  0%| F|  |TAMS 0x0000000785600000| PB 0x0000000785600000| Untracked 
|  87|0x0000000785700000, 0x0000000785700000, 0x0000000785800000|  0%| F|  |TAMS 0x0000000785700000| PB 0x0000000785700000| Untracked 
|  88|0x0000000785800000, 0x0000000785800000, 0x0000000785900000|  0%| F|  |TAMS 0x0000000785800000| PB 0x0000000785800000| Untracked 
|  89|0x0000000785900000, 0x0000000785900000, 0x0000000785a00000|  0%| F|  |TAMS 0x0000000785900000| PB 0x0000000785900000| Untracked 
|  90|0x0000000785a00000, 0x0000000785a00000, 0x0000000785b00000|  0%| F|  |TAMS 0x0000000785a00000| PB 0x0000000785a00000| Untracked 
|  91|0x0000000785b00000, 0x0000000785b00000, 0x0000000785c00000|  0%| F|  |TAMS 0x0000000785b00000| PB 0x0000000785b00000| Untracked 
|  92|0x0000000785c00000, 0x0000000785c00000, 0x0000000785d00000|  0%| F|  |TAMS 0x0000000785c00000| PB 0x0000000785c00000| Untracked 
|  93|0x0000000785d00000, 0x0000000785d00000, 0x0000000785e00000|  0%| F|  |TAMS 0x0000000785d00000| PB 0x0000000785d00000| Untracked 
|  94|0x0000000785e00000, 0x0000000785e00000, 0x0000000785f00000|  0%| F|  |TAMS 0x0000000785e00000| PB 0x0000000785e00000| Untracked 
|  95|0x0000000785f00000, 0x0000000785f00000, 0x0000000786000000|  0%| F|  |TAMS 0x0000000785f00000| PB 0x0000000785f00000| Untracked 
|  96|0x0000000786000000, 0x0000000786000000, 0x0000000786100000|  0%| F|  |TAMS 0x0000000786000000| PB 0x0000000786000000| Untracked 
|  97|0x0000000786100000, 0x0000000786100000, 0x0000000786200000|  0%| F|  |TAMS 0x0000000786100000| PB 0x0000000786100000| Untracked 
|  98|0x0000000786200000, 0x0000000786200000, 0x0000000786300000|  0%| F|  |TAMS 0x0000000786200000| PB 0x0000000786200000| Untracked 
|  99|0x0000000786300000, 0x0000000786300000, 0x0000000786400000|  0%| F|  |TAMS 0x0000000786300000| PB 0x0000000786300000| Untracked 
| 100|0x0000000786400000, 0x0000000786400000, 0x0000000786500000|  0%| F|  |TAMS 0x0000000786400000| PB 0x0000000786400000| Untracked 
| 101|0x0000000786500000, 0x0000000786500000, 0x0000000786600000|  0%| F|  |TAMS 0x0000000786500000| PB 0x0000000786500000| Untracked 
| 102|0x0000000786600000, 0x0000000786600000, 0x0000000786700000|  0%| F|  |TAMS 0x0000000786600000| PB 0x0000000786600000| Untracked 
| 103|0x0000000786700000, 0x0000000786700000, 0x0000000786800000|  0%| F|  |TAMS 0x0000000786700000| PB 0x0000000786700000| Untracked 
| 104|0x0000000786800000, 0x0000000786800000, 0x0000000786900000|  0%| F|  |TAMS 0x0000000786800000| PB 0x0000000786800000| Untracked 
| 105|0x0000000786900000, 0x0000000786900000, 0x0000000786a00000|  0%| F|  |TAMS 0x0000000786900000| PB 0x0000000786900000| Untracked 
| 106|0x0000000786a00000, 0x0000000786a00000, 0x0000000786b00000|  0%| F|  |TAMS 0x0000000786a00000| PB 0x0000000786a00000| Untracked 
| 107|0x0000000786b00000, 0x0000000786b00000, 0x0000000786c00000|  0%| F|  |TAMS 0x0000000786b00000| PB 0x0000000786b00000| Untracked 
| 108|0x0000000786c00000, 0x0000000786c00000, 0x0000000786d00000|  0%| F|  |TAMS 0x0000000786c00000| PB 0x0000000786c00000| Untracked 
| 109|0x0000000786d00000, 0x0000000786d00000, 0x0000000786e00000|  0%| F|  |TAMS 0x0000000786d00000| PB 0x0000000786d00000| Untracked 
| 110|0x0000000786e00000, 0x0000000786e00000, 0x0000000786f00000|  0%| F|  |TAMS 0x0000000786e00000| PB 0x0000000786e00000| Untracked 
| 111|0x0000000786f00000, 0x0000000786f00000, 0x0000000787000000|  0%| F|  |TAMS 0x0000000786f00000| PB 0x0000000786f00000| Untracked 
| 112|0x0000000787000000, 0x0000000787000000, 0x0000000787100000|  0%| F|  |TAMS 0x0000000787000000| PB 0x0000000787000000| Untracked 
| 113|0x0000000787100000, 0x0000000787200000, 0x0000000787200000|100%| S|CS|TAMS 0x0000000787100000| PB 0x0000000787100000| Complete 
| 114|0x0000000787200000, 0x0000000787300000, 0x0000000787300000|100%| S|CS|TAMS 0x0000000787200000| PB 0x0000000787200000| Complete 
| 115|0x0000000787300000, 0x0000000787300000, 0x0000000787400000|  0%| F|  |TAMS 0x0000000787300000| PB 0x0000000787300000| Untracked 
| 116|0x0000000787400000, 0x0000000787400000, 0x0000000787500000|  0%| F|  |TAMS 0x0000000787400000| PB 0x0000000787400000| Untracked 
| 117|0x0000000787500000, 0x0000000787500000, 0x0000000787600000|  0%| F|  |TAMS 0x0000000787500000| PB 0x0000000787500000| Untracked 
| 118|0x0000000787600000, 0x0000000787600000, 0x0000000787700000|  0%| F|  |TAMS 0x0000000787600000| PB 0x0000000787600000| Untracked 
| 119|0x0000000787700000, 0x0000000787700000, 0x0000000787800000|  0%| F|  |TAMS 0x0000000787700000| PB 0x0000000787700000| Untracked 
| 120|0x0000000787800000, 0x0000000787800000, 0x0000000787900000|  0%| F|  |TAMS 0x0000000787800000| PB 0x0000000787800000| Untracked 
| 121|0x0000000787900000, 0x000000078799dde0, 0x0000000787a00000| 61%| E|  |TAMS 0x0000000787900000| PB 0x0000000787900000| Complete 
| 122|0x0000000787a00000, 0x0000000787b00000, 0x0000000787b00000|100%| E|CS|TAMS 0x0000000787a00000| PB 0x0000000787a00000| Complete 
| 123|0x0000000787b00000, 0x0000000787c00000, 0x0000000787c00000|100%| E|CS|TAMS 0x0000000787b00000| PB 0x0000000787b00000| Complete 
| 124|0x0000000787c00000, 0x0000000787d00000, 0x0000000787d00000|100%| E|CS|TAMS 0x0000000787c00000| PB 0x0000000787c00000| Complete 
| 125|0x0000000787d00000, 0x0000000787e00000, 0x0000000787e00000|100%| E|CS|TAMS 0x0000000787d00000| PB 0x0000000787d00000| Complete 
| 126|0x0000000787e00000, 0x0000000787f00000, 0x0000000787f00000|100%| E|CS|TAMS 0x0000000787e00000| PB 0x0000000787e00000| Complete 
| 127|0x0000000787f00000, 0x0000000788000000, 0x0000000788000000|100%| E|CS|TAMS 0x0000000787f00000| PB 0x0000000787f00000| Complete 
|2046|0x00000007ffe00000, 0x00000007fff00000, 0x00000007fff00000|100%| O|  |TAMS 0x00000007ffe00000| PB 0x00000007ffe00000| Untracked 
|2047|0x00000007fff00000, 0x00000007fff0acc0, 0x0000000800000000|  4%| O|  |TAMS 0x00000007fff00000| PB 0x00000007fff00000| Untracked 

Card table byte_map: [0x0000000102f7d000,0x000000010337d000] _byte_map_base: 0x00000000ff37d000

Marking Bits: (CMBitMap*) 0x00007fc115009c10
 Bits: [0x000000011cd4b000, 0x000000011ed4b000)

Polling page: 0x00000001028d0000

Metaspace:

Usage:
  Non-class:      7.74 MB used.
      Class:      1.00 MB used.
       Both:      8.74 MB used.

Virtual space:
  Non-class space:       64.00 MB reserved,       7.88 MB ( 12%) committed,  1 nodes.
      Class space:        1.00 GB reserved,       1.12 MB ( <1%) committed,  1 nodes.
             Both:        1.06 GB reserved,       9.00 MB ( <1%) committed. 

Chunk freelists:
   Non-Class:  8.14 MB
       Class:  14.70 MB
        Both:  22.84 MB

MaxMetaspaceSize: unlimited
CompressedClassSpaceSize: 1.00 GB
Initial GC threshold: 21.00 MB
Current GC threshold: 21.00 MB
CDS: on
 - commit_granule_bytes: 65536.
 - commit_granule_words: 8192.
 - virtual_space_node_default_size: 8388608.
 - enlarge_chunks_in_place: 1.
 - use_allocation_guard: 0.


Internal statistics:

num_allocs_failed_limit: 0.
num_arena_births: 196.
num_arena_deaths: 0.
num_vsnodes_births: 2.
num_vsnodes_deaths: 0.
num_space_committed: 144.
num_space_uncommitted: 0.
num_chunks_returned_to_freelist: 0.
num_chunks_taken_from_freelist: 337.
num_chunk_merges: 0.
num_chunk_splits: 203.
num_chunks_enlarged: 125.
num_inconsistent_stats: 0.

CodeHeap 'non-profiled nmethods': size=120032Kb used=373Kb max_used=373Kb free=119658Kb
 bounds [0x0000000115813000, 0x0000000115a83000, 0x000000011cd4b000]
CodeHeap 'profiled nmethods': size=120028Kb used=2148Kb max_used=2148Kb free=117880Kb
 bounds [0x000000010dd4b000, 0x000000010dfbb000, 0x0000000115282000]
CodeHeap 'non-nmethods': size=5700Kb used=1406Kb max_used=1421Kb free=4293Kb
 bounds [0x0000000115282000, 0x00000001154f2000, 0x0000000115813000]
 total_blobs=1726 nmethods=1211 adapters=421
 compilation: enabled
              stopped_count=0, restarted_count=0
 full_count=0

Compilation events (20 events):
Event: 1.346 Thread 0x00007fc115821200 1199       3       jdk.internal.misc.Unsafe::storeFence (5 bytes)
Event: 1.346 Thread 0x00007fc115821200 nmethod 1199 0x000000010df5cb10 code [0x000000010df5cca0, 0x000000010df5cdb8]
Event: 1.346 Thread 0x00007fc115821200 1192       3       java.lang.invoke.MethodHandles$Lookup::makeHiddenClassDefiner (20 bytes)
Event: 1.347 Thread 0x00007fc115821200 nmethod 1192 0x000000010df5ce90 code [0x000000010df5d060, 0x000000010df5d368]
Event: 1.347 Thread 0x00007fc115821200 1201       3       java.util.regex.Pattern$Node::<init> (12 bytes)
Event: 1.347 Thread 0x00007fc115821200 nmethod 1201 0x000000010df5d510 code [0x000000010df5d6a0, 0x000000010df5d870]
Event: 1.347 Thread 0x00007fc115821200 1202       3       java.lang.invoke.LambdaForm::editor (5 bytes)
Event: 1.347 Thread 0x00007fc115821200 nmethod 1202 0x000000010df5d910 code [0x000000010df5dac0, 0x000000010df5ddf8]
Event: 1.348 Thread 0x00007fc115821200 1203       3       java.lang.invoke.LambdaFormEditor::lambdaFormEditor (12 bytes)
Event: 1.348 Thread 0x00007fc115821200 nmethod 1203 0x000000010df5df10 code [0x000000010df5e0c0, 0x000000010df5e380]
Event: 1.348 Thread 0x00007fc115821200 1204       3       jdk.internal.org.objectweb.asm.Frame::getInputStackSize (6 bytes)
Event: 1.348 Thread 0x00007fc115821200 nmethod 1204 0x000000010df5e510 code [0x000000010df5e6a0, 0x000000010df5e7b0]
Event: 1.350 Thread 0x00007fc115821200 1206       3       java.lang.String::getBytesNoRepl1 (89 bytes)
Event: 1.352 Thread 0x00007fc115821200 nmethod 1206 0x000000010df5e890 code [0x000000010df5eb00, 0x000000010df5f440]
Event: 1.352 Thread 0x00007fc115821200 1208       3       java.util.jar.JarFile::getVersionedEntry (133 bytes)
Event: 1.353 Thread 0x00007fc115821200 nmethod 1208 0x000000010df5f710 code [0x000000010df5f9e0, 0x000000010df60770]
Event: 1.353 Thread 0x00007fc115821200 1207       3       java.lang.String::isASCII (16 bytes)
Event: 1.353 Thread 0x00007fc115821200 nmethod 1207 0x000000010df60d10 code [0x000000010df60ec0, 0x000000010df610f8]
Event: 1.358 Thread 0x00007fc115821200 1210       3       java.lang.invoke.MethodHandleNatives::refKindHasReceiver (33 bytes)
Event: 1.359 Thread 0x00007fc115821200 nmethod 1210 0x000000010df61210 code [0x000000010df613a0, 0x000000010df614f0]

GC Heap History (2 events):
Event: 1.203 GC heap before
{Heap before GC invocations=0 (full 0):
 garbage-first heap   total 133120K, used 14379K [0x0000000780000000, 0x0000000800000000)
  region size 1024K, 13 young (13312K), 0 survivors (0K)
 Metaspace       used 6244K, committed 6528K, reserved 1114112K
  class space    used 731K, committed 896K, reserved 1048576K
}
Event: 1.208 GC heap after
{Heap after GC invocations=1 (full 0):
 garbage-first heap   total 133120K, used 6320K [0x0000000780000000, 0x0000000800000000)
  region size 1024K, 2 young (2048K), 2 survivors (2048K)
 Metaspace       used 6244K, committed 6528K, reserved 1114112K
  class space    used 731K, committed 896K, reserved 1048576K
}

Dll operation events (6 events):
Event: 0.011 Loaded shared library /Library/Java/JavaVirtualMachines/jdk-21.jdk/Contents/Home/lib/libjava.dylib
Event: 0.119 Loaded shared library /Library/Java/JavaVirtualMachines/jdk-21.jdk/Contents/Home/lib/libnio.dylib
Event: 0.125 Loaded shared library /Library/Java/JavaVirtualMachines/jdk-21.jdk/Contents/Home/lib/libzip.dylib
Event: 0.281 Loaded shared library /Library/Java/JavaVirtualMachines/jdk-21.jdk/Contents/Home/lib/libjimage.dylib
Event: 0.365 Loaded shared library /Library/Java/JavaVirtualMachines/jdk-21.jdk/Contents/Home/lib/libnet.dylib
Event: 0.374 Loaded shared library /Library/Java/JavaVirtualMachines/jdk-21.jdk/Contents/Home/lib/libextnet.dylib

Deoptimization events (20 events):
Event: 1.294 Thread 0x00007fc11501b000 Uncommon trap: trap_request=0xffffff45 fr.pc=0x000000011586b310 relative=0x0000000000000210
Event: 1.294 Thread 0x00007fc11501b000 Uncommon trap: reason=unstable_if action=reinterpret pc=0x000000011586b310 method=java.util.HashMap.putVal(ILjava/lang/Object;Ljava/lang/Object;ZZ)Ljava/lang/Object; @ 162 c2
Event: 1.294 Thread 0x00007fc11501b000 DEOPT PACKING pc=0x000000011586b310 sp=0x0000700005d669b0
Event: 1.294 Thread 0x00007fc11501b000 DEOPT UNPACKING pc=0x00000001152d5f99 sp=0x0000700005d66960 mode 2
Event: 1.349 Thread 0x00007fc11501b000 Uncommon trap: trap_request=0xffffffde fr.pc=0x000000011585f9e0 relative=0x0000000000000820
Event: 1.349 Thread 0x00007fc11501b000 Uncommon trap: reason=class_check action=maybe_recompile pc=0x000000011585f9e0 method=java.util.regex.Matcher.search(I)Z @ 121 c2
Event: 1.349 Thread 0x00007fc11501b000 DEOPT PACKING pc=0x000000011585f9e0 sp=0x0000700005d67730
Event: 1.349 Thread 0x00007fc11501b000 DEOPT UNPACKING pc=0x00000001152d5f99 sp=0x0000700005d67710 mode 2
Event: 1.349 Thread 0x00007fc11501b000 Uncommon trap: trap_request=0xffffffde fr.pc=0x000000011585f9e0 relative=0x0000000000000820
Event: 1.349 Thread 0x00007fc11501b000 Uncommon trap: reason=class_check action=maybe_recompile pc=0x000000011585f9e0 method=java.util.regex.Matcher.search(I)Z @ 121 c2
Event: 1.349 Thread 0x00007fc11501b000 DEOPT PACKING pc=0x000000011585f9e0 sp=0x0000700005d67800
Event: 1.349 Thread 0x00007fc11501b000 DEOPT UNPACKING pc=0x00000001152d5f99 sp=0x0000700005d677e0 mode 2
Event: 1.349 Thread 0x00007fc11501b000 Uncommon trap: trap_request=0xffffffde fr.pc=0x000000011585f9e0 relative=0x0000000000000820
Event: 1.349 Thread 0x00007fc11501b000 Uncommon trap: reason=class_check action=maybe_recompile pc=0x000000011585f9e0 method=java.util.regex.Matcher.search(I)Z @ 121 c2
Event: 1.349 Thread 0x00007fc11501b000 DEOPT PACKING pc=0x000000011585f9e0 sp=0x0000700005d678e0
Event: 1.349 Thread 0x00007fc11501b000 DEOPT UNPACKING pc=0x00000001152d5f99 sp=0x0000700005d678c0 mode 2
Event: 1.349 Thread 0x00007fc11501b000 Uncommon trap: trap_request=0xffffffde fr.pc=0x000000011585f9e0 relative=0x0000000000000820
Event: 1.349 Thread 0x00007fc11501b000 Uncommon trap: reason=class_check action=maybe_recompile pc=0x000000011585f9e0 method=java.util.regex.Matcher.search(I)Z @ 121 c2
Event: 1.349 Thread 0x00007fc11501b000 DEOPT PACKING pc=0x000000011585f9e0 sp=0x0000700005d67730
Event: 1.349 Thread 0x00007fc11501b000 DEOPT UNPACKING pc=0x00000001152d5f99 sp=0x0000700005d67710 mode 2

Classes loaded (20 events):
Event: 1.313 Loading class sun/nio/ch/Util$2
Event: 1.314 Loading class sun/nio/ch/Util$2 done
Event: 1.314 Loading class sun/nio/ch/KQueue
Event: 1.314 Loading class sun/nio/ch/KQueue done
Event: 1.320 Loading class java/nio/channels/spi/AbstractSelector$1
Event: 1.320 Loading class sun/nio/ch/Interruptible
Event: 1.320 Loading class sun/nio/ch/Interruptible done
Event: 1.320 Loading class java/nio/channels/spi/AbstractSelector$1 done
Event: 1.340 Loading class java/util/logging/ErrorManager
Event: 1.340 Loading class java/util/logging/ErrorManager done
Event: 1.343 Loading class java/util/TreeMap$KeySpliterator
Event: 1.343 Loading class java/util/TreeMap$TreeMapSpliterator
Event: 1.343 Loading class java/util/TreeMap$TreeMapSpliterator done
Event: 1.343 Loading class java/util/TreeMap$KeySpliterator done
Event: 1.346 Loading class java/util/stream/ReduceOps$1
Event: 1.346 Loading class java/util/stream/ReduceOps$1 done
Event: 1.346 Loading class java/util/stream/ReduceOps$1ReducingSink
Event: 1.346 Loading class java/util/stream/ReduceOps$1ReducingSink done
Event: 1.358 Loading class java/util/concurrent/CompletableFuture$AsyncSupply
Event: 1.358 Loading class java/util/concurrent/CompletableFuture$AsyncSupply done

Classes unloaded (0 events):
No events

Classes redefined (0 events):
No events

Internal exceptions (20 events):
Event: 1.059 Thread 0x00007fc11501b000 Exception <a 'java/lang/NoSuchMethodError'{0x00000007877ca7a0}: 'java.lang.Object java.lang.invoke.DirectMethodHandle$Holder.invokeStaticInit(java.lang.Object, java.lang.Object, java.lang.Object, java.lang.Object, java.lang.Object, java.lang.Object, java.lang.Object)'> (0x00000007877ca7a0) 
thrown [open/src/hotspot/share/interpreter/linkResolver.cpp, line 773]
Event: 1.060 Thread 0x00007fc11501b000 Exception <a 'java/lang/NoSuchMethodError'{0x00000007877d3180}: 'java.lang.Object java.lang.invoke.Invokers$Holder.invoke_MT(java.lang.Object, java.lang.Object, java.lang.Object, java.lang.Object, java.lang.Object, java.lang.Object, java.lang.Object, java.lang.Object, java.lang.Object, java.lang.Object)'> (0x00000007877d3180) 
thrown [open/src/hotspot/share/interpreter/linkResolver.cpp, line 773]
Event: 1.063 Thread 0x00007fc11501b000 Exception <a 'java/lang/NoSuchMethodError'{0x00000007877e6bd8}: 'void java.lang.invoke.DelegatingMethodHandle$Holder.delegate(java.lang.Object, java.lang.Object, int, java.lang.Object)'> (0x00000007877e6bd8) 
thrown [open/src/hotspot/share/interpreter/linkResolver.cpp, line 773]
Event: 1.067 Thread 0x00007fc11501b000 Exception <a 'java/lang/NoSuchMethodError'{0x0000000787606ab0}: 'int java.lang.invoke.DirectMethodHandle$Holder.invokeVirtual(java.lang.Object, java.lang.Object, java.lang.Object)'> (0x0000000787606ab0) 
thrown [open/src/hotspot/share/interpreter/linkResolver.cpp, line 773]
Event: 1.068 Thread 0x00007fc11501b000 Exception <a 'java/lang/NoSuchMethodError'{0x000000078760acb0}: 'int java.lang.invoke.DirectMethodHandle$Holder.invokeStaticInit(java.lang.Object, int, int)'> (0x000000078760acb0) 
thrown [open/src/hotspot/share/interpreter/linkResolver.cpp, line 773]
Event: 1.069 Thread 0x00007fc11501b000 Exception <a 'java/lang/NoSuchMethodError'{0x0000000787611f98}: 'int java.lang.invoke.DirectMethodHandle$Holder.invokeStaticInit(java.lang.Object, long, long)'> (0x0000000787611f98) 
thrown [open/src/hotspot/share/interpreter/linkResolver.cpp, line 773]
Event: 1.070 Thread 0x00007fc11501b000 Exception <a 'java/lang/NoSuchMethodError'{0x00000007876188d0}: 'int java.lang.invoke.DirectMethodHandle$Holder.invokeStaticInit(java.lang.Object, float, float)'> (0x00000007876188d0) 
thrown [open/src/hotspot/share/interpreter/linkResolver.cpp, line 773]
Event: 1.070 Thread 0x00007fc11501b000 Exception <a 'java/lang/NoSuchMethodError'{0x000000078761f200}: 'int java.lang.invoke.DirectMethodHandle$Holder.invokeStaticInit(java.lang.Object, double, double)'> (0x000000078761f200) 
thrown [open/src/hotspot/share/interpreter/linkResolver.cpp, line 773]
Event: 1.070 Thread 0x00007fc11501b000 Exception <a 'java/lang/NoSuchMethodError'{0x00000007876235b0}: 'int java.lang.invoke.DirectMethodHandle$Holder.invokeStatic(java.lang.Object, long)'> (0x00000007876235b0) 
thrown [open/src/hotspot/share/interpreter/linkResolver.cpp, line 773]
Event: 1.073 Thread 0x00007fc11501b000 Exception <a 'java/lang/NoSuchMethodError'{0x0000000787636d48}: 'int java.lang.invoke.DirectMethodHandle$Holder.invokeSpecial(java.lang.Object, java.lang.Object, java.lang.Object, java.lang.Object)'> (0x0000000787636d48) 
thrown [open/src/hotspot/share/interpreter/linkResolver.cpp, line 773]
Event: 1.075 Thread 0x00007fc11501b000 Exception <a 'java/lang/NoSuchMethodError'{0x000000078764b2d0}: 'java.lang.Object java.lang.invoke.DirectMethodHandle$Holder.invokeSpecial(java.lang.Object, java.lang.Object, int, java.lang.Object, java.lang.Object)'> (0x000000078764b2d0) 
thrown [open/src/hotspot/share/interpreter/linkResolver.cpp, line 773]
Event: 1.075 Thread 0x00007fc11501b000 Exception <a 'java/lang/NoSuchMethodError'{0x000000078764ec50}: 'java.lang.Object java.lang.invoke.DelegatingMethodHandle$Holder.delegate(java.lang.Object, int, java.lang.Object, java.lang.Object)'> (0x000000078764ec50) 
thrown [open/src/hotspot/share/interpreter/linkResolver.cpp, line 773]
Event: 1.077 Thread 0x00007fc11501b000 Exception <a 'java/lang/NoSuchMethodError'{0x000000078765df60}: 'int java.lang.invoke.Invokers$Holder.linkToTargetMethod(java.lang.Object, java.lang.Object, java.lang.Object)'> (0x000000078765df60) 
thrown [open/src/hotspot/share/interpreter/linkResolver.cpp, line 773]
Event: 1.081 Thread 0x00007fc11501b000 Exception <a 'java/lang/NoSuchMethodError'{0x000000078766caf8}: 'long java.lang.invoke.DirectMethodHandle$Holder.invokeSpecial(java.lang.Object, java.lang.Object)'> (0x000000078766caf8) 
thrown [open/src/hotspot/share/interpreter/linkResolver.cpp, line 773]
Event: 1.082 Thread 0x00007fc11501b000 Exception <a 'java/lang/NoSuchMethodError'{0x00000007876731e8}: 'java.lang.Object java.lang.invoke.Invokers$Holder.invokeExact_MT(java.lang.Object, java.lang.Object, java.lang.Object, java.lang.Object, java.lang.Object, java.lang.Object)'> (0x00000007876731e8) 
thrown [open/src/hotspot/share/interpreter/linkResolver.cpp, line 773]
Event: 1.215 Thread 0x00007fc11501b000 Exception <a 'java/lang/NoSuchMethodError'{0x0000000787f38e68}: 'void java.lang.invoke.DirectMethodHandle$Holder.invokeVirtual(java.lang.Object, java.lang.Object)'> (0x0000000787f38e68) 
thrown [open/src/hotspot/share/interpreter/linkResolver.cpp, line 773]
Event: 1.345 Thread 0x00007fc11501b000 Exception <a 'java/lang/NoSuchMethodError'{0x0000000787aae938}: 'java.lang.Object java.lang.invoke.DirectMethodHandle$Holder.invokeInterface(java.lang.Object, java.lang.Object, java.lang.Object)'> (0x0000000787aae938) 
thrown [open/src/hotspot/share/interpreter/linkResolver.cpp, line 773]
Event: 1.345 Thread 0x00007fc11501b000 Exception <a 'java/lang/IncompatibleClassChangeError'{0x0000000787ab1d30}: Found class java.lang.Object, but interface was expected> (0x0000000787ab1d30) 
thrown [open/src/hotspot/share/interpreter/linkResolver.cpp, line 840]
Event: 1.348 Thread 0x00007fc11501b000 Exception <a 'java/lang/NoSuchMethodError'{0x0000000787ab91a0}: 'int java.lang.invoke.DirectMethodHandle$Holder.invokeSpecialIFC(java.lang.Object, java.lang.Object, java.lang.Object, java.lang.Object)'> (0x0000000787ab91a0) 
thrown [open/src/hotspot/share/interpreter/linkResolver.cpp, line 773]
Event: 1.352 Thread 0x00007fc11501b000 Exception <a 'java/lang/NoSuchMethodError'{0x0000000787adbe00}: 'java.lang.Object java.lang.invoke.DirectMethodHandle$Holder.invokeVirtual(java.lang.Object, java.lang.Object, java.lang.Object, java.lang.Object)'> (0x0000000787adbe00) 
thrown [open/src/hotspot/share/interpreter/linkResolver.cpp, line 773]

ZGC Phase Switch (0 events):
No events

VM Operations (16 events):
Event: 0.369 Executing VM operation: HandshakeAllThreads (Deoptimize)
Event: 0.369 Executing VM operation: HandshakeAllThreads (Deoptimize) done
Event: 0.502 Executing VM operation: HandshakeAllThreads (Deoptimize)
Event: 0.502 Executing VM operation: HandshakeAllThreads (Deoptimize) done
Event: 0.919 Executing VM operation: HandshakeAllThreads (Deoptimize)
Event: 0.919 Executing VM operation: HandshakeAllThreads (Deoptimize) done
Event: 1.014 Executing VM operation: HandshakeAllThreads (Deoptimize)
Event: 1.014 Executing VM operation: HandshakeAllThreads (Deoptimize) done
Event: 1.061 Executing VM operation: HandshakeAllThreads (Deoptimize)
Event: 1.061 Executing VM operation: HandshakeAllThreads (Deoptimize) done
Event: 1.064 Executing VM operation: HandshakeAllThreads (Deoptimize)
Event: 1.064 Executing VM operation: HandshakeAllThreads (Deoptimize) done
Event: 1.203 Executing VM operation: G1CollectForAllocation (G1 Evacuation Pause)
Event: 1.208 Executing VM operation: G1CollectForAllocation (G1 Evacuation Pause) done
Event: 1.211 Executing VM operation: HandshakeAllThreads (Deoptimize)
Event: 1.211 Executing VM operation: HandshakeAllThreads (Deoptimize) done

Events (20 events):
Event: 0.091 Thread 0x00007fc115821200 Thread added: 0x00007fc115821200
Event: 0.091 Protecting memory [0x0000700006b99000,0x0000700006b9d000] with protection modes 0
Event: 0.104 Thread 0x00007fc11487f200 Thread added: 0x00007fc11487f200
Event: 0.104 Protecting memory [0x0000700006c9c000,0x0000700006ca0000] with protection modes 0
Event: 0.106 Thread 0x00007fc11501ce00 Thread added: 0x00007fc11501ce00
Event: 0.106 Protecting memory [0x0000700006d9f000,0x0000700006da3000] with protection modes 0
Event: 0.562 Thread 0x00007fc11587c800 Thread added: 0x00007fc11587c800
Event: 0.562 Protecting memory [0x0000700006ea2000,0x0000700006ea6000] with protection modes 0
Event: 0.573 Thread 0x00007fc1138eba00 Thread added: 0x00007fc1138eba00
Event: 0.573 Protecting memory [0x0000700006ec9000,0x0000700006ecd000] with protection modes 0
Event: 0.919 Protecting memory [0x0000700006ec9000,0x0000700006ecd000] with protection modes 3
Event: 0.919 Thread 0x00007fc1138eba00 Thread exited: 0x00007fc1138eba00
Event: 1.016 Thread 0x00007fc1148bd000 Thread added: 0x00007fc1148bd000
Event: 1.016 Protecting memory [0x0000700006ec9000,0x0000700006ecd000] with protection modes 0
Event: 1.319 Thread 0x00007fc115988600 Thread added: 0x00007fc115988600
Event: 1.319 Protecting memory [0x00007000072d5000,0x00007000072d9000] with protection modes 0
Event: 1.357 Thread 0x00007fc1148e4e00 Thread added: 0x00007fc1148e4e00
Event: 1.357 Protecting memory [0x00007000073d8000,0x00007000073dc000] with protection modes 0
Event: 1.358 Thread 0x00007fc115988e00 Thread added: 0x00007fc115988e00
Event: 1.358 Protecting memory [0x00007000074db000,0x00007000074df000] with protection modes 0


Dynamic libraries:
0x00000001028d2000 	/Library/Java/JavaVirtualMachines/jdk-21.jdk/Contents/Home/lib/libjli.dylib
0x00007ff8102a8000 	/usr/lib/libz.1.dylib
0x00007ff810388000 	/usr/lib/libSystem.B.dylib
0x00007ff810383000 	/usr/lib/system/libcache.dylib
0x00007ff81033f000 	/usr/lib/system/libcommonCrypto.dylib
0x00007ff810368000 	/usr/lib/system/libcompiler_rt.dylib
0x00007ff81035e000 	/usr/lib/system/libcopyfile.dylib
0x00007ff805311000 	/usr/lib/system/libcorecrypto.dylib
0x00007ff8053cf000 	/usr/lib/system/libdispatch.dylib
0x00007ff805590000 	/usr/lib/system/libdyld.dylib
0x00007ff81037a000 	/usr/lib/system/libkeymgr.dylib
0x00007ff81031d000 	/usr/lib/system/libmacho.dylib
0x00007ff80f99e000 	/usr/lib/system/libquarantine.dylib
0x00007ff810378000 	/usr/lib/system/libremovefile.dylib
0x00007ff80a529000 	/usr/lib/system/libsystem_asl.dylib
0x00007ff8052ba000 	/usr/lib/system/libsystem_blocks.dylib
0x00007ff805454000 	/usr/lib/system/libsystem_c.dylib
0x00007ff810370000 	/usr/lib/system/libsystem_collections.dylib
0x00007ff80ec52000 	/usr/lib/system/libsystem_configuration.dylib
0x00007ff80defb000 	/usr/lib/system/libsystem_containermanager.dylib
0x00007ff810055000 	/usr/lib/system/libsystem_coreservices.dylib
0x00007ff807bc7000 	/usr/lib/system/libsystem_darwin.dylib
0x00007ff81037b000 	/usr/lib/system/libsystem_dnssd.dylib
0x00007ff805451000 	/usr/lib/system/libsystem_featureflags.dylib
0x00007ff8055a6000 	/usr/lib/system/libsystem_info.dylib
0x00007ff8102bb000 	/usr/lib/system/libsystem_m.dylib
0x00007ff8053a3000 	/usr/lib/system/libsystem_malloc.dylib
0x00007ff80a4c4000 	/usr/lib/system/libsystem_networkextension.dylib
0x00007ff807ff1000 	/usr/lib/system/libsystem_notify.dylib
0x00007ff8165ff000 	/usr/lib/system/libsystem_product_info_filter.dylib
0x00007ff80ec56000 	/usr/lib/system/libsystem_sandbox.dylib
0x00007ff810375000 	/usr/lib/system/libsystem_secinit.dylib
0x00007ff80554c000 	/usr/lib/system/libsystem_kernel.dylib
0x00007ff80559c000 	/usr/lib/system/libsystem_platform.dylib
0x00007ff805584000 	/usr/lib/system/libsystem_pthread.dylib
0x00007ff80bd77000 	/usr/lib/system/libsystem_symptoms.dylib
0x00007ff8052f8000 	/usr/lib/system/libsystem_trace.dylib
0x00007ff81034b000 	/usr/lib/system/libunwind.dylib
0x00007ff8052bc000 	/usr/lib/system/libxpc.dylib
0x00007ff805536000 	/usr/lib/libc++abi.dylib
0x00007ff805416000 	/usr/lib/libobjc.A.dylib
0x00007ff810356000 	/usr/lib/liboah.dylib
0x00007ff8054dd000 	/usr/lib/libc++.1.dylib
0x00007ff81c41c000 	/System/Library/Frameworks/Cocoa.framework/Versions/A/Cocoa
0x00007ff80804f000 	/System/Library/Frameworks/AppKit.framework/Versions/C/AppKit
0x00007ff80b565000 	/System/Library/Frameworks/CoreData.framework/Versions/A/CoreData
0x00007ff80644e000 	/System/Library/Frameworks/Foundation.framework/Versions/C/Foundation
0x00007ff808edf000 	/System/Library/PrivateFrameworks/UIFoundation.framework/Versions/A/UIFoundation
0x00007ff816302000 	/System/Library/PrivateFrameworks/RemoteViewServices.framework/Versions/A/RemoteViewServices
0x00007ff80e5db000 	/System/Library/PrivateFrameworks/XCTTargetBootstrap.framework/Versions/A/XCTTargetBootstrap
0x00007ff812198000 	/System/Library/PrivateFrameworks/InternationalSupport.framework/Versions/A/InternationalSupport
0x00007ff812222000 	/System/Library/PrivateFrameworks/UserActivity.framework/Versions/A/UserActivity
0x00007ff811570000 	/usr/lib/libspindump.dylib
0x00007ff80916e000 	/System/Library/Frameworks/UniformTypeIdentifiers.framework/Versions/A/UniformTypeIdentifiers
0x00007ff80cd00000 	/usr/lib/libapp_launch_measurement.dylib
0x00007ff80bf37000 	/System/Library/PrivateFrameworks/CoreAnalytics.framework/Versions/A/CoreAnalytics
0x00007ff80cd03000 	/System/Library/PrivateFrameworks/CoreAutoLayout.framework/Versions/A/CoreAutoLayout
0x00007ff80df33000 	/System/Library/Frameworks/Metal.framework/Versions/A/Metal
0x00007ff80ec62000 	/usr/lib/liblangid.dylib
0x00007ff80e5e0000 	/System/Library/PrivateFrameworks/CoreSVG.framework/Versions/A/CoreSVG
0x00007ff80a559000 	/System/Library/PrivateFrameworks/SkyLight.framework/Versions/A/SkyLight
0x00007ff80a8f8000 	/System/Library/Frameworks/CoreGraphics.framework/Versions/A/CoreGraphics
0x00007ff8169c4000 	/System/Library/Frameworks/Accelerate.framework/Versions/A/Accelerate
0x00007ff810fef000 	/System/Library/PrivateFrameworks/IconServices.framework/Versions/A/IconServices
0x00007ff80df18000 	/System/Library/Frameworks/IOSurface.framework/Versions/A/IOSurface
0x00007ff80bf65000 	/usr/lib/libDiagnosticMessagesClient.dylib
0x00007ff81a0c0000 	/System/Library/Frameworks/ApplicationServices.framework/Versions/A/ApplicationServices
0x00007ff80e5c7000 	/System/Library/PrivateFrameworks/DFRFoundation.framework/Versions/A/DFRFoundation
0x00007ff807933000 	/usr/lib/libicucore.A.dylib
0x00007ff812f8e000 	/System/Library/Frameworks/AudioToolbox.framework/Versions/A/AudioToolbox
0x00007ff8121a4000 	/System/Library/PrivateFrameworks/DataDetectorsCore.framework/Versions/A/DataDetectorsCore
0x00007ff90e6a8000 	/System/Library/PrivateFrameworks/TextInput.framework/Versions/A/TextInput
0x00007ff80a4dc000 	/usr/lib/libMobileGestalt.dylib
0x00007ff80e2d3000 	/System/Library/Frameworks/Carbon.framework/Versions/A/Frameworks/HIToolbox.framework/Versions/A/HIToolbox
0x00007ff80c702000 	/System/Library/Frameworks/QuartzCore.framework/Versions/A/QuartzCore
0x00007ff8075d8000 	/System/Library/Frameworks/Security.framework/Versions/A/Security
0x00007ff81633a000 	/System/Library/Frameworks/Carbon.framework/Versions/A/Frameworks/SpeechRecognition.framework/Versions/A/SpeechRecognition
0x00007ff80ca60000 	/System/Library/PrivateFrameworks/CoreUI.framework/Versions/A/CoreUI
0x00007ff806ea2000 	/System/Library/Frameworks/CoreAudio.framework/Versions/A/CoreAudio
0x00007ff80c054000 	/System/Library/Frameworks/DiskArbitration.framework/Versions/A/DiskArbitration
0x00007ff811961000 	/System/Library/PrivateFrameworks/MultitouchSupport.framework/Versions/A/MultitouchSupport
0x00007ff80a4db000 	/usr/lib/libenergytrace.dylib
0x00007ff807f37000 	/System/Library/Frameworks/IOKit.framework/Versions/A/IOKit
0x00007ff81672c000 	/System/Library/Frameworks/CoreServices.framework/Versions/A/CoreServices
0x00007ff80cc9a000 	/System/Library/PrivateFrameworks/PerformanceAnalysis.framework/Versions/A/PerformanceAnalysis
0x00007ffa1e376000 	/System/Library/Frameworks/OpenGL.framework/Versions/A/OpenGL
0x00007ff80f8c4000 	/System/Library/PrivateFrameworks/MobileKeyBag.framework/Versions/A/MobileKeyBag
0x00007ff80afc4000 	/System/Library/Frameworks/ColorSync.framework/Versions/A/ColorSync
0x00007ff8055d1000 	/System/Library/Frameworks/CoreFoundation.framework/Versions/A/CoreFoundation
0x00007ff80e858000 	/System/Library/Frameworks/CoreImage.framework/Versions/A/CoreImage
0x00007ff806cb6000 	/System/Library/Frameworks/CoreText.framework/Versions/A/CoreText
0x00007ff80e610000 	/System/Library/Frameworks/ImageIO.framework/Versions/A/ImageIO
0x00007ff81038e000 	/System/Library/PrivateFrameworks/SoftLinking.framework/Versions/A/SoftLinking
0x00007ff80cd4b000 	/usr/lib/libxml2.2.dylib
0x00007ff810612000 	/usr/lib/libcompression.dylib
0x00007ff8120cb000 	/System/Library/PrivateFrameworks/TextureIO.framework/Versions/A/TextureIO
0x00007ff810d00000 	/usr/lib/libate.dylib
0x00007ff810adc000 	/usr/lib/liblzma.5.dylib
0x00007ff806160000 	/System/Library/Frameworks/SystemConfiguration.framework/Versions/A/SystemConfiguration
0x00007ff81038a000 	/usr/lib/libfakelink.dylib
0x00007ff80a035000 	/System/Library/Frameworks/CFNetwork.framework/Versions/A/CFNetwork
0x00007ff8104cb000 	/usr/lib/libarchive.2.dylib
0x00007ff80ec5e000 	/System/Library/PrivateFrameworks/AppleSystemInfo.framework/Versions/A/AppleSystemInfo
0x00007ff80f9c5000 	/usr/lib/libbsm.0.dylib
0x00007ff809644000 	/usr/lib/libnetwork.dylib
0x00007ff810323000 	/usr/lib/system/libkxld.dylib
0x00007ff80f5f8000 	/System/Library/PrivateFrameworks/IOMobileFramebuffer.framework/Versions/A/IOMobileFramebuffer
0x00007ffb1dd2c000 	/usr/lib/libCoreEntitlements.dylib
0x00007ff810037000 	/System/Library/PrivateFrameworks/AppleFSCompression.framework/Versions/A/AppleFSCompression
0x00007ff80f9ad000 	/usr/lib/libcoretls.dylib
0x00007ff810af6000 	/usr/lib/libcoretls_cfhelpers.dylib
0x00007ff81060c000 	/usr/lib/libpam.2.dylib
0x00007ff80b996000 	/usr/lib/libsqlite3.dylib
0x00007ff810b65000 	/usr/lib/libxar.1.dylib
0x00007ff810047000 	/usr/lib/libbz2.1.0.dylib
0x00007ff81038f000 	/usr/lib/libpcap.A.dylib
0x00007ff80bd6f000 	/usr/lib/libdns_services.dylib
0x00007ff8105dc000 	/usr/lib/libapple_nghttp2.dylib
0x00007ff8103c9000 	/usr/lib/libiconv.2.dylib
0x00007ff81031c000 	/usr/lib/libcharset.1.dylib
0x00007ff80ccce000 	/System/Library/Frameworks/CoreServices.framework/Versions/A/Frameworks/FSEvents.framework/Versions/A/FSEvents
0x00007ff807bd1000 	/System/Library/Frameworks/CoreServices.framework/Versions/A/Frameworks/CarbonCore.framework/Versions/A/CarbonCore
0x00007ff80bfb8000 	/System/Library/Frameworks/CoreServices.framework/Versions/A/Frameworks/Metadata.framework/Versions/A/Metadata
0x00007ff81005a000 	/System/Library/Frameworks/CoreServices.framework/Versions/A/Frameworks/OSServices.framework/Versions/A/OSServices
0x00007ff810551000 	/System/Library/Frameworks/CoreServices.framework/Versions/A/Frameworks/SearchKit.framework/Versions/A/SearchKit
0x00007ff80bd01000 	/System/Library/Frameworks/CoreServices.framework/Versions/A/Frameworks/AE.framework/Versions/A/AE
0x00007ff805ad4000 	/System/Library/Frameworks/CoreServices.framework/Versions/A/Frameworks/LaunchServices.framework/Versions/A/LaunchServices
0x00007ff810a8d000 	/System/Library/Frameworks/CoreServices.framework/Versions/A/Frameworks/DictionaryServices.framework/Versions/A/DictionaryServices
0x00007ff80ccdb000 	/System/Library/Frameworks/CoreServices.framework/Versions/A/Frameworks/SharedFileList.framework/Versions/A/SharedFileList
0x00007ff80f9a1000 	/usr/lib/libCheckFix.dylib
0x00007ff80a540000 	/System/Library/PrivateFrameworks/TCC.framework/Versions/A/TCC
0x00007ff80ec64000 	/System/Library/PrivateFrameworks/CoreNLP.framework/Versions/A/CoreNLP
0x00007ff80bf68000 	/System/Library/PrivateFrameworks/MetadataUtilities.framework/Versions/A/MetadataUtilities
0x00007ff806211000 	/usr/lib/libmecabra.dylib
0x00007ff80f9d5000 	/usr/lib/libmecab.dylib
0x00007ff8061dc000 	/usr/lib/libCRFSuite.dylib
0x00007ff80fa2f000 	/usr/lib/libgermantok.dylib
0x00007ff8105b7000 	/usr/lib/libThaiTokenizer.dylib
0x00007ff80c05b000 	/System/Library/Frameworks/Accelerate.framework/Versions/A/Frameworks/vImage.framework/Versions/A/vImage
0x00007ff816703000 	/System/Library/Frameworks/Accelerate.framework/Versions/A/Frameworks/vecLib.framework/Versions/A/vecLib
0x00007ff810ba6000 	/System/Library/Frameworks/Accelerate.framework/Versions/A/Frameworks/vecLib.framework/Versions/A/libvMisc.dylib
0x00007ff80f423000 	/System/Library/Frameworks/Accelerate.framework/Versions/A/Frameworks/vecLib.framework/Versions/A/libvDSP.dylib
0x00007ff805e50000 	/System/Library/Frameworks/Accelerate.framework/Versions/A/Frameworks/vecLib.framework/Versions/A/libBLAS.dylib
0x00007ff8106ef000 	/System/Library/Frameworks/Accelerate.framework/Versions/A/Frameworks/vecLib.framework/Versions/A/libLAPACK.dylib
0x00007ff80fa32000 	/System/Library/Frameworks/Accelerate.framework/Versions/A/Frameworks/vecLib.framework/Versions/A/libLinearAlgebra.dylib
0x00007ff8105f4000 	/System/Library/Frameworks/Accelerate.framework/Versions/A/Frameworks/vecLib.framework/Versions/A/libSparseBLAS.dylib
0x00007ff8106e9000 	/System/Library/Frameworks/Accelerate.framework/Versions/A/Frameworks/vecLib.framework/Versions/A/libQuadrature.dylib
0x00007ff80ed4f000 	/System/Library/Frameworks/Accelerate.framework/Versions/A/Frameworks/vecLib.framework/Versions/A/libBNNS.dylib
0x00007ff8060ea000 	/System/Library/Frameworks/Accelerate.framework/Versions/A/Frameworks/vecLib.framework/Versions/A/libSparse.dylib
0x00007ff80ed48000 	/System/Library/PrivateFrameworks/LinguisticData.framework/Versions/A/LinguisticData
0x00007ff8060a0000 	/System/Library/PrivateFrameworks/Lexicon.framework/Versions/A/Lexicon
0x00007ff810b9f000 	/usr/lib/libChineseTokenizer.dylib
0x00007ff80680b000 	/System/Library/PrivateFrameworks/LanguageModeling.framework/Versions/A/LanguageModeling
0x00007ff8105b9000 	/System/Library/PrivateFrameworks/AppleSauce.framework/Versions/A/AppleSauce
0x00007ff80f5e6000 	/System/Library/PrivateFrameworks/CoreEmoji.framework/Versions/A/CoreEmoji
0x00007ff8104ba000 	/usr/lib/libcmph.dylib
0x00007ff80ccb2000 	/System/Library/Frameworks/OpenDirectory.framework/Versions/A/Frameworks/CFOpenDirectory.framework/Versions/A/CFOpenDirectory
0x00007ff80cca6000 	/System/Library/Frameworks/OpenDirectory.framework/Versions/A/OpenDirectory
0x00007ff810af8000 	/System/Library/PrivateFrameworks/APFS.framework/Versions/A/APFS
0x00007ff80f8fc000 	/System/Library/Frameworks/SecurityFoundation.framework/Versions/A/SecurityFoundation
0x00007ff810b73000 	/usr/lib/libutil.dylib
0x00007ff807efb000 	/System/Library/PrivateFrameworks/CoreServicesStore.framework/Versions/A/CoreServicesStore
0x00007ff810b77000 	/usr/lib/libxslt.1.dylib
0x00007ff80f989000 	/System/Library/PrivateFrameworks/BackgroundTaskManagement.framework/Versions/A/BackgroundTaskManagement
0x00007ff811feb000 	/System/Library/Frameworks/ImageIO.framework/Versions/A/Resources/libRadiance.dylib
0x00007ff811ff4000 	/System/Library/Frameworks/ImageIO.framework/Versions/A/Resources/libJPEG.dylib
0x00007ff811f40000 	/System/Library/Frameworks/ImageIO.framework/Versions/A/Resources/libPng.dylib
0x00007ff811f61000 	/System/Library/Frameworks/ImageIO.framework/Versions/A/Resources/libTIFF.dylib
0x00007ff812054000 	/System/Library/Frameworks/ImageIO.framework/Versions/A/Resources/libGIF.dylib
0x00007ff81187a000 	/System/Library/Frameworks/ImageIO.framework/Versions/A/Resources/libJP2.dylib
0x00007ff810fb5000 	/usr/lib/libexpat.1.dylib
0x00007ff81182f000 	/System/Library/PrivateFrameworks/AppleJPEG.framework/Versions/A/AppleJPEG
0x00007ff80e198000 	/System/Library/PrivateFrameworks/FontServices.framework/libFontParser.dylib
0x00007ff80bcab000 	/System/Library/PrivateFrameworks/RunningBoardServices.framework/Versions/A/RunningBoardServices
0x00007ff81c9d7000 	/System/Library/PrivateFrameworks/IOSurfaceAccelerator.framework/Versions/A/IOSurfaceAccelerator
0x00007ff81195d000 	/System/Library/PrivateFrameworks/WatchdogClient.framework/Versions/A/WatchdogClient
0x00007ff8068f9000 	/System/Library/Frameworks/CoreDisplay.framework/Versions/A/CoreDisplay
0x00007ff80e096000 	/System/Library/Frameworks/CoreMedia.framework/Versions/A/CoreMedia
0x00007ff80df2a000 	/System/Library/PrivateFrameworks/IOAccelerator.framework/Versions/A/IOAccelerator
0x00007ff80ce2f000 	/System/Library/Frameworks/CoreVideo.framework/Versions/A/CoreVideo
0x00007ff81060a000 	/System/Library/Frameworks/MetalPerformanceShaders.framework/Versions/A/MetalPerformanceShaders
0x00007ff81199a000 	/System/Library/Frameworks/VideoToolbox.framework/Versions/A/VideoToolbox
0x00007ff80bbf5000 	/System/Library/PrivateFrameworks/BaseBoard.framework/Versions/A/BaseBoard
0x00007ff80b97c000 	/System/Library/PrivateFrameworks/ProtocolBuffer.framework/Versions/A/ProtocolBuffer
0x00007ff811fe4000 	/System/Library/PrivateFrameworks/GPUWrangler.framework/Versions/A/GPUWrangler
0x00007ff811fc8000 	/System/Library/PrivateFrameworks/IOPresentment.framework/Versions/A/IOPresentment
0x00007ff811fee000 	/System/Library/PrivateFrameworks/DSExternalDisplay.framework/Versions/A/DSExternalDisplay
0x00007ffa1e36a000 	/System/Library/Frameworks/OpenGL.framework/Versions/A/Libraries/libCoreFSCache.dylib
0x00007ffb0b43f000 	/System/Library/PrivateFrameworks/GPUCompiler.framework/Versions/31001/Libraries/libGPUCompilerUtils.dylib
0x00007ff812059000 	/System/Library/PrivateFrameworks/CMCaptureCore.framework/Versions/A/CMCaptureCore
0x00007ff81155e000 	/System/Library/PrivateFrameworks/AppServerSupport.framework/Versions/A/AppServerSupport
0x00007ff813827000 	/System/Library/PrivateFrameworks/perfdata.framework/Versions/A/perfdata
0x00007ff806a25000 	/System/Library/PrivateFrameworks/AudioToolboxCore.framework/Versions/A/AudioToolboxCore
0x00007ff80e074000 	/System/Library/PrivateFrameworks/caulk.framework/Versions/A/caulk
0x00007ff813139000 	/usr/lib/libAudioStatistics.dylib
0x00007ff90ae2d000 	/System/Library/PrivateFrameworks/SystemPolicy.framework/Versions/A/SystemPolicy
0x00007ff813394000 	/usr/lib/libSMC.dylib
0x00007ff81c2cf000 	/System/Library/Frameworks/CoreMIDI.framework/Versions/A/CoreMIDI
0x00007ff811f0f000 	/usr/lib/libAudioToolboxUtility.dylib
0x00007ff90704d000 	/System/Library/PrivateFrameworks/OSAServicesClient.framework/Versions/A/OSAServicesClient
0x00007ff813834000 	/usr/lib/libperfcheck.dylib
0x00007ff90b8de000 	/usr/lib/libmis.dylib
0x00007ffa1e3c5000 	/System/Library/Frameworks/OpenGL.framework/Versions/A/Libraries/libGLU.dylib
0x00007ffa1e389000 	/System/Library/Frameworks/OpenGL.framework/Versions/A/Libraries/libGFXShared.dylib
0x00007ffa1e592000 	/System/Library/Frameworks/OpenGL.framework/Versions/A/Libraries/libGL.dylib
0x00007ffa1e392000 	/System/Library/Frameworks/OpenGL.framework/Versions/A/Libraries/libGLImage.dylib
0x00007ffa1e386000 	/System/Library/Frameworks/OpenGL.framework/Versions/A/Libraries/libCVMSPluginSupport.dylib
0x00007ffa1e371000 	/System/Library/Frameworks/OpenGL.framework/Versions/A/Libraries/libCoreVMClient.dylib
0x00007ff80ebe0000 	/System/Library/Frameworks/MetalPerformanceShaders.framework/Versions/A/Frameworks/MPSCore.framework/Versions/A/MPSCore
0x00007ff80ffa2000 	/System/Library/Frameworks/MetalPerformanceShaders.framework/Versions/A/Frameworks/MPSImage.framework/Versions/A/MPSImage
0x00007ff80fa48000 	/System/Library/Frameworks/MetalPerformanceShaders.framework/Versions/A/Frameworks/MPSNeuralNetwork.framework/Versions/A/MPSNeuralNetwork
0x00007ff80febc000 	/System/Library/Frameworks/MetalPerformanceShaders.framework/Versions/A/Frameworks/MPSMatrix.framework/Versions/A/MPSMatrix
0x00007ff80fc77000 	/System/Library/Frameworks/MetalPerformanceShaders.framework/Versions/A/Frameworks/MPSRayIntersector.framework/Versions/A/MPSRayIntersector
0x00007ff80fef4000 	/System/Library/Frameworks/MetalPerformanceShaders.framework/Versions/A/Frameworks/MPSNDArray.framework/Versions/A/MPSNDArray
0x00007ffa23e4a000 	/System/Library/Frameworks/MetalPerformanceShaders.framework/Versions/A/Frameworks/MPSFunctions.framework/Versions/A/MPSFunctions
0x00007ff805d2c000 	/System/Library/PrivateFrameworks/MetalTools.framework/Versions/A/MetalTools
0x00007ff80ec5c000 	/System/Library/PrivateFrameworks/AggregateDictionary.framework/Versions/A/AggregateDictionary
0x00007ff810d97000 	/usr/lib/libIOReport.dylib
0x00007ffa1f9a1000 	/System/Library/Frameworks/OpenCL.framework/Versions/A/OpenCL
0x00007ff8110fc000 	/System/Library/PrivateFrameworks/FaceCore.framework/Versions/A/FaceCore
0x00007ff8110ed000 	/System/Library/PrivateFrameworks/GraphVisualizer.framework/Versions/A/GraphVisualizer
0x00007ffb0b34a000 	/System/Library/PrivateFrameworks/FontServices.framework/Versions/A/FontServices
0x00007ff811516000 	/System/Library/PrivateFrameworks/OTSVG.framework/Versions/A/OTSVG
0x00007ff80ca15000 	/System/Library/Frameworks/ApplicationServices.framework/Versions/A/Frameworks/ATS.framework/Versions/A/Resources/libFontRegistry.dylib
0x00007ff811566000 	/System/Library/PrivateFrameworks/FontServices.framework/libhvf.dylib
0x00007ffb0b34b000 	/System/Library/PrivateFrameworks/FontServices.framework/libXTFontStaticRegistryData.dylib
0x00007ff810f65000 	/System/Library/PrivateFrameworks/AppleVA.framework/Versions/A/AppleVA
0x00007ff813159000 	/System/Library/Frameworks/ApplicationServices.framework/Versions/A/Frameworks/ATS.framework/Versions/A/ATS
0x00007ff80b0c2000 	/System/Library/Frameworks/ApplicationServices.framework/Versions/A/Frameworks/HIServices.framework/Versions/A/HIServices
0x00007ff812063000 	/System/Library/Frameworks/ApplicationServices.framework/Versions/A/Frameworks/PrintCore.framework/Versions/A/PrintCore
0x00007ff8134e7000 	/System/Library/Frameworks/ApplicationServices.framework/Versions/A/Frameworks/QD.framework/Versions/A/QD
0x00007ff8134df000 	/System/Library/Frameworks/ApplicationServices.framework/Versions/A/Frameworks/ColorSyncLegacy.framework/Versions/A/ColorSyncLegacy
0x00007ff813149000 	/System/Library/Frameworks/ApplicationServices.framework/Versions/A/Frameworks/SpeechSynthesis.framework/Versions/A/SpeechSynthesis
0x00007ff812024000 	/System/Library/Frameworks/ApplicationServices.framework/Versions/A/Frameworks/ATSUI.framework/Versions/A/ATSUI
0x00007ff813474000 	/usr/lib/libcups.2.dylib
0x00007ff813843000 	/System/Library/Frameworks/Kerberos.framework/Versions/A/Kerberos
0x00007ff813852000 	/System/Library/Frameworks/GSS.framework/Versions/A/GSS
0x00007ff8131c5000 	/usr/lib/libresolv.9.dylib
0x00007ff811575000 	/System/Library/PrivateFrameworks/Heimdal.framework/Versions/A/Heimdal
0x00007ff81a452000 	/System/Library/Frameworks/Kerberos.framework/Versions/A/Libraries/libHeimdalProxy.dylib
0x00007ff80bd7f000 	/System/Library/Frameworks/Network.framework/Versions/A/Network
0x00007ff810fd0000 	/usr/lib/libheimdal-asn1.dylib
0x00007ff81389d000 	/System/Library/PrivateFrameworks/CommonAuth.framework/Versions/A/CommonAuth
0x00007ff8130cb000 	/System/Library/PrivateFrameworks/AudioSession.framework/Versions/A/AudioSession
0x00007ff811060000 	/System/Library/PrivateFrameworks/MediaExperience.framework/Versions/A/MediaExperience
0x00007ff812f5d000 	/System/Library/PrivateFrameworks/AudioSession.framework/libSessionUtility.dylib
0x00007ff8134f3000 	/System/Library/PrivateFrameworks/AudioResourceArbitration.framework/Versions/A/AudioResourceArbitration
0x00007ff817576000 	/System/Library/PrivateFrameworks/PowerLog.framework/Versions/A/PowerLog
0x00007ff810fd9000 	/System/Library/PrivateFrameworks/IconFoundation.framework/Versions/A/IconFoundation
0x00007ff81632a000 	/System/Library/PrivateFrameworks/SpeechRecognitionCore.framework/Versions/A/SpeechRecognitionCore
0x0000000103b1e000 	/Library/Java/JavaVirtualMachines/jdk-21.jdk/Contents/Home/lib/server/libjvm.dylib
0x0000000102901000 	/Library/Java/JavaVirtualMachines/jdk-21.jdk/Contents/Home/lib/libjimage.dylib
0x000000010297b000 	/Library/Java/JavaVirtualMachines/jdk-21.jdk/Contents/Home/lib/libjava.dylib
0x00000001033dd000 	/Library/Java/JavaVirtualMachines/jdk-21.jdk/Contents/Home/lib/libnio.dylib
0x00000001033f9000 	/Library/Java/JavaVirtualMachines/jdk-21.jdk/Contents/Home/lib/libnet.dylib
0x000000010340d000 	/Library/Java/JavaVirtualMachines/jdk-21.jdk/Contents/Home/lib/libzip.dylib
0x00000001033c2000 	/Library/Java/JavaVirtualMachines/jdk-21.jdk/Contents/Home/lib/libextnet.dylib


VM Arguments:
jvm_args: -Dfile.encoding=UTF-8 -Dstdout.encoding=UTF-8 -Dstderr.encoding=UTF-8 -XX:+ShowCodeDetailsInExceptionMessages 
java_command: browserLaunching.Example3
java_class_path (initial): /Users/DE3P/eclipse-workspace/BasicSelenium.E23/target/test-classes:/Users/DE3P/eclipse-workspace/BasicSelenium.E23/target/classes:/Users/DE3P/.m2/repository/org/seleniumhq/selenium/selenium-java/4.27.0/selenium-java-4.27.0.jar:/Users/DE3P/.m2/repository/org/seleniumhq/selenium/selenium-api/4.27.0/selenium-api-4.27.0.jar:/Users/DE3P/.m2/repository/org/jspecify/jspecify/1.0.0/jspecify-1.0.0.jar:/Users/DE3P/.m2/repository/org/seleniumhq/selenium/selenium-chrome-driver/4.27.0/selenium-chrome-driver-4.27.0.jar:/Users/DE3P/.m2/repository/com/google/auto/service/auto-service-annotations/1.1.1/auto-service-annotations-1.1.1.jar:/Users/DE3P/.m2/repository/org/seleniumhq/selenium/selenium-chromium-driver/4.27.0/selenium-chromium-driver-4.27.0.jar:/Users/DE3P/.m2/repository/org/seleniumhq/selenium/selenium-json/4.27.0/selenium-json-4.27.0.jar:/Users/DE3P/.m2/repository/org/seleniumhq/selenium/selenium-manager/4.27.0/selenium-manager-4.27.0.jar:/Users/DE3P/.m2/repository/org/seleniumhq/selenium/selenium-devtools-v129/4.27.0/selenium-devtools-v129-4.27.0.jar:/Users/DE3P/.m2/repository/org/seleniumhq/selenium/selenium-devtools-v130/4.27.0/selenium-devtools-v130-4.27.0.jar:/Users/DE3P/.m2/repository/org/seleniumhq/selenium/selenium-devtools-v131/4.27.0/selenium-devtools-v131-4.27.0.jar:/Users/DE3P/.m2/repository/org/seleniumhq/selenium/selenium-devtools-v85/4.27.0/selenium-devtools-v85-4.27.0.jar:/Users/DE3P/.m2/repository/org/seleniumhq/selenium/selenium-edge-driver/4.27.0/selenium-edge-driver-4.27.0.jar:/Users/DE3P/.m2/repository/org/seleniumhq/selenium/selenium-firefox-driver/4.27.0/selenium-firefox-driver-4.27.0.jar:/Users/DE3P/.m2/repository/org/seleniumhq/selenium/selenium-http/4.27.0/selenium-http-4.27.0.jar:/Users/DE3P/.m2/repository/dev/failsafe/failsafe/3.3.2/failsafe-3.3.2.jar:/Users/DE3P/.m2/repository/org/seleniumhq/selenium/selenium-ie-driver/4.27.0/selenium-ie-driver-4.27.0.jar:/Users/DE3P/.m2/repository/org/seleniumhq/selenium/selenium-remote-driver/4.27.0/selenium-remote-driver-4.27.0.jar:/Users/DE3P/.m2/repository/com/google/guava/guava/33.3.1-jre/guava-33.3.1-jre.jar:/Users/DE3P/.m2/repository/com/google/guava/failureaccess/1.0.2/failureaccess-1.0.2.jar:/Users/DE3P/.m2/repository/com/google/guava/listenablefuture/9999.0-empty-to-avoid-conflict-with-guava/listenablefuture-9999.0-empty-to-avoid-conflict-with-guava.jar:/Users/DE3P/.m2/repository/com/google/code/findbugs/jsr305/3.0.2/jsr305-3.0.2.jar:/Users/DE3P/.m2/repository/org/checkerframework/checker-qual/3.43.0/checker-qual-3.43.0.jar:/Users/DE3P/.m2/repository/com/google/errorprone/error_prone_annotations/2.28.0/error_prone_annotations-2.28.0.jar:/Users/DE3P/.m2/repository/com/google/j2objc/j2objc-annotations/3.0.0/j2objc-annotations-3.0.0.jar:/Users/DE3P/.m2/repository/io/opentelemetry/semconv/opentelemetry-semconv/1.25.0-alpha/opentelemetry-semconv-1.25.0-alpha.jar:/Users/DE3P/.m2/repository/io/opentelemetry/opentelemetry-api/1.44.1/opentelemetry-api-1.44.1.jar:/Users/DE3P/.m2/repository/io/opentelemetry/opentelemetry-context/1.44.1/opentelemetry-context-1.44.1.jar:/Users/DE3P/.m2/repository/io/opentelemetry/opentelemetry-exporter-logging/1.44.1/opentelemetry-exporter-logging-1.44.1.jar:/Users/DE3P/.m2/repository/io/opentelemetry/opentelemetry-sdk-common/1.44.1/opentelemetry-sdk-common-1.44.1.jar:/Users/DE3P/.m2/repository/io/opentelemetry/opentelemetry-sdk-extension-autoconfigure-spi/1.44.1/opentelemetry-sdk-extension-autoconfigure-spi-1.44.1.jar:/Users/DE3P/.m2/repository/io/opentelemetry/opentelemetry-sdk-extension-autoconfigure/1.44.1/opentelemetry-sdk-extension-autoconfigure-1.44.1.jar:/Users/DE3P/.m2/repository/io/opentelemetry/opentelemetry-api-incubator/1.44.1-alpha/opentelemetry-api-incubator-1.44.1-alpha.jar:/Users/DE3P/.m2/repository/io/opentelemetry/opentelemetry-sdk-trace/1.44.1/opentelemetry-sdk-trace-1.44.1.jar:/Users/DE3P/.m2/repository/io/opentelemetry/opentelemetry-sdk/1.44.1/opentelemetry-sdk-1.44.1.jar:/Users/DE3P/.m2/repository/io/opentelemetry/opentelemetry-sdk-metrics/1.44.1/opentelemetry-sdk-metrics-1.44.1.jar:/Users/DE3P/.m2/repository/io/opentelemetry/opentelemetry-sdk-logs/1.44.1/opentelemetry-sdk-logs-1.44.1.jar:/Users/DE3P/.m2/repository/net/bytebuddy/byte-buddy/1.15.10/byte-buddy-1.15.10.jar:/Users/DE3P/.m2/repository/org/seleniumhq/selenium/selenium-os/4.27.0/selenium-os-4.27.0.jar:/Users/DE3P/.m2/repository/org/apache/commons/commons-exec/1.4.0/commons-exec-1.4.0.jar:/Users/DE3P/.m2/repository/org/seleniumhq/selenium/selenium-safari-driver/4.27.0/selenium-safari-driver-4.27.0.jar:/Users/DE3P/.m2/repository/org/seleniumhq/selenium/selenium-support/4.27.0/selenium-support-4.27.0.jar
Launcher Type: SUN_STANDARD

[Global flags]
     intx CICompilerCount                          = 3                                         {product} {ergonomic}
     uint ConcGCThreads                            = 1                                         {product} {ergonomic}
     uint G1ConcRefinementThreads                  = 4                                         {product} {ergonomic}
   size_t G1HeapRegionSize                         = 1048576                                   {product} {ergonomic}
    uintx GCDrainStackTargetSize                   = 64                                        {product} {ergonomic}
   size_t InitialHeapSize                          = 134217728                                 {product} {ergonomic}
   size_t MarkStackSize                            = 4194304                                   {product} {ergonomic}
   size_t MaxHeapSize                              = 2147483648                                {product} {ergonomic}
   size_t MaxNewSize                               = 1287651328                                {product} {ergonomic}
   size_t MinHeapDeltaBytes                        = 1048576                                   {product} {ergonomic}
   size_t MinHeapSize                              = 8388608                                   {product} {ergonomic}
    uintx NonNMethodCodeHeapSize                   = 5832780                                {pd product} {ergonomic}
    uintx NonProfiledCodeHeapSize                  = 122912730                              {pd product} {ergonomic}
    uintx ProfiledCodeHeapSize                     = 122912730                              {pd product} {ergonomic}
    uintx ReservedCodeCacheSize                    = 251658240                              {pd product} {ergonomic}
     bool SegmentedCodeCache                       = true                                      {product} {ergonomic}
     bool ShowCodeDetailsInExceptionMessages       = true                                   {manageable} {command line}
   size_t SoftMaxHeapSize                          = 2147483648                             {manageable} {ergonomic}
     bool UseCompressedOops                        = true                           {product lp64_product} {ergonomic}
     bool UseG1GC                                  = true                                      {product} {ergonomic}
     bool UseNUMA                                  = false                                     {product} {ergonomic}
     bool UseNUMAInterleaving                      = false                                     {product} {ergonomic}

Logging:
Log output configuration:
 #0: stdout all=warning uptime,level,tags foldmultilines=false
 #1: stderr all=off uptime,level,tags foldmultilines=false

Environment Variables:
PATH=/usr/bin:/bin:/usr/sbin:/sbin
SHELL=/bin/zsh
TMPDIR=/var/folders/x9/0hbk7khd7316bsftwftmf8ww0000gn/T/

Active Locale:
LC_ALL=C
LC_COLLATE=C
LC_CTYPE=C
LC_MESSAGES=C
LC_MONETARY=C
LC_NUMERIC=C
LC_TIME=C

Signal Handlers:
   SIGSEGV: crash_handler in libjvm.dylib, mask=11100110000111110111111111111111, flags=SA_ONSTACK|SA_RESTART|SA_SIGINFO, unblocked
    SIGBUS: crash_handler in libjvm.dylib, mask=11100110000111110111111111111111, flags=SA_RESTART|SA_SIGINFO, unblocked
    SIGFPE: crash_handler in libjvm.dylib, mask=11100110000111110111111111111111, flags=SA_RESTART|SA_SIGINFO, unblocked
   SIGPIPE: javaSignalHandler in libjvm.dylib, mask=11100110000111110111111111111111, flags=SA_RESTART|SA_SIGINFO, blocked
   SIGXFSZ: javaSignalHandler in libjvm.dylib, mask=11100110000111110111111111111111, flags=SA_RESTART|SA_SIGINFO, blocked
    SIGILL: crash_handler in libjvm.dylib, mask=11100110000111110111111111111111, flags=SA_RESTART|SA_SIGINFO, unblocked
   SIGUSR2: SR_handler in libjvm.dylib, mask=00000000000000000000000000000000, flags=SA_RESTART|SA_SIGINFO, blocked
    SIGHUP: UserHandler in libjvm.dylib, mask=11100110000111110111111111111111, flags=SA_RESTART|SA_SIGINFO, blocked
    SIGINT: UserHandler in libjvm.dylib, mask=11100110000111110111111111111111, flags=SA_RESTART|SA_SIGINFO, blocked
   SIGTERM: UserHandler in libjvm.dylib, mask=11100110000111110111111111111111, flags=SA_RESTART|SA_SIGINFO, blocked
   SIGQUIT: UserHandler in libjvm.dylib, mask=11100110000111110111111111111111, flags=SA_RESTART|SA_SIGINFO, blocked
   SIGTRAP: crash_handler in libjvm.dylib, mask=11100110000111110111111111111111, flags=SA_RESTART|SA_SIGINFO, unblocked


Periodic native trim disabled

---------------  S Y S T E M  ---------------

OS:
uname: Darwin 21.6.0 Darwin Kernel Version 21.6.0: Mon Jun 24 00:56:10 PDT 2024; root:xnu-8020.240.18.709.2~1/RELEASE_X86_64 x86_64
OS uptime: 1 days 0:26 hours
rlimit (soft/hard): STACK 8192k/65532k , CORE 0k/infinity , NPROC 1392/2088 , NOFILE 2147483647/infinity , AS infinity/infinity , CPU infinity/infinity , DATA infinity/infinity , FSIZE infinity/infinity , MEMLOCK infinity/infinity , RSS infinity/infinity
load average: 6.24 4.38 5.16

CPU: total 4 (initial active 4) (2 cores per cpu, 2 threads per core) family 6 model 61 stepping 4 microcode 0x2f, cx8, cmov, fxsr, ht, mmx, 3dnowpref, sse, sse2, sse3, ssse3, sse4.1, sse4.2, popcnt, lzcnt, tsc, tscinvbit, avx, avx2, aes, erms, clmul, bmi1, bmi2, adx, fma, vzeroupper, clflush, rdtscp, f16c
machdep.cpu.brand_string:Intel(R) Core(TM) i5-5257U CPU @ 2.70GHz
hw.cpufrequency:2700000000
hw.cpufrequency_min:2700000000
hw.cpufrequency_max:2700000000
hw.cachelinesize:64
hw.l1icachesize:32768
hw.l1dcachesize:32768
hw.l2cachesize:262144
hw.l3cachesize:3145728

Memory: 4k page, physical 8388608k(95856k free), swap 1048576k(773376k free)

vm_info: Java HotSpot(TM) 64-Bit Server VM (21.0.5+9-LTS-239) for bsd-amd64 JRE (21.0.5+9-LTS-239), built on 2024-09-30T05:17:38Z by "mach5one" with clang Apple LLVM 12.0.0 (clang-1200.0.32.29)

END.
